[0.021s] Invoking command in '/home/das-note-021/253432010_gazebo_ws/build/tugbot_description': CMAKE_PREFIX_PATH=${CMAKE_PREFIX_PATH}:/home/das-note-021/kameyama_ws/install/ros2_aruco:/home/das-note-021/kameyama_ws/install/failure_detection:/home/das-note-021/kameyama_ws/install/bt_generator:/opt/ros/humble /usr/bin/cmake /home/das-note-021/253432010_gazebo_ws/src/tugbot_ros2_pkgs/tugbot_description -DAMENT_CMAKE_SYMLINK_INSTALL=1 -DCMAKE_INSTALL_PREFIX=/home/das-note-021/253432010_gazebo_ws/install/tugbot_description
[0.341s] -- The C compiler identification is GNU 11.4.0
[0.424s] -- The CXX compiler identification is GNU 11.4.0
[0.433s] -- Detecting C compiler ABI info
[0.496s] -- Detecting C compiler ABI info - done
[0.500s] -- Check for working C compiler: /usr/bin/cc - skipped
[0.500s] -- Detecting C compile features
[0.501s] -- Detecting C compile features - done
[0.503s] -- Detecting CXX compiler ABI info
[0.577s] -- Detecting CXX compiler ABI info - done
[0.584s] -- Check for working CXX compiler: /usr/bin/c++ - skipped
[0.584s] -- Detecting CXX compile features
[0.584s] -- Detecting CXX compile features - done
[0.587s] -- Found ament_cmake: 1.3.11 (/opt/ros/humble/share/ament_cmake/cmake)
[0.715s] -- Found Python3: /usr/bin/python3 (found version "3.10.12") found components: Interpreter 
[0.769s] -- Override CMake install command with custom implementation using symlinks instead of copying resources
[0.807s] -- Found robot_state_publisher: 3.0.3 (/opt/ros/humble/share/robot_state_publisher/cmake)
[0.842s] -- Found rosidl_generator_c: 3.1.6 (/opt/ros/humble/share/rosidl_generator_c/cmake)
[0.848s] -- Found rosidl_adapter: 3.1.6 (/opt/ros/humble/share/rosidl_adapter/cmake)
[0.855s] -- Found rosidl_generator_cpp: 3.1.6 (/opt/ros/humble/share/rosidl_generator_cpp/cmake)
[0.866s] -- Using all available rosidl_typesupport_c: rosidl_typesupport_fastrtps_c;rosidl_typesupport_introspection_c
[0.882s] -- Using all available rosidl_typesupport_cpp: rosidl_typesupport_fastrtps_cpp;rosidl_typesupport_introspection_cpp
[0.926s] -- Found eigen3_cmake_module: 0.1.1 (/opt/ros/humble/share/eigen3_cmake_module/cmake)
[0.927s] -- Found Eigen3: TRUE (found version "3.4.0") 
[0.928s] -- Ensuring Eigen3 include directory is part of orocos-kdl CMake target
[0.971s] -- Found rmw_implementation_cmake: 6.1.2 (/opt/ros/humble/share/rmw_implementation_cmake/cmake)
[0.974s] -- Found rmw_cyclonedds_cpp: 1.3.4 (/opt/ros/humble/share/rmw_cyclonedds_cpp/cmake)
[0.995s] -- Using RMW implementation 'rmw_cyclonedds_cpp' as default
[1.004s] -- Looking for pthread.h
[1.068s] -- Looking for pthread.h - found
[1.068s] -- Performing Test CMAKE_HAVE_LIBC_PTHREAD
[1.124s] -- Performing Test CMAKE_HAVE_LIBC_PTHREAD - Success
[1.125s] -- Found Threads: TRUE  
[1.265s] -- Found xacro: 2.0.13 (/opt/ros/humble/share/xacro/cmake)
[1.267s] -- Found ament_lint_auto: 0.12.12 (/opt/ros/humble/share/ament_lint_auto/cmake)
[1.335s] -- Added test 'flake8' to check Python code syntax and style conventions
[1.336s] -- Added test 'lint_cmake' to check CMake code style
[1.336s] -- Added test 'pep257' to check Python code against some of the docstring style conventions in PEP 257
[1.337s] -- Added test 'xmllint' to check XML markup files
[1.338s] -- Configuring done
[1.341s] -- Generating done
[1.342s] -- Build files have been written to: /home/das-note-021/253432010_gazebo_ws/build/tugbot_description
[1.349s] Invoked command in '/home/das-note-021/253432010_gazebo_ws/build/tugbot_description' returned '0': CMAKE_PREFIX_PATH=${CMAKE_PREFIX_PATH}:/home/das-note-021/kameyama_ws/install/ros2_aruco:/home/das-note-021/kameyama_ws/install/failure_detection:/home/das-note-021/kameyama_ws/install/bt_generator:/opt/ros/humble /usr/bin/cmake /home/das-note-021/253432010_gazebo_ws/src/tugbot_ros2_pkgs/tugbot_description -DAMENT_CMAKE_SYMLINK_INSTALL=1 -DCMAKE_INSTALL_PREFIX=/home/das-note-021/253432010_gazebo_ws/install/tugbot_description
[1.349s] Invoking command in '/home/das-note-021/253432010_gazebo_ws/build/tugbot_description': CMAKE_PREFIX_PATH=${CMAKE_PREFIX_PATH}:/home/das-note-021/kameyama_ws/install/ros2_aruco:/home/das-note-021/kameyama_ws/install/failure_detection:/home/das-note-021/kameyama_ws/install/bt_generator:/opt/ros/humble /usr/bin/cmake --build /home/das-note-021/253432010_gazebo_ws/build/tugbot_description -- -j22 -l22
[1.392s] Invoked command in '/home/das-note-021/253432010_gazebo_ws/build/tugbot_description' returned '0': CMAKE_PREFIX_PATH=${CMAKE_PREFIX_PATH}:/home/das-note-021/kameyama_ws/install/ros2_aruco:/home/das-note-021/kameyama_ws/install/failure_detection:/home/das-note-021/kameyama_ws/install/bt_generator:/opt/ros/humble /usr/bin/cmake --build /home/das-note-021/253432010_gazebo_ws/build/tugbot_description -- -j22 -l22
[1.393s] Invoking command in '/home/das-note-021/253432010_gazebo_ws/build/tugbot_description': CMAKE_PREFIX_PATH=${CMAKE_PREFIX_PATH}:/home/das-note-021/kameyama_ws/install/ros2_aruco:/home/das-note-021/kameyama_ws/install/failure_detection:/home/das-note-021/kameyama_ws/install/bt_generator:/opt/ros/humble /usr/bin/cmake --install /home/das-note-021/253432010_gazebo_ws/build/tugbot_description
[1.401s] -- Install configuration: ""
[1.402s] -- Execute custom install script
[1.402s] -- Symlinking: /home/das-note-021/253432010_gazebo_ws/install/tugbot_description/share/tugbot_description//launch/tugbot_description.launch.py
[1.411s] -- Symlinking: /home/das-note-021/253432010_gazebo_ws/install/tugbot_description/share/tugbot_description//meshes/VLP16_base_1.dae
[1.418s] -- Symlinking: /home/das-note-021/253432010_gazebo_ws/install/tugbot_description/share/tugbot_description//meshes/VLP16_base_2.dae
[1.424s] -- Symlinking: /home/das-note-021/253432010_gazebo_ws/install/tugbot_description/share/tugbot_description//meshes/VLP16_scan.dae
[1.432s] -- Symlinking: /home/das-note-021/253432010_gazebo_ws/install/tugbot_description/share/tugbot_description//meshes/base/logo-new.png
[1.439s] -- Symlinking: /home/das-note-021/253432010_gazebo_ws/install/tugbot_description/share/tugbot_description//meshes/base/movai-logo.png
[1.445s] -- Symlinking: /home/das-note-021/253432010_gazebo_ws/install/tugbot_description/share/tugbot_description//meshes/base/movai_logo.dae
[1.452s] -- Symlinking: /home/das-note-021/253432010_gazebo_ws/install/tugbot_description/share/tugbot_description//meshes/base/tugbot_simp.dae
[1.461s] -- Symlinking: /home/das-note-021/253432010_gazebo_ws/install/tugbot_description/share/tugbot_description//meshes/base/tugbot_simp.stl
[1.470s] -- Symlinking: /home/das-note-021/253432010_gazebo_ws/install/tugbot_description/share/tugbot_description//meshes/gripper2/gripper2.dae
[1.478s] -- Symlinking: /home/das-note-021/253432010_gazebo_ws/install/tugbot_description/share/tugbot_description//meshes/gripper2/gripper_hand.stl
[1.486s] -- Symlinking: /home/das-note-021/253432010_gazebo_ws/install/tugbot_description/share/tugbot_description//meshes/light_link/light.stl
[1.493s] -- Symlinking: /home/das-note-021/253432010_gazebo_ws/install/tugbot_description/share/tugbot_description//meshes/light_link/light_led.stl
[1.501s] -- Symlinking: /home/das-note-021/253432010_gazebo_ws/install/tugbot_description/share/tugbot_description//meshes/wheel/wheel.dae
[1.509s] -- Symlinking: /home/das-note-021/253432010_gazebo_ws/install/tugbot_description/share/tugbot_description//urdf/model.sdf
[1.514s] -- Symlinking: /home/das-note-021/253432010_gazebo_ws/install/tugbot_description/share/tugbot_description//urdf/model.urdf
[1.522s] -- Symlinking: /home/das-note-021/253432010_gazebo_ws/install/tugbot_description/share/tugbot_description//urdf/rviz.rviz
[1.528s] -- Symlinking: /home/das-note-021/253432010_gazebo_ws/install/tugbot_description/share/ament_index/resource_index/package_run_dependencies/tugbot_description
[1.534s] -- Symlinking: /home/das-note-021/253432010_gazebo_ws/install/tugbot_description/share/ament_index/resource_index/parent_prefix_path/tugbot_description
[1.540s] -- Symlinking: /home/das-note-021/253432010_gazebo_ws/install/tugbot_description/share/tugbot_description/environment/ament_prefix_path.sh
[1.545s] -- Symlinking: /home/das-note-021/253432010_gazebo_ws/install/tugbot_description/share/tugbot_description/environment/ament_prefix_path.dsv
[1.551s] -- Symlinking: /home/das-note-021/253432010_gazebo_ws/install/tugbot_description/share/tugbot_description/environment/path.sh
[1.559s] -- Symlinking: /home/das-note-021/253432010_gazebo_ws/install/tugbot_description/share/tugbot_description/environment/path.dsv
[1.565s] -- Symlinking: /home/das-note-021/253432010_gazebo_ws/install/tugbot_description/share/tugbot_description/local_setup.bash
[1.572s] -- Symlinking: /home/das-note-021/253432010_gazebo_ws/install/tugbot_description/share/tugbot_description/local_setup.sh
[1.581s] -- Symlinking: /home/das-note-021/253432010_gazebo_ws/install/tugbot_description/share/tugbot_description/local_setup.zsh
[1.589s] -- Symlinking: /home/das-note-021/253432010_gazebo_ws/install/tugbot_description/share/tugbot_description/local_setup.dsv
[1.594s] -- Symlinking: /home/das-note-021/253432010_gazebo_ws/install/tugbot_description/share/tugbot_description/package.dsv
[1.601s] -- Symlinking: /home/das-note-021/253432010_gazebo_ws/install/tugbot_description/share/ament_index/resource_index/packages/tugbot_description
[1.607s] -- Symlinking: /home/das-note-021/253432010_gazebo_ws/install/tugbot_description/share/tugbot_description/cmake/tugbot_descriptionConfig.cmake
[1.616s] -- Symlinking: /home/das-note-021/253432010_gazebo_ws/install/tugbot_description/share/tugbot_description/cmake/tugbot_descriptionConfig-version.cmake
[1.624s] -- Symlinking: /home/das-note-021/253432010_gazebo_ws/install/tugbot_description/share/tugbot_description/package.xml
[1.635s] Invoked command in '/home/das-note-021/253432010_gazebo_ws/build/tugbot_description' returned '0': CMAKE_PREFIX_PATH=${CMAKE_PREFIX_PATH}:/home/das-note-021/kameyama_ws/install/ros2_aruco:/home/das-note-021/kameyama_ws/install/failure_detection:/home/das-note-021/kameyama_ws/install/bt_generator:/opt/ros/humble /usr/bin/cmake --install /home/das-note-021/253432010_gazebo_ws/build/tugbot_description
