[0.014s] Invoking command in '/home/das-note-021/moveit_ws/build/tugbot_navigation2': CMAKE_PREFIX_PATH=${CMAKE_PREFIX_PATH}:/home/das-note-021/kameyama_ws/install/ros2_aruco:/home/das-note-021/kameyama_ws/install/failure_detection:/home/das-note-021/kameyama_ws/install/bt_generator:/opt/ros/humble /usr/bin/cmake /home/das-note-021/moveit_ws/src/tugbot_ros2_pkgs/tugbot_navigation2 -DAMENT_CMAKE_SYMLINK_INSTALL=1 -DCMAKE_INSTALL_PREFIX=/home/das-note-021/moveit_ws/install/tugbot_navigation2
[0.056s] -- The C compiler identification is GNU 11.4.0
[0.092s] -- The CXX compiler identification is GNU 11.4.0
[0.097s] -- Detecting C compiler ABI info
[0.147s] -- Detecting C compiler ABI info - done
[0.155s] -- Check for working C compiler: /usr/bin/cc - skipped
[0.155s] -- Detecting C compile features
[0.155s] -- Detecting C compile features - done
[0.159s] -- Detecting CXX compiler ABI info
[0.218s] -- Detecting CXX compiler ABI info - done
[0.223s] -- Check for working CXX compiler: /usr/bin/c++ - skipped
[0.223s] -- Detecting CXX compile features
[0.223s] -- Detecting CXX compile features - done
[0.226s] -- Found ament_cmake: 1.3.11 (/opt/ros/humble/share/ament_cmake/cmake)
[0.353s] -- Found Python3: /usr/bin/python3 (found version "3.10.12") found components: Interpreter 
[0.396s] -- Override CMake install command with custom implementation using symlinks instead of copying resources
[0.431s] -- Found ament_lint_auto: 0.12.12 (/opt/ros/humble/share/ament_lint_auto/cmake)
[0.497s] -- Added test 'flake8' to check Python code syntax and style conventions
[0.498s] -- Added test 'lint_cmake' to check CMake code style
[0.498s] -- Added test 'pep257' to check Python code against some of the docstring style conventions in PEP 257
[0.499s] -- Added test 'xmllint' to check XML markup files
[0.500s] -- Configuring done
[0.502s] -- Generating done
[0.503s] -- Build files have been written to: /home/das-note-021/moveit_ws/build/tugbot_navigation2
[0.506s] Invoked command in '/home/das-note-021/moveit_ws/build/tugbot_navigation2' returned '0': CMAKE_PREFIX_PATH=${CMAKE_PREFIX_PATH}:/home/das-note-021/kameyama_ws/install/ros2_aruco:/home/das-note-021/kameyama_ws/install/failure_detection:/home/das-note-021/kameyama_ws/install/bt_generator:/opt/ros/humble /usr/bin/cmake /home/das-note-021/moveit_ws/src/tugbot_ros2_pkgs/tugbot_navigation2 -DAMENT_CMAKE_SYMLINK_INSTALL=1 -DCMAKE_INSTALL_PREFIX=/home/das-note-021/moveit_ws/install/tugbot_navigation2
[0.507s] Invoking command in '/home/das-note-021/moveit_ws/build/tugbot_navigation2': CMAKE_PREFIX_PATH=${CMAKE_PREFIX_PATH}:/home/das-note-021/kameyama_ws/install/ros2_aruco:/home/das-note-021/kameyama_ws/install/failure_detection:/home/das-note-021/kameyama_ws/install/bt_generator:/opt/ros/humble /usr/bin/cmake --build /home/das-note-021/moveit_ws/build/tugbot_navigation2 -- -j22 -l22
[0.538s] Invoked command in '/home/das-note-021/moveit_ws/build/tugbot_navigation2' returned '0': CMAKE_PREFIX_PATH=${CMAKE_PREFIX_PATH}:/home/das-note-021/kameyama_ws/install/ros2_aruco:/home/das-note-021/kameyama_ws/install/failure_detection:/home/das-note-021/kameyama_ws/install/bt_generator:/opt/ros/humble /usr/bin/cmake --build /home/das-note-021/moveit_ws/build/tugbot_navigation2 -- -j22 -l22
[0.539s] Invoking command in '/home/das-note-021/moveit_ws/build/tugbot_navigation2': CMAKE_PREFIX_PATH=${CMAKE_PREFIX_PATH}:/home/das-note-021/kameyama_ws/install/ros2_aruco:/home/das-note-021/kameyama_ws/install/failure_detection:/home/das-note-021/kameyama_ws/install/bt_generator:/opt/ros/humble /usr/bin/cmake --install /home/das-note-021/moveit_ws/build/tugbot_navigation2
[0.543s] -- Install configuration: ""
[0.543s] -- Execute custom install script
[0.543s] -- Symlinking: /home/das-note-021/moveit_ws/install/tugbot_navigation2/share/tugbot_navigation2//launch/navigation2.launch.py
[0.550s] -- Symlinking: /home/das-note-021/moveit_ws/install/tugbot_navigation2/share/tugbot_navigation2//config/navigation2.yaml
[0.555s] -- Symlinking: /home/das-note-021/moveit_ws/install/tugbot_navigation2/share/tugbot_navigation2//rviz/nav2.rviz
[0.564s] -- Symlinking: /home/das-note-021/moveit_ws/install/tugbot_navigation2/share/tugbot_navigation2//scripts/save_map.sh
[0.573s] -- Symlinking: /home/das-note-021/moveit_ws/install/tugbot_navigation2/share/ament_index/resource_index/package_run_dependencies/tugbot_navigation2
[0.582s] -- Symlinking: /home/das-note-021/moveit_ws/install/tugbot_navigation2/share/ament_index/resource_index/parent_prefix_path/tugbot_navigation2
[0.588s] -- Symlinking: /home/das-note-021/moveit_ws/install/tugbot_navigation2/share/tugbot_navigation2/environment/ament_prefix_path.sh
[0.594s] -- Symlinking: /home/das-note-021/moveit_ws/install/tugbot_navigation2/share/tugbot_navigation2/environment/ament_prefix_path.dsv
[0.603s] -- Symlinking: /home/das-note-021/moveit_ws/install/tugbot_navigation2/share/tugbot_navigation2/environment/path.sh
[0.611s] -- Symlinking: /home/das-note-021/moveit_ws/install/tugbot_navigation2/share/tugbot_navigation2/environment/path.dsv
[0.620s] -- Symlinking: /home/das-note-021/moveit_ws/install/tugbot_navigation2/share/tugbot_navigation2/local_setup.bash
[0.627s] -- Symlinking: /home/das-note-021/moveit_ws/install/tugbot_navigation2/share/tugbot_navigation2/local_setup.sh
[0.632s] -- Symlinking: /home/das-note-021/moveit_ws/install/tugbot_navigation2/share/tugbot_navigation2/local_setup.zsh
[0.638s] -- Symlinking: /home/das-note-021/moveit_ws/install/tugbot_navigation2/share/tugbot_navigation2/local_setup.dsv
[0.645s] -- Symlinking: /home/das-note-021/moveit_ws/install/tugbot_navigation2/share/tugbot_navigation2/package.dsv
[0.655s] -- Symlinking: /home/das-note-021/moveit_ws/install/tugbot_navigation2/share/ament_index/resource_index/packages/tugbot_navigation2
[0.664s] -- Symlinking: /home/das-note-021/moveit_ws/install/tugbot_navigation2/share/tugbot_navigation2/cmake/tugbot_navigation2Config.cmake
[0.669s] -- Symlinking: /home/das-note-021/moveit_ws/install/tugbot_navigation2/share/tugbot_navigation2/cmake/tugbot_navigation2Config-version.cmake
[0.678s] -- Symlinking: /home/das-note-021/moveit_ws/install/tugbot_navigation2/share/tugbot_navigation2/package.xml
[0.683s] Invoked command in '/home/das-note-021/moveit_ws/build/tugbot_navigation2' returned '0': CMAKE_PREFIX_PATH=${CMAKE_PREFIX_PATH}:/home/das-note-021/kameyama_ws/install/ros2_aruco:/home/das-note-021/kameyama_ws/install/failure_detection:/home/das-note-021/kameyama_ws/install/bt_generator:/opt/ros/humble /usr/bin/cmake --install /home/das-note-021/moveit_ws/build/tugbot_navigation2
