[0.018s] Invoking command in '/home/das-note-021/253432010_gazebo_ws/build/tugbot_gazebo': CMAKE_PREFIX_PATH=${CMAKE_PREFIX_PATH}:/home/das-note-021/kameyama_ws/install/ros2_aruco:/home/das-note-021/kameyama_ws/install/failure_detection:/home/das-note-021/kameyama_ws/install/bt_generator:/opt/ros/humble /usr/bin/cmake --build /home/das-note-021/253432010_gazebo_ws/build/tugbot_gazebo -- -j22 -l22
[0.044s] Invoked command in '/home/das-note-021/253432010_gazebo_ws/build/tugbot_gazebo' returned '0': CMAKE_PREFIX_PATH=${CMAKE_PREFIX_PATH}:/home/das-note-021/kameyama_ws/install/ros2_aruco:/home/das-note-021/kameyama_ws/install/failure_detection:/home/das-note-021/kameyama_ws/install/bt_generator:/opt/ros/humble /usr/bin/cmake --build /home/das-note-021/253432010_gazebo_ws/build/tugbot_gazebo -- -j22 -l22
[0.052s] Invoking command in '/home/das-note-021/253432010_gazebo_ws/build/tugbot_gazebo': CMAKE_PREFIX_PATH=${CMAKE_PREFIX_PATH}:/home/das-note-021/kameyama_ws/install/ros2_aruco:/home/das-note-021/kameyama_ws/install/failure_detection:/home/das-note-021/kameyama_ws/install/bt_generator:/opt/ros/humble /usr/bin/cmake --install /home/das-note-021/253432010_gazebo_ws/build/tugbot_gazebo
[0.058s] -- Install configuration: ""
[0.058s] -- Execute custom install script
[0.058s] -- Up-to-date symlink: /home/das-note-021/253432010_gazebo_ws/install/tugbot_gazebo/share/tugbot_gazebo//launch/ign_ros2_bridge.launch.py
[0.058s] -- Up-to-date symlink: /home/das-note-021/253432010_gazebo_ws/install/tugbot_gazebo/share/tugbot_gazebo//launch/tugbot_depot.launch.py
[0.058s] -- Up-to-date symlink: /home/das-note-021/253432010_gazebo_ws/install/tugbot_gazebo/share/tugbot_gazebo//worlds/tugbot_depot.sdf
[0.058s] -- Up-to-date symlink: /home/das-note-021/253432010_gazebo_ws/install/tugbot_gazebo/share/ament_index/resource_index/package_run_dependencies/tugbot_gazebo
[0.058s] -- Up-to-date symlink: /home/das-note-021/253432010_gazebo_ws/install/tugbot_gazebo/share/ament_index/resource_index/parent_prefix_path/tugbot_gazebo
[0.058s] -- Up-to-date symlink: /home/das-note-021/253432010_gazebo_ws/install/tugbot_gazebo/share/tugbot_gazebo/environment/ament_prefix_path.sh
[0.058s] -- Up-to-date symlink: /home/das-note-021/253432010_gazebo_ws/install/tugbot_gazebo/share/tugbot_gazebo/environment/ament_prefix_path.dsv
[0.058s] -- Up-to-date symlink: /home/das-note-021/253432010_gazebo_ws/install/tugbot_gazebo/share/tugbot_gazebo/environment/path.sh
[0.058s] -- Up-to-date symlink: /home/das-note-021/253432010_gazebo_ws/install/tugbot_gazebo/share/tugbot_gazebo/environment/path.dsv
[0.058s] -- Up-to-date symlink: /home/das-note-021/253432010_gazebo_ws/install/tugbot_gazebo/share/tugbot_gazebo/local_setup.bash
[0.058s] -- Up-to-date symlink: /home/das-note-021/253432010_gazebo_ws/install/tugbot_gazebo/share/tugbot_gazebo/local_setup.sh
[0.059s] -- Up-to-date symlink: /home/das-note-021/253432010_gazebo_ws/install/tugbot_gazebo/share/tugbot_gazebo/local_setup.zsh
[0.059s] -- Up-to-date symlink: /home/das-note-021/253432010_gazebo_ws/install/tugbot_gazebo/share/tugbot_gazebo/local_setup.dsv
[0.060s] -- Symlinking: /home/das-note-021/253432010_gazebo_ws/install/tugbot_gazebo/share/tugbot_gazebo/package.dsv
[0.066s] -- Up-to-date symlink: /home/das-note-021/253432010_gazebo_ws/install/tugbot_gazebo/share/ament_index/resource_index/packages/tugbot_gazebo
[0.066s] -- Up-to-date symlink: /home/das-note-021/253432010_gazebo_ws/install/tugbot_gazebo/share/tugbot_gazebo/cmake/tugbot_gazeboConfig.cmake
[0.067s] -- Up-to-date symlink: /home/das-note-021/253432010_gazebo_ws/install/tugbot_gazebo/share/tugbot_gazebo/cmake/tugbot_gazeboConfig-version.cmake
[0.067s] -- Up-to-date symlink: /home/das-note-021/253432010_gazebo_ws/install/tugbot_gazebo/share/tugbot_gazebo/package.xml
[0.071s] Invoked command in '/home/das-note-021/253432010_gazebo_ws/build/tugbot_gazebo' returned '0': CMAKE_PREFIX_PATH=${CMAKE_PREFIX_PATH}:/home/das-note-021/kameyama_ws/install/ros2_aruco:/home/das-note-021/kameyama_ws/install/failure_detection:/home/das-note-021/kameyama_ws/install/bt_generator:/opt/ros/humble /usr/bin/cmake --install /home/das-note-021/253432010_gazebo_ws/build/tugbot_gazebo
