[0.017s] Invoking command in '/home/das-note-021/253432010_gazebo_ws/build/tugbot_slam': CMAKE_PREFIX_PATH=${CMAKE_PREFIX_PATH}:/home/das-note-021/kameyama_ws/install/ros2_aruco:/home/das-note-021/kameyama_ws/install/failure_detection:/home/das-note-021/kameyama_ws/install/bt_generator:/opt/ros/humble /usr/bin/cmake --build /home/das-note-021/253432010_gazebo_ws/build/tugbot_slam -- -j22 -l22
[0.041s] Invoked command in '/home/das-note-021/253432010_gazebo_ws/build/tugbot_slam' returned '0': CMAKE_PREFIX_PATH=${CMAKE_PREFIX_PATH}:/home/das-note-021/kameyama_ws/install/ros2_aruco:/home/das-note-021/kameyama_ws/install/failure_detection:/home/das-note-021/kameyama_ws/install/bt_generator:/opt/ros/humble /usr/bin/cmake --build /home/das-note-021/253432010_gazebo_ws/build/tugbot_slam -- -j22 -l22
[0.047s] Invoking command in '/home/das-note-021/253432010_gazebo_ws/build/tugbot_slam': CMAKE_PREFIX_PATH=${CMAKE_PREFIX_PATH}:/home/das-note-021/kameyama_ws/install/ros2_aruco:/home/das-note-021/kameyama_ws/install/failure_detection:/home/das-note-021/kameyama_ws/install/bt_generator:/opt/ros/humble /usr/bin/cmake --install /home/das-note-021/253432010_gazebo_ws/build/tugbot_slam
[0.054s] -- Install configuration: ""
[0.054s] -- Execute custom install script
[0.054s] -- Up-to-date symlink: /home/das-note-021/253432010_gazebo_ws/install/tugbot_slam/share/tugbot_slam//launch/slam_toolbox.launch.py
[0.055s] -- Up-to-date symlink: /home/das-note-021/253432010_gazebo_ws/install/tugbot_slam/share/tugbot_slam//config/mapper_params_offline.yaml
[0.056s] -- Up-to-date symlink: /home/das-note-021/253432010_gazebo_ws/install/tugbot_slam/share/tugbot_slam//rviz/default.rviz
[0.056s] -- Up-to-date symlink: /home/das-note-021/253432010_gazebo_ws/install/tugbot_slam/share/ament_index/resource_index/package_run_dependencies/tugbot_slam
[0.056s] -- Up-to-date symlink: /home/das-note-021/253432010_gazebo_ws/install/tugbot_slam/share/ament_index/resource_index/parent_prefix_path/tugbot_slam
[0.056s] -- Up-to-date symlink: /home/das-note-021/253432010_gazebo_ws/install/tugbot_slam/share/tugbot_slam/environment/ament_prefix_path.sh
[0.057s] -- Up-to-date symlink: /home/das-note-021/253432010_gazebo_ws/install/tugbot_slam/share/tugbot_slam/environment/ament_prefix_path.dsv
[0.057s] -- Up-to-date symlink: /home/das-note-021/253432010_gazebo_ws/install/tugbot_slam/share/tugbot_slam/environment/path.sh
[0.057s] -- Up-to-date symlink: /home/das-note-021/253432010_gazebo_ws/install/tugbot_slam/share/tugbot_slam/environment/path.dsv
[0.057s] -- Up-to-date symlink: /home/das-note-021/253432010_gazebo_ws/install/tugbot_slam/share/tugbot_slam/local_setup.bash
[0.057s] -- Up-to-date symlink: /home/das-note-021/253432010_gazebo_ws/install/tugbot_slam/share/tugbot_slam/local_setup.sh
[0.057s] -- Up-to-date symlink: /home/das-note-021/253432010_gazebo_ws/install/tugbot_slam/share/tugbot_slam/local_setup.zsh
[0.057s] -- Up-to-date symlink: /home/das-note-021/253432010_gazebo_ws/install/tugbot_slam/share/tugbot_slam/local_setup.dsv
[0.057s] -- Symlinking: /home/das-note-021/253432010_gazebo_ws/install/tugbot_slam/share/tugbot_slam/package.dsv
[0.061s] -- Up-to-date symlink: /home/das-note-021/253432010_gazebo_ws/install/tugbot_slam/share/ament_index/resource_index/packages/tugbot_slam
[0.061s] -- Up-to-date symlink: /home/das-note-021/253432010_gazebo_ws/install/tugbot_slam/share/tugbot_slam/cmake/tugbot_slamConfig.cmake
[0.061s] -- Up-to-date symlink: /home/das-note-021/253432010_gazebo_ws/install/tugbot_slam/share/tugbot_slam/cmake/tugbot_slamConfig-version.cmake
[0.061s] -- Up-to-date symlink: /home/das-note-021/253432010_gazebo_ws/install/tugbot_slam/share/tugbot_slam/package.xml
[0.064s] Invoked command in '/home/das-note-021/253432010_gazebo_ws/build/tugbot_slam' returned '0': CMAKE_PREFIX_PATH=${CMAKE_PREFIX_PATH}:/home/das-note-021/kameyama_ws/install/ros2_aruco:/home/das-note-021/kameyama_ws/install/failure_detection:/home/das-note-021/kameyama_ws/install/bt_generator:/opt/ros/humble /usr/bin/cmake --install /home/das-note-021/253432010_gazebo_ws/build/tugbot_slam
