[0.014s] Invoking command in '/home/das-note-021/moveit_ws/build/tugbot_ros2_pkgs': CMAKE_PREFIX_PATH=${CMAKE_PREFIX_PATH}:/home/das-note-021/kameyama_ws/install/ros2_aruco:/home/das-note-021/kameyama_ws/install/failure_detection:/home/das-note-021/kameyama_ws/install/bt_generator:/opt/ros/humble /usr/bin/cmake /home/das-note-021/moveit_ws/src/tugbot_ros2_pkgs/tugbot_ros2_pkgs -DAMENT_CMAKE_SYMLINK_INSTALL=1 -DCMAKE_INSTALL_PREFIX=/home/das-note-021/moveit_ws/install/tugbot_ros2_pkgs
[0.053s] -- The C compiler identification is GNU 11.4.0
[0.100s] -- The CXX compiler identification is GNU 11.4.0
[0.105s] -- Detecting C compiler ABI info
[0.155s] -- Detecting C compiler ABI info - done
[0.162s] -- Check for working C compiler: /usr/bin/cc - skipped
[0.162s] -- Detecting C compile features
[0.163s] -- Detecting C compile features - done
[0.166s] -- Detecting CXX compiler ABI info
[0.223s] -- Detecting CXX compiler ABI info - done
[0.230s] -- Check for working CXX compiler: /usr/bin/c++ - skipped
[0.230s] -- Detecting CXX compile features
[0.230s] -- Detecting CXX compile features - done
[0.233s] -- Found ament_cmake: 1.3.11 (/opt/ros/humble/share/ament_cmake/cmake)
[0.372s] -- Found Python3: /usr/bin/python3 (found version "3.10.12") found components: Interpreter 
[0.418s] -- Override CMake install command with custom implementation using symlinks instead of copying resources
[0.465s] -- Found ament_lint_auto: 0.12.12 (/opt/ros/humble/share/ament_lint_auto/cmake)
[0.523s] -- Added test 'lint_cmake' to check CMake code style
[0.524s] -- Added test 'xmllint' to check XML markup files
[0.525s] -- Configuring done
[0.527s] -- Generating done
[0.528s] -- Build files have been written to: /home/das-note-021/moveit_ws/build/tugbot_ros2_pkgs
[0.530s] Invoked command in '/home/das-note-021/moveit_ws/build/tugbot_ros2_pkgs' returned '0': CMAKE_PREFIX_PATH=${CMAKE_PREFIX_PATH}:/home/das-note-021/kameyama_ws/install/ros2_aruco:/home/das-note-021/kameyama_ws/install/failure_detection:/home/das-note-021/kameyama_ws/install/bt_generator:/opt/ros/humble /usr/bin/cmake /home/das-note-021/moveit_ws/src/tugbot_ros2_pkgs/tugbot_ros2_pkgs -DAMENT_CMAKE_SYMLINK_INSTALL=1 -DCMAKE_INSTALL_PREFIX=/home/das-note-021/moveit_ws/install/tugbot_ros2_pkgs
[0.531s] Invoking command in '/home/das-note-021/moveit_ws/build/tugbot_ros2_pkgs': CMAKE_PREFIX_PATH=${CMAKE_PREFIX_PATH}:/home/das-note-021/kameyama_ws/install/ros2_aruco:/home/das-note-021/kameyama_ws/install/failure_detection:/home/das-note-021/kameyama_ws/install/bt_generator:/opt/ros/humble /usr/bin/cmake --build /home/das-note-021/moveit_ws/build/tugbot_ros2_pkgs -- -j22 -l22
[0.561s] Invoked command in '/home/das-note-021/moveit_ws/build/tugbot_ros2_pkgs' returned '0': CMAKE_PREFIX_PATH=${CMAKE_PREFIX_PATH}:/home/das-note-021/kameyama_ws/install/ros2_aruco:/home/das-note-021/kameyama_ws/install/failure_detection:/home/das-note-021/kameyama_ws/install/bt_generator:/opt/ros/humble /usr/bin/cmake --build /home/das-note-021/moveit_ws/build/tugbot_ros2_pkgs -- -j22 -l22
[0.563s] Invoking command in '/home/das-note-021/moveit_ws/build/tugbot_ros2_pkgs': CMAKE_PREFIX_PATH=${CMAKE_PREFIX_PATH}:/home/das-note-021/kameyama_ws/install/ros2_aruco:/home/das-note-021/kameyama_ws/install/failure_detection:/home/das-note-021/kameyama_ws/install/bt_generator:/opt/ros/humble /usr/bin/cmake --install /home/das-note-021/moveit_ws/build/tugbot_ros2_pkgs
[0.568s] -- Install configuration: ""
[0.568s] -- Execute custom install script
[0.568s] -- Symlinking: /home/das-note-021/moveit_ws/install/tugbot_ros2_pkgs/share/ament_index/resource_index/package_run_dependencies/tugbot_ros2_pkgs
[0.575s] -- Symlinking: /home/das-note-021/moveit_ws/install/tugbot_ros2_pkgs/share/ament_index/resource_index/parent_prefix_path/tugbot_ros2_pkgs
[0.584s] -- Symlinking: /home/das-note-021/moveit_ws/install/tugbot_ros2_pkgs/share/tugbot_ros2_pkgs/environment/ament_prefix_path.sh
[0.591s] -- Symlinking: /home/das-note-021/moveit_ws/install/tugbot_ros2_pkgs/share/tugbot_ros2_pkgs/environment/ament_prefix_path.dsv
[0.598s] -- Symlinking: /home/das-note-021/moveit_ws/install/tugbot_ros2_pkgs/share/tugbot_ros2_pkgs/environment/path.sh
[0.607s] -- Symlinking: /home/das-note-021/moveit_ws/install/tugbot_ros2_pkgs/share/tugbot_ros2_pkgs/environment/path.dsv
[0.614s] -- Symlinking: /home/das-note-021/moveit_ws/install/tugbot_ros2_pkgs/share/tugbot_ros2_pkgs/local_setup.bash
[0.622s] -- Symlinking: /home/das-note-021/moveit_ws/install/tugbot_ros2_pkgs/share/tugbot_ros2_pkgs/local_setup.sh
[0.632s] -- Symlinking: /home/das-note-021/moveit_ws/install/tugbot_ros2_pkgs/share/tugbot_ros2_pkgs/local_setup.zsh
[0.641s] -- Symlinking: /home/das-note-021/moveit_ws/install/tugbot_ros2_pkgs/share/tugbot_ros2_pkgs/local_setup.dsv
[0.647s] -- Symlinking: /home/das-note-021/moveit_ws/install/tugbot_ros2_pkgs/share/tugbot_ros2_pkgs/package.dsv
[0.653s] -- Symlinking: /home/das-note-021/moveit_ws/install/tugbot_ros2_pkgs/share/ament_index/resource_index/packages/tugbot_ros2_pkgs
[0.661s] -- Symlinking: /home/das-note-021/moveit_ws/install/tugbot_ros2_pkgs/share/tugbot_ros2_pkgs/cmake/tugbot_ros2_pkgsConfig.cmake
[0.667s] -- Symlinking: /home/das-note-021/moveit_ws/install/tugbot_ros2_pkgs/share/tugbot_ros2_pkgs/cmake/tugbot_ros2_pkgsConfig-version.cmake
[0.676s] -- Symlinking: /home/das-note-021/moveit_ws/install/tugbot_ros2_pkgs/share/tugbot_ros2_pkgs/package.xml
[0.690s] Invoked command in '/home/das-note-021/moveit_ws/build/tugbot_ros2_pkgs' returned '0': CMAKE_PREFIX_PATH=${CMAKE_PREFIX_PATH}:/home/das-note-021/kameyama_ws/install/ros2_aruco:/home/das-note-021/kameyama_ws/install/failure_detection:/home/das-note-021/kameyama_ws/install/bt_generator:/opt/ros/humble /usr/bin/cmake --install /home/das-note-021/moveit_ws/build/tugbot_ros2_pkgs
