[0.024s] Invoking command in '/home/das-note-021/moveit_ws/build/tugbot_ros2_pkgs': CMAKE_PREFIX_PATH=${CMAKE_PREFIX_PATH}:/home/das-note-021/kameyama_ws/install/ros2_aruco:/home/das-note-021/kameyama_ws/install/failure_detection:/home/das-note-021/kameyama_ws/install/bt_generator:/opt/ros/humble /usr/bin/cmake --build /home/das-note-021/moveit_ws/build/tugbot_ros2_pkgs -- -j22 -l22
[0.107s] Invoked command in '/home/das-note-021/moveit_ws/build/tugbot_ros2_pkgs' returned '0': CMAKE_PREFIX_PATH=${CMAKE_PREFIX_PATH}:/home/das-note-021/kameyama_ws/install/ros2_aruco:/home/das-note-021/kameyama_ws/install/failure_detection:/home/das-note-021/kameyama_ws/install/bt_generator:/opt/ros/humble /usr/bin/cmake --build /home/das-note-021/moveit_ws/build/tugbot_ros2_pkgs -- -j22 -l22
[0.108s] Invoking command in '/home/das-note-021/moveit_ws/build/tugbot_ros2_pkgs': CMAKE_PREFIX_PATH=${CMAKE_PREFIX_PATH}:/home/das-note-021/kameyama_ws/install/ros2_aruco:/home/das-note-021/kameyama_ws/install/failure_detection:/home/das-note-021/kameyama_ws/install/bt_generator:/opt/ros/humble /usr/bin/cmake --install /home/das-note-021/moveit_ws/build/tugbot_ros2_pkgs
[0.113s] -- Install configuration: ""
[0.113s] -- Execute custom install script
[0.114s] -- Up-to-date symlink: /home/das-note-021/moveit_ws/install/tugbot_ros2_pkgs/share/ament_index/resource_index/package_run_dependencies/tugbot_ros2_pkgs
[0.114s] -- Up-to-date symlink: /home/das-note-021/moveit_ws/install/tugbot_ros2_pkgs/share/ament_index/resource_index/parent_prefix_path/tugbot_ros2_pkgs
[0.116s] -- Up-to-date symlink: /home/das-note-021/moveit_ws/install/tugbot_ros2_pkgs/share/tugbot_ros2_pkgs/environment/ament_prefix_path.sh
[0.116s] -- Up-to-date symlink: /home/das-note-021/moveit_ws/install/tugbot_ros2_pkgs/share/tugbot_ros2_pkgs/environment/ament_prefix_path.dsv
[0.116s] -- Up-to-date symlink: /home/das-note-021/moveit_ws/install/tugbot_ros2_pkgs/share/tugbot_ros2_pkgs/environment/path.sh
[0.116s] -- Up-to-date symlink: /home/das-note-021/moveit_ws/install/tugbot_ros2_pkgs/share/tugbot_ros2_pkgs/environment/path.dsv
[0.116s] -- Up-to-date symlink: /home/das-note-021/moveit_ws/install/tugbot_ros2_pkgs/share/tugbot_ros2_pkgs/local_setup.bash
[0.116s] -- Up-to-date symlink: /home/das-note-021/moveit_ws/install/tugbot_ros2_pkgs/share/tugbot_ros2_pkgs/local_setup.sh
[0.116s] -- Up-to-date symlink: /home/das-note-021/moveit_ws/install/tugbot_ros2_pkgs/share/tugbot_ros2_pkgs/local_setup.zsh
[0.116s] -- Up-to-date symlink: /home/das-note-021/moveit_ws/install/tugbot_ros2_pkgs/share/tugbot_ros2_pkgs/local_setup.dsv
[0.116s] -- Symlinking: /home/das-note-021/moveit_ws/install/tugbot_ros2_pkgs/share/tugbot_ros2_pkgs/package.dsv
[0.123s] -- Up-to-date symlink: /home/das-note-021/moveit_ws/install/tugbot_ros2_pkgs/share/ament_index/resource_index/packages/tugbot_ros2_pkgs
[0.123s] -- Up-to-date symlink: /home/das-note-021/moveit_ws/install/tugbot_ros2_pkgs/share/tugbot_ros2_pkgs/cmake/tugbot_ros2_pkgsConfig.cmake
[0.123s] -- Up-to-date symlink: /home/das-note-021/moveit_ws/install/tugbot_ros2_pkgs/share/tugbot_ros2_pkgs/cmake/tugbot_ros2_pkgsConfig-version.cmake
[0.123s] -- Up-to-date symlink: /home/das-note-021/moveit_ws/install/tugbot_ros2_pkgs/share/tugbot_ros2_pkgs/package.xml
[0.141s] Invoked command in '/home/das-note-021/moveit_ws/build/tugbot_ros2_pkgs' returned '0': CMAKE_PREFIX_PATH=${CMAKE_PREFIX_PATH}:/home/das-note-021/kameyama_ws/install/ros2_aruco:/home/das-note-021/kameyama_ws/install/failure_detection:/home/das-note-021/kameyama_ws/install/bt_generator:/opt/ros/humble /usr/bin/cmake --install /home/das-note-021/moveit_ws/build/tugbot_ros2_pkgs
