-- The C compiler identification is GNU 11.4.0
-- The CXX compiler identification is GNU 11.4.0
-- Detecting C compiler ABI info
-- Detecting C compiler ABI info - done
-- Check for working C compiler: /usr/bin/cc - skipped
-- Detecting C compile features
-- Detecting C compile features - done
-- Detecting CXX compiler ABI info
-- Detecting CXX compiler ABI info - done
-- Check for working CXX compiler: /usr/bin/c++ - skipped
-- Detecting CXX compile features
-- Detecting CXX compile features - done
-- Found ament_cmake: 1.3.11 (/opt/ros/humble/share/ament_cmake/cmake)
-- Found Python3: /usr/bin/python3 (found version "3.10.12") found components: Interpreter 
-- Override CMake install command with custom implementation using symlinks instead of copying resources
-- Found ament_lint_auto: 0.12.12 (/opt/ros/humble/share/ament_lint_auto/cmake)
-- Added test 'flake8' to check Python code syntax and style conventions
-- Added test 'lint_cmake' to check CMake code style
-- Added test 'pep257' to check Python code against some of the docstring style conventions in PEP 257
-- Added test 'xmllint' to check XML markup files
-- Configuring done
-- Generating done
-- Build files have been written to: /home/das-note-021/253432010_gazebo_ws/build/tugbot_gazebo
-- Install configuration: ""
-- Execute custom install script
-- Symlinking: /home/das-note-021/253432010_gazebo_ws/install/tugbot_gazebo/share/tugbot_gazebo//launch/ign_ros2_bridge.launch.py
-- Symlinking: /home/das-note-021/253432010_gazebo_ws/install/tugbot_gazebo/share/tugbot_gazebo//launch/tugbot_depot.launch.py
-- Symlinking: /home/das-note-021/253432010_gazebo_ws/install/tugbot_gazebo/share/tugbot_gazebo//worlds/tugbot_depot.sdf
-- Symlinking: /home/das-note-021/253432010_gazebo_ws/install/tugbot_gazebo/share/ament_index/resource_index/package_run_dependencies/tugbot_gazebo
-- Symlinking: /home/das-note-021/253432010_gazebo_ws/install/tugbot_gazebo/share/ament_index/resource_index/parent_prefix_path/tugbot_gazebo
-- Symlinking: /home/das-note-021/253432010_gazebo_ws/install/tugbot_gazebo/share/tugbot_gazebo/environment/ament_prefix_path.sh
-- Symlinking: /home/das-note-021/253432010_gazebo_ws/install/tugbot_gazebo/share/tugbot_gazebo/environment/ament_prefix_path.dsv
-- Symlinking: /home/das-note-021/253432010_gazebo_ws/install/tugbot_gazebo/share/tugbot_gazebo/environment/path.sh
-- Symlinking: /home/das-note-021/253432010_gazebo_ws/install/tugbot_gazebo/share/tugbot_gazebo/environment/path.dsv
-- Symlinking: /home/das-note-021/253432010_gazebo_ws/install/tugbot_gazebo/share/tugbot_gazebo/local_setup.bash
-- Symlinking: /home/das-note-021/253432010_gazebo_ws/install/tugbot_gazebo/share/tugbot_gazebo/local_setup.sh
-- Symlinking: /home/das-note-021/253432010_gazebo_ws/install/tugbot_gazebo/share/tugbot_gazebo/local_setup.zsh
-- Symlinking: /home/das-note-021/253432010_gazebo_ws/install/tugbot_gazebo/share/tugbot_gazebo/local_setup.dsv
-- Symlinking: /home/das-note-021/253432010_gazebo_ws/install/tugbot_gazebo/share/tugbot_gazebo/package.dsv
-- Symlinking: /home/das-note-021/253432010_gazebo_ws/install/tugbot_gazebo/share/ament_index/resource_index/packages/tugbot_gazebo
-- Symlinking: /home/das-note-021/253432010_gazebo_ws/install/tugbot_gazebo/share/tugbot_gazebo/cmake/tugbot_gazeboConfig.cmake
-- Symlinking: /home/das-note-021/253432010_gazebo_ws/install/tugbot_gazebo/share/tugbot_gazebo/cmake/tugbot_gazeboConfig-version.cmake
-- Symlinking: /home/das-note-021/253432010_gazebo_ws/install/tugbot_gazebo/share/tugbot_gazebo/package.xml
