[0.017s] Invoking command in '/home/das-note-021/253432010_gazebo_ws/build/tugbot_gazebo': CMAKE_PREFIX_PATH=${CMAKE_PREFIX_PATH}:/home/das-note-021/kameyama_ws/install/ros2_aruco:/home/das-note-021/kameyama_ws/install/failure_detection:/home/das-note-021/kameyama_ws/install/bt_generator:/opt/ros/humble /usr/bin/cmake /home/das-note-021/253432010_gazebo_ws/src/tugbot_ros2_pkgs/tugbot_gazebo -DAMENT_CMAKE_SYMLINK_INSTALL=1 -DCMAKE_INSTALL_PREFIX=/home/das-note-021/253432010_gazebo_ws/install/tugbot_gazebo
[0.332s] -- The C compiler identification is GNU 11.4.0
[0.420s] -- The CXX compiler identification is GNU 11.4.0
[0.428s] -- Detecting C compiler ABI info
[0.491s] -- Detecting C compiler ABI info - done
[0.496s] -- Check for working C compiler: /usr/bin/cc - skipped
[0.496s] -- Detecting C compile features
[0.496s] -- Detecting C compile features - done
[0.498s] -- Detecting CXX compiler ABI info
[0.567s] -- Detecting CXX compiler ABI info - done
[0.572s] -- Check for working CXX compiler: /usr/bin/c++ - skipped
[0.572s] -- Detecting CXX compile features
[0.572s] -- Detecting CXX compile features - done
[0.578s] -- Found ament_cmake: 1.3.11 (/opt/ros/humble/share/ament_cmake/cmake)
[0.736s] -- Found Python3: /usr/bin/python3 (found version "3.10.12") found components: Interpreter 
[0.787s] -- Override CMake install command with custom implementation using symlinks instead of copying resources
[0.833s] -- Found ament_lint_auto: 0.12.12 (/opt/ros/humble/share/ament_lint_auto/cmake)
[0.896s] -- Added test 'flake8' to check Python code syntax and style conventions
[0.897s] -- Added test 'lint_cmake' to check CMake code style
[0.898s] -- Added test 'pep257' to check Python code against some of the docstring style conventions in PEP 257
[0.899s] -- Added test 'xmllint' to check XML markup files
[0.899s] -- Configuring done
[0.900s] -- Generating done
[0.901s] -- Build files have been written to: /home/das-note-021/253432010_gazebo_ws/build/tugbot_gazebo
[0.904s] Invoked command in '/home/das-note-021/253432010_gazebo_ws/build/tugbot_gazebo' returned '0': CMAKE_PREFIX_PATH=${CMAKE_PREFIX_PATH}:/home/das-note-021/kameyama_ws/install/ros2_aruco:/home/das-note-021/kameyama_ws/install/failure_detection:/home/das-note-021/kameyama_ws/install/bt_generator:/opt/ros/humble /usr/bin/cmake /home/das-note-021/253432010_gazebo_ws/src/tugbot_ros2_pkgs/tugbot_gazebo -DAMENT_CMAKE_SYMLINK_INSTALL=1 -DCMAKE_INSTALL_PREFIX=/home/das-note-021/253432010_gazebo_ws/install/tugbot_gazebo
[0.906s] Invoking command in '/home/das-note-021/253432010_gazebo_ws/build/tugbot_gazebo': CMAKE_PREFIX_PATH=${CMAKE_PREFIX_PATH}:/home/das-note-021/kameyama_ws/install/ros2_aruco:/home/das-note-021/kameyama_ws/install/failure_detection:/home/das-note-021/kameyama_ws/install/bt_generator:/opt/ros/humble /usr/bin/cmake --build /home/das-note-021/253432010_gazebo_ws/build/tugbot_gazebo -- -j22 -l22
[0.942s] Invoked command in '/home/das-note-021/253432010_gazebo_ws/build/tugbot_gazebo' returned '0': CMAKE_PREFIX_PATH=${CMAKE_PREFIX_PATH}:/home/das-note-021/kameyama_ws/install/ros2_aruco:/home/das-note-021/kameyama_ws/install/failure_detection:/home/das-note-021/kameyama_ws/install/bt_generator:/opt/ros/humble /usr/bin/cmake --build /home/das-note-021/253432010_gazebo_ws/build/tugbot_gazebo -- -j22 -l22
[0.944s] Invoking command in '/home/das-note-021/253432010_gazebo_ws/build/tugbot_gazebo': CMAKE_PREFIX_PATH=${CMAKE_PREFIX_PATH}:/home/das-note-021/kameyama_ws/install/ros2_aruco:/home/das-note-021/kameyama_ws/install/failure_detection:/home/das-note-021/kameyama_ws/install/bt_generator:/opt/ros/humble /usr/bin/cmake --install /home/das-note-021/253432010_gazebo_ws/build/tugbot_gazebo
[0.951s] -- Install configuration: ""
[0.951s] -- Execute custom install script
[0.952s] -- Symlinking: /home/das-note-021/253432010_gazebo_ws/install/tugbot_gazebo/share/tugbot_gazebo//launch/ign_ros2_bridge.launch.py
[0.958s] -- Symlinking: /home/das-note-021/253432010_gazebo_ws/install/tugbot_gazebo/share/tugbot_gazebo//launch/tugbot_depot.launch.py
[0.965s] -- Symlinking: /home/das-note-021/253432010_gazebo_ws/install/tugbot_gazebo/share/tugbot_gazebo//worlds/tugbot_depot.sdf
[0.971s] -- Symlinking: /home/das-note-021/253432010_gazebo_ws/install/tugbot_gazebo/share/ament_index/resource_index/package_run_dependencies/tugbot_gazebo
[0.978s] -- Symlinking: /home/das-note-021/253432010_gazebo_ws/install/tugbot_gazebo/share/ament_index/resource_index/parent_prefix_path/tugbot_gazebo
[0.985s] -- Symlinking: /home/das-note-021/253432010_gazebo_ws/install/tugbot_gazebo/share/tugbot_gazebo/environment/ament_prefix_path.sh
[0.995s] -- Symlinking: /home/das-note-021/253432010_gazebo_ws/install/tugbot_gazebo/share/tugbot_gazebo/environment/ament_prefix_path.dsv
[1.004s] -- Symlinking: /home/das-note-021/253432010_gazebo_ws/install/tugbot_gazebo/share/tugbot_gazebo/environment/path.sh
[1.015s] -- Symlinking: /home/das-note-021/253432010_gazebo_ws/install/tugbot_gazebo/share/tugbot_gazebo/environment/path.dsv
[1.023s] -- Symlinking: /home/das-note-021/253432010_gazebo_ws/install/tugbot_gazebo/share/tugbot_gazebo/local_setup.bash
[1.031s] -- Symlinking: /home/das-note-021/253432010_gazebo_ws/install/tugbot_gazebo/share/tugbot_gazebo/local_setup.sh
[1.039s] -- Symlinking: /home/das-note-021/253432010_gazebo_ws/install/tugbot_gazebo/share/tugbot_gazebo/local_setup.zsh
[1.045s] -- Symlinking: /home/das-note-021/253432010_gazebo_ws/install/tugbot_gazebo/share/tugbot_gazebo/local_setup.dsv
[1.056s] -- Symlinking: /home/das-note-021/253432010_gazebo_ws/install/tugbot_gazebo/share/tugbot_gazebo/package.dsv
[1.062s] -- Symlinking: /home/das-note-021/253432010_gazebo_ws/install/tugbot_gazebo/share/ament_index/resource_index/packages/tugbot_gazebo
[1.071s] -- Symlinking: /home/das-note-021/253432010_gazebo_ws/install/tugbot_gazebo/share/tugbot_gazebo/cmake/tugbot_gazeboConfig.cmake
[1.079s] -- Symlinking: /home/das-note-021/253432010_gazebo_ws/install/tugbot_gazebo/share/tugbot_gazebo/cmake/tugbot_gazeboConfig-version.cmake
[1.088s] -- Symlinking: /home/das-note-021/253432010_gazebo_ws/install/tugbot_gazebo/share/tugbot_gazebo/package.xml
[1.096s] Invoked command in '/home/das-note-021/253432010_gazebo_ws/build/tugbot_gazebo' returned '0': CMAKE_PREFIX_PATH=${CMAKE_PREFIX_PATH}:/home/das-note-021/kameyama_ws/install/ros2_aruco:/home/das-note-021/kameyama_ws/install/failure_detection:/home/das-note-021/kameyama_ws/install/bt_generator:/opt/ros/humble /usr/bin/cmake --install /home/das-note-021/253432010_gazebo_ws/build/tugbot_gazebo
