[0.016s] Invoking command in '/home/das-note-021/moveit_ws/build/tugbot_slam': CMAKE_PREFIX_PATH=${CMAKE_PREFIX_PATH}:/home/das-note-021/kameyama_ws/install/ros2_aruco:/home/das-note-021/kameyama_ws/install/failure_detection:/home/das-note-021/kameyama_ws/install/bt_generator:/opt/ros/humble /usr/bin/cmake /home/das-note-021/moveit_ws/src/tugbot_ros2_pkgs/tugbot_slam -DAMENT_CMAKE_SYMLINK_INSTALL=1 -DCMAKE_INSTALL_PREFIX=/home/das-note-021/moveit_ws/install/tugbot_slam
[0.065s] -- The C compiler identification is GNU 11.4.0
[0.119s] -- The CXX compiler identification is GNU 11.4.0
[0.124s] -- Detecting C compiler ABI info
[0.171s] -- Detecting C compiler ABI info - done
[0.179s] -- Check for working C compiler: /usr/bin/cc - skipped
[0.179s] -- Detecting C compile features
[0.179s] -- Detecting C compile features - done
[0.181s] -- Detecting CXX compiler ABI info
[0.234s] -- Detecting CXX compiler ABI info - done
[0.242s] -- Check for working CXX compiler: /usr/bin/c++ - skipped
[0.242s] -- Detecting CXX compile features
[0.243s] -- Detecting CXX compile features - done
[0.247s] -- Found ament_cmake: 1.3.11 (/opt/ros/humble/share/ament_cmake/cmake)
[0.377s] -- Found Python3: /usr/bin/python3 (found version "3.10.12") found components: Interpreter 
[0.422s] -- Override CMake install command with custom implementation using symlinks instead of copying resources
[0.463s] -- Found ament_lint_auto: 0.12.12 (/opt/ros/humble/share/ament_lint_auto/cmake)
[0.523s] -- Added test 'flake8' to check Python code syntax and style conventions
[0.524s] -- Added test 'lint_cmake' to check CMake code style
[0.524s] -- Added test 'pep257' to check Python code against some of the docstring style conventions in PEP 257
[0.524s] -- Added test 'xmllint' to check XML markup files
[0.525s] -- Configuring done
[0.527s] -- Generating done
[0.528s] -- Build files have been written to: /home/das-note-021/moveit_ws/build/tugbot_slam
[0.532s] Invoked command in '/home/das-note-021/moveit_ws/build/tugbot_slam' returned '0': CMAKE_PREFIX_PATH=${CMAKE_PREFIX_PATH}:/home/das-note-021/kameyama_ws/install/ros2_aruco:/home/das-note-021/kameyama_ws/install/failure_detection:/home/das-note-021/kameyama_ws/install/bt_generator:/opt/ros/humble /usr/bin/cmake /home/das-note-021/moveit_ws/src/tugbot_ros2_pkgs/tugbot_slam -DAMENT_CMAKE_SYMLINK_INSTALL=1 -DCMAKE_INSTALL_PREFIX=/home/das-note-021/moveit_ws/install/tugbot_slam
[0.533s] Invoking command in '/home/das-note-021/moveit_ws/build/tugbot_slam': CMAKE_PREFIX_PATH=${CMAKE_PREFIX_PATH}:/home/das-note-021/kameyama_ws/install/ros2_aruco:/home/das-note-021/kameyama_ws/install/failure_detection:/home/das-note-021/kameyama_ws/install/bt_generator:/opt/ros/humble /usr/bin/cmake --build /home/das-note-021/moveit_ws/build/tugbot_slam -- -j22 -l22
[0.562s] Invoked command in '/home/das-note-021/moveit_ws/build/tugbot_slam' returned '0': CMAKE_PREFIX_PATH=${CMAKE_PREFIX_PATH}:/home/das-note-021/kameyama_ws/install/ros2_aruco:/home/das-note-021/kameyama_ws/install/failure_detection:/home/das-note-021/kameyama_ws/install/bt_generator:/opt/ros/humble /usr/bin/cmake --build /home/das-note-021/moveit_ws/build/tugbot_slam -- -j22 -l22
[0.563s] Invoking command in '/home/das-note-021/moveit_ws/build/tugbot_slam': CMAKE_PREFIX_PATH=${CMAKE_PREFIX_PATH}:/home/das-note-021/kameyama_ws/install/ros2_aruco:/home/das-note-021/kameyama_ws/install/failure_detection:/home/das-note-021/kameyama_ws/install/bt_generator:/opt/ros/humble /usr/bin/cmake --install /home/das-note-021/moveit_ws/build/tugbot_slam
[0.570s] -- Install configuration: ""
[0.570s] -- Execute custom install script
[0.570s] -- Symlinking: /home/das-note-021/moveit_ws/install/tugbot_slam/share/tugbot_slam//launch/slam_toolbox.launch.py
[0.579s] -- Symlinking: /home/das-note-021/moveit_ws/install/tugbot_slam/share/tugbot_slam//config/mapper_params_offline.yaml
[0.585s] -- Symlinking: /home/das-note-021/moveit_ws/install/tugbot_slam/share/tugbot_slam//rviz/default.rviz
[0.591s] -- Symlinking: /home/das-note-021/moveit_ws/install/tugbot_slam/share/ament_index/resource_index/package_run_dependencies/tugbot_slam
[0.596s] -- Symlinking: /home/das-note-021/moveit_ws/install/tugbot_slam/share/ament_index/resource_index/parent_prefix_path/tugbot_slam
[0.602s] -- Symlinking: /home/das-note-021/moveit_ws/install/tugbot_slam/share/tugbot_slam/environment/ament_prefix_path.sh
[0.607s] -- Symlinking: /home/das-note-021/moveit_ws/install/tugbot_slam/share/tugbot_slam/environment/ament_prefix_path.dsv
[0.612s] -- Symlinking: /home/das-note-021/moveit_ws/install/tugbot_slam/share/tugbot_slam/environment/path.sh
[0.617s] -- Symlinking: /home/das-note-021/moveit_ws/install/tugbot_slam/share/tugbot_slam/environment/path.dsv
[0.622s] -- Symlinking: /home/das-note-021/moveit_ws/install/tugbot_slam/share/tugbot_slam/local_setup.bash
[0.629s] -- Symlinking: /home/das-note-021/moveit_ws/install/tugbot_slam/share/tugbot_slam/local_setup.sh
[0.634s] -- Symlinking: /home/das-note-021/moveit_ws/install/tugbot_slam/share/tugbot_slam/local_setup.zsh
[0.640s] -- Symlinking: /home/das-note-021/moveit_ws/install/tugbot_slam/share/tugbot_slam/local_setup.dsv
[0.646s] -- Symlinking: /home/das-note-021/moveit_ws/install/tugbot_slam/share/tugbot_slam/package.dsv
[0.651s] -- Symlinking: /home/das-note-021/moveit_ws/install/tugbot_slam/share/ament_index/resource_index/packages/tugbot_slam
[0.660s] -- Symlinking: /home/das-note-021/moveit_ws/install/tugbot_slam/share/tugbot_slam/cmake/tugbot_slamConfig.cmake
[0.670s] -- Symlinking: /home/das-note-021/moveit_ws/install/tugbot_slam/share/tugbot_slam/cmake/tugbot_slamConfig-version.cmake
[0.676s] -- Symlinking: /home/das-note-021/moveit_ws/install/tugbot_slam/share/tugbot_slam/package.xml
[0.698s] Invoked command in '/home/das-note-021/moveit_ws/build/tugbot_slam' returned '0': CMAKE_PREFIX_PATH=${CMAKE_PREFIX_PATH}:/home/das-note-021/kameyama_ws/install/ros2_aruco:/home/das-note-021/kameyama_ws/install/failure_detection:/home/das-note-021/kameyama_ws/install/bt_generator:/opt/ros/humble /usr/bin/cmake --install /home/das-note-021/moveit_ws/build/tugbot_slam
