[0.018s] Invoking command in '/home/das-note-021/253432010_gazebo_ws/build/tugbot_navigation2': CMAKE_PREFIX_PATH=${CMAKE_PREFIX_PATH}:/home/das-note-021/kameyama_ws/install/ros2_aruco:/home/das-note-021/kameyama_ws/install/failure_detection:/home/das-note-021/kameyama_ws/install/bt_generator:/opt/ros/humble /usr/bin/cmake --build /home/das-note-021/253432010_gazebo_ws/build/tugbot_navigation2 -- -j22 -l22
[0.059s] Invoked command in '/home/das-note-021/253432010_gazebo_ws/build/tugbot_navigation2' returned '0': CMAKE_PREFIX_PATH=${CMAKE_PREFIX_PATH}:/home/das-note-021/kameyama_ws/install/ros2_aruco:/home/das-note-021/kameyama_ws/install/failure_detection:/home/das-note-021/kameyama_ws/install/bt_generator:/opt/ros/humble /usr/bin/cmake --build /home/das-note-021/253432010_gazebo_ws/build/tugbot_navigation2 -- -j22 -l22
[0.060s] Invoking command in '/home/das-note-021/253432010_gazebo_ws/build/tugbot_navigation2': CMAKE_PREFIX_PATH=${CMAKE_PREFIX_PATH}:/home/das-note-021/kameyama_ws/install/ros2_aruco:/home/das-note-021/kameyama_ws/install/failure_detection:/home/das-note-021/kameyama_ws/install/bt_generator:/opt/ros/humble /usr/bin/cmake --install /home/das-note-021/253432010_gazebo_ws/build/tugbot_navigation2
[0.066s] -- Install configuration: ""
[0.066s] -- Execute custom install script
[0.066s] -- Up-to-date symlink: /home/das-note-021/253432010_gazebo_ws/install/tugbot_navigation2/share/tugbot_navigation2//launch/navigation2.launch.py
[0.066s] -- Up-to-date symlink: /home/das-note-021/253432010_gazebo_ws/install/tugbot_navigation2/share/tugbot_navigation2//config/navigation2.yaml
[0.066s] -- Up-to-date symlink: /home/das-note-021/253432010_gazebo_ws/install/tugbot_navigation2/share/tugbot_navigation2//rviz/nav2.rviz
[0.066s] -- Up-to-date symlink: /home/das-note-021/253432010_gazebo_ws/install/tugbot_navigation2/share/tugbot_navigation2//scripts/save_map.sh
[0.066s] -- Up-to-date symlink: /home/das-note-021/253432010_gazebo_ws/install/tugbot_navigation2/share/ament_index/resource_index/package_run_dependencies/tugbot_navigation2
[0.066s] -- Up-to-date symlink: /home/das-note-021/253432010_gazebo_ws/install/tugbot_navigation2/share/ament_index/resource_index/parent_prefix_path/tugbot_navigation2
[0.066s] -- Up-to-date symlink: /home/das-note-021/253432010_gazebo_ws/install/tugbot_navigation2/share/tugbot_navigation2/environment/ament_prefix_path.sh
[0.066s] -- Up-to-date symlink: /home/das-note-021/253432010_gazebo_ws/install/tugbot_navigation2/share/tugbot_navigation2/environment/ament_prefix_path.dsv
[0.066s] -- Up-to-date symlink: /home/das-note-021/253432010_gazebo_ws/install/tugbot_navigation2/share/tugbot_navigation2/environment/path.sh
[0.066s] -- Up-to-date symlink: /home/das-note-021/253432010_gazebo_ws/install/tugbot_navigation2/share/tugbot_navigation2/environment/path.dsv
[0.066s] -- Up-to-date symlink: /home/das-note-021/253432010_gazebo_ws/install/tugbot_navigation2/share/tugbot_navigation2/local_setup.bash
[0.066s] -- Up-to-date symlink: /home/das-note-021/253432010_gazebo_ws/install/tugbot_navigation2/share/tugbot_navigation2/local_setup.sh
[0.066s] -- Up-to-date symlink: /home/das-note-021/253432010_gazebo_ws/install/tugbot_navigation2/share/tugbot_navigation2/local_setup.zsh
[0.066s] -- Up-to-date symlink: /home/das-note-021/253432010_gazebo_ws/install/tugbot_navigation2/share/tugbot_navigation2/local_setup.dsv
[0.066s] -- Symlinking: /home/das-note-021/253432010_gazebo_ws/install/tugbot_navigation2/share/tugbot_navigation2/package.dsv
[0.073s] -- Up-to-date symlink: /home/das-note-021/253432010_gazebo_ws/install/tugbot_navigation2/share/ament_index/resource_index/packages/tugbot_navigation2
[0.073s] -- Up-to-date symlink: /home/das-note-021/253432010_gazebo_ws/install/tugbot_navigation2/share/tugbot_navigation2/cmake/tugbot_navigation2Config.cmake
[0.073s] -- Up-to-date symlink: /home/das-note-021/253432010_gazebo_ws/install/tugbot_navigation2/share/tugbot_navigation2/cmake/tugbot_navigation2Config-version.cmake
[0.073s] -- Up-to-date symlink: /home/das-note-021/253432010_gazebo_ws/install/tugbot_navigation2/share/tugbot_navigation2/package.xml
[0.103s] Invoked command in '/home/das-note-021/253432010_gazebo_ws/build/tugbot_navigation2' returned '0': CMAKE_PREFIX_PATH=${CMAKE_PREFIX_PATH}:/home/das-note-021/kameyama_ws/install/ros2_aruco:/home/das-note-021/kameyama_ws/install/failure_detection:/home/das-note-021/kameyama_ws/install/bt_generator:/opt/ros/humble /usr/bin/cmake --install /home/das-note-021/253432010_gazebo_ws/build/tugbot_navigation2
