-- Install configuration: ""
-- Execute custom install script
-- Up-to-date symlink: /home/das-note-021/253432010_gazebo_ws/install/tugbot_navigation2/share/tugbot_navigation2//launch/navigation2.launch.py
-- Up-to-date symlink: /home/das-note-021/253432010_gazebo_ws/install/tugbot_navigation2/share/tugbot_navigation2//config/navigation2.yaml
-- Up-to-date symlink: /home/das-note-021/253432010_gazebo_ws/install/tugbot_navigation2/share/tugbot_navigation2//rviz/nav2.rviz
-- Up-to-date symlink: /home/das-note-021/253432010_gazebo_ws/install/tugbot_navigation2/share/tugbot_navigation2//scripts/save_map.sh
-- Up-to-date symlink: /home/das-note-021/253432010_gazebo_ws/install/tugbot_navigation2/share/ament_index/resource_index/package_run_dependencies/tugbot_navigation2
-- Up-to-date symlink: /home/das-note-021/253432010_gazebo_ws/install/tugbot_navigation2/share/ament_index/resource_index/parent_prefix_path/tugbot_navigation2
-- Up-to-date symlink: /home/das-note-021/253432010_gazebo_ws/install/tugbot_navigation2/share/tugbot_navigation2/environment/ament_prefix_path.sh
-- Up-to-date symlink: /home/das-note-021/253432010_gazebo_ws/install/tugbot_navigation2/share/tugbot_navigation2/environment/ament_prefix_path.dsv
-- Up-to-date symlink: /home/das-note-021/253432010_gazebo_ws/install/tugbot_navigation2/share/tugbot_navigation2/environment/path.sh
-- Up-to-date symlink: /home/das-note-021/253432010_gazebo_ws/install/tugbot_navigation2/share/tugbot_navigation2/environment/path.dsv
-- Up-to-date symlink: /home/das-note-021/253432010_gazebo_ws/install/tugbot_navigation2/share/tugbot_navigation2/local_setup.bash
-- Up-to-date symlink: /home/das-note-021/253432010_gazebo_ws/install/tugbot_navigation2/share/tugbot_navigation2/local_setup.sh
-- Up-to-date symlink: /home/das-note-021/253432010_gazebo_ws/install/tugbot_navigation2/share/tugbot_navigation2/local_setup.zsh
-- Up-to-date symlink: /home/das-note-021/253432010_gazebo_ws/install/tugbot_navigation2/share/tugbot_navigation2/local_setup.dsv
-- Symlinking: /home/das-note-021/253432010_gazebo_ws/install/tugbot_navigation2/share/tugbot_navigation2/package.dsv
-- Up-to-date symlink: /home/das-note-021/253432010_gazebo_ws/install/tugbot_navigation2/share/ament_index/resource_index/packages/tugbot_navigation2
-- Up-to-date symlink: /home/das-note-021/253432010_gazebo_ws/install/tugbot_navigation2/share/tugbot_navigation2/cmake/tugbot_navigation2Config.cmake
-- Up-to-date symlink: /home/das-note-021/253432010_gazebo_ws/install/tugbot_navigation2/share/tugbot_navigation2/cmake/tugbot_navigation2Config-version.cmake
-- Up-to-date symlink: /home/das-note-021/253432010_gazebo_ws/install/tugbot_navigation2/share/tugbot_navigation2/package.xml
