[0.159s] DEBUG:colcon:Command line arguments: ['/usr/bin/colcon', 'build', '--symlink-install']
[0.159s] DEBUG:colcon:Parsed command line arguments: Namespace(log_base=None, log_level=None, verb_name='build', build_base='build', install_base='install', merge_install=False, symlink_install=True, test_result_base=None, continue_on_error=False, executor='parallel', parallel_workers=22, event_handlers=None, ignore_user_meta=False, metas=['./colcon.meta'], base_paths=['.'], packages_ignore=None, packages_ignore_regex=None, paths=None, packages_up_to=None, packages_up_to_regex=None, packages_above=None, packages_above_and_dependencies=None, packages_above_depth=None, packages_select_by_dep=None, packages_skip_by_dep=None, packages_skip_up_to=None, packages_select_build_failed=False, packages_skip_build_finished=False, packages_select_test_failures=False, packages_skip_test_passed=False, packages_select=None, packages_skip=None, packages_select_regex=None, packages_skip_regex=None, packages_start=None, packages_end=None, allow_overriding=[], cmake_args=None, cmake_target=None, cmake_target_skip_unavailable=False, cmake_clean_cache=False, cmake_clean_first=False, cmake_force_configure=False, ament_cmake_args=None, catkin_cmake_args=None, catkin_skip_building_tests=False, verb_parser=<colcon_defaults.argument_parser.defaults.DefaultArgumentsDecorator object at 0x7f8335f53700>, verb_extension=<colcon_core.verb.build.BuildVerb object at 0x7f8335f531c0>, main=<bound method BuildVerb.main of <colcon_core.verb.build.BuildVerb object at 0x7f8335f531c0>>)
[0.406s] Level 1:colcon.colcon_core.package_discovery:discover_packages(colcon_meta) check parameters
[0.406s] Level 1:colcon.colcon_core.package_discovery:discover_packages(recursive) check parameters
[0.406s] Level 1:colcon.colcon_core.package_discovery:discover_packages(ignore) check parameters
[0.406s] Level 1:colcon.colcon_core.package_discovery:discover_packages(path) check parameters
[0.406s] Level 1:colcon.colcon_core.package_discovery:discover_packages(colcon_meta) discover
[0.406s] Level 1:colcon.colcon_core.package_discovery:discover_packages(recursive) discover
[0.406s] INFO:colcon.colcon_core.package_discovery:Crawling recursively for packages in '/home/das-note-021/moveit_ws'
[0.406s] Level 1:colcon.colcon_core.package_identification:_identify(.) by extensions ['ignore', 'ignore_ament_install']
[0.407s] Level 1:colcon.colcon_core.package_identification:_identify(.) by extension 'ignore'
[0.407s] Level 1:colcon.colcon_core.package_identification:_identify(.) by extension 'ignore_ament_install'
[0.407s] Level 1:colcon.colcon_core.package_identification:_identify(.) by extensions ['colcon_pkg']
[0.407s] Level 1:colcon.colcon_core.package_identification:_identify(.) by extension 'colcon_pkg'
[0.407s] Level 1:colcon.colcon_core.package_identification:_identify(.) by extensions ['colcon_meta']
[0.407s] Level 1:colcon.colcon_core.package_identification:_identify(.) by extension 'colcon_meta'
[0.407s] Level 1:colcon.colcon_core.package_identification:_identify(.) by extensions ['ros']
[0.407s] Level 1:colcon.colcon_core.package_identification:_identify(.) by extension 'ros'
[0.413s] Level 1:colcon.colcon_core.package_identification:_identify(.) by extensions ['cmake', 'python']
[0.413s] Level 1:colcon.colcon_core.package_identification:_identify(.) by extension 'cmake'
[0.413s] Level 1:colcon.colcon_core.package_identification:_identify(.) by extension 'python'
[0.413s] Level 1:colcon.colcon_core.package_identification:_identify(.) by extensions ['python_setup_py']
[0.413s] Level 1:colcon.colcon_core.package_identification:_identify(.) by extension 'python_setup_py'
[0.413s] Level 1:colcon.colcon_core.package_identification:_identify(build) by extensions ['ignore', 'ignore_ament_install']
[0.413s] Level 1:colcon.colcon_core.package_identification:_identify(build) by extension 'ignore'
[0.413s] Level 1:colcon.colcon_core.package_identification:_identify(build) ignored
[0.413s] Level 1:colcon.colcon_core.package_identification:_identify(install) by extensions ['ignore', 'ignore_ament_install']
[0.414s] Level 1:colcon.colcon_core.package_identification:_identify(install) by extension 'ignore'
[0.414s] Level 1:colcon.colcon_core.package_identification:_identify(install) ignored
[0.414s] Level 1:colcon.colcon_core.package_identification:_identify(log) by extensions ['ignore', 'ignore_ament_install']
[0.414s] Level 1:colcon.colcon_core.package_identification:_identify(log) by extension 'ignore'
[0.414s] Level 1:colcon.colcon_core.package_identification:_identify(log) ignored
[0.414s] Level 1:colcon.colcon_core.package_identification:_identify(src) by extensions ['ignore', 'ignore_ament_install']
[0.414s] Level 1:colcon.colcon_core.package_identification:_identify(src) by extension 'ignore'
[0.414s] Level 1:colcon.colcon_core.package_identification:_identify(src) by extension 'ignore_ament_install'
[0.414s] Level 1:colcon.colcon_core.package_identification:_identify(src) by extensions ['colcon_pkg']
[0.414s] Level 1:colcon.colcon_core.package_identification:_identify(src) by extension 'colcon_pkg'
[0.414s] Level 1:colcon.colcon_core.package_identification:_identify(src) by extensions ['colcon_meta']
[0.414s] Level 1:colcon.colcon_core.package_identification:_identify(src) by extension 'colcon_meta'
[0.414s] Level 1:colcon.colcon_core.package_identification:_identify(src) by extensions ['ros']
[0.414s] Level 1:colcon.colcon_core.package_identification:_identify(src) by extension 'ros'
[0.414s] Level 1:colcon.colcon_core.package_identification:_identify(src) by extensions ['cmake', 'python']
[0.414s] Level 1:colcon.colcon_core.package_identification:_identify(src) by extension 'cmake'
[0.414s] Level 1:colcon.colcon_core.package_identification:_identify(src) by extension 'python'
[0.414s] Level 1:colcon.colcon_core.package_identification:_identify(src) by extensions ['python_setup_py']
[0.414s] Level 1:colcon.colcon_core.package_identification:_identify(src) by extension 'python_setup_py'
[0.414s] Level 1:colcon.colcon_core.package_identification:_identify(src/csv2urdf) by extensions ['ignore', 'ignore_ament_install']
[0.414s] Level 1:colcon.colcon_core.package_identification:_identify(src/csv2urdf) by extension 'ignore'
[0.414s] Level 1:colcon.colcon_core.package_identification:_identify(src/csv2urdf) by extension 'ignore_ament_install'
[0.414s] Level 1:colcon.colcon_core.package_identification:_identify(src/csv2urdf) by extensions ['colcon_pkg']
[0.414s] Level 1:colcon.colcon_core.package_identification:_identify(src/csv2urdf) by extension 'colcon_pkg'
[0.414s] Level 1:colcon.colcon_core.package_identification:_identify(src/csv2urdf) by extensions ['colcon_meta']
[0.414s] Level 1:colcon.colcon_core.package_identification:_identify(src/csv2urdf) by extension 'colcon_meta'
[0.414s] Level 1:colcon.colcon_core.package_identification:_identify(src/csv2urdf) by extensions ['ros']
[0.414s] Level 1:colcon.colcon_core.package_identification:_identify(src/csv2urdf) by extension 'ros'
[0.414s] Level 1:colcon.colcon_core.package_identification:_identify(src/csv2urdf) by extensions ['cmake', 'python']
[0.414s] Level 1:colcon.colcon_core.package_identification:_identify(src/csv2urdf) by extension 'cmake'
[0.414s] Level 1:colcon.colcon_core.package_identification:_identify(src/csv2urdf) by extension 'python'
[0.414s] Level 1:colcon.colcon_core.package_identification:_identify(src/csv2urdf) by extensions ['python_setup_py']
[0.414s] Level 1:colcon.colcon_core.package_identification:_identify(src/csv2urdf) by extension 'python_setup_py'
[0.414s] Level 1:colcon.colcon_core.package_identification:_identify(src/csv2urdf/csv) by extensions ['ignore', 'ignore_ament_install']
[0.414s] Level 1:colcon.colcon_core.package_identification:_identify(src/csv2urdf/csv) by extension 'ignore'
[0.414s] Level 1:colcon.colcon_core.package_identification:_identify(src/csv2urdf/csv) by extension 'ignore_ament_install'
[0.414s] Level 1:colcon.colcon_core.package_identification:_identify(src/csv2urdf/csv) by extensions ['colcon_pkg']
[0.414s] Level 1:colcon.colcon_core.package_identification:_identify(src/csv2urdf/csv) by extension 'colcon_pkg'
[0.414s] Level 1:colcon.colcon_core.package_identification:_identify(src/csv2urdf/csv) by extensions ['colcon_meta']
[0.414s] Level 1:colcon.colcon_core.package_identification:_identify(src/csv2urdf/csv) by extension 'colcon_meta'
[0.414s] Level 1:colcon.colcon_core.package_identification:_identify(src/csv2urdf/csv) by extensions ['ros']
[0.414s] Level 1:colcon.colcon_core.package_identification:_identify(src/csv2urdf/csv) by extension 'ros'
[0.414s] Level 1:colcon.colcon_core.package_identification:_identify(src/csv2urdf/csv) by extensions ['cmake', 'python']
[0.414s] Level 1:colcon.colcon_core.package_identification:_identify(src/csv2urdf/csv) by extension 'cmake'
[0.415s] Level 1:colcon.colcon_core.package_identification:_identify(src/csv2urdf/csv) by extension 'python'
[0.415s] Level 1:colcon.colcon_core.package_identification:_identify(src/csv2urdf/csv) by extensions ['python_setup_py']
[0.415s] Level 1:colcon.colcon_core.package_identification:_identify(src/csv2urdf/csv) by extension 'python_setup_py'
[0.415s] Level 1:colcon.colcon_core.package_identification:_identify(src/csv2urdf/img) by extensions ['ignore', 'ignore_ament_install']
[0.415s] Level 1:colcon.colcon_core.package_identification:_identify(src/csv2urdf/img) by extension 'ignore'
[0.415s] Level 1:colcon.colcon_core.package_identification:_identify(src/csv2urdf/img) by extension 'ignore_ament_install'
[0.415s] Level 1:colcon.colcon_core.package_identification:_identify(src/csv2urdf/img) by extensions ['colcon_pkg']
[0.415s] Level 1:colcon.colcon_core.package_identification:_identify(src/csv2urdf/img) by extension 'colcon_pkg'
[0.415s] Level 1:colcon.colcon_core.package_identification:_identify(src/csv2urdf/img) by extensions ['colcon_meta']
[0.415s] Level 1:colcon.colcon_core.package_identification:_identify(src/csv2urdf/img) by extension 'colcon_meta'
[0.415s] Level 1:colcon.colcon_core.package_identification:_identify(src/csv2urdf/img) by extensions ['ros']
[0.415s] Level 1:colcon.colcon_core.package_identification:_identify(src/csv2urdf/img) by extension 'ros'
[0.415s] Level 1:colcon.colcon_core.package_identification:_identify(src/csv2urdf/img) by extensions ['cmake', 'python']
[0.415s] Level 1:colcon.colcon_core.package_identification:_identify(src/csv2urdf/img) by extension 'cmake'
[0.415s] Level 1:colcon.colcon_core.package_identification:_identify(src/csv2urdf/img) by extension 'python'
[0.415s] Level 1:colcon.colcon_core.package_identification:_identify(src/csv2urdf/img) by extensions ['python_setup_py']
[0.415s] Level 1:colcon.colcon_core.package_identification:_identify(src/csv2urdf/img) by extension 'python_setup_py'
[0.415s] Level 1:colcon.colcon_core.package_identification:_identify(src/sixdofarm_moveit_config) by extensions ['ignore', 'ignore_ament_install']
[0.415s] Level 1:colcon.colcon_core.package_identification:_identify(src/sixdofarm_moveit_config) by extension 'ignore'
[0.415s] Level 1:colcon.colcon_core.package_identification:_identify(src/sixdofarm_moveit_config) by extension 'ignore_ament_install'
[0.415s] Level 1:colcon.colcon_core.package_identification:_identify(src/sixdofarm_moveit_config) by extensions ['colcon_pkg']
[0.415s] Level 1:colcon.colcon_core.package_identification:_identify(src/sixdofarm_moveit_config) by extension 'colcon_pkg'
[0.415s] Level 1:colcon.colcon_core.package_identification:_identify(src/sixdofarm_moveit_config) by extensions ['colcon_meta']
[0.415s] Level 1:colcon.colcon_core.package_identification:_identify(src/sixdofarm_moveit_config) by extension 'colcon_meta'
[0.415s] Level 1:colcon.colcon_core.package_identification:_identify(src/sixdofarm_moveit_config) by extensions ['ros']
[0.415s] Level 1:colcon.colcon_core.package_identification:_identify(src/sixdofarm_moveit_config) by extension 'ros'
[0.418s] DEBUG:colcon.colcon_core.package_identification:Package 'src/sixdofarm_moveit_config' with type 'ros.ament_cmake' and name 'sixdofarm_moveit_config'
[0.418s] Level 1:colcon.colcon_core.package_identification:_identify(src/tugbot_ros2_pkgs) by extensions ['ignore', 'ignore_ament_install']
[0.418s] Level 1:colcon.colcon_core.package_identification:_identify(src/tugbot_ros2_pkgs) by extension 'ignore'
[0.418s] Level 1:colcon.colcon_core.package_identification:_identify(src/tugbot_ros2_pkgs) by extension 'ignore_ament_install'
[0.418s] Level 1:colcon.colcon_core.package_identification:_identify(src/tugbot_ros2_pkgs) by extensions ['colcon_pkg']
[0.418s] Level 1:colcon.colcon_core.package_identification:_identify(src/tugbot_ros2_pkgs) by extension 'colcon_pkg'
[0.418s] Level 1:colcon.colcon_core.package_identification:_identify(src/tugbot_ros2_pkgs) by extensions ['colcon_meta']
[0.418s] Level 1:colcon.colcon_core.package_identification:_identify(src/tugbot_ros2_pkgs) by extension 'colcon_meta'
[0.418s] Level 1:colcon.colcon_core.package_identification:_identify(src/tugbot_ros2_pkgs) by extensions ['ros']
[0.418s] Level 1:colcon.colcon_core.package_identification:_identify(src/tugbot_ros2_pkgs) by extension 'ros'
[0.418s] Level 1:colcon.colcon_core.package_identification:_identify(src/tugbot_ros2_pkgs) by extensions ['cmake', 'python']
[0.418s] Level 1:colcon.colcon_core.package_identification:_identify(src/tugbot_ros2_pkgs) by extension 'cmake'
[0.418s] Level 1:colcon.colcon_core.package_identification:_identify(src/tugbot_ros2_pkgs) by extension 'python'
[0.418s] Level 1:colcon.colcon_core.package_identification:_identify(src/tugbot_ros2_pkgs) by extensions ['python_setup_py']
[0.418s] Level 1:colcon.colcon_core.package_identification:_identify(src/tugbot_ros2_pkgs) by extension 'python_setup_py'
[0.418s] Level 1:colcon.colcon_core.package_identification:_identify(src/tugbot_ros2_pkgs/tugbot_description) by extensions ['ignore', 'ignore_ament_install']
[0.418s] Level 1:colcon.colcon_core.package_identification:_identify(src/tugbot_ros2_pkgs/tugbot_description) by extension 'ignore'
[0.418s] Level 1:colcon.colcon_core.package_identification:_identify(src/tugbot_ros2_pkgs/tugbot_description) by extension 'ignore_ament_install'
[0.418s] Level 1:colcon.colcon_core.package_identification:_identify(src/tugbot_ros2_pkgs/tugbot_description) by extensions ['colcon_pkg']
[0.418s] Level 1:colcon.colcon_core.package_identification:_identify(src/tugbot_ros2_pkgs/tugbot_description) by extension 'colcon_pkg'
[0.418s] Level 1:colcon.colcon_core.package_identification:_identify(src/tugbot_ros2_pkgs/tugbot_description) by extensions ['colcon_meta']
[0.418s] Level 1:colcon.colcon_core.package_identification:_identify(src/tugbot_ros2_pkgs/tugbot_description) by extension 'colcon_meta'
[0.419s] Level 1:colcon.colcon_core.package_identification:_identify(src/tugbot_ros2_pkgs/tugbot_description) by extensions ['ros']
[0.419s] Level 1:colcon.colcon_core.package_identification:_identify(src/tugbot_ros2_pkgs/tugbot_description) by extension 'ros'
[0.419s] DEBUG:colcon.colcon_core.package_identification:Package 'src/tugbot_ros2_pkgs/tugbot_description' with type 'ros.ament_cmake' and name 'tugbot_description'
[0.419s] Level 1:colcon.colcon_core.package_identification:_identify(src/tugbot_ros2_pkgs/tugbot_gazebo) by extensions ['ignore', 'ignore_ament_install']
[0.419s] Level 1:colcon.colcon_core.package_identification:_identify(src/tugbot_ros2_pkgs/tugbot_gazebo) by extension 'ignore'
[0.419s] Level 1:colcon.colcon_core.package_identification:_identify(src/tugbot_ros2_pkgs/tugbot_gazebo) by extension 'ignore_ament_install'
[0.419s] Level 1:colcon.colcon_core.package_identification:_identify(src/tugbot_ros2_pkgs/tugbot_gazebo) by extensions ['colcon_pkg']
[0.419s] Level 1:colcon.colcon_core.package_identification:_identify(src/tugbot_ros2_pkgs/tugbot_gazebo) by extension 'colcon_pkg'
[0.419s] Level 1:colcon.colcon_core.package_identification:_identify(src/tugbot_ros2_pkgs/tugbot_gazebo) by extensions ['colcon_meta']
[0.419s] Level 1:colcon.colcon_core.package_identification:_identify(src/tugbot_ros2_pkgs/tugbot_gazebo) by extension 'colcon_meta'
[0.419s] Level 1:colcon.colcon_core.package_identification:_identify(src/tugbot_ros2_pkgs/tugbot_gazebo) by extensions ['ros']
[0.419s] Level 1:colcon.colcon_core.package_identification:_identify(src/tugbot_ros2_pkgs/tugbot_gazebo) by extension 'ros'
[0.420s] DEBUG:colcon.colcon_core.package_identification:Package 'src/tugbot_ros2_pkgs/tugbot_gazebo' with type 'ros.ament_cmake' and name 'tugbot_gazebo'
[0.420s] Level 1:colcon.colcon_core.package_identification:_identify(src/tugbot_ros2_pkgs/tugbot_navigation2) by extensions ['ignore', 'ignore_ament_install']
[0.420s] Level 1:colcon.colcon_core.package_identification:_identify(src/tugbot_ros2_pkgs/tugbot_navigation2) by extension 'ignore'
[0.420s] Level 1:colcon.colcon_core.package_identification:_identify(src/tugbot_ros2_pkgs/tugbot_navigation2) by extension 'ignore_ament_install'
[0.420s] Level 1:colcon.colcon_core.package_identification:_identify(src/tugbot_ros2_pkgs/tugbot_navigation2) by extensions ['colcon_pkg']
[0.420s] Level 1:colcon.colcon_core.package_identification:_identify(src/tugbot_ros2_pkgs/tugbot_navigation2) by extension 'colcon_pkg'
[0.420s] Level 1:colcon.colcon_core.package_identification:_identify(src/tugbot_ros2_pkgs/tugbot_navigation2) by extensions ['colcon_meta']
[0.420s] Level 1:colcon.colcon_core.package_identification:_identify(src/tugbot_ros2_pkgs/tugbot_navigation2) by extension 'colcon_meta'
[0.420s] Level 1:colcon.colcon_core.package_identification:_identify(src/tugbot_ros2_pkgs/tugbot_navigation2) by extensions ['ros']
[0.420s] Level 1:colcon.colcon_core.package_identification:_identify(src/tugbot_ros2_pkgs/tugbot_navigation2) by extension 'ros'
[0.420s] DEBUG:colcon.colcon_core.package_identification:Package 'src/tugbot_ros2_pkgs/tugbot_navigation2' with type 'ros.ament_cmake' and name 'tugbot_navigation2'
[0.420s] Level 1:colcon.colcon_core.package_identification:_identify(src/tugbot_ros2_pkgs/tugbot_ros2_pkgs) by extensions ['ignore', 'ignore_ament_install']
[0.420s] Level 1:colcon.colcon_core.package_identification:_identify(src/tugbot_ros2_pkgs/tugbot_ros2_pkgs) by extension 'ignore'
[0.420s] Level 1:colcon.colcon_core.package_identification:_identify(src/tugbot_ros2_pkgs/tugbot_ros2_pkgs) by extension 'ignore_ament_install'
[0.421s] Level 1:colcon.colcon_core.package_identification:_identify(src/tugbot_ros2_pkgs/tugbot_ros2_pkgs) by extensions ['colcon_pkg']
[0.421s] Level 1:colcon.colcon_core.package_identification:_identify(src/tugbot_ros2_pkgs/tugbot_ros2_pkgs) by extension 'colcon_pkg'
[0.421s] Level 1:colcon.colcon_core.package_identification:_identify(src/tugbot_ros2_pkgs/tugbot_ros2_pkgs) by extensions ['colcon_meta']
[0.421s] Level 1:colcon.colcon_core.package_identification:_identify(src/tugbot_ros2_pkgs/tugbot_ros2_pkgs) by extension 'colcon_meta'
[0.421s] Level 1:colcon.colcon_core.package_identification:_identify(src/tugbot_ros2_pkgs/tugbot_ros2_pkgs) by extensions ['ros']
[0.421s] Level 1:colcon.colcon_core.package_identification:_identify(src/tugbot_ros2_pkgs/tugbot_ros2_pkgs) by extension 'ros'
[0.421s] DEBUG:colcon.colcon_core.package_identification:Package 'src/tugbot_ros2_pkgs/tugbot_ros2_pkgs' with type 'ros.ament_cmake' and name 'tugbot_ros2_pkgs'
[0.421s] Level 1:colcon.colcon_core.package_identification:_identify(src/tugbot_ros2_pkgs/tugbot_slam) by extensions ['ignore', 'ignore_ament_install']
[0.421s] Level 1:colcon.colcon_core.package_identification:_identify(src/tugbot_ros2_pkgs/tugbot_slam) by extension 'ignore'
[0.421s] Level 1:colcon.colcon_core.package_identification:_identify(src/tugbot_ros2_pkgs/tugbot_slam) by extension 'ignore_ament_install'
[0.421s] Level 1:colcon.colcon_core.package_identification:_identify(src/tugbot_ros2_pkgs/tugbot_slam) by extensions ['colcon_pkg']
[0.421s] Level 1:colcon.colcon_core.package_identification:_identify(src/tugbot_ros2_pkgs/tugbot_slam) by extension 'colcon_pkg'
[0.421s] Level 1:colcon.colcon_core.package_identification:_identify(src/tugbot_ros2_pkgs/tugbot_slam) by extensions ['colcon_meta']
[0.421s] Level 1:colcon.colcon_core.package_identification:_identify(src/tugbot_ros2_pkgs/tugbot_slam) by extension 'colcon_meta'
[0.421s] Level 1:colcon.colcon_core.package_identification:_identify(src/tugbot_ros2_pkgs/tugbot_slam) by extensions ['ros']
[0.421s] Level 1:colcon.colcon_core.package_identification:_identify(src/tugbot_ros2_pkgs/tugbot_slam) by extension 'ros'
[0.422s] DEBUG:colcon.colcon_core.package_identification:Package 'src/tugbot_ros2_pkgs/tugbot_slam' with type 'ros.ament_cmake' and name 'tugbot_slam'
[0.422s] Level 1:colcon.colcon_core.package_discovery:discover_packages(recursive) using defaults
[0.422s] Level 1:colcon.colcon_core.package_discovery:discover_packages(ignore) discover
[0.422s] Level 1:colcon.colcon_core.package_discovery:discover_packages(ignore) using defaults
[0.422s] Level 1:colcon.colcon_core.package_discovery:discover_packages(path) discover
[0.422s] Level 1:colcon.colcon_core.package_discovery:discover_packages(path) using defaults
[0.453s] Level 1:colcon.colcon_core.package_discovery:discover_packages(prefix_path) check parameters
[0.453s] Level 1:colcon.colcon_core.package_discovery:discover_packages(prefix_path) discover
[0.458s] DEBUG:colcon.colcon_installed_package_information.package_discovery:Found 6 installed packages in /home/das-note-021/amir_basic_ws/install
[0.458s] DEBUG:colcon.colcon_installed_package_information.package_discovery:Found 23 installed packages in /home/das-note-021/kameyama_ws/install
[0.459s] DEBUG:colcon.colcon_installed_package_information.package_discovery:Found 454 installed packages in /opt/ros/humble
[0.460s] Level 1:colcon.colcon_core.package_discovery:discover_packages(prefix_path) using defaults
[0.575s] Level 5:colcon.colcon_core.verb:set package 'sixdofarm_moveit_config' build argument 'cmake_args' from command line to 'None'
[0.575s] Level 5:colcon.colcon_core.verb:set package 'sixdofarm_moveit_config' build argument 'cmake_target' from command line to 'None'
[0.575s] Level 5:colcon.colcon_core.verb:set package 'sixdofarm_moveit_config' build argument 'cmake_target_skip_unavailable' from command line to 'False'
[0.575s] Level 5:colcon.colcon_core.verb:set package 'sixdofarm_moveit_config' build argument 'cmake_clean_cache' from command line to 'False'
[0.575s] Level 5:colcon.colcon_core.verb:set package 'sixdofarm_moveit_config' build argument 'cmake_clean_first' from command line to 'False'
[0.575s] Level 5:colcon.colcon_core.verb:set package 'sixdofarm_moveit_config' build argument 'cmake_force_configure' from command line to 'False'
[0.575s] Level 5:colcon.colcon_core.verb:set package 'sixdofarm_moveit_config' build argument 'ament_cmake_args' from command line to 'None'
[0.575s] Level 5:colcon.colcon_core.verb:set package 'sixdofarm_moveit_config' build argument 'catkin_cmake_args' from command line to 'None'
[0.575s] Level 5:colcon.colcon_core.verb:set package 'sixdofarm_moveit_config' build argument 'catkin_skip_building_tests' from command line to 'False'
[0.575s] DEBUG:colcon.colcon_core.verb:Building package 'sixdofarm_moveit_config' with the following arguments: {'ament_cmake_args': None, 'build_base': '/home/das-note-021/moveit_ws/build/sixdofarm_moveit_config', 'catkin_cmake_args': None, 'catkin_skip_building_tests': False, 'cmake_args': None, 'cmake_clean_cache': False, 'cmake_clean_first': False, 'cmake_force_configure': False, 'cmake_target': None, 'cmake_target_skip_unavailable': False, 'install_base': '/home/das-note-021/moveit_ws/install/sixdofarm_moveit_config', 'merge_install': False, 'path': '/home/das-note-021/moveit_ws/src/sixdofarm_moveit_config', 'symlink_install': True, 'test_result_base': None}
[0.575s] Level 5:colcon.colcon_core.verb:set package 'tugbot_description' build argument 'cmake_args' from command line to 'None'
[0.575s] Level 5:colcon.colcon_core.verb:set package 'tugbot_description' build argument 'cmake_target' from command line to 'None'
[0.575s] Level 5:colcon.colcon_core.verb:set package 'tugbot_description' build argument 'cmake_target_skip_unavailable' from command line to 'False'
[0.575s] Level 5:colcon.colcon_core.verb:set package 'tugbot_description' build argument 'cmake_clean_cache' from command line to 'False'
[0.575s] Level 5:colcon.colcon_core.verb:set package 'tugbot_description' build argument 'cmake_clean_first' from command line to 'False'
[0.575s] Level 5:colcon.colcon_core.verb:set package 'tugbot_description' build argument 'cmake_force_configure' from command line to 'False'
[0.575s] Level 5:colcon.colcon_core.verb:set package 'tugbot_description' build argument 'ament_cmake_args' from command line to 'None'
[0.575s] Level 5:colcon.colcon_core.verb:set package 'tugbot_description' build argument 'catkin_cmake_args' from command line to 'None'
[0.575s] Level 5:colcon.colcon_core.verb:set package 'tugbot_description' build argument 'catkin_skip_building_tests' from command line to 'False'
[0.575s] DEBUG:colcon.colcon_core.verb:Building package 'tugbot_description' with the following arguments: {'ament_cmake_args': None, 'build_base': '/home/das-note-021/moveit_ws/build/tugbot_description', 'catkin_cmake_args': None, 'catkin_skip_building_tests': False, 'cmake_args': None, 'cmake_clean_cache': False, 'cmake_clean_first': False, 'cmake_force_configure': False, 'cmake_target': None, 'cmake_target_skip_unavailable': False, 'install_base': '/home/das-note-021/moveit_ws/install/tugbot_description', 'merge_install': False, 'path': '/home/das-note-021/moveit_ws/src/tugbot_ros2_pkgs/tugbot_description', 'symlink_install': True, 'test_result_base': None}
[0.575s] Level 5:colcon.colcon_core.verb:set package 'tugbot_gazebo' build argument 'cmake_args' from command line to 'None'
[0.575s] Level 5:colcon.colcon_core.verb:set package 'tugbot_gazebo' build argument 'cmake_target' from command line to 'None'
[0.575s] Level 5:colcon.colcon_core.verb:set package 'tugbot_gazebo' build argument 'cmake_target_skip_unavailable' from command line to 'False'
[0.575s] Level 5:colcon.colcon_core.verb:set package 'tugbot_gazebo' build argument 'cmake_clean_cache' from command line to 'False'
[0.575s] Level 5:colcon.colcon_core.verb:set package 'tugbot_gazebo' build argument 'cmake_clean_first' from command line to 'False'
[0.575s] Level 5:colcon.colcon_core.verb:set package 'tugbot_gazebo' build argument 'cmake_force_configure' from command line to 'False'
[0.575s] Level 5:colcon.colcon_core.verb:set package 'tugbot_gazebo' build argument 'ament_cmake_args' from command line to 'None'
[0.575s] Level 5:colcon.colcon_core.verb:set package 'tugbot_gazebo' build argument 'catkin_cmake_args' from command line to 'None'
[0.575s] Level 5:colcon.colcon_core.verb:set package 'tugbot_gazebo' build argument 'catkin_skip_building_tests' from command line to 'False'
[0.575s] DEBUG:colcon.colcon_core.verb:Building package 'tugbot_gazebo' with the following arguments: {'ament_cmake_args': None, 'build_base': '/home/das-note-021/moveit_ws/build/tugbot_gazebo', 'catkin_cmake_args': None, 'catkin_skip_building_tests': False, 'cmake_args': None, 'cmake_clean_cache': False, 'cmake_clean_first': False, 'cmake_force_configure': False, 'cmake_target': None, 'cmake_target_skip_unavailable': False, 'install_base': '/home/das-note-021/moveit_ws/install/tugbot_gazebo', 'merge_install': False, 'path': '/home/das-note-021/moveit_ws/src/tugbot_ros2_pkgs/tugbot_gazebo', 'symlink_install': True, 'test_result_base': None}
[0.576s] Level 5:colcon.colcon_core.verb:set package 'tugbot_navigation2' build argument 'cmake_args' from command line to 'None'
[0.576s] Level 5:colcon.colcon_core.verb:set package 'tugbot_navigation2' build argument 'cmake_target' from command line to 'None'
[0.576s] Level 5:colcon.colcon_core.verb:set package 'tugbot_navigation2' build argument 'cmake_target_skip_unavailable' from command line to 'False'
[0.576s] Level 5:colcon.colcon_core.verb:set package 'tugbot_navigation2' build argument 'cmake_clean_cache' from command line to 'False'
[0.576s] Level 5:colcon.colcon_core.verb:set package 'tugbot_navigation2' build argument 'cmake_clean_first' from command line to 'False'
[0.576s] Level 5:colcon.colcon_core.verb:set package 'tugbot_navigation2' build argument 'cmake_force_configure' from command line to 'False'
[0.576s] Level 5:colcon.colcon_core.verb:set package 'tugbot_navigation2' build argument 'ament_cmake_args' from command line to 'None'
[0.576s] Level 5:colcon.colcon_core.verb:set package 'tugbot_navigation2' build argument 'catkin_cmake_args' from command line to 'None'
[0.576s] Level 5:colcon.colcon_core.verb:set package 'tugbot_navigation2' build argument 'catkin_skip_building_tests' from command line to 'False'
[0.576s] DEBUG:colcon.colcon_core.verb:Building package 'tugbot_navigation2' with the following arguments: {'ament_cmake_args': None, 'build_base': '/home/das-note-021/moveit_ws/build/tugbot_navigation2', 'catkin_cmake_args': None, 'catkin_skip_building_tests': False, 'cmake_args': None, 'cmake_clean_cache': False, 'cmake_clean_first': False, 'cmake_force_configure': False, 'cmake_target': None, 'cmake_target_skip_unavailable': False, 'install_base': '/home/das-note-021/moveit_ws/install/tugbot_navigation2', 'merge_install': False, 'path': '/home/das-note-021/moveit_ws/src/tugbot_ros2_pkgs/tugbot_navigation2', 'symlink_install': True, 'test_result_base': None}
[0.576s] Level 5:colcon.colcon_core.verb:set package 'tugbot_ros2_pkgs' build argument 'cmake_args' from command line to 'None'
[0.576s] Level 5:colcon.colcon_core.verb:set package 'tugbot_ros2_pkgs' build argument 'cmake_target' from command line to 'None'
[0.576s] Level 5:colcon.colcon_core.verb:set package 'tugbot_ros2_pkgs' build argument 'cmake_target_skip_unavailable' from command line to 'False'
[0.576s] Level 5:colcon.colcon_core.verb:set package 'tugbot_ros2_pkgs' build argument 'cmake_clean_cache' from command line to 'False'
[0.576s] Level 5:colcon.colcon_core.verb:set package 'tugbot_ros2_pkgs' build argument 'cmake_clean_first' from command line to 'False'
[0.576s] Level 5:colcon.colcon_core.verb:set package 'tugbot_ros2_pkgs' build argument 'cmake_force_configure' from command line to 'False'
[0.576s] Level 5:colcon.colcon_core.verb:set package 'tugbot_ros2_pkgs' build argument 'ament_cmake_args' from command line to 'None'
[0.576s] Level 5:colcon.colcon_core.verb:set package 'tugbot_ros2_pkgs' build argument 'catkin_cmake_args' from command line to 'None'
[0.576s] Level 5:colcon.colcon_core.verb:set package 'tugbot_ros2_pkgs' build argument 'catkin_skip_building_tests' from command line to 'False'
[0.576s] DEBUG:colcon.colcon_core.verb:Building package 'tugbot_ros2_pkgs' with the following arguments: {'ament_cmake_args': None, 'build_base': '/home/das-note-021/moveit_ws/build/tugbot_ros2_pkgs', 'catkin_cmake_args': None, 'catkin_skip_building_tests': False, 'cmake_args': None, 'cmake_clean_cache': False, 'cmake_clean_first': False, 'cmake_force_configure': False, 'cmake_target': None, 'cmake_target_skip_unavailable': False, 'install_base': '/home/das-note-021/moveit_ws/install/tugbot_ros2_pkgs', 'merge_install': False, 'path': '/home/das-note-021/moveit_ws/src/tugbot_ros2_pkgs/tugbot_ros2_pkgs', 'symlink_install': True, 'test_result_base': None}
[0.576s] Level 5:colcon.colcon_core.verb:set package 'tugbot_slam' build argument 'cmake_args' from command line to 'None'
[0.576s] Level 5:colcon.colcon_core.verb:set package 'tugbot_slam' build argument 'cmake_target' from command line to 'None'
[0.576s] Level 5:colcon.colcon_core.verb:set package 'tugbot_slam' build argument 'cmake_target_skip_unavailable' from command line to 'False'
[0.576s] Level 5:colcon.colcon_core.verb:set package 'tugbot_slam' build argument 'cmake_clean_cache' from command line to 'False'
[0.576s] Level 5:colcon.colcon_core.verb:set package 'tugbot_slam' build argument 'cmake_clean_first' from command line to 'False'
[0.576s] Level 5:colcon.colcon_core.verb:set package 'tugbot_slam' build argument 'cmake_force_configure' from command line to 'False'
[0.576s] Level 5:colcon.colcon_core.verb:set package 'tugbot_slam' build argument 'ament_cmake_args' from command line to 'None'
[0.576s] Level 5:colcon.colcon_core.verb:set package 'tugbot_slam' build argument 'catkin_cmake_args' from command line to 'None'
[0.576s] Level 5:colcon.colcon_core.verb:set package 'tugbot_slam' build argument 'catkin_skip_building_tests' from command line to 'False'
[0.576s] DEBUG:colcon.colcon_core.verb:Building package 'tugbot_slam' with the following arguments: {'ament_cmake_args': None, 'build_base': '/home/das-note-021/moveit_ws/build/tugbot_slam', 'catkin_cmake_args': None, 'catkin_skip_building_tests': False, 'cmake_args': None, 'cmake_clean_cache': False, 'cmake_clean_first': False, 'cmake_force_configure': False, 'cmake_target': None, 'cmake_target_skip_unavailable': False, 'install_base': '/home/das-note-021/moveit_ws/install/tugbot_slam', 'merge_install': False, 'path': '/home/das-note-021/moveit_ws/src/tugbot_ros2_pkgs/tugbot_slam', 'symlink_install': True, 'test_result_base': None}
[0.576s] INFO:colcon.colcon_core.executor:Executing jobs using 'parallel' executor
[0.577s] DEBUG:colcon.colcon_parallel_executor.executor.parallel:run_until_complete
[0.578s] INFO:colcon.colcon_ros.task.ament_cmake.build:Building ROS package in '/home/das-note-021/moveit_ws/src/sixdofarm_moveit_config' with build type 'ament_cmake'
[0.578s] INFO:colcon.colcon_cmake.task.cmake.build:Building CMake package in '/home/das-note-021/moveit_ws/src/sixdofarm_moveit_config'
[0.582s] INFO:colcon.colcon_core.plugin_system:Skipping extension 'colcon_core.shell.bat': Not used on non-Windows systems
[0.582s] INFO:colcon.colcon_core.shell:Skip shell extension 'powershell' for command environment: Not usable outside of PowerShell
[0.582s] DEBUG:colcon.colcon_core.shell:Skip shell extension 'dsv' for command environment
[0.586s] INFO:colcon.colcon_ros.task.ament_cmake.build:Building ROS package in '/home/das-note-021/moveit_ws/src/tugbot_ros2_pkgs/tugbot_description' with build type 'ament_cmake'
[0.586s] INFO:colcon.colcon_cmake.task.cmake.build:Building CMake package in '/home/das-note-021/moveit_ws/src/tugbot_ros2_pkgs/tugbot_description'
[0.586s] INFO:colcon.colcon_core.shell:Skip shell extension 'powershell' for command environment: Not usable outside of PowerShell
[0.586s] DEBUG:colcon.colcon_core.shell:Skip shell extension 'dsv' for command environment
[0.589s] INFO:colcon.colcon_ros.task.ament_cmake.build:Building ROS package in '/home/das-note-021/moveit_ws/src/tugbot_ros2_pkgs/tugbot_gazebo' with build type 'ament_cmake'
[0.589s] INFO:colcon.colcon_cmake.task.cmake.build:Building CMake package in '/home/das-note-021/moveit_ws/src/tugbot_ros2_pkgs/tugbot_gazebo'
[0.589s] INFO:colcon.colcon_core.shell:Skip shell extension 'powershell' for command environment: Not usable outside of PowerShell
[0.589s] DEBUG:colcon.colcon_core.shell:Skip shell extension 'dsv' for command environment
[0.594s] INFO:colcon.colcon_ros.task.ament_cmake.build:Building ROS package in '/home/das-note-021/moveit_ws/src/tugbot_ros2_pkgs/tugbot_navigation2' with build type 'ament_cmake'
[0.594s] INFO:colcon.colcon_cmake.task.cmake.build:Building CMake package in '/home/das-note-021/moveit_ws/src/tugbot_ros2_pkgs/tugbot_navigation2'
[0.594s] INFO:colcon.colcon_core.shell:Skip shell extension 'powershell' for command environment: Not usable outside of PowerShell
[0.594s] DEBUG:colcon.colcon_core.shell:Skip shell extension 'dsv' for command environment
[0.597s] INFO:colcon.colcon_ros.task.ament_cmake.build:Building ROS package in '/home/das-note-021/moveit_ws/src/tugbot_ros2_pkgs/tugbot_ros2_pkgs' with build type 'ament_cmake'
[0.597s] INFO:colcon.colcon_cmake.task.cmake.build:Building CMake package in '/home/das-note-021/moveit_ws/src/tugbot_ros2_pkgs/tugbot_ros2_pkgs'
[0.597s] INFO:colcon.colcon_core.shell:Skip shell extension 'powershell' for command environment: Not usable outside of PowerShell
[0.597s] DEBUG:colcon.colcon_core.shell:Skip shell extension 'dsv' for command environment
[0.600s] INFO:colcon.colcon_ros.task.ament_cmake.build:Building ROS package in '/home/das-note-021/moveit_ws/src/tugbot_ros2_pkgs/tugbot_slam' with build type 'ament_cmake'
[0.600s] INFO:colcon.colcon_cmake.task.cmake.build:Building CMake package in '/home/das-note-021/moveit_ws/src/tugbot_ros2_pkgs/tugbot_slam'
[0.600s] INFO:colcon.colcon_core.shell:Skip shell extension 'powershell' for command environment: Not usable outside of PowerShell
[0.600s] DEBUG:colcon.colcon_core.shell:Skip shell extension 'dsv' for command environment
[0.606s] DEBUG:colcon.colcon_core.event_handler.log_command:Invoking command in '/home/das-note-021/moveit_ws/build/sixdofarm_moveit_config': CMAKE_PREFIX_PATH=${CMAKE_PREFIX_PATH}:/home/das-note-021/kameyama_ws/install/ros2_aruco:/home/das-note-021/kameyama_ws/install/failure_detection:/home/das-note-021/kameyama_ws/install/bt_generator:/opt/ros/humble /usr/bin/cmake --build /home/das-note-021/moveit_ws/build/sixdofarm_moveit_config -- -j22 -l22
[0.616s] DEBUG:colcon.colcon_core.event_handler.log_command:Invoking command in '/home/das-note-021/moveit_ws/build/tugbot_description': CMAKE_PREFIX_PATH=${CMAKE_PREFIX_PATH}:/home/das-note-021/kameyama_ws/install/ros2_aruco:/home/das-note-021/kameyama_ws/install/failure_detection:/home/das-note-021/kameyama_ws/install/bt_generator:/opt/ros/humble /usr/bin/cmake --build /home/das-note-021/moveit_ws/build/tugbot_description -- -j22 -l22
[0.617s] DEBUG:colcon.colcon_core.event_handler.log_command:Invoking command in '/home/das-note-021/moveit_ws/build/tugbot_gazebo': CMAKE_PREFIX_PATH=${CMAKE_PREFIX_PATH}:/home/das-note-021/kameyama_ws/install/ros2_aruco:/home/das-note-021/kameyama_ws/install/failure_detection:/home/das-note-021/kameyama_ws/install/bt_generator:/opt/ros/humble /usr/bin/cmake --build /home/das-note-021/moveit_ws/build/tugbot_gazebo -- -j22 -l22
[0.619s] DEBUG:colcon.colcon_core.event_handler.log_command:Invoking command in '/home/das-note-021/moveit_ws/build/tugbot_navigation2': CMAKE_PREFIX_PATH=${CMAKE_PREFIX_PATH}:/home/das-note-021/kameyama_ws/install/ros2_aruco:/home/das-note-021/kameyama_ws/install/failure_detection:/home/das-note-021/kameyama_ws/install/bt_generator:/opt/ros/humble /usr/bin/cmake --build /home/das-note-021/moveit_ws/build/tugbot_navigation2 -- -j22 -l22
[0.621s] DEBUG:colcon.colcon_core.event_handler.log_command:Invoking command in '/home/das-note-021/moveit_ws/build/tugbot_ros2_pkgs': CMAKE_PREFIX_PATH=${CMAKE_PREFIX_PATH}:/home/das-note-021/kameyama_ws/install/ros2_aruco:/home/das-note-021/kameyama_ws/install/failure_detection:/home/das-note-021/kameyama_ws/install/bt_generator:/opt/ros/humble /usr/bin/cmake --build /home/das-note-021/moveit_ws/build/tugbot_ros2_pkgs -- -j22 -l22
[0.625s] DEBUG:colcon.colcon_core.event_handler.log_command:Invoking command in '/home/das-note-021/moveit_ws/build/tugbot_slam': CMAKE_PREFIX_PATH=${CMAKE_PREFIX_PATH}:/home/das-note-021/kameyama_ws/install/ros2_aruco:/home/das-note-021/kameyama_ws/install/failure_detection:/home/das-note-021/kameyama_ws/install/bt_generator:/opt/ros/humble /usr/bin/cmake --build /home/das-note-021/moveit_ws/build/tugbot_slam -- -j22 -l22
[0.694s] DEBUG:colcon.colcon_core.event_handler.log_command:Invoked command in '/home/das-note-021/moveit_ws/build/tugbot_gazebo' returned '0': CMAKE_PREFIX_PATH=${CMAKE_PREFIX_PATH}:/home/das-note-021/kameyama_ws/install/ros2_aruco:/home/das-note-021/kameyama_ws/install/failure_detection:/home/das-note-021/kameyama_ws/install/bt_generator:/opt/ros/humble /usr/bin/cmake --build /home/das-note-021/moveit_ws/build/tugbot_gazebo -- -j22 -l22
[0.701s] DEBUG:colcon.colcon_core.event_handler.log_command:Invoking command in '/home/das-note-021/moveit_ws/build/tugbot_gazebo': CMAKE_PREFIX_PATH=${CMAKE_PREFIX_PATH}:/home/das-note-021/kameyama_ws/install/ros2_aruco:/home/das-note-021/kameyama_ws/install/failure_detection:/home/das-note-021/kameyama_ws/install/bt_generator:/opt/ros/humble /usr/bin/cmake --install /home/das-note-021/moveit_ws/build/tugbot_gazebo
[0.702s] DEBUG:colcon.colcon_core.event_handler.log_command:Invoked command in '/home/das-note-021/moveit_ws/build/tugbot_navigation2' returned '0': CMAKE_PREFIX_PATH=${CMAKE_PREFIX_PATH}:/home/das-note-021/kameyama_ws/install/ros2_aruco:/home/das-note-021/kameyama_ws/install/failure_detection:/home/das-note-021/kameyama_ws/install/bt_generator:/opt/ros/humble /usr/bin/cmake --build /home/das-note-021/moveit_ws/build/tugbot_navigation2 -- -j22 -l22
[0.704s] DEBUG:colcon.colcon_core.event_handler.log_command:Invoking command in '/home/das-note-021/moveit_ws/build/tugbot_navigation2': CMAKE_PREFIX_PATH=${CMAKE_PREFIX_PATH}:/home/das-note-021/kameyama_ws/install/ros2_aruco:/home/das-note-021/kameyama_ws/install/failure_detection:/home/das-note-021/kameyama_ws/install/bt_generator:/opt/ros/humble /usr/bin/cmake --install /home/das-note-021/moveit_ws/build/tugbot_navigation2
[0.704s] DEBUG:colcon.colcon_core.event_handler.log_command:Invoked command in '/home/das-note-021/moveit_ws/build/tugbot_ros2_pkgs' returned '0': CMAKE_PREFIX_PATH=${CMAKE_PREFIX_PATH}:/home/das-note-021/kameyama_ws/install/ros2_aruco:/home/das-note-021/kameyama_ws/install/failure_detection:/home/das-note-021/kameyama_ws/install/bt_generator:/opt/ros/humble /usr/bin/cmake --build /home/das-note-021/moveit_ws/build/tugbot_ros2_pkgs -- -j22 -l22
[0.706s] DEBUG:colcon.colcon_core.event_handler.log_command:Invoking command in '/home/das-note-021/moveit_ws/build/tugbot_ros2_pkgs': CMAKE_PREFIX_PATH=${CMAKE_PREFIX_PATH}:/home/das-note-021/kameyama_ws/install/ros2_aruco:/home/das-note-021/kameyama_ws/install/failure_detection:/home/das-note-021/kameyama_ws/install/bt_generator:/opt/ros/humble /usr/bin/cmake --install /home/das-note-021/moveit_ws/build/tugbot_ros2_pkgs
[0.706s] DEBUG:colcon.colcon_core.event_handler.log_command:Invoked command in '/home/das-note-021/moveit_ws/build/tugbot_slam' returned '0': CMAKE_PREFIX_PATH=${CMAKE_PREFIX_PATH}:/home/das-note-021/kameyama_ws/install/ros2_aruco:/home/das-note-021/kameyama_ws/install/failure_detection:/home/das-note-021/kameyama_ws/install/bt_generator:/opt/ros/humble /usr/bin/cmake --build /home/das-note-021/moveit_ws/build/tugbot_slam -- -j22 -l22
[0.708s] DEBUG:colcon.colcon_core.event_handler.log_command:Invoking command in '/home/das-note-021/moveit_ws/build/tugbot_slam': CMAKE_PREFIX_PATH=${CMAKE_PREFIX_PATH}:/home/das-note-021/kameyama_ws/install/ros2_aruco:/home/das-note-021/kameyama_ws/install/failure_detection:/home/das-note-021/kameyama_ws/install/bt_generator:/opt/ros/humble /usr/bin/cmake --install /home/das-note-021/moveit_ws/build/tugbot_slam
[0.710s] DEBUG:colcon.colcon_core.event_handler.log_command:Invoked command in '/home/das-note-021/moveit_ws/build/tugbot_description' returned '0': CMAKE_PREFIX_PATH=${CMAKE_PREFIX_PATH}:/home/das-note-021/kameyama_ws/install/ros2_aruco:/home/das-note-021/kameyama_ws/install/failure_detection:/home/das-note-021/kameyama_ws/install/bt_generator:/opt/ros/humble /usr/bin/cmake --build /home/das-note-021/moveit_ws/build/tugbot_description -- -j22 -l22
[0.713s] DEBUG:colcon.colcon_core.event_handler.log_command:Invoking command in '/home/das-note-021/moveit_ws/build/tugbot_description': CMAKE_PREFIX_PATH=${CMAKE_PREFIX_PATH}:/home/das-note-021/kameyama_ws/install/ros2_aruco:/home/das-note-021/kameyama_ws/install/failure_detection:/home/das-note-021/kameyama_ws/install/bt_generator:/opt/ros/humble /usr/bin/cmake --install /home/das-note-021/moveit_ws/build/tugbot_description
[0.719s] Level 1:colcon.colcon_core.environment:create_environment_scripts_only(tugbot_gazebo)
[0.719s] DEBUG:colcon.colcon_core.event_handler.log_command:Invoked command in '/home/das-note-021/moveit_ws/build/tugbot_gazebo' returned '0': CMAKE_PREFIX_PATH=${CMAKE_PREFIX_PATH}:/home/das-note-021/kameyama_ws/install/ros2_aruco:/home/das-note-021/kameyama_ws/install/failure_detection:/home/das-note-021/kameyama_ws/install/bt_generator:/opt/ros/humble /usr/bin/cmake --install /home/das-note-021/moveit_ws/build/tugbot_gazebo
[0.726s] Level 1:colcon.colcon_core.environment:checking '/home/das-note-021/moveit_ws/install/tugbot_gazebo' for CMake module files
[0.727s] Level 1:colcon.colcon_core.environment:checking '/home/das-note-021/moveit_ws/install/tugbot_gazebo' for CMake config files
[0.728s] Level 1:colcon.colcon_core.shell:create_environment_hook('tugbot_gazebo', 'cmake_prefix_path')
[0.728s] INFO:colcon.colcon_core.shell:Creating environment hook '/home/das-note-021/moveit_ws/install/tugbot_gazebo/share/tugbot_gazebo/hook/cmake_prefix_path.ps1'
[0.729s] INFO:colcon.colcon_core.shell:Creating environment descriptor '/home/das-note-021/moveit_ws/install/tugbot_gazebo/share/tugbot_gazebo/hook/cmake_prefix_path.dsv'
[0.729s] INFO:colcon.colcon_core.shell:Creating environment hook '/home/das-note-021/moveit_ws/install/tugbot_gazebo/share/tugbot_gazebo/hook/cmake_prefix_path.sh'
[0.730s] Level 1:colcon.colcon_core.environment:checking '/home/das-note-021/moveit_ws/install/tugbot_gazebo/bin'
[0.731s] Level 1:colcon.colcon_core.environment:checking '/home/das-note-021/moveit_ws/install/tugbot_gazebo/lib/pkgconfig/tugbot_gazebo.pc'
[0.731s] Level 1:colcon.colcon_core.environment:checking '/home/das-note-021/moveit_ws/install/tugbot_gazebo/lib/python3.10/site-packages'
[0.731s] Level 1:colcon.colcon_core.environment:checking '/home/das-note-021/moveit_ws/install/tugbot_gazebo/bin'
[0.731s] INFO:colcon.colcon_core.shell:Creating package script '/home/das-note-021/moveit_ws/install/tugbot_gazebo/share/tugbot_gazebo/package.ps1'
[0.732s] INFO:colcon.colcon_core.shell:Creating package descriptor '/home/das-note-021/moveit_ws/install/tugbot_gazebo/share/tugbot_gazebo/package.dsv'
[0.732s] INFO:colcon.colcon_core.shell:Creating package script '/home/das-note-021/moveit_ws/install/tugbot_gazebo/share/tugbot_gazebo/package.sh'
[0.733s] INFO:colcon.colcon_core.shell:Creating package script '/home/das-note-021/moveit_ws/install/tugbot_gazebo/share/tugbot_gazebo/package.bash'
[0.734s] INFO:colcon.colcon_core.shell:Creating package script '/home/das-note-021/moveit_ws/install/tugbot_gazebo/share/tugbot_gazebo/package.zsh'
[0.734s] Level 1:colcon.colcon_core.environment:create_file_with_runtime_dependencies(/home/das-note-021/moveit_ws/install/tugbot_gazebo/share/colcon-core/packages/tugbot_gazebo)
[0.735s] Level 1:colcon.colcon_core.environment:create_environment_scripts_only(tugbot_gazebo)
[0.735s] Level 1:colcon.colcon_core.environment:checking '/home/das-note-021/moveit_ws/install/tugbot_gazebo' for CMake module files
[0.735s] Level 1:colcon.colcon_core.environment:checking '/home/das-note-021/moveit_ws/install/tugbot_gazebo' for CMake config files
[0.735s] Level 1:colcon.colcon_core.shell:create_environment_hook('tugbot_gazebo', 'cmake_prefix_path')
[0.735s] INFO:colcon.colcon_core.shell:Creating environment hook '/home/das-note-021/moveit_ws/install/tugbot_gazebo/share/tugbot_gazebo/hook/cmake_prefix_path.ps1'
[0.736s] INFO:colcon.colcon_core.shell:Creating environment descriptor '/home/das-note-021/moveit_ws/install/tugbot_gazebo/share/tugbot_gazebo/hook/cmake_prefix_path.dsv'
[0.736s] INFO:colcon.colcon_core.shell:Creating environment hook '/home/das-note-021/moveit_ws/install/tugbot_gazebo/share/tugbot_gazebo/hook/cmake_prefix_path.sh'
[0.736s] Level 1:colcon.colcon_core.environment:checking '/home/das-note-021/moveit_ws/install/tugbot_gazebo/bin'
[0.736s] Level 1:colcon.colcon_core.environment:checking '/home/das-note-021/moveit_ws/install/tugbot_gazebo/lib/pkgconfig/tugbot_gazebo.pc'
[0.736s] Level 1:colcon.colcon_core.environment:checking '/home/das-note-021/moveit_ws/install/tugbot_gazebo/lib/python3.10/site-packages'
[0.736s] Level 1:colcon.colcon_core.environment:checking '/home/das-note-021/moveit_ws/install/tugbot_gazebo/bin'
[0.736s] INFO:colcon.colcon_core.shell:Creating package script '/home/das-note-021/moveit_ws/install/tugbot_gazebo/share/tugbot_gazebo/package.ps1'
[0.737s] INFO:colcon.colcon_core.shell:Creating package descriptor '/home/das-note-021/moveit_ws/install/tugbot_gazebo/share/tugbot_gazebo/package.dsv'
[0.737s] INFO:colcon.colcon_core.shell:Creating package script '/home/das-note-021/moveit_ws/install/tugbot_gazebo/share/tugbot_gazebo/package.sh'
[0.737s] INFO:colcon.colcon_core.shell:Creating package script '/home/das-note-021/moveit_ws/install/tugbot_gazebo/share/tugbot_gazebo/package.bash'
[0.737s] INFO:colcon.colcon_core.shell:Creating package script '/home/das-note-021/moveit_ws/install/tugbot_gazebo/share/tugbot_gazebo/package.zsh'
[0.738s] Level 1:colcon.colcon_core.environment:create_file_with_runtime_dependencies(/home/das-note-021/moveit_ws/install/tugbot_gazebo/share/colcon-core/packages/tugbot_gazebo)
[0.738s] Level 1:colcon.colcon_core.environment:create_environment_scripts_only(tugbot_ros2_pkgs)
[0.739s] Level 1:colcon.colcon_core.environment:checking '/home/das-note-021/moveit_ws/install/tugbot_ros2_pkgs' for CMake module files
[0.739s] DEBUG:colcon.colcon_core.event_handler.log_command:Invoked command in '/home/das-note-021/moveit_ws/build/tugbot_ros2_pkgs' returned '0': CMAKE_PREFIX_PATH=${CMAKE_PREFIX_PATH}:/home/das-note-021/kameyama_ws/install/ros2_aruco:/home/das-note-021/kameyama_ws/install/failure_detection:/home/das-note-021/kameyama_ws/install/bt_generator:/opt/ros/humble /usr/bin/cmake --install /home/das-note-021/moveit_ws/build/tugbot_ros2_pkgs
[0.739s] Level 1:colcon.colcon_core.environment:checking '/home/das-note-021/moveit_ws/install/tugbot_ros2_pkgs' for CMake config files
[0.739s] Level 1:colcon.colcon_core.shell:create_environment_hook('tugbot_ros2_pkgs', 'cmake_prefix_path')
[0.740s] INFO:colcon.colcon_core.shell:Creating environment hook '/home/das-note-021/moveit_ws/install/tugbot_ros2_pkgs/share/tugbot_ros2_pkgs/hook/cmake_prefix_path.ps1'
[0.740s] INFO:colcon.colcon_core.shell:Creating environment descriptor '/home/das-note-021/moveit_ws/install/tugbot_ros2_pkgs/share/tugbot_ros2_pkgs/hook/cmake_prefix_path.dsv'
[0.740s] INFO:colcon.colcon_core.shell:Creating environment hook '/home/das-note-021/moveit_ws/install/tugbot_ros2_pkgs/share/tugbot_ros2_pkgs/hook/cmake_prefix_path.sh'
[0.740s] Level 1:colcon.colcon_core.environment:checking '/home/das-note-021/moveit_ws/install/tugbot_ros2_pkgs/bin'
[0.740s] Level 1:colcon.colcon_core.environment:checking '/home/das-note-021/moveit_ws/install/tugbot_ros2_pkgs/lib/pkgconfig/tugbot_ros2_pkgs.pc'
[0.740s] Level 1:colcon.colcon_core.environment:checking '/home/das-note-021/moveit_ws/install/tugbot_ros2_pkgs/lib/python3.10/site-packages'
[0.740s] Level 1:colcon.colcon_core.environment:checking '/home/das-note-021/moveit_ws/install/tugbot_ros2_pkgs/bin'
[0.741s] INFO:colcon.colcon_core.shell:Creating package script '/home/das-note-021/moveit_ws/install/tugbot_ros2_pkgs/share/tugbot_ros2_pkgs/package.ps1'
[0.741s] INFO:colcon.colcon_core.shell:Creating package descriptor '/home/das-note-021/moveit_ws/install/tugbot_ros2_pkgs/share/tugbot_ros2_pkgs/package.dsv'
[0.741s] INFO:colcon.colcon_core.shell:Creating package script '/home/das-note-021/moveit_ws/install/tugbot_ros2_pkgs/share/tugbot_ros2_pkgs/package.sh'
[0.741s] INFO:colcon.colcon_core.shell:Creating package script '/home/das-note-021/moveit_ws/install/tugbot_ros2_pkgs/share/tugbot_ros2_pkgs/package.bash'
[0.741s] INFO:colcon.colcon_core.shell:Creating package script '/home/das-note-021/moveit_ws/install/tugbot_ros2_pkgs/share/tugbot_ros2_pkgs/package.zsh'
[0.741s] Level 1:colcon.colcon_core.environment:create_file_with_runtime_dependencies(/home/das-note-021/moveit_ws/install/tugbot_ros2_pkgs/share/colcon-core/packages/tugbot_ros2_pkgs)
[0.742s] Level 1:colcon.colcon_core.environment:create_environment_scripts_only(tugbot_ros2_pkgs)
[0.742s] Level 1:colcon.colcon_core.environment:checking '/home/das-note-021/moveit_ws/install/tugbot_ros2_pkgs' for CMake module files
[0.742s] Level 1:colcon.colcon_core.environment:checking '/home/das-note-021/moveit_ws/install/tugbot_ros2_pkgs' for CMake config files
[0.742s] Level 1:colcon.colcon_core.shell:create_environment_hook('tugbot_ros2_pkgs', 'cmake_prefix_path')
[0.742s] INFO:colcon.colcon_core.shell:Creating environment hook '/home/das-note-021/moveit_ws/install/tugbot_ros2_pkgs/share/tugbot_ros2_pkgs/hook/cmake_prefix_path.ps1'
[0.743s] INFO:colcon.colcon_core.shell:Creating environment descriptor '/home/das-note-021/moveit_ws/install/tugbot_ros2_pkgs/share/tugbot_ros2_pkgs/hook/cmake_prefix_path.dsv'
[0.743s] INFO:colcon.colcon_core.shell:Creating environment hook '/home/das-note-021/moveit_ws/install/tugbot_ros2_pkgs/share/tugbot_ros2_pkgs/hook/cmake_prefix_path.sh'
[0.743s] Level 1:colcon.colcon_core.environment:checking '/home/das-note-021/moveit_ws/install/tugbot_ros2_pkgs/bin'
[0.743s] Level 1:colcon.colcon_core.environment:checking '/home/das-note-021/moveit_ws/install/tugbot_ros2_pkgs/lib/pkgconfig/tugbot_ros2_pkgs.pc'
[0.743s] Level 1:colcon.colcon_core.environment:checking '/home/das-note-021/moveit_ws/install/tugbot_ros2_pkgs/lib/python3.10/site-packages'
[0.743s] Level 1:colcon.colcon_core.environment:checking '/home/das-note-021/moveit_ws/install/tugbot_ros2_pkgs/bin'
[0.743s] INFO:colcon.colcon_core.shell:Creating package script '/home/das-note-021/moveit_ws/install/tugbot_ros2_pkgs/share/tugbot_ros2_pkgs/package.ps1'
[0.744s] INFO:colcon.colcon_core.shell:Creating package descriptor '/home/das-note-021/moveit_ws/install/tugbot_ros2_pkgs/share/tugbot_ros2_pkgs/package.dsv'
[0.744s] INFO:colcon.colcon_core.shell:Creating package script '/home/das-note-021/moveit_ws/install/tugbot_ros2_pkgs/share/tugbot_ros2_pkgs/package.sh'
[0.744s] INFO:colcon.colcon_core.shell:Creating package script '/home/das-note-021/moveit_ws/install/tugbot_ros2_pkgs/share/tugbot_ros2_pkgs/package.bash'
[0.744s] INFO:colcon.colcon_core.shell:Creating package script '/home/das-note-021/moveit_ws/install/tugbot_ros2_pkgs/share/tugbot_ros2_pkgs/package.zsh'
[0.744s] Level 1:colcon.colcon_core.environment:create_file_with_runtime_dependencies(/home/das-note-021/moveit_ws/install/tugbot_ros2_pkgs/share/colcon-core/packages/tugbot_ros2_pkgs)
[0.745s] Level 1:colcon.colcon_core.environment:create_environment_scripts_only(tugbot_navigation2)
[0.745s] Level 1:colcon.colcon_core.environment:checking '/home/das-note-021/moveit_ws/install/tugbot_navigation2' for CMake module files
[0.745s] DEBUG:colcon.colcon_core.event_handler.log_command:Invoked command in '/home/das-note-021/moveit_ws/build/tugbot_navigation2' returned '0': CMAKE_PREFIX_PATH=${CMAKE_PREFIX_PATH}:/home/das-note-021/kameyama_ws/install/ros2_aruco:/home/das-note-021/kameyama_ws/install/failure_detection:/home/das-note-021/kameyama_ws/install/bt_generator:/opt/ros/humble /usr/bin/cmake --install /home/das-note-021/moveit_ws/build/tugbot_navigation2
[0.745s] Level 1:colcon.colcon_core.environment:checking '/home/das-note-021/moveit_ws/install/tugbot_navigation2' for CMake config files
[0.746s] Level 1:colcon.colcon_core.shell:create_environment_hook('tugbot_navigation2', 'cmake_prefix_path')
[0.746s] INFO:colcon.colcon_core.shell:Creating environment hook '/home/das-note-021/moveit_ws/install/tugbot_navigation2/share/tugbot_navigation2/hook/cmake_prefix_path.ps1'
[0.746s] INFO:colcon.colcon_core.shell:Creating environment descriptor '/home/das-note-021/moveit_ws/install/tugbot_navigation2/share/tugbot_navigation2/hook/cmake_prefix_path.dsv'
[0.746s] INFO:colcon.colcon_core.shell:Creating environment hook '/home/das-note-021/moveit_ws/install/tugbot_navigation2/share/tugbot_navigation2/hook/cmake_prefix_path.sh'
[0.746s] Level 1:colcon.colcon_core.environment:checking '/home/das-note-021/moveit_ws/install/tugbot_navigation2/bin'
[0.746s] Level 1:colcon.colcon_core.environment:checking '/home/das-note-021/moveit_ws/install/tugbot_navigation2/lib/pkgconfig/tugbot_navigation2.pc'
[0.746s] Level 1:colcon.colcon_core.environment:checking '/home/das-note-021/moveit_ws/install/tugbot_navigation2/lib/python3.10/site-packages'
[0.747s] Level 1:colcon.colcon_core.environment:checking '/home/das-note-021/moveit_ws/install/tugbot_navigation2/bin'
[0.747s] INFO:colcon.colcon_core.shell:Creating package script '/home/das-note-021/moveit_ws/install/tugbot_navigation2/share/tugbot_navigation2/package.ps1'
[0.747s] INFO:colcon.colcon_core.shell:Creating package descriptor '/home/das-note-021/moveit_ws/install/tugbot_navigation2/share/tugbot_navigation2/package.dsv'
[0.747s] INFO:colcon.colcon_core.shell:Creating package script '/home/das-note-021/moveit_ws/install/tugbot_navigation2/share/tugbot_navigation2/package.sh'
[0.747s] INFO:colcon.colcon_core.shell:Creating package script '/home/das-note-021/moveit_ws/install/tugbot_navigation2/share/tugbot_navigation2/package.bash'
[0.747s] INFO:colcon.colcon_core.shell:Creating package script '/home/das-note-021/moveit_ws/install/tugbot_navigation2/share/tugbot_navigation2/package.zsh'
[0.748s] Level 1:colcon.colcon_core.environment:create_file_with_runtime_dependencies(/home/das-note-021/moveit_ws/install/tugbot_navigation2/share/colcon-core/packages/tugbot_navigation2)
[0.748s] Level 1:colcon.colcon_core.environment:create_environment_scripts_only(tugbot_navigation2)
[0.748s] Level 1:colcon.colcon_core.environment:checking '/home/das-note-021/moveit_ws/install/tugbot_navigation2' for CMake module files
[0.748s] Level 1:colcon.colcon_core.environment:checking '/home/das-note-021/moveit_ws/install/tugbot_navigation2' for CMake config files
[0.748s] Level 1:colcon.colcon_core.shell:create_environment_hook('tugbot_navigation2', 'cmake_prefix_path')
[0.748s] INFO:colcon.colcon_core.shell:Creating environment hook '/home/das-note-021/moveit_ws/install/tugbot_navigation2/share/tugbot_navigation2/hook/cmake_prefix_path.ps1'
[0.749s] INFO:colcon.colcon_core.shell:Creating environment descriptor '/home/das-note-021/moveit_ws/install/tugbot_navigation2/share/tugbot_navigation2/hook/cmake_prefix_path.dsv'
[0.749s] INFO:colcon.colcon_core.shell:Creating environment hook '/home/das-note-021/moveit_ws/install/tugbot_navigation2/share/tugbot_navigation2/hook/cmake_prefix_path.sh'
[0.749s] Level 1:colcon.colcon_core.environment:checking '/home/das-note-021/moveit_ws/install/tugbot_navigation2/bin'
[0.749s] Level 1:colcon.colcon_core.environment:checking '/home/das-note-021/moveit_ws/install/tugbot_navigation2/lib/pkgconfig/tugbot_navigation2.pc'
[0.749s] Level 1:colcon.colcon_core.environment:checking '/home/das-note-021/moveit_ws/install/tugbot_navigation2/lib/python3.10/site-packages'
[0.749s] Level 1:colcon.colcon_core.environment:checking '/home/das-note-021/moveit_ws/install/tugbot_navigation2/bin'
[0.749s] INFO:colcon.colcon_core.shell:Creating package script '/home/das-note-021/moveit_ws/install/tugbot_navigation2/share/tugbot_navigation2/package.ps1'
[0.750s] INFO:colcon.colcon_core.shell:Creating package descriptor '/home/das-note-021/moveit_ws/install/tugbot_navigation2/share/tugbot_navigation2/package.dsv'
[0.750s] INFO:colcon.colcon_core.shell:Creating package script '/home/das-note-021/moveit_ws/install/tugbot_navigation2/share/tugbot_navigation2/package.sh'
[0.750s] INFO:colcon.colcon_core.shell:Creating package script '/home/das-note-021/moveit_ws/install/tugbot_navigation2/share/tugbot_navigation2/package.bash'
[0.750s] INFO:colcon.colcon_core.shell:Creating package script '/home/das-note-021/moveit_ws/install/tugbot_navigation2/share/tugbot_navigation2/package.zsh'
[0.751s] Level 1:colcon.colcon_core.environment:create_file_with_runtime_dependencies(/home/das-note-021/moveit_ws/install/tugbot_navigation2/share/colcon-core/packages/tugbot_navigation2)
[0.751s] Level 1:colcon.colcon_core.environment:create_environment_scripts_only(tugbot_slam)
[0.751s] Level 1:colcon.colcon_core.environment:checking '/home/das-note-021/moveit_ws/install/tugbot_slam' for CMake module files
[0.751s] DEBUG:colcon.colcon_core.event_handler.log_command:Invoked command in '/home/das-note-021/moveit_ws/build/tugbot_slam' returned '0': CMAKE_PREFIX_PATH=${CMAKE_PREFIX_PATH}:/home/das-note-021/kameyama_ws/install/ros2_aruco:/home/das-note-021/kameyama_ws/install/failure_detection:/home/das-note-021/kameyama_ws/install/bt_generator:/opt/ros/humble /usr/bin/cmake --install /home/das-note-021/moveit_ws/build/tugbot_slam
[0.752s] Level 1:colcon.colcon_core.environment:checking '/home/das-note-021/moveit_ws/install/tugbot_slam' for CMake config files
[0.752s] Level 1:colcon.colcon_core.shell:create_environment_hook('tugbot_slam', 'cmake_prefix_path')
[0.752s] INFO:colcon.colcon_core.shell:Creating environment hook '/home/das-note-021/moveit_ws/install/tugbot_slam/share/tugbot_slam/hook/cmake_prefix_path.ps1'
[0.752s] INFO:colcon.colcon_core.shell:Creating environment descriptor '/home/das-note-021/moveit_ws/install/tugbot_slam/share/tugbot_slam/hook/cmake_prefix_path.dsv'
[0.752s] INFO:colcon.colcon_core.shell:Creating environment hook '/home/das-note-021/moveit_ws/install/tugbot_slam/share/tugbot_slam/hook/cmake_prefix_path.sh'
[0.753s] Level 1:colcon.colcon_core.environment:checking '/home/das-note-021/moveit_ws/install/tugbot_slam/bin'
[0.753s] Level 1:colcon.colcon_core.environment:checking '/home/das-note-021/moveit_ws/install/tugbot_slam/lib/pkgconfig/tugbot_slam.pc'
[0.753s] Level 1:colcon.colcon_core.environment:checking '/home/das-note-021/moveit_ws/install/tugbot_slam/lib/python3.10/site-packages'
[0.753s] Level 1:colcon.colcon_core.environment:checking '/home/das-note-021/moveit_ws/install/tugbot_slam/bin'
[0.753s] INFO:colcon.colcon_core.shell:Creating package script '/home/das-note-021/moveit_ws/install/tugbot_slam/share/tugbot_slam/package.ps1'
[0.753s] INFO:colcon.colcon_core.shell:Creating package descriptor '/home/das-note-021/moveit_ws/install/tugbot_slam/share/tugbot_slam/package.dsv'
[0.753s] INFO:colcon.colcon_core.shell:Creating package script '/home/das-note-021/moveit_ws/install/tugbot_slam/share/tugbot_slam/package.sh'
[0.754s] INFO:colcon.colcon_core.shell:Creating package script '/home/das-note-021/moveit_ws/install/tugbot_slam/share/tugbot_slam/package.bash'
[0.754s] INFO:colcon.colcon_core.shell:Creating package script '/home/das-note-021/moveit_ws/install/tugbot_slam/share/tugbot_slam/package.zsh'
[0.754s] Level 1:colcon.colcon_core.environment:create_file_with_runtime_dependencies(/home/das-note-021/moveit_ws/install/tugbot_slam/share/colcon-core/packages/tugbot_slam)
[0.755s] Level 1:colcon.colcon_core.environment:create_environment_scripts_only(tugbot_slam)
[0.755s] Level 1:colcon.colcon_core.environment:checking '/home/das-note-021/moveit_ws/install/tugbot_slam' for CMake module files
[0.755s] Level 1:colcon.colcon_core.environment:checking '/home/das-note-021/moveit_ws/install/tugbot_slam' for CMake config files
[0.755s] Level 1:colcon.colcon_core.shell:create_environment_hook('tugbot_slam', 'cmake_prefix_path')
[0.755s] INFO:colcon.colcon_core.shell:Creating environment hook '/home/das-note-021/moveit_ws/install/tugbot_slam/share/tugbot_slam/hook/cmake_prefix_path.ps1'
[0.755s] INFO:colcon.colcon_core.shell:Creating environment descriptor '/home/das-note-021/moveit_ws/install/tugbot_slam/share/tugbot_slam/hook/cmake_prefix_path.dsv'
[0.755s] INFO:colcon.colcon_core.shell:Creating environment hook '/home/das-note-021/moveit_ws/install/tugbot_slam/share/tugbot_slam/hook/cmake_prefix_path.sh'
[0.756s] Level 1:colcon.colcon_core.environment:checking '/home/das-note-021/moveit_ws/install/tugbot_slam/bin'
[0.756s] Level 1:colcon.colcon_core.environment:checking '/home/das-note-021/moveit_ws/install/tugbot_slam/lib/pkgconfig/tugbot_slam.pc'
[0.756s] Level 1:colcon.colcon_core.environment:checking '/home/das-note-021/moveit_ws/install/tugbot_slam/lib/python3.10/site-packages'
[0.756s] Level 1:colcon.colcon_core.environment:checking '/home/das-note-021/moveit_ws/install/tugbot_slam/bin'
[0.756s] INFO:colcon.colcon_core.shell:Creating package script '/home/das-note-021/moveit_ws/install/tugbot_slam/share/tugbot_slam/package.ps1'
[0.756s] INFO:colcon.colcon_core.shell:Creating package descriptor '/home/das-note-021/moveit_ws/install/tugbot_slam/share/tugbot_slam/package.dsv'
[0.757s] INFO:colcon.colcon_core.shell:Creating package script '/home/das-note-021/moveit_ws/install/tugbot_slam/share/tugbot_slam/package.sh'
[0.757s] INFO:colcon.colcon_core.shell:Creating package script '/home/das-note-021/moveit_ws/install/tugbot_slam/share/tugbot_slam/package.bash'
[0.757s] INFO:colcon.colcon_core.shell:Creating package script '/home/das-note-021/moveit_ws/install/tugbot_slam/share/tugbot_slam/package.zsh'
[0.757s] Level 1:colcon.colcon_core.environment:create_file_with_runtime_dependencies(/home/das-note-021/moveit_ws/install/tugbot_slam/share/colcon-core/packages/tugbot_slam)
[0.757s] Level 1:colcon.colcon_core.environment:create_environment_scripts_only(tugbot_description)
[0.757s] Level 1:colcon.colcon_core.environment:checking '/home/das-note-021/moveit_ws/install/tugbot_description' for CMake module files
[0.758s] DEBUG:colcon.colcon_core.event_handler.log_command:Invoked command in '/home/das-note-021/moveit_ws/build/tugbot_description' returned '0': CMAKE_PREFIX_PATH=${CMAKE_PREFIX_PATH}:/home/das-note-021/kameyama_ws/install/ros2_aruco:/home/das-note-021/kameyama_ws/install/failure_detection:/home/das-note-021/kameyama_ws/install/bt_generator:/opt/ros/humble /usr/bin/cmake --install /home/das-note-021/moveit_ws/build/tugbot_description
[0.758s] Level 1:colcon.colcon_core.environment:checking '/home/das-note-021/moveit_ws/install/tugbot_description' for CMake config files
[0.758s] Level 1:colcon.colcon_core.shell:create_environment_hook('tugbot_description', 'cmake_prefix_path')
[0.759s] INFO:colcon.colcon_core.shell:Creating environment hook '/home/das-note-021/moveit_ws/install/tugbot_description/share/tugbot_description/hook/cmake_prefix_path.ps1'
[0.759s] INFO:colcon.colcon_core.shell:Creating environment descriptor '/home/das-note-021/moveit_ws/install/tugbot_description/share/tugbot_description/hook/cmake_prefix_path.dsv'
[0.759s] INFO:colcon.colcon_core.shell:Creating environment hook '/home/das-note-021/moveit_ws/install/tugbot_description/share/tugbot_description/hook/cmake_prefix_path.sh'
[0.759s] Level 1:colcon.colcon_core.environment:checking '/home/das-note-021/moveit_ws/install/tugbot_description/bin'
[0.759s] Level 1:colcon.colcon_core.environment:checking '/home/das-note-021/moveit_ws/install/tugbot_description/lib/pkgconfig/tugbot_description.pc'
[0.759s] Level 1:colcon.colcon_core.environment:checking '/home/das-note-021/moveit_ws/install/tugbot_description/lib/python3.10/site-packages'
[0.759s] Level 1:colcon.colcon_core.environment:checking '/home/das-note-021/moveit_ws/install/tugbot_description/bin'
[0.760s] INFO:colcon.colcon_core.shell:Creating package script '/home/das-note-021/moveit_ws/install/tugbot_description/share/tugbot_description/package.ps1'
[0.760s] INFO:colcon.colcon_core.shell:Creating package descriptor '/home/das-note-021/moveit_ws/install/tugbot_description/share/tugbot_description/package.dsv'
[0.760s] INFO:colcon.colcon_core.shell:Creating package script '/home/das-note-021/moveit_ws/install/tugbot_description/share/tugbot_description/package.sh'
[0.760s] INFO:colcon.colcon_core.shell:Creating package script '/home/das-note-021/moveit_ws/install/tugbot_description/share/tugbot_description/package.bash'
[0.760s] INFO:colcon.colcon_core.shell:Creating package script '/home/das-note-021/moveit_ws/install/tugbot_description/share/tugbot_description/package.zsh'
[0.761s] Level 1:colcon.colcon_core.environment:create_file_with_runtime_dependencies(/home/das-note-021/moveit_ws/install/tugbot_description/share/colcon-core/packages/tugbot_description)
[0.761s] Level 1:colcon.colcon_core.environment:create_environment_scripts_only(tugbot_description)
[0.761s] Level 1:colcon.colcon_core.environment:checking '/home/das-note-021/moveit_ws/install/tugbot_description' for CMake module files
[0.761s] Level 1:colcon.colcon_core.environment:checking '/home/das-note-021/moveit_ws/install/tugbot_description' for CMake config files
[0.762s] Level 1:colcon.colcon_core.shell:create_environment_hook('tugbot_description', 'cmake_prefix_path')
[0.762s] INFO:colcon.colcon_core.shell:Creating environment hook '/home/das-note-021/moveit_ws/install/tugbot_description/share/tugbot_description/hook/cmake_prefix_path.ps1'
[0.762s] INFO:colcon.colcon_core.shell:Creating environment descriptor '/home/das-note-021/moveit_ws/install/tugbot_description/share/tugbot_description/hook/cmake_prefix_path.dsv'
[0.762s] INFO:colcon.colcon_core.shell:Creating environment hook '/home/das-note-021/moveit_ws/install/tugbot_description/share/tugbot_description/hook/cmake_prefix_path.sh'
[0.763s] Level 1:colcon.colcon_core.environment:checking '/home/das-note-021/moveit_ws/install/tugbot_description/bin'
[0.763s] Level 1:colcon.colcon_core.environment:checking '/home/das-note-021/moveit_ws/install/tugbot_description/lib/pkgconfig/tugbot_description.pc'
[0.763s] Level 1:colcon.colcon_core.environment:checking '/home/das-note-021/moveit_ws/install/tugbot_description/lib/python3.10/site-packages'
[0.763s] Level 1:colcon.colcon_core.environment:checking '/home/das-note-021/moveit_ws/install/tugbot_description/bin'
[0.763s] INFO:colcon.colcon_core.shell:Creating package script '/home/das-note-021/moveit_ws/install/tugbot_description/share/tugbot_description/package.ps1'
[0.763s] INFO:colcon.colcon_core.shell:Creating package descriptor '/home/das-note-021/moveit_ws/install/tugbot_description/share/tugbot_description/package.dsv'
[0.763s] INFO:colcon.colcon_core.shell:Creating package script '/home/das-note-021/moveit_ws/install/tugbot_description/share/tugbot_description/package.sh'
[0.764s] INFO:colcon.colcon_core.shell:Creating package script '/home/das-note-021/moveit_ws/install/tugbot_description/share/tugbot_description/package.bash'
[0.764s] INFO:colcon.colcon_core.shell:Creating package script '/home/das-note-021/moveit_ws/install/tugbot_description/share/tugbot_description/package.zsh'
[0.764s] Level 1:colcon.colcon_core.environment:create_file_with_runtime_dependencies(/home/das-note-021/moveit_ws/install/tugbot_description/share/colcon-core/packages/tugbot_description)
[0.864s] DEBUG:colcon.colcon_core.event_handler.log_command:Invoked command in '/home/das-note-021/moveit_ws/build/sixdofarm_moveit_config' returned '0': CMAKE_PREFIX_PATH=${CMAKE_PREFIX_PATH}:/home/das-note-021/kameyama_ws/install/ros2_aruco:/home/das-note-021/kameyama_ws/install/failure_detection:/home/das-note-021/kameyama_ws/install/bt_generator:/opt/ros/humble /usr/bin/cmake --build /home/das-note-021/moveit_ws/build/sixdofarm_moveit_config -- -j22 -l22
[0.865s] DEBUG:colcon.colcon_core.event_handler.log_command:Invoking command in '/home/das-note-021/moveit_ws/build/sixdofarm_moveit_config': CMAKE_PREFIX_PATH=${CMAKE_PREFIX_PATH}:/home/das-note-021/kameyama_ws/install/ros2_aruco:/home/das-note-021/kameyama_ws/install/failure_detection:/home/das-note-021/kameyama_ws/install/bt_generator:/opt/ros/humble /usr/bin/cmake --install /home/das-note-021/moveit_ws/build/sixdofarm_moveit_config
[0.884s] Level 1:colcon.colcon_core.environment:create_environment_scripts_only(sixdofarm_moveit_config)
[0.884s] DEBUG:colcon.colcon_core.event_handler.log_command:Invoked command in '/home/das-note-021/moveit_ws/build/sixdofarm_moveit_config' returned '0': CMAKE_PREFIX_PATH=${CMAKE_PREFIX_PATH}:/home/das-note-021/kameyama_ws/install/ros2_aruco:/home/das-note-021/kameyama_ws/install/failure_detection:/home/das-note-021/kameyama_ws/install/bt_generator:/opt/ros/humble /usr/bin/cmake --install /home/das-note-021/moveit_ws/build/sixdofarm_moveit_config
[0.885s] Level 1:colcon.colcon_core.environment:checking '/home/das-note-021/moveit_ws/install/sixdofarm_moveit_config' for CMake module files
[0.885s] Level 1:colcon.colcon_core.environment:checking '/home/das-note-021/moveit_ws/install/sixdofarm_moveit_config' for CMake config files
[0.886s] Level 1:colcon.colcon_core.shell:create_environment_hook('sixdofarm_moveit_config', 'cmake_prefix_path')
[0.886s] INFO:colcon.colcon_core.shell:Creating environment hook '/home/das-note-021/moveit_ws/install/sixdofarm_moveit_config/share/sixdofarm_moveit_config/hook/cmake_prefix_path.ps1'
[0.887s] INFO:colcon.colcon_core.shell:Creating environment descriptor '/home/das-note-021/moveit_ws/install/sixdofarm_moveit_config/share/sixdofarm_moveit_config/hook/cmake_prefix_path.dsv'
[0.887s] INFO:colcon.colcon_core.shell:Creating environment hook '/home/das-note-021/moveit_ws/install/sixdofarm_moveit_config/share/sixdofarm_moveit_config/hook/cmake_prefix_path.sh'
[0.887s] Level 1:colcon.colcon_core.environment:checking '/home/das-note-021/moveit_ws/install/sixdofarm_moveit_config/bin'
[0.887s] Level 1:colcon.colcon_core.environment:checking '/home/das-note-021/moveit_ws/install/sixdofarm_moveit_config/lib/pkgconfig/sixdofarm_moveit_config.pc'
[0.888s] Level 1:colcon.colcon_core.environment:checking '/home/das-note-021/moveit_ws/install/sixdofarm_moveit_config/lib/python3.10/site-packages'
[0.888s] Level 1:colcon.colcon_core.environment:checking '/home/das-note-021/moveit_ws/install/sixdofarm_moveit_config/bin'
[0.888s] INFO:colcon.colcon_core.shell:Creating package script '/home/das-note-021/moveit_ws/install/sixdofarm_moveit_config/share/sixdofarm_moveit_config/package.ps1'
[0.888s] INFO:colcon.colcon_core.shell:Creating package descriptor '/home/das-note-021/moveit_ws/install/sixdofarm_moveit_config/share/sixdofarm_moveit_config/package.dsv'
[0.888s] INFO:colcon.colcon_core.shell:Creating package script '/home/das-note-021/moveit_ws/install/sixdofarm_moveit_config/share/sixdofarm_moveit_config/package.sh'
[0.888s] INFO:colcon.colcon_core.shell:Creating package script '/home/das-note-021/moveit_ws/install/sixdofarm_moveit_config/share/sixdofarm_moveit_config/package.bash'
[0.889s] INFO:colcon.colcon_core.shell:Creating package script '/home/das-note-021/moveit_ws/install/sixdofarm_moveit_config/share/sixdofarm_moveit_config/package.zsh'
[0.889s] Level 1:colcon.colcon_core.environment:create_file_with_runtime_dependencies(/home/das-note-021/moveit_ws/install/sixdofarm_moveit_config/share/colcon-core/packages/sixdofarm_moveit_config)
[0.889s] Level 1:colcon.colcon_core.environment:create_environment_scripts_only(sixdofarm_moveit_config)
[0.889s] Level 1:colcon.colcon_core.environment:checking '/home/das-note-021/moveit_ws/install/sixdofarm_moveit_config' for CMake module files
[0.889s] Level 1:colcon.colcon_core.environment:checking '/home/das-note-021/moveit_ws/install/sixdofarm_moveit_config' for CMake config files
[0.889s] Level 1:colcon.colcon_core.shell:create_environment_hook('sixdofarm_moveit_config', 'cmake_prefix_path')
[0.890s] INFO:colcon.colcon_core.shell:Creating environment hook '/home/das-note-021/moveit_ws/install/sixdofarm_moveit_config/share/sixdofarm_moveit_config/hook/cmake_prefix_path.ps1'
[0.890s] INFO:colcon.colcon_core.shell:Creating environment descriptor '/home/das-note-021/moveit_ws/install/sixdofarm_moveit_config/share/sixdofarm_moveit_config/hook/cmake_prefix_path.dsv'
[0.890s] INFO:colcon.colcon_core.shell:Creating environment hook '/home/das-note-021/moveit_ws/install/sixdofarm_moveit_config/share/sixdofarm_moveit_config/hook/cmake_prefix_path.sh'
[0.890s] Level 1:colcon.colcon_core.environment:checking '/home/das-note-021/moveit_ws/install/sixdofarm_moveit_config/bin'
[0.890s] Level 1:colcon.colcon_core.environment:checking '/home/das-note-021/moveit_ws/install/sixdofarm_moveit_config/lib/pkgconfig/sixdofarm_moveit_config.pc'
[0.890s] Level 1:colcon.colcon_core.environment:checking '/home/das-note-021/moveit_ws/install/sixdofarm_moveit_config/lib/python3.10/site-packages'
[0.890s] Level 1:colcon.colcon_core.environment:checking '/home/das-note-021/moveit_ws/install/sixdofarm_moveit_config/bin'
[0.891s] INFO:colcon.colcon_core.shell:Creating package script '/home/das-note-021/moveit_ws/install/sixdofarm_moveit_config/share/sixdofarm_moveit_config/package.ps1'
[0.891s] INFO:colcon.colcon_core.shell:Creating package descriptor '/home/das-note-021/moveit_ws/install/sixdofarm_moveit_config/share/sixdofarm_moveit_config/package.dsv'
[0.891s] INFO:colcon.colcon_core.shell:Creating package script '/home/das-note-021/moveit_ws/install/sixdofarm_moveit_config/share/sixdofarm_moveit_config/package.sh'
[0.891s] INFO:colcon.colcon_core.shell:Creating package script '/home/das-note-021/moveit_ws/install/sixdofarm_moveit_config/share/sixdofarm_moveit_config/package.bash'
[0.891s] INFO:colcon.colcon_core.shell:Creating package script '/home/das-note-021/moveit_ws/install/sixdofarm_moveit_config/share/sixdofarm_moveit_config/package.zsh'
[0.892s] Level 1:colcon.colcon_core.environment:create_file_with_runtime_dependencies(/home/das-note-021/moveit_ws/install/sixdofarm_moveit_config/share/colcon-core/packages/sixdofarm_moveit_config)
[0.892s] DEBUG:colcon.colcon_parallel_executor.executor.parallel:closing loop
[0.892s] DEBUG:colcon.colcon_parallel_executor.executor.parallel:loop closed
[0.892s] DEBUG:colcon.colcon_parallel_executor.executor.parallel:run_until_complete finished with '0'
[0.892s] DEBUG:colcon.colcon_core.event_reactor:joining thread
[0.896s] INFO:colcon.colcon_core.plugin_system:Skipping extension 'colcon_notification.desktop_notification.terminal_notifier': Not used on non-Darwin systems
[0.896s] INFO:colcon.colcon_core.plugin_system:Skipping extension 'colcon_notification.desktop_notification.win32': Not used on non-Windows systems
[0.896s] INFO:colcon.colcon_notification.desktop_notification:Sending desktop notification using 'notify2'
[0.911s] DEBUG:colcon.colcon_core.event_reactor:joined thread
[0.911s] INFO:colcon.colcon_core.shell:Creating prefix script '/home/das-note-021/moveit_ws/install/local_setup.ps1'
[0.912s] INFO:colcon.colcon_core.shell:Creating prefix util module '/home/das-note-021/moveit_ws/install/_local_setup_util_ps1.py'
[0.913s] INFO:colcon.colcon_core.shell:Creating prefix chain script '/home/das-note-021/moveit_ws/install/setup.ps1'
[0.915s] INFO:colcon.colcon_core.shell:Creating prefix script '/home/das-note-021/moveit_ws/install/local_setup.sh'
[0.915s] INFO:colcon.colcon_core.shell:Creating prefix util module '/home/das-note-021/moveit_ws/install/_local_setup_util_sh.py'
[0.915s] INFO:colcon.colcon_core.shell:Creating prefix chain script '/home/das-note-021/moveit_ws/install/setup.sh'
[0.917s] INFO:colcon.colcon_core.shell:Creating prefix script '/home/das-note-021/moveit_ws/install/local_setup.bash'
[0.917s] INFO:colcon.colcon_core.shell:Creating prefix chain script '/home/das-note-021/moveit_ws/install/setup.bash'
[0.918s] INFO:colcon.colcon_core.shell:Creating prefix script '/home/das-note-021/moveit_ws/install/local_setup.zsh'
[0.918s] INFO:colcon.colcon_core.shell:Creating prefix chain script '/home/das-note-021/moveit_ws/install/setup.zsh'
