[0.015s] Invoking command in '/home/das-note-021/253432010_gazebo_ws/build/tugbot_navigation2': CMAKE_PREFIX_PATH=${CMAKE_PREFIX_PATH}:/home/das-note-021/kameyama_ws/install/ros2_aruco:/home/das-note-021/kameyama_ws/install/failure_detection:/home/das-note-021/kameyama_ws/install/bt_generator:/opt/ros/humble /usr/bin/cmake /home/das-note-021/253432010_gazebo_ws/src/tugbot_ros2_pkgs/tugbot_navigation2 -DAMENT_CMAKE_SYMLINK_INSTALL=1 -DCMAKE_INSTALL_PREFIX=/home/das-note-021/253432010_gazebo_ws/install/tugbot_navigation2
[0.325s] -- The C compiler identification is GNU 11.4.0
[0.414s] -- The CXX compiler identification is GNU 11.4.0
[0.421s] -- Detecting C compiler ABI info
[0.490s] -- Detecting C compiler ABI info - done
[0.497s] -- Check for working C compiler: /usr/bin/cc - skipped
[0.498s] -- Detecting C compile features
[0.498s] -- Detecting C compile features - done
[0.501s] -- Detecting CXX compiler ABI info
[0.565s] -- Detecting CXX compiler ABI info - done
[0.570s] -- Check for working CXX compiler: /usr/bin/c++ - skipped
[0.570s] -- Detecting CXX compile features
[0.571s] -- Detecting CXX compile features - done
[0.574s] -- Found ament_cmake: 1.3.11 (/opt/ros/humble/share/ament_cmake/cmake)
[0.734s] -- Found Python3: /usr/bin/python3 (found version "3.10.12") found components: Interpreter 
[0.783s] -- Override CMake install command with custom implementation using symlinks instead of copying resources
[0.815s] -- Found ament_lint_auto: 0.12.12 (/opt/ros/humble/share/ament_lint_auto/cmake)
[0.886s] -- Added test 'flake8' to check Python code syntax and style conventions
[0.886s] -- Added test 'lint_cmake' to check CMake code style
[0.886s] -- Added test 'pep257' to check Python code against some of the docstring style conventions in PEP 257
[0.887s] -- Added test 'xmllint' to check XML markup files
[0.888s] -- Configuring done
[0.890s] -- Generating done
[0.891s] -- Build files have been written to: /home/das-note-021/253432010_gazebo_ws/build/tugbot_navigation2
[0.894s] Invoked command in '/home/das-note-021/253432010_gazebo_ws/build/tugbot_navigation2' returned '0': CMAKE_PREFIX_PATH=${CMAKE_PREFIX_PATH}:/home/das-note-021/kameyama_ws/install/ros2_aruco:/home/das-note-021/kameyama_ws/install/failure_detection:/home/das-note-021/kameyama_ws/install/bt_generator:/opt/ros/humble /usr/bin/cmake /home/das-note-021/253432010_gazebo_ws/src/tugbot_ros2_pkgs/tugbot_navigation2 -DAMENT_CMAKE_SYMLINK_INSTALL=1 -DCMAKE_INSTALL_PREFIX=/home/das-note-021/253432010_gazebo_ws/install/tugbot_navigation2
[0.896s] Invoking command in '/home/das-note-021/253432010_gazebo_ws/build/tugbot_navigation2': CMAKE_PREFIX_PATH=${CMAKE_PREFIX_PATH}:/home/das-note-021/kameyama_ws/install/ros2_aruco:/home/das-note-021/kameyama_ws/install/failure_detection:/home/das-note-021/kameyama_ws/install/bt_generator:/opt/ros/humble /usr/bin/cmake --build /home/das-note-021/253432010_gazebo_ws/build/tugbot_navigation2 -- -j22 -l22
[0.924s] Invoked command in '/home/das-note-021/253432010_gazebo_ws/build/tugbot_navigation2' returned '0': CMAKE_PREFIX_PATH=${CMAKE_PREFIX_PATH}:/home/das-note-021/kameyama_ws/install/ros2_aruco:/home/das-note-021/kameyama_ws/install/failure_detection:/home/das-note-021/kameyama_ws/install/bt_generator:/opt/ros/humble /usr/bin/cmake --build /home/das-note-021/253432010_gazebo_ws/build/tugbot_navigation2 -- -j22 -l22
[0.925s] Invoking command in '/home/das-note-021/253432010_gazebo_ws/build/tugbot_navigation2': CMAKE_PREFIX_PATH=${CMAKE_PREFIX_PATH}:/home/das-note-021/kameyama_ws/install/ros2_aruco:/home/das-note-021/kameyama_ws/install/failure_detection:/home/das-note-021/kameyama_ws/install/bt_generator:/opt/ros/humble /usr/bin/cmake --install /home/das-note-021/253432010_gazebo_ws/build/tugbot_navigation2
[0.933s] -- Install configuration: ""
[0.933s] -- Execute custom install script
[0.933s] -- Symlinking: /home/das-note-021/253432010_gazebo_ws/install/tugbot_navigation2/share/tugbot_navigation2//launch/navigation2.launch.py
[0.944s] -- Symlinking: /home/das-note-021/253432010_gazebo_ws/install/tugbot_navigation2/share/tugbot_navigation2//config/navigation2.yaml
[0.951s] -- Symlinking: /home/das-note-021/253432010_gazebo_ws/install/tugbot_navigation2/share/tugbot_navigation2//rviz/nav2.rviz
[0.958s] -- Symlinking: /home/das-note-021/253432010_gazebo_ws/install/tugbot_navigation2/share/tugbot_navigation2//scripts/save_map.sh
[0.965s] -- Symlinking: /home/das-note-021/253432010_gazebo_ws/install/tugbot_navigation2/share/ament_index/resource_index/package_run_dependencies/tugbot_navigation2
[0.971s] -- Symlinking: /home/das-note-021/253432010_gazebo_ws/install/tugbot_navigation2/share/ament_index/resource_index/parent_prefix_path/tugbot_navigation2
[0.976s] -- Symlinking: /home/das-note-021/253432010_gazebo_ws/install/tugbot_navigation2/share/tugbot_navigation2/environment/ament_prefix_path.sh
[0.986s] -- Symlinking: /home/das-note-021/253432010_gazebo_ws/install/tugbot_navigation2/share/tugbot_navigation2/environment/ament_prefix_path.dsv
[0.997s] -- Symlinking: /home/das-note-021/253432010_gazebo_ws/install/tugbot_navigation2/share/tugbot_navigation2/environment/path.sh
[1.002s] -- Symlinking: /home/das-note-021/253432010_gazebo_ws/install/tugbot_navigation2/share/tugbot_navigation2/environment/path.dsv
[1.012s] -- Symlinking: /home/das-note-021/253432010_gazebo_ws/install/tugbot_navigation2/share/tugbot_navigation2/local_setup.bash
[1.019s] -- Symlinking: /home/das-note-021/253432010_gazebo_ws/install/tugbot_navigation2/share/tugbot_navigation2/local_setup.sh
[1.026s] -- Symlinking: /home/das-note-021/253432010_gazebo_ws/install/tugbot_navigation2/share/tugbot_navigation2/local_setup.zsh
[1.037s] -- Symlinking: /home/das-note-021/253432010_gazebo_ws/install/tugbot_navigation2/share/tugbot_navigation2/local_setup.dsv
[1.045s] -- Symlinking: /home/das-note-021/253432010_gazebo_ws/install/tugbot_navigation2/share/tugbot_navigation2/package.dsv
[1.051s] -- Symlinking: /home/das-note-021/253432010_gazebo_ws/install/tugbot_navigation2/share/ament_index/resource_index/packages/tugbot_navigation2
[1.058s] -- Symlinking: /home/das-note-021/253432010_gazebo_ws/install/tugbot_navigation2/share/tugbot_navigation2/cmake/tugbot_navigation2Config.cmake
[1.066s] -- Symlinking: /home/das-note-021/253432010_gazebo_ws/install/tugbot_navigation2/share/tugbot_navigation2/cmake/tugbot_navigation2Config-version.cmake
[1.073s] -- Symlinking: /home/das-note-021/253432010_gazebo_ws/install/tugbot_navigation2/share/tugbot_navigation2/package.xml
[1.080s] Invoked command in '/home/das-note-021/253432010_gazebo_ws/build/tugbot_navigation2' returned '0': CMAKE_PREFIX_PATH=${CMAKE_PREFIX_PATH}:/home/das-note-021/kameyama_ws/install/ros2_aruco:/home/das-note-021/kameyama_ws/install/failure_detection:/home/das-note-021/kameyama_ws/install/bt_generator:/opt/ros/humble /usr/bin/cmake --install /home/das-note-021/253432010_gazebo_ws/build/tugbot_navigation2
