[0.018s] Invoking command in '/home/das-note-021/253432010_gazebo_ws/build/tugbot_slam': CMAKE_PREFIX_PATH=${CMAKE_PREFIX_PATH}:/home/das-note-021/kameyama_ws/install/ros2_aruco:/home/das-note-021/kameyama_ws/install/failure_detection:/home/das-note-021/kameyama_ws/install/bt_generator:/opt/ros/humble /usr/bin/cmake /home/das-note-021/253432010_gazebo_ws/src/tugbot_ros2_pkgs/tugbot_slam -DAMENT_CMAKE_SYMLINK_INSTALL=1 -DCMAKE_INSTALL_PREFIX=/home/das-note-021/253432010_gazebo_ws/install/tugbot_slam
[0.324s] -- The C compiler identification is GNU 11.4.0
[0.408s] -- The CXX compiler identification is GNU 11.4.0
[0.415s] -- Detecting C compiler ABI info
[0.485s] -- Detecting C compiler ABI info - done
[0.492s] -- Check for working C compiler: /usr/bin/cc - skipped
[0.492s] -- Detecting C compile features
[0.493s] -- Detecting C compile features - done
[0.496s] -- Detecting CXX compiler ABI info
[0.558s] -- Detecting CXX compiler ABI info - done
[0.562s] -- Check for working CXX compiler: /usr/bin/c++ - skipped
[0.562s] -- Detecting CXX compile features
[0.563s] -- Detecting CXX compile features - done
[0.568s] -- Found ament_cmake: 1.3.11 (/opt/ros/humble/share/ament_cmake/cmake)
[0.704s] -- Found Python3: /usr/bin/python3 (found version "3.10.12") found components: Interpreter 
[0.753s] -- Override CMake install command with custom implementation using symlinks instead of copying resources
[0.788s] -- Found ament_lint_auto: 0.12.12 (/opt/ros/humble/share/ament_lint_auto/cmake)
[0.867s] -- Added test 'flake8' to check Python code syntax and style conventions
[0.867s] -- Added test 'lint_cmake' to check CMake code style
[0.867s] -- Added test 'pep257' to check Python code against some of the docstring style conventions in PEP 257
[0.868s] -- Added test 'xmllint' to check XML markup files
[0.870s] -- Configuring done
[0.873s] -- Generating done
[0.874s] -- Build files have been written to: /home/das-note-021/253432010_gazebo_ws/build/tugbot_slam
[0.878s] Invoked command in '/home/das-note-021/253432010_gazebo_ws/build/tugbot_slam' returned '0': CMAKE_PREFIX_PATH=${CMAKE_PREFIX_PATH}:/home/das-note-021/kameyama_ws/install/ros2_aruco:/home/das-note-021/kameyama_ws/install/failure_detection:/home/das-note-021/kameyama_ws/install/bt_generator:/opt/ros/humble /usr/bin/cmake /home/das-note-021/253432010_gazebo_ws/src/tugbot_ros2_pkgs/tugbot_slam -DAMENT_CMAKE_SYMLINK_INSTALL=1 -DCMAKE_INSTALL_PREFIX=/home/das-note-021/253432010_gazebo_ws/install/tugbot_slam
[0.879s] Invoking command in '/home/das-note-021/253432010_gazebo_ws/build/tugbot_slam': CMAKE_PREFIX_PATH=${CMAKE_PREFIX_PATH}:/home/das-note-021/kameyama_ws/install/ros2_aruco:/home/das-note-021/kameyama_ws/install/failure_detection:/home/das-note-021/kameyama_ws/install/bt_generator:/opt/ros/humble /usr/bin/cmake --build /home/das-note-021/253432010_gazebo_ws/build/tugbot_slam -- -j22 -l22
[0.911s] Invoked command in '/home/das-note-021/253432010_gazebo_ws/build/tugbot_slam' returned '0': CMAKE_PREFIX_PATH=${CMAKE_PREFIX_PATH}:/home/das-note-021/kameyama_ws/install/ros2_aruco:/home/das-note-021/kameyama_ws/install/failure_detection:/home/das-note-021/kameyama_ws/install/bt_generator:/opt/ros/humble /usr/bin/cmake --build /home/das-note-021/253432010_gazebo_ws/build/tugbot_slam -- -j22 -l22
[0.912s] Invoking command in '/home/das-note-021/253432010_gazebo_ws/build/tugbot_slam': CMAKE_PREFIX_PATH=${CMAKE_PREFIX_PATH}:/home/das-note-021/kameyama_ws/install/ros2_aruco:/home/das-note-021/kameyama_ws/install/failure_detection:/home/das-note-021/kameyama_ws/install/bt_generator:/opt/ros/humble /usr/bin/cmake --install /home/das-note-021/253432010_gazebo_ws/build/tugbot_slam
[0.921s] -- Install configuration: ""
[0.922s] -- Execute custom install script
[0.922s] -- Symlinking: /home/das-note-021/253432010_gazebo_ws/install/tugbot_slam/share/tugbot_slam//launch/slam_toolbox.launch.py
[0.930s] -- Symlinking: /home/das-note-021/253432010_gazebo_ws/install/tugbot_slam/share/tugbot_slam//config/mapper_params_offline.yaml
[0.936s] -- Symlinking: /home/das-note-021/253432010_gazebo_ws/install/tugbot_slam/share/tugbot_slam//rviz/default.rviz
[0.944s] -- Symlinking: /home/das-note-021/253432010_gazebo_ws/install/tugbot_slam/share/ament_index/resource_index/package_run_dependencies/tugbot_slam
[0.950s] -- Symlinking: /home/das-note-021/253432010_gazebo_ws/install/tugbot_slam/share/ament_index/resource_index/parent_prefix_path/tugbot_slam
[0.955s] -- Symlinking: /home/das-note-021/253432010_gazebo_ws/install/tugbot_slam/share/tugbot_slam/environment/ament_prefix_path.sh
[0.962s] -- Symlinking: /home/das-note-021/253432010_gazebo_ws/install/tugbot_slam/share/tugbot_slam/environment/ament_prefix_path.dsv
[0.968s] -- Symlinking: /home/das-note-021/253432010_gazebo_ws/install/tugbot_slam/share/tugbot_slam/environment/path.sh
[0.974s] -- Symlinking: /home/das-note-021/253432010_gazebo_ws/install/tugbot_slam/share/tugbot_slam/environment/path.dsv
[0.983s] -- Symlinking: /home/das-note-021/253432010_gazebo_ws/install/tugbot_slam/share/tugbot_slam/local_setup.bash
[0.992s] -- Symlinking: /home/das-note-021/253432010_gazebo_ws/install/tugbot_slam/share/tugbot_slam/local_setup.sh
[0.998s] -- Symlinking: /home/das-note-021/253432010_gazebo_ws/install/tugbot_slam/share/tugbot_slam/local_setup.zsh
[1.005s] -- Symlinking: /home/das-note-021/253432010_gazebo_ws/install/tugbot_slam/share/tugbot_slam/local_setup.dsv
[1.011s] -- Symlinking: /home/das-note-021/253432010_gazebo_ws/install/tugbot_slam/share/tugbot_slam/package.dsv
[1.017s] -- Symlinking: /home/das-note-021/253432010_gazebo_ws/install/tugbot_slam/share/ament_index/resource_index/packages/tugbot_slam
[1.023s] -- Symlinking: /home/das-note-021/253432010_gazebo_ws/install/tugbot_slam/share/tugbot_slam/cmake/tugbot_slamConfig.cmake
[1.029s] -- Symlinking: /home/das-note-021/253432010_gazebo_ws/install/tugbot_slam/share/tugbot_slam/cmake/tugbot_slamConfig-version.cmake
[1.037s] -- Symlinking: /home/das-note-021/253432010_gazebo_ws/install/tugbot_slam/share/tugbot_slam/package.xml
[1.045s] Invoked command in '/home/das-note-021/253432010_gazebo_ws/build/tugbot_slam' returned '0': CMAKE_PREFIX_PATH=${CMAKE_PREFIX_PATH}:/home/das-note-021/kameyama_ws/install/ros2_aruco:/home/das-note-021/kameyama_ws/install/failure_detection:/home/das-note-021/kameyama_ws/install/bt_generator:/opt/ros/humble /usr/bin/cmake --install /home/das-note-021/253432010_gazebo_ws/build/tugbot_slam
