[0.056s] DEBUG:colcon:Command line arguments: ['/usr/bin/colcon', 'build', '--symlink-install']
[0.056s] DEBUG:colcon:Parsed command line arguments: Namespace(log_base=None, log_level=None, verb_name='build', build_base='build', install_base='install', merge_install=False, symlink_install=True, test_result_base=None, continue_on_error=False, executor='parallel', parallel_workers=22, event_handlers=None, ignore_user_meta=False, metas=['./colcon.meta'], base_paths=['.'], packages_ignore=None, packages_ignore_regex=None, paths=None, packages_up_to=None, packages_up_to_regex=None, packages_above=None, packages_above_and_dependencies=None, packages_above_depth=None, packages_select_by_dep=None, packages_skip_by_dep=None, packages_skip_up_to=None, packages_select_build_failed=False, packages_skip_build_finished=False, packages_select_test_failures=False, packages_skip_test_passed=False, packages_select=None, packages_skip=None, packages_select_regex=None, packages_skip_regex=None, packages_start=None, packages_end=None, allow_overriding=[], cmake_args=None, cmake_target=None, cmake_target_skip_unavailable=False, cmake_clean_cache=False, cmake_clean_first=False, cmake_force_configure=False, ament_cmake_args=None, catkin_cmake_args=None, catkin_skip_building_tests=False, verb_parser=<colcon_defaults.argument_parser.defaults.DefaultArgumentsDecorator object at 0x7a21e825b700>, verb_extension=<colcon_core.verb.build.BuildVerb object at 0x7a21e825b1c0>, main=<bound method BuildVerb.main of <colcon_core.verb.build.BuildVerb object at 0x7a21e825b1c0>>)
[0.143s] Level 1:colcon.colcon_core.package_discovery:discover_packages(colcon_meta) check parameters
[0.143s] Level 1:colcon.colcon_core.package_discovery:discover_packages(recursive) check parameters
[0.143s] Level 1:colcon.colcon_core.package_discovery:discover_packages(ignore) check parameters
[0.143s] Level 1:colcon.colcon_core.package_discovery:discover_packages(path) check parameters
[0.143s] Level 1:colcon.colcon_core.package_discovery:discover_packages(colcon_meta) discover
[0.143s] Level 1:colcon.colcon_core.package_discovery:discover_packages(recursive) discover
[0.143s] INFO:colcon.colcon_core.package_discovery:Crawling recursively for packages in '/home/das-note-021/moveit_ws'
[0.143s] Level 1:colcon.colcon_core.package_identification:_identify(.) by extensions ['ignore', 'ignore_ament_install']
[0.144s] Level 1:colcon.colcon_core.package_identification:_identify(.) by extension 'ignore'
[0.144s] Level 1:colcon.colcon_core.package_identification:_identify(.) by extension 'ignore_ament_install'
[0.144s] Level 1:colcon.colcon_core.package_identification:_identify(.) by extensions ['colcon_pkg']
[0.144s] Level 1:colcon.colcon_core.package_identification:_identify(.) by extension 'colcon_pkg'
[0.144s] Level 1:colcon.colcon_core.package_identification:_identify(.) by extensions ['colcon_meta']
[0.144s] Level 1:colcon.colcon_core.package_identification:_identify(.) by extension 'colcon_meta'
[0.144s] Level 1:colcon.colcon_core.package_identification:_identify(.) by extensions ['ros']
[0.144s] Level 1:colcon.colcon_core.package_identification:_identify(.) by extension 'ros'
[0.149s] Level 1:colcon.colcon_core.package_identification:_identify(.) by extensions ['cmake', 'python']
[0.149s] Level 1:colcon.colcon_core.package_identification:_identify(.) by extension 'cmake'
[0.149s] Level 1:colcon.colcon_core.package_identification:_identify(.) by extension 'python'
[0.149s] Level 1:colcon.colcon_core.package_identification:_identify(.) by extensions ['python_setup_py']
[0.149s] Level 1:colcon.colcon_core.package_identification:_identify(.) by extension 'python_setup_py'
[0.150s] Level 1:colcon.colcon_core.package_identification:_identify(build) by extensions ['ignore', 'ignore_ament_install']
[0.150s] Level 1:colcon.colcon_core.package_identification:_identify(build) by extension 'ignore'
[0.150s] Level 1:colcon.colcon_core.package_identification:_identify(build) ignored
[0.150s] Level 1:colcon.colcon_core.package_identification:_identify(install) by extensions ['ignore', 'ignore_ament_install']
[0.150s] Level 1:colcon.colcon_core.package_identification:_identify(install) by extension 'ignore'
[0.150s] Level 1:colcon.colcon_core.package_identification:_identify(install) ignored
[0.150s] Level 1:colcon.colcon_core.package_identification:_identify(log) by extensions ['ignore', 'ignore_ament_install']
[0.150s] Level 1:colcon.colcon_core.package_identification:_identify(log) by extension 'ignore'
[0.150s] Level 1:colcon.colcon_core.package_identification:_identify(log) ignored
[0.150s] Level 1:colcon.colcon_core.package_identification:_identify(src) by extensions ['ignore', 'ignore_ament_install']
[0.150s] Level 1:colcon.colcon_core.package_identification:_identify(src) by extension 'ignore'
[0.150s] Level 1:colcon.colcon_core.package_identification:_identify(src) by extension 'ignore_ament_install'
[0.150s] Level 1:colcon.colcon_core.package_identification:_identify(src) by extensions ['colcon_pkg']
[0.150s] Level 1:colcon.colcon_core.package_identification:_identify(src) by extension 'colcon_pkg'
[0.150s] Level 1:colcon.colcon_core.package_identification:_identify(src) by extensions ['colcon_meta']
[0.150s] Level 1:colcon.colcon_core.package_identification:_identify(src) by extension 'colcon_meta'
[0.150s] Level 1:colcon.colcon_core.package_identification:_identify(src) by extensions ['ros']
[0.150s] Level 1:colcon.colcon_core.package_identification:_identify(src) by extension 'ros'
[0.150s] Level 1:colcon.colcon_core.package_identification:_identify(src) by extensions ['cmake', 'python']
[0.150s] Level 1:colcon.colcon_core.package_identification:_identify(src) by extension 'cmake'
[0.150s] Level 1:colcon.colcon_core.package_identification:_identify(src) by extension 'python'
[0.150s] Level 1:colcon.colcon_core.package_identification:_identify(src) by extensions ['python_setup_py']
[0.150s] Level 1:colcon.colcon_core.package_identification:_identify(src) by extension 'python_setup_py'
[0.150s] Level 1:colcon.colcon_core.package_identification:_identify(src/csv2urdf) by extensions ['ignore', 'ignore_ament_install']
[0.150s] Level 1:colcon.colcon_core.package_identification:_identify(src/csv2urdf) by extension 'ignore'
[0.150s] Level 1:colcon.colcon_core.package_identification:_identify(src/csv2urdf) by extension 'ignore_ament_install'
[0.150s] Level 1:colcon.colcon_core.package_identification:_identify(src/csv2urdf) by extensions ['colcon_pkg']
[0.150s] Level 1:colcon.colcon_core.package_identification:_identify(src/csv2urdf) by extension 'colcon_pkg'
[0.150s] Level 1:colcon.colcon_core.package_identification:_identify(src/csv2urdf) by extensions ['colcon_meta']
[0.150s] Level 1:colcon.colcon_core.package_identification:_identify(src/csv2urdf) by extension 'colcon_meta'
[0.150s] Level 1:colcon.colcon_core.package_identification:_identify(src/csv2urdf) by extensions ['ros']
[0.150s] Level 1:colcon.colcon_core.package_identification:_identify(src/csv2urdf) by extension 'ros'
[0.150s] Level 1:colcon.colcon_core.package_identification:_identify(src/csv2urdf) by extensions ['cmake', 'python']
[0.150s] Level 1:colcon.colcon_core.package_identification:_identify(src/csv2urdf) by extension 'cmake'
[0.150s] Level 1:colcon.colcon_core.package_identification:_identify(src/csv2urdf) by extension 'python'
[0.150s] Level 1:colcon.colcon_core.package_identification:_identify(src/csv2urdf) by extensions ['python_setup_py']
[0.150s] Level 1:colcon.colcon_core.package_identification:_identify(src/csv2urdf) by extension 'python_setup_py'
[0.150s] Level 1:colcon.colcon_core.package_identification:_identify(src/csv2urdf/csv) by extensions ['ignore', 'ignore_ament_install']
[0.150s] Level 1:colcon.colcon_core.package_identification:_identify(src/csv2urdf/csv) by extension 'ignore'
[0.150s] Level 1:colcon.colcon_core.package_identification:_identify(src/csv2urdf/csv) by extension 'ignore_ament_install'
[0.150s] Level 1:colcon.colcon_core.package_identification:_identify(src/csv2urdf/csv) by extensions ['colcon_pkg']
[0.151s] Level 1:colcon.colcon_core.package_identification:_identify(src/csv2urdf/csv) by extension 'colcon_pkg'
[0.151s] Level 1:colcon.colcon_core.package_identification:_identify(src/csv2urdf/csv) by extensions ['colcon_meta']
[0.151s] Level 1:colcon.colcon_core.package_identification:_identify(src/csv2urdf/csv) by extension 'colcon_meta'
[0.151s] Level 1:colcon.colcon_core.package_identification:_identify(src/csv2urdf/csv) by extensions ['ros']
[0.151s] Level 1:colcon.colcon_core.package_identification:_identify(src/csv2urdf/csv) by extension 'ros'
[0.151s] Level 1:colcon.colcon_core.package_identification:_identify(src/csv2urdf/csv) by extensions ['cmake', 'python']
[0.151s] Level 1:colcon.colcon_core.package_identification:_identify(src/csv2urdf/csv) by extension 'cmake'
[0.151s] Level 1:colcon.colcon_core.package_identification:_identify(src/csv2urdf/csv) by extension 'python'
[0.151s] Level 1:colcon.colcon_core.package_identification:_identify(src/csv2urdf/csv) by extensions ['python_setup_py']
[0.151s] Level 1:colcon.colcon_core.package_identification:_identify(src/csv2urdf/csv) by extension 'python_setup_py'
[0.151s] Level 1:colcon.colcon_core.package_identification:_identify(src/csv2urdf/img) by extensions ['ignore', 'ignore_ament_install']
[0.151s] Level 1:colcon.colcon_core.package_identification:_identify(src/csv2urdf/img) by extension 'ignore'
[0.151s] Level 1:colcon.colcon_core.package_identification:_identify(src/csv2urdf/img) by extension 'ignore_ament_install'
[0.151s] Level 1:colcon.colcon_core.package_identification:_identify(src/csv2urdf/img) by extensions ['colcon_pkg']
[0.151s] Level 1:colcon.colcon_core.package_identification:_identify(src/csv2urdf/img) by extension 'colcon_pkg'
[0.151s] Level 1:colcon.colcon_core.package_identification:_identify(src/csv2urdf/img) by extensions ['colcon_meta']
[0.151s] Level 1:colcon.colcon_core.package_identification:_identify(src/csv2urdf/img) by extension 'colcon_meta'
[0.151s] Level 1:colcon.colcon_core.package_identification:_identify(src/csv2urdf/img) by extensions ['ros']
[0.151s] Level 1:colcon.colcon_core.package_identification:_identify(src/csv2urdf/img) by extension 'ros'
[0.151s] Level 1:colcon.colcon_core.package_identification:_identify(src/csv2urdf/img) by extensions ['cmake', 'python']
[0.151s] Level 1:colcon.colcon_core.package_identification:_identify(src/csv2urdf/img) by extension 'cmake'
[0.151s] Level 1:colcon.colcon_core.package_identification:_identify(src/csv2urdf/img) by extension 'python'
[0.151s] Level 1:colcon.colcon_core.package_identification:_identify(src/csv2urdf/img) by extensions ['python_setup_py']
[0.151s] Level 1:colcon.colcon_core.package_identification:_identify(src/csv2urdf/img) by extension 'python_setup_py'
[0.151s] Level 1:colcon.colcon_core.package_identification:_identify(src/sixdofarm_moveit_config) by extensions ['ignore', 'ignore_ament_install']
[0.151s] Level 1:colcon.colcon_core.package_identification:_identify(src/sixdofarm_moveit_config) by extension 'ignore'
[0.151s] Level 1:colcon.colcon_core.package_identification:_identify(src/sixdofarm_moveit_config) by extension 'ignore_ament_install'
[0.151s] Level 1:colcon.colcon_core.package_identification:_identify(src/sixdofarm_moveit_config) by extensions ['colcon_pkg']
[0.151s] Level 1:colcon.colcon_core.package_identification:_identify(src/sixdofarm_moveit_config) by extension 'colcon_pkg'
[0.151s] Level 1:colcon.colcon_core.package_identification:_identify(src/sixdofarm_moveit_config) by extensions ['colcon_meta']
[0.151s] Level 1:colcon.colcon_core.package_identification:_identify(src/sixdofarm_moveit_config) by extension 'colcon_meta'
[0.151s] Level 1:colcon.colcon_core.package_identification:_identify(src/sixdofarm_moveit_config) by extensions ['ros']
[0.151s] Level 1:colcon.colcon_core.package_identification:_identify(src/sixdofarm_moveit_config) by extension 'ros'
[0.152s] DEBUG:colcon.colcon_core.package_identification:Package 'src/sixdofarm_moveit_config' with type 'ros.ament_cmake' and name 'sixdofarm_moveit_config'
[0.153s] Level 1:colcon.colcon_core.package_identification:_identify(src/tugbot_ros2_pkgs) by extensions ['ignore', 'ignore_ament_install']
[0.153s] Level 1:colcon.colcon_core.package_identification:_identify(src/tugbot_ros2_pkgs) by extension 'ignore'
[0.153s] Level 1:colcon.colcon_core.package_identification:_identify(src/tugbot_ros2_pkgs) by extension 'ignore_ament_install'
[0.153s] Level 1:colcon.colcon_core.package_identification:_identify(src/tugbot_ros2_pkgs) by extensions ['colcon_pkg']
[0.153s] Level 1:colcon.colcon_core.package_identification:_identify(src/tugbot_ros2_pkgs) by extension 'colcon_pkg'
[0.153s] Level 1:colcon.colcon_core.package_identification:_identify(src/tugbot_ros2_pkgs) by extensions ['colcon_meta']
[0.153s] Level 1:colcon.colcon_core.package_identification:_identify(src/tugbot_ros2_pkgs) by extension 'colcon_meta'
[0.153s] Level 1:colcon.colcon_core.package_identification:_identify(src/tugbot_ros2_pkgs) by extensions ['ros']
[0.153s] Level 1:colcon.colcon_core.package_identification:_identify(src/tugbot_ros2_pkgs) by extension 'ros'
[0.153s] Level 1:colcon.colcon_core.package_identification:_identify(src/tugbot_ros2_pkgs) by extensions ['cmake', 'python']
[0.153s] Level 1:colcon.colcon_core.package_identification:_identify(src/tugbot_ros2_pkgs) by extension 'cmake'
[0.153s] Level 1:colcon.colcon_core.package_identification:_identify(src/tugbot_ros2_pkgs) by extension 'python'
[0.153s] Level 1:colcon.colcon_core.package_identification:_identify(src/tugbot_ros2_pkgs) by extensions ['python_setup_py']
[0.153s] Level 1:colcon.colcon_core.package_identification:_identify(src/tugbot_ros2_pkgs) by extension 'python_setup_py'
[0.153s] Level 1:colcon.colcon_core.package_identification:_identify(src/tugbot_ros2_pkgs/tugbot_description) by extensions ['ignore', 'ignore_ament_install']
[0.153s] Level 1:colcon.colcon_core.package_identification:_identify(src/tugbot_ros2_pkgs/tugbot_description) by extension 'ignore'
[0.153s] Level 1:colcon.colcon_core.package_identification:_identify(src/tugbot_ros2_pkgs/tugbot_description) by extension 'ignore_ament_install'
[0.153s] Level 1:colcon.colcon_core.package_identification:_identify(src/tugbot_ros2_pkgs/tugbot_description) by extensions ['colcon_pkg']
[0.153s] Level 1:colcon.colcon_core.package_identification:_identify(src/tugbot_ros2_pkgs/tugbot_description) by extension 'colcon_pkg'
[0.153s] Level 1:colcon.colcon_core.package_identification:_identify(src/tugbot_ros2_pkgs/tugbot_description) by extensions ['colcon_meta']
[0.153s] Level 1:colcon.colcon_core.package_identification:_identify(src/tugbot_ros2_pkgs/tugbot_description) by extension 'colcon_meta'
[0.153s] Level 1:colcon.colcon_core.package_identification:_identify(src/tugbot_ros2_pkgs/tugbot_description) by extensions ['ros']
[0.153s] Level 1:colcon.colcon_core.package_identification:_identify(src/tugbot_ros2_pkgs/tugbot_description) by extension 'ros'
[0.153s] DEBUG:colcon.colcon_core.package_identification:Package 'src/tugbot_ros2_pkgs/tugbot_description' with type 'ros.ament_cmake' and name 'tugbot_description'
[0.153s] Level 1:colcon.colcon_core.package_identification:_identify(src/tugbot_ros2_pkgs/tugbot_gazebo) by extensions ['ignore', 'ignore_ament_install']
[0.153s] Level 1:colcon.colcon_core.package_identification:_identify(src/tugbot_ros2_pkgs/tugbot_gazebo) by extension 'ignore'
[0.153s] Level 1:colcon.colcon_core.package_identification:_identify(src/tugbot_ros2_pkgs/tugbot_gazebo) by extension 'ignore_ament_install'
[0.153s] Level 1:colcon.colcon_core.package_identification:_identify(src/tugbot_ros2_pkgs/tugbot_gazebo) by extensions ['colcon_pkg']
[0.153s] Level 1:colcon.colcon_core.package_identification:_identify(src/tugbot_ros2_pkgs/tugbot_gazebo) by extension 'colcon_pkg'
[0.154s] Level 1:colcon.colcon_core.package_identification:_identify(src/tugbot_ros2_pkgs/tugbot_gazebo) by extensions ['colcon_meta']
[0.154s] Level 1:colcon.colcon_core.package_identification:_identify(src/tugbot_ros2_pkgs/tugbot_gazebo) by extension 'colcon_meta'
[0.154s] Level 1:colcon.colcon_core.package_identification:_identify(src/tugbot_ros2_pkgs/tugbot_gazebo) by extensions ['ros']
[0.154s] Level 1:colcon.colcon_core.package_identification:_identify(src/tugbot_ros2_pkgs/tugbot_gazebo) by extension 'ros'
[0.154s] DEBUG:colcon.colcon_core.package_identification:Package 'src/tugbot_ros2_pkgs/tugbot_gazebo' with type 'ros.ament_cmake' and name 'tugbot_gazebo'
[0.154s] Level 1:colcon.colcon_core.package_identification:_identify(src/tugbot_ros2_pkgs/tugbot_navigation2) by extensions ['ignore', 'ignore_ament_install']
[0.154s] Level 1:colcon.colcon_core.package_identification:_identify(src/tugbot_ros2_pkgs/tugbot_navigation2) by extension 'ignore'
[0.154s] Level 1:colcon.colcon_core.package_identification:_identify(src/tugbot_ros2_pkgs/tugbot_navigation2) by extension 'ignore_ament_install'
[0.154s] Level 1:colcon.colcon_core.package_identification:_identify(src/tugbot_ros2_pkgs/tugbot_navigation2) by extensions ['colcon_pkg']
[0.154s] Level 1:colcon.colcon_core.package_identification:_identify(src/tugbot_ros2_pkgs/tugbot_navigation2) by extension 'colcon_pkg'
[0.154s] Level 1:colcon.colcon_core.package_identification:_identify(src/tugbot_ros2_pkgs/tugbot_navigation2) by extensions ['colcon_meta']
[0.154s] Level 1:colcon.colcon_core.package_identification:_identify(src/tugbot_ros2_pkgs/tugbot_navigation2) by extension 'colcon_meta'
[0.154s] Level 1:colcon.colcon_core.package_identification:_identify(src/tugbot_ros2_pkgs/tugbot_navigation2) by extensions ['ros']
[0.154s] Level 1:colcon.colcon_core.package_identification:_identify(src/tugbot_ros2_pkgs/tugbot_navigation2) by extension 'ros'
[0.154s] DEBUG:colcon.colcon_core.package_identification:Package 'src/tugbot_ros2_pkgs/tugbot_navigation2' with type 'ros.ament_cmake' and name 'tugbot_navigation2'
[0.154s] Level 1:colcon.colcon_core.package_identification:_identify(src/tugbot_ros2_pkgs/tugbot_ros2_pkgs) by extensions ['ignore', 'ignore_ament_install']
[0.154s] Level 1:colcon.colcon_core.package_identification:_identify(src/tugbot_ros2_pkgs/tugbot_ros2_pkgs) by extension 'ignore'
[0.154s] Level 1:colcon.colcon_core.package_identification:_identify(src/tugbot_ros2_pkgs/tugbot_ros2_pkgs) by extension 'ignore_ament_install'
[0.154s] Level 1:colcon.colcon_core.package_identification:_identify(src/tugbot_ros2_pkgs/tugbot_ros2_pkgs) by extensions ['colcon_pkg']
[0.154s] Level 1:colcon.colcon_core.package_identification:_identify(src/tugbot_ros2_pkgs/tugbot_ros2_pkgs) by extension 'colcon_pkg'
[0.154s] Level 1:colcon.colcon_core.package_identification:_identify(src/tugbot_ros2_pkgs/tugbot_ros2_pkgs) by extensions ['colcon_meta']
[0.154s] Level 1:colcon.colcon_core.package_identification:_identify(src/tugbot_ros2_pkgs/tugbot_ros2_pkgs) by extension 'colcon_meta'
[0.154s] Level 1:colcon.colcon_core.package_identification:_identify(src/tugbot_ros2_pkgs/tugbot_ros2_pkgs) by extensions ['ros']
[0.155s] Level 1:colcon.colcon_core.package_identification:_identify(src/tugbot_ros2_pkgs/tugbot_ros2_pkgs) by extension 'ros'
[0.155s] DEBUG:colcon.colcon_core.package_identification:Package 'src/tugbot_ros2_pkgs/tugbot_ros2_pkgs' with type 'ros.ament_cmake' and name 'tugbot_ros2_pkgs'
[0.155s] Level 1:colcon.colcon_core.package_identification:_identify(src/tugbot_ros2_pkgs/tugbot_slam) by extensions ['ignore', 'ignore_ament_install']
[0.155s] Level 1:colcon.colcon_core.package_identification:_identify(src/tugbot_ros2_pkgs/tugbot_slam) by extension 'ignore'
[0.155s] Level 1:colcon.colcon_core.package_identification:_identify(src/tugbot_ros2_pkgs/tugbot_slam) by extension 'ignore_ament_install'
[0.155s] Level 1:colcon.colcon_core.package_identification:_identify(src/tugbot_ros2_pkgs/tugbot_slam) by extensions ['colcon_pkg']
[0.155s] Level 1:colcon.colcon_core.package_identification:_identify(src/tugbot_ros2_pkgs/tugbot_slam) by extension 'colcon_pkg'
[0.155s] Level 1:colcon.colcon_core.package_identification:_identify(src/tugbot_ros2_pkgs/tugbot_slam) by extensions ['colcon_meta']
[0.155s] Level 1:colcon.colcon_core.package_identification:_identify(src/tugbot_ros2_pkgs/tugbot_slam) by extension 'colcon_meta'
[0.155s] Level 1:colcon.colcon_core.package_identification:_identify(src/tugbot_ros2_pkgs/tugbot_slam) by extensions ['ros']
[0.155s] Level 1:colcon.colcon_core.package_identification:_identify(src/tugbot_ros2_pkgs/tugbot_slam) by extension 'ros'
[0.155s] DEBUG:colcon.colcon_core.package_identification:Package 'src/tugbot_ros2_pkgs/tugbot_slam' with type 'ros.ament_cmake' and name 'tugbot_slam'
[0.155s] Level 1:colcon.colcon_core.package_discovery:discover_packages(recursive) using defaults
[0.155s] Level 1:colcon.colcon_core.package_discovery:discover_packages(ignore) discover
[0.155s] Level 1:colcon.colcon_core.package_discovery:discover_packages(ignore) using defaults
[0.155s] Level 1:colcon.colcon_core.package_discovery:discover_packages(path) discover
[0.155s] Level 1:colcon.colcon_core.package_discovery:discover_packages(path) using defaults
[0.173s] Level 1:colcon.colcon_core.package_discovery:discover_packages(prefix_path) check parameters
[0.173s] Level 1:colcon.colcon_core.package_discovery:discover_packages(prefix_path) discover
[0.173s] WARNING:colcon.colcon_core.prefix_path.colcon:The path '/home/das-note-021/253432010_gazebo_ws/install' in the environment variable COLCON_PREFIX_PATH doesn't exist
[0.173s] WARNING:colcon.colcon_ros.prefix_path.ament:The path '/home/das-note-021/253432010_gazebo_ws/install/sixdofarm_moveit_config' in the environment variable AMENT_PREFIX_PATH doesn't exist
[0.173s] WARNING:colcon.colcon_ros.prefix_path.ament:The path '/home/das-note-021/253432010_gazebo_ws/install/tugbot_slam' in the environment variable AMENT_PREFIX_PATH doesn't exist
[0.173s] WARNING:colcon.colcon_ros.prefix_path.ament:The path '/home/das-note-021/253432010_gazebo_ws/install/tugbot_ros2_pkgs' in the environment variable AMENT_PREFIX_PATH doesn't exist
[0.173s] WARNING:colcon.colcon_ros.prefix_path.ament:The path '/home/das-note-021/253432010_gazebo_ws/install/tugbot_navigation2' in the environment variable AMENT_PREFIX_PATH doesn't exist
[0.173s] WARNING:colcon.colcon_ros.prefix_path.ament:The path '/home/das-note-021/253432010_gazebo_ws/install/tugbot_gazebo' in the environment variable AMENT_PREFIX_PATH doesn't exist
[0.173s] WARNING:colcon.colcon_ros.prefix_path.ament:The path '/home/das-note-021/253432010_gazebo_ws/install/tugbot_description' in the environment variable AMENT_PREFIX_PATH doesn't exist
[0.174s] WARNING:colcon.colcon_ros.prefix_path.catkin:The path '/home/das-note-021/moveit_ws/install/tugbot_slam' in the environment variable CMAKE_PREFIX_PATH doesn't exist
[0.174s] WARNING:colcon.colcon_ros.prefix_path.catkin:The path '/home/das-note-021/moveit_ws/install/tugbot_ros2_pkgs' in the environment variable CMAKE_PREFIX_PATH doesn't exist
[0.174s] WARNING:colcon.colcon_ros.prefix_path.catkin:The path '/home/das-note-021/moveit_ws/install/tugbot_navigation2' in the environment variable CMAKE_PREFIX_PATH doesn't exist
[0.174s] WARNING:colcon.colcon_ros.prefix_path.catkin:The path '/home/das-note-021/moveit_ws/install/tugbot_gazebo' in the environment variable CMAKE_PREFIX_PATH doesn't exist
[0.174s] WARNING:colcon.colcon_ros.prefix_path.catkin:The path '/home/das-note-021/moveit_ws/install/tugbot_description' in the environment variable CMAKE_PREFIX_PATH doesn't exist
[0.174s] WARNING:colcon.colcon_ros.prefix_path.catkin:The path '/home/das-note-021/moveit_ws/install/sixdofarm_moveit_config' in the environment variable CMAKE_PREFIX_PATH doesn't exist
[0.174s] WARNING:colcon.colcon_ros.prefix_path.catkin:The path '/home/das-note-021/253432010_gazebo_ws/install/sixdofarm_moveit_config' in the environment variable CMAKE_PREFIX_PATH doesn't exist
[0.174s] WARNING:colcon.colcon_ros.prefix_path.catkin:The path '/home/das-note-021/253432010_gazebo_ws/install/tugbot_slam' in the environment variable CMAKE_PREFIX_PATH doesn't exist
[0.174s] WARNING:colcon.colcon_ros.prefix_path.catkin:The path '/home/das-note-021/253432010_gazebo_ws/install/tugbot_ros2_pkgs' in the environment variable CMAKE_PREFIX_PATH doesn't exist
[0.174s] WARNING:colcon.colcon_ros.prefix_path.catkin:The path '/home/das-note-021/253432010_gazebo_ws/install/tugbot_navigation2' in the environment variable CMAKE_PREFIX_PATH doesn't exist
[0.174s] WARNING:colcon.colcon_ros.prefix_path.catkin:The path '/home/das-note-021/253432010_gazebo_ws/install/tugbot_gazebo' in the environment variable CMAKE_PREFIX_PATH doesn't exist
[0.174s] WARNING:colcon.colcon_ros.prefix_path.catkin:The path '/home/das-note-021/253432010_gazebo_ws/install/tugbot_description' in the environment variable CMAKE_PREFIX_PATH doesn't exist
[0.174s] DEBUG:colcon.colcon_installed_package_information.package_discovery:Found 0 installed packages in /home/das-note-021/moveit_ws/install
[0.174s] DEBUG:colcon.colcon_installed_package_information.package_discovery:Found 6 installed packages in /home/das-note-021/amir_basic_ws/install
[0.175s] DEBUG:colcon.colcon_installed_package_information.package_discovery:Found 23 installed packages in /home/das-note-021/kameyama_ws/install
[0.176s] DEBUG:colcon.colcon_installed_package_information.package_discovery:Found 454 installed packages in /opt/ros/humble
[0.179s] Level 1:colcon.colcon_core.package_discovery:discover_packages(prefix_path) using defaults
[0.208s] Level 5:colcon.colcon_core.verb:set package 'sixdofarm_moveit_config' build argument 'cmake_args' from command line to 'None'
[0.208s] Level 5:colcon.colcon_core.verb:set package 'sixdofarm_moveit_config' build argument 'cmake_target' from command line to 'None'
[0.208s] Level 5:colcon.colcon_core.verb:set package 'sixdofarm_moveit_config' build argument 'cmake_target_skip_unavailable' from command line to 'False'
[0.208s] Level 5:colcon.colcon_core.verb:set package 'sixdofarm_moveit_config' build argument 'cmake_clean_cache' from command line to 'False'
[0.208s] Level 5:colcon.colcon_core.verb:set package 'sixdofarm_moveit_config' build argument 'cmake_clean_first' from command line to 'False'
[0.208s] Level 5:colcon.colcon_core.verb:set package 'sixdofarm_moveit_config' build argument 'cmake_force_configure' from command line to 'False'
[0.208s] Level 5:colcon.colcon_core.verb:set package 'sixdofarm_moveit_config' build argument 'ament_cmake_args' from command line to 'None'
[0.208s] Level 5:colcon.colcon_core.verb:set package 'sixdofarm_moveit_config' build argument 'catkin_cmake_args' from command line to 'None'
[0.208s] Level 5:colcon.colcon_core.verb:set package 'sixdofarm_moveit_config' build argument 'catkin_skip_building_tests' from command line to 'False'
[0.208s] DEBUG:colcon.colcon_core.verb:Building package 'sixdofarm_moveit_config' with the following arguments: {'ament_cmake_args': None, 'build_base': '/home/das-note-021/moveit_ws/build/sixdofarm_moveit_config', 'catkin_cmake_args': None, 'catkin_skip_building_tests': False, 'cmake_args': None, 'cmake_clean_cache': False, 'cmake_clean_first': False, 'cmake_force_configure': False, 'cmake_target': None, 'cmake_target_skip_unavailable': False, 'install_base': '/home/das-note-021/moveit_ws/install/sixdofarm_moveit_config', 'merge_install': False, 'path': '/home/das-note-021/moveit_ws/src/sixdofarm_moveit_config', 'symlink_install': True, 'test_result_base': None}
[0.208s] Level 5:colcon.colcon_core.verb:set package 'tugbot_description' build argument 'cmake_args' from command line to 'None'
[0.208s] Level 5:colcon.colcon_core.verb:set package 'tugbot_description' build argument 'cmake_target' from command line to 'None'
[0.208s] Level 5:colcon.colcon_core.verb:set package 'tugbot_description' build argument 'cmake_target_skip_unavailable' from command line to 'False'
[0.208s] Level 5:colcon.colcon_core.verb:set package 'tugbot_description' build argument 'cmake_clean_cache' from command line to 'False'
[0.208s] Level 5:colcon.colcon_core.verb:set package 'tugbot_description' build argument 'cmake_clean_first' from command line to 'False'
[0.208s] Level 5:colcon.colcon_core.verb:set package 'tugbot_description' build argument 'cmake_force_configure' from command line to 'False'
[0.208s] Level 5:colcon.colcon_core.verb:set package 'tugbot_description' build argument 'ament_cmake_args' from command line to 'None'
[0.208s] Level 5:colcon.colcon_core.verb:set package 'tugbot_description' build argument 'catkin_cmake_args' from command line to 'None'
[0.208s] Level 5:colcon.colcon_core.verb:set package 'tugbot_description' build argument 'catkin_skip_building_tests' from command line to 'False'
[0.208s] DEBUG:colcon.colcon_core.verb:Building package 'tugbot_description' with the following arguments: {'ament_cmake_args': None, 'build_base': '/home/das-note-021/moveit_ws/build/tugbot_description', 'catkin_cmake_args': None, 'catkin_skip_building_tests': False, 'cmake_args': None, 'cmake_clean_cache': False, 'cmake_clean_first': False, 'cmake_force_configure': False, 'cmake_target': None, 'cmake_target_skip_unavailable': False, 'install_base': '/home/das-note-021/moveit_ws/install/tugbot_description', 'merge_install': False, 'path': '/home/das-note-021/moveit_ws/src/tugbot_ros2_pkgs/tugbot_description', 'symlink_install': True, 'test_result_base': None}
[0.209s] Level 5:colcon.colcon_core.verb:set package 'tugbot_gazebo' build argument 'cmake_args' from command line to 'None'
[0.209s] Level 5:colcon.colcon_core.verb:set package 'tugbot_gazebo' build argument 'cmake_target' from command line to 'None'
[0.209s] Level 5:colcon.colcon_core.verb:set package 'tugbot_gazebo' build argument 'cmake_target_skip_unavailable' from command line to 'False'
[0.209s] Level 5:colcon.colcon_core.verb:set package 'tugbot_gazebo' build argument 'cmake_clean_cache' from command line to 'False'
[0.209s] Level 5:colcon.colcon_core.verb:set package 'tugbot_gazebo' build argument 'cmake_clean_first' from command line to 'False'
[0.209s] Level 5:colcon.colcon_core.verb:set package 'tugbot_gazebo' build argument 'cmake_force_configure' from command line to 'False'
[0.209s] Level 5:colcon.colcon_core.verb:set package 'tugbot_gazebo' build argument 'ament_cmake_args' from command line to 'None'
[0.209s] Level 5:colcon.colcon_core.verb:set package 'tugbot_gazebo' build argument 'catkin_cmake_args' from command line to 'None'
[0.209s] Level 5:colcon.colcon_core.verb:set package 'tugbot_gazebo' build argument 'catkin_skip_building_tests' from command line to 'False'
[0.209s] DEBUG:colcon.colcon_core.verb:Building package 'tugbot_gazebo' with the following arguments: {'ament_cmake_args': None, 'build_base': '/home/das-note-021/moveit_ws/build/tugbot_gazebo', 'catkin_cmake_args': None, 'catkin_skip_building_tests': False, 'cmake_args': None, 'cmake_clean_cache': False, 'cmake_clean_first': False, 'cmake_force_configure': False, 'cmake_target': None, 'cmake_target_skip_unavailable': False, 'install_base': '/home/das-note-021/moveit_ws/install/tugbot_gazebo', 'merge_install': False, 'path': '/home/das-note-021/moveit_ws/src/tugbot_ros2_pkgs/tugbot_gazebo', 'symlink_install': True, 'test_result_base': None}
[0.209s] Level 5:colcon.colcon_core.verb:set package 'tugbot_navigation2' build argument 'cmake_args' from command line to 'None'
[0.209s] Level 5:colcon.colcon_core.verb:set package 'tugbot_navigation2' build argument 'cmake_target' from command line to 'None'
[0.209s] Level 5:colcon.colcon_core.verb:set package 'tugbot_navigation2' build argument 'cmake_target_skip_unavailable' from command line to 'False'
[0.209s] Level 5:colcon.colcon_core.verb:set package 'tugbot_navigation2' build argument 'cmake_clean_cache' from command line to 'False'
[0.209s] Level 5:colcon.colcon_core.verb:set package 'tugbot_navigation2' build argument 'cmake_clean_first' from command line to 'False'
[0.209s] Level 5:colcon.colcon_core.verb:set package 'tugbot_navigation2' build argument 'cmake_force_configure' from command line to 'False'
[0.209s] Level 5:colcon.colcon_core.verb:set package 'tugbot_navigation2' build argument 'ament_cmake_args' from command line to 'None'
[0.209s] Level 5:colcon.colcon_core.verb:set package 'tugbot_navigation2' build argument 'catkin_cmake_args' from command line to 'None'
[0.209s] Level 5:colcon.colcon_core.verb:set package 'tugbot_navigation2' build argument 'catkin_skip_building_tests' from command line to 'False'
[0.209s] DEBUG:colcon.colcon_core.verb:Building package 'tugbot_navigation2' with the following arguments: {'ament_cmake_args': None, 'build_base': '/home/das-note-021/moveit_ws/build/tugbot_navigation2', 'catkin_cmake_args': None, 'catkin_skip_building_tests': False, 'cmake_args': None, 'cmake_clean_cache': False, 'cmake_clean_first': False, 'cmake_force_configure': False, 'cmake_target': None, 'cmake_target_skip_unavailable': False, 'install_base': '/home/das-note-021/moveit_ws/install/tugbot_navigation2', 'merge_install': False, 'path': '/home/das-note-021/moveit_ws/src/tugbot_ros2_pkgs/tugbot_navigation2', 'symlink_install': True, 'test_result_base': None}
[0.209s] Level 5:colcon.colcon_core.verb:set package 'tugbot_ros2_pkgs' build argument 'cmake_args' from command line to 'None'
[0.209s] Level 5:colcon.colcon_core.verb:set package 'tugbot_ros2_pkgs' build argument 'cmake_target' from command line to 'None'
[0.209s] Level 5:colcon.colcon_core.verb:set package 'tugbot_ros2_pkgs' build argument 'cmake_target_skip_unavailable' from command line to 'False'
[0.209s] Level 5:colcon.colcon_core.verb:set package 'tugbot_ros2_pkgs' build argument 'cmake_clean_cache' from command line to 'False'
[0.209s] Level 5:colcon.colcon_core.verb:set package 'tugbot_ros2_pkgs' build argument 'cmake_clean_first' from command line to 'False'
[0.209s] Level 5:colcon.colcon_core.verb:set package 'tugbot_ros2_pkgs' build argument 'cmake_force_configure' from command line to 'False'
[0.209s] Level 5:colcon.colcon_core.verb:set package 'tugbot_ros2_pkgs' build argument 'ament_cmake_args' from command line to 'None'
[0.209s] Level 5:colcon.colcon_core.verb:set package 'tugbot_ros2_pkgs' build argument 'catkin_cmake_args' from command line to 'None'
[0.209s] Level 5:colcon.colcon_core.verb:set package 'tugbot_ros2_pkgs' build argument 'catkin_skip_building_tests' from command line to 'False'
[0.209s] DEBUG:colcon.colcon_core.verb:Building package 'tugbot_ros2_pkgs' with the following arguments: {'ament_cmake_args': None, 'build_base': '/home/das-note-021/moveit_ws/build/tugbot_ros2_pkgs', 'catkin_cmake_args': None, 'catkin_skip_building_tests': False, 'cmake_args': None, 'cmake_clean_cache': False, 'cmake_clean_first': False, 'cmake_force_configure': False, 'cmake_target': None, 'cmake_target_skip_unavailable': False, 'install_base': '/home/das-note-021/moveit_ws/install/tugbot_ros2_pkgs', 'merge_install': False, 'path': '/home/das-note-021/moveit_ws/src/tugbot_ros2_pkgs/tugbot_ros2_pkgs', 'symlink_install': True, 'test_result_base': None}
[0.209s] Level 5:colcon.colcon_core.verb:set package 'tugbot_slam' build argument 'cmake_args' from command line to 'None'
[0.209s] Level 5:colcon.colcon_core.verb:set package 'tugbot_slam' build argument 'cmake_target' from command line to 'None'
[0.209s] Level 5:colcon.colcon_core.verb:set package 'tugbot_slam' build argument 'cmake_target_skip_unavailable' from command line to 'False'
[0.209s] Level 5:colcon.colcon_core.verb:set package 'tugbot_slam' build argument 'cmake_clean_cache' from command line to 'False'
[0.209s] Level 5:colcon.colcon_core.verb:set package 'tugbot_slam' build argument 'cmake_clean_first' from command line to 'False'
[0.209s] Level 5:colcon.colcon_core.verb:set package 'tugbot_slam' build argument 'cmake_force_configure' from command line to 'False'
[0.209s] Level 5:colcon.colcon_core.verb:set package 'tugbot_slam' build argument 'ament_cmake_args' from command line to 'None'
[0.209s] Level 5:colcon.colcon_core.verb:set package 'tugbot_slam' build argument 'catkin_cmake_args' from command line to 'None'
[0.209s] Level 5:colcon.colcon_core.verb:set package 'tugbot_slam' build argument 'catkin_skip_building_tests' from command line to 'False'
[0.209s] DEBUG:colcon.colcon_core.verb:Building package 'tugbot_slam' with the following arguments: {'ament_cmake_args': None, 'build_base': '/home/das-note-021/moveit_ws/build/tugbot_slam', 'catkin_cmake_args': None, 'catkin_skip_building_tests': False, 'cmake_args': None, 'cmake_clean_cache': False, 'cmake_clean_first': False, 'cmake_force_configure': False, 'cmake_target': None, 'cmake_target_skip_unavailable': False, 'install_base': '/home/das-note-021/moveit_ws/install/tugbot_slam', 'merge_install': False, 'path': '/home/das-note-021/moveit_ws/src/tugbot_ros2_pkgs/tugbot_slam', 'symlink_install': True, 'test_result_base': None}
[0.210s] INFO:colcon.colcon_core.executor:Executing jobs using 'parallel' executor
[0.210s] DEBUG:colcon.colcon_parallel_executor.executor.parallel:run_until_complete
[0.210s] INFO:colcon.colcon_ros.task.ament_cmake.build:Building ROS package in '/home/das-note-021/moveit_ws/src/sixdofarm_moveit_config' with build type 'ament_cmake'
[0.210s] INFO:colcon.colcon_cmake.task.cmake.build:Building CMake package in '/home/das-note-021/moveit_ws/src/sixdofarm_moveit_config'
[0.212s] INFO:colcon.colcon_core.plugin_system:Skipping extension 'colcon_core.shell.bat': Not used on non-Windows systems
[0.212s] INFO:colcon.colcon_core.shell:Skip shell extension 'powershell' for command environment: Not usable outside of PowerShell
[0.212s] DEBUG:colcon.colcon_core.shell:Skip shell extension 'dsv' for command environment
[0.216s] INFO:colcon.colcon_ros.task.ament_cmake.build:Building ROS package in '/home/das-note-021/moveit_ws/src/tugbot_ros2_pkgs/tugbot_description' with build type 'ament_cmake'
[0.216s] INFO:colcon.colcon_cmake.task.cmake.build:Building CMake package in '/home/das-note-021/moveit_ws/src/tugbot_ros2_pkgs/tugbot_description'
[0.216s] INFO:colcon.colcon_core.shell:Skip shell extension 'powershell' for command environment: Not usable outside of PowerShell
[0.216s] DEBUG:colcon.colcon_core.shell:Skip shell extension 'dsv' for command environment
[0.218s] INFO:colcon.colcon_ros.task.ament_cmake.build:Building ROS package in '/home/das-note-021/moveit_ws/src/tugbot_ros2_pkgs/tugbot_gazebo' with build type 'ament_cmake'
[0.218s] INFO:colcon.colcon_cmake.task.cmake.build:Building CMake package in '/home/das-note-021/moveit_ws/src/tugbot_ros2_pkgs/tugbot_gazebo'
[0.218s] INFO:colcon.colcon_core.shell:Skip shell extension 'powershell' for command environment: Not usable outside of PowerShell
[0.218s] DEBUG:colcon.colcon_core.shell:Skip shell extension 'dsv' for command environment
[0.221s] INFO:colcon.colcon_ros.task.ament_cmake.build:Building ROS package in '/home/das-note-021/moveit_ws/src/tugbot_ros2_pkgs/tugbot_navigation2' with build type 'ament_cmake'
[0.221s] INFO:colcon.colcon_cmake.task.cmake.build:Building CMake package in '/home/das-note-021/moveit_ws/src/tugbot_ros2_pkgs/tugbot_navigation2'
[0.221s] INFO:colcon.colcon_core.shell:Skip shell extension 'powershell' for command environment: Not usable outside of PowerShell
[0.221s] DEBUG:colcon.colcon_core.shell:Skip shell extension 'dsv' for command environment
[0.224s] INFO:colcon.colcon_ros.task.ament_cmake.build:Building ROS package in '/home/das-note-021/moveit_ws/src/tugbot_ros2_pkgs/tugbot_ros2_pkgs' with build type 'ament_cmake'
[0.224s] INFO:colcon.colcon_cmake.task.cmake.build:Building CMake package in '/home/das-note-021/moveit_ws/src/tugbot_ros2_pkgs/tugbot_ros2_pkgs'
[0.224s] INFO:colcon.colcon_core.shell:Skip shell extension 'powershell' for command environment: Not usable outside of PowerShell
[0.224s] DEBUG:colcon.colcon_core.shell:Skip shell extension 'dsv' for command environment
[0.226s] INFO:colcon.colcon_ros.task.ament_cmake.build:Building ROS package in '/home/das-note-021/moveit_ws/src/tugbot_ros2_pkgs/tugbot_slam' with build type 'ament_cmake'
[0.227s] INFO:colcon.colcon_cmake.task.cmake.build:Building CMake package in '/home/das-note-021/moveit_ws/src/tugbot_ros2_pkgs/tugbot_slam'
[0.227s] INFO:colcon.colcon_core.shell:Skip shell extension 'powershell' for command environment: Not usable outside of PowerShell
[0.227s] DEBUG:colcon.colcon_core.shell:Skip shell extension 'dsv' for command environment
[0.232s] DEBUG:colcon.colcon_core.event_handler.log_command:Invoking command in '/home/das-note-021/moveit_ws/build/sixdofarm_moveit_config': CMAKE_PREFIX_PATH=${CMAKE_PREFIX_PATH}:/home/das-note-021/kameyama_ws/install/ros2_aruco:/home/das-note-021/kameyama_ws/install/failure_detection:/home/das-note-021/kameyama_ws/install/bt_generator:/opt/ros/humble /usr/bin/cmake /home/das-note-021/moveit_ws/src/sixdofarm_moveit_config -DAMENT_CMAKE_SYMLINK_INSTALL=1 -DCMAKE_INSTALL_PREFIX=/home/das-note-021/moveit_ws/install/sixdofarm_moveit_config
[0.234s] DEBUG:colcon.colcon_core.event_handler.log_command:Invoking command in '/home/das-note-021/moveit_ws/build/tugbot_description': CMAKE_PREFIX_PATH=${CMAKE_PREFIX_PATH}:/home/das-note-021/kameyama_ws/install/ros2_aruco:/home/das-note-021/kameyama_ws/install/failure_detection:/home/das-note-021/kameyama_ws/install/bt_generator:/opt/ros/humble /usr/bin/cmake /home/das-note-021/moveit_ws/src/tugbot_ros2_pkgs/tugbot_description -DAMENT_CMAKE_SYMLINK_INSTALL=1 -DCMAKE_INSTALL_PREFIX=/home/das-note-021/moveit_ws/install/tugbot_description
[0.235s] DEBUG:colcon.colcon_core.event_handler.log_command:Invoking command in '/home/das-note-021/moveit_ws/build/tugbot_gazebo': CMAKE_PREFIX_PATH=${CMAKE_PREFIX_PATH}:/home/das-note-021/kameyama_ws/install/ros2_aruco:/home/das-note-021/kameyama_ws/install/failure_detection:/home/das-note-021/kameyama_ws/install/bt_generator:/opt/ros/humble /usr/bin/cmake /home/das-note-021/moveit_ws/src/tugbot_ros2_pkgs/tugbot_gazebo -DAMENT_CMAKE_SYMLINK_INSTALL=1 -DCMAKE_INSTALL_PREFIX=/home/das-note-021/moveit_ws/install/tugbot_gazebo
[0.236s] DEBUG:colcon.colcon_core.event_handler.log_command:Invoking command in '/home/das-note-021/moveit_ws/build/tugbot_navigation2': CMAKE_PREFIX_PATH=${CMAKE_PREFIX_PATH}:/home/das-note-021/kameyama_ws/install/ros2_aruco:/home/das-note-021/kameyama_ws/install/failure_detection:/home/das-note-021/kameyama_ws/install/bt_generator:/opt/ros/humble /usr/bin/cmake /home/das-note-021/moveit_ws/src/tugbot_ros2_pkgs/tugbot_navigation2 -DAMENT_CMAKE_SYMLINK_INSTALL=1 -DCMAKE_INSTALL_PREFIX=/home/das-note-021/moveit_ws/install/tugbot_navigation2
[0.238s] DEBUG:colcon.colcon_core.event_handler.log_command:Invoking command in '/home/das-note-021/moveit_ws/build/tugbot_ros2_pkgs': CMAKE_PREFIX_PATH=${CMAKE_PREFIX_PATH}:/home/das-note-021/kameyama_ws/install/ros2_aruco:/home/das-note-021/kameyama_ws/install/failure_detection:/home/das-note-021/kameyama_ws/install/bt_generator:/opt/ros/humble /usr/bin/cmake /home/das-note-021/moveit_ws/src/tugbot_ros2_pkgs/tugbot_ros2_pkgs -DAMENT_CMAKE_SYMLINK_INSTALL=1 -DCMAKE_INSTALL_PREFIX=/home/das-note-021/moveit_ws/install/tugbot_ros2_pkgs
[0.243s] DEBUG:colcon.colcon_core.event_handler.log_command:Invoking command in '/home/das-note-021/moveit_ws/build/tugbot_slam': CMAKE_PREFIX_PATH=${CMAKE_PREFIX_PATH}:/home/das-note-021/kameyama_ws/install/ros2_aruco:/home/das-note-021/kameyama_ws/install/failure_detection:/home/das-note-021/kameyama_ws/install/bt_generator:/opt/ros/humble /usr/bin/cmake /home/das-note-021/moveit_ws/src/tugbot_ros2_pkgs/tugbot_slam -DAMENT_CMAKE_SYMLINK_INSTALL=1 -DCMAKE_INSTALL_PREFIX=/home/das-note-021/moveit_ws/install/tugbot_slam
[0.695s] DEBUG:colcon.colcon_core.event_handler.log_command:Invoked command in '/home/das-note-021/moveit_ws/build/sixdofarm_moveit_config' returned '0': CMAKE_PREFIX_PATH=${CMAKE_PREFIX_PATH}:/home/das-note-021/kameyama_ws/install/ros2_aruco:/home/das-note-021/kameyama_ws/install/failure_detection:/home/das-note-021/kameyama_ws/install/bt_generator:/opt/ros/humble /usr/bin/cmake /home/das-note-021/moveit_ws/src/sixdofarm_moveit_config -DAMENT_CMAKE_SYMLINK_INSTALL=1 -DCMAKE_INSTALL_PREFIX=/home/das-note-021/moveit_ws/install/sixdofarm_moveit_config
[0.698s] DEBUG:colcon.colcon_core.event_handler.log_command:Invoking command in '/home/das-note-021/moveit_ws/build/sixdofarm_moveit_config': CMAKE_PREFIX_PATH=${CMAKE_PREFIX_PATH}:/home/das-note-021/kameyama_ws/install/ros2_aruco:/home/das-note-021/kameyama_ws/install/failure_detection:/home/das-note-021/kameyama_ws/install/bt_generator:/opt/ros/humble /usr/bin/cmake --build /home/das-note-021/moveit_ws/build/sixdofarm_moveit_config -- -j22 -l22
[0.709s] DEBUG:colcon.colcon_core.event_handler.log_command:Invoked command in '/home/das-note-021/moveit_ws/build/tugbot_gazebo' returned '0': CMAKE_PREFIX_PATH=${CMAKE_PREFIX_PATH}:/home/das-note-021/kameyama_ws/install/ros2_aruco:/home/das-note-021/kameyama_ws/install/failure_detection:/home/das-note-021/kameyama_ws/install/bt_generator:/opt/ros/humble /usr/bin/cmake /home/das-note-021/moveit_ws/src/tugbot_ros2_pkgs/tugbot_gazebo -DAMENT_CMAKE_SYMLINK_INSTALL=1 -DCMAKE_INSTALL_PREFIX=/home/das-note-021/moveit_ws/install/tugbot_gazebo
[0.711s] DEBUG:colcon.colcon_core.event_handler.log_command:Invoking command in '/home/das-note-021/moveit_ws/build/tugbot_gazebo': CMAKE_PREFIX_PATH=${CMAKE_PREFIX_PATH}:/home/das-note-021/kameyama_ws/install/ros2_aruco:/home/das-note-021/kameyama_ws/install/failure_detection:/home/das-note-021/kameyama_ws/install/bt_generator:/opt/ros/humble /usr/bin/cmake --build /home/das-note-021/moveit_ws/build/tugbot_gazebo -- -j22 -l22
[0.727s] DEBUG:colcon.colcon_core.event_handler.log_command:Invoked command in '/home/das-note-021/moveit_ws/build/tugbot_navigation2' returned '0': CMAKE_PREFIX_PATH=${CMAKE_PREFIX_PATH}:/home/das-note-021/kameyama_ws/install/ros2_aruco:/home/das-note-021/kameyama_ws/install/failure_detection:/home/das-note-021/kameyama_ws/install/bt_generator:/opt/ros/humble /usr/bin/cmake /home/das-note-021/moveit_ws/src/tugbot_ros2_pkgs/tugbot_navigation2 -DAMENT_CMAKE_SYMLINK_INSTALL=1 -DCMAKE_INSTALL_PREFIX=/home/das-note-021/moveit_ws/install/tugbot_navigation2
[0.728s] DEBUG:colcon.colcon_core.event_handler.log_command:Invoking command in '/home/das-note-021/moveit_ws/build/tugbot_navigation2': CMAKE_PREFIX_PATH=${CMAKE_PREFIX_PATH}:/home/das-note-021/kameyama_ws/install/ros2_aruco:/home/das-note-021/kameyama_ws/install/failure_detection:/home/das-note-021/kameyama_ws/install/bt_generator:/opt/ros/humble /usr/bin/cmake --build /home/das-note-021/moveit_ws/build/tugbot_navigation2 -- -j22 -l22
[0.736s] DEBUG:colcon.colcon_core.event_handler.log_command:Invoked command in '/home/das-note-021/moveit_ws/build/sixdofarm_moveit_config' returned '0': CMAKE_PREFIX_PATH=${CMAKE_PREFIX_PATH}:/home/das-note-021/kameyama_ws/install/ros2_aruco:/home/das-note-021/kameyama_ws/install/failure_detection:/home/das-note-021/kameyama_ws/install/bt_generator:/opt/ros/humble /usr/bin/cmake --build /home/das-note-021/moveit_ws/build/sixdofarm_moveit_config -- -j22 -l22
[0.745s] DEBUG:colcon.colcon_core.event_handler.log_command:Invoking command in '/home/das-note-021/moveit_ws/build/sixdofarm_moveit_config': CMAKE_PREFIX_PATH=${CMAKE_PREFIX_PATH}:/home/das-note-021/kameyama_ws/install/ros2_aruco:/home/das-note-021/kameyama_ws/install/failure_detection:/home/das-note-021/kameyama_ws/install/bt_generator:/opt/ros/humble /usr/bin/cmake --install /home/das-note-021/moveit_ws/build/sixdofarm_moveit_config
[0.750s] DEBUG:colcon.colcon_core.event_handler.log_command:Invoked command in '/home/das-note-021/moveit_ws/build/tugbot_gazebo' returned '0': CMAKE_PREFIX_PATH=${CMAKE_PREFIX_PATH}:/home/das-note-021/kameyama_ws/install/ros2_aruco:/home/das-note-021/kameyama_ws/install/failure_detection:/home/das-note-021/kameyama_ws/install/bt_generator:/opt/ros/humble /usr/bin/cmake --build /home/das-note-021/moveit_ws/build/tugbot_gazebo -- -j22 -l22
[0.752s] DEBUG:colcon.colcon_core.event_handler.log_command:Invoking command in '/home/das-note-021/moveit_ws/build/tugbot_gazebo': CMAKE_PREFIX_PATH=${CMAKE_PREFIX_PATH}:/home/das-note-021/kameyama_ws/install/ros2_aruco:/home/das-note-021/kameyama_ws/install/failure_detection:/home/das-note-021/kameyama_ws/install/bt_generator:/opt/ros/humble /usr/bin/cmake --install /home/das-note-021/moveit_ws/build/tugbot_gazebo
[0.754s] DEBUG:colcon.colcon_core.event_handler.log_command:Invoked command in '/home/das-note-021/moveit_ws/build/tugbot_ros2_pkgs' returned '0': CMAKE_PREFIX_PATH=${CMAKE_PREFIX_PATH}:/home/das-note-021/kameyama_ws/install/ros2_aruco:/home/das-note-021/kameyama_ws/install/failure_detection:/home/das-note-021/kameyama_ws/install/bt_generator:/opt/ros/humble /usr/bin/cmake /home/das-note-021/moveit_ws/src/tugbot_ros2_pkgs/tugbot_ros2_pkgs -DAMENT_CMAKE_SYMLINK_INSTALL=1 -DCMAKE_INSTALL_PREFIX=/home/das-note-021/moveit_ws/install/tugbot_ros2_pkgs
[0.755s] DEBUG:colcon.colcon_core.event_handler.log_command:Invoking command in '/home/das-note-021/moveit_ws/build/tugbot_ros2_pkgs': CMAKE_PREFIX_PATH=${CMAKE_PREFIX_PATH}:/home/das-note-021/kameyama_ws/install/ros2_aruco:/home/das-note-021/kameyama_ws/install/failure_detection:/home/das-note-021/kameyama_ws/install/bt_generator:/opt/ros/humble /usr/bin/cmake --build /home/das-note-021/moveit_ws/build/tugbot_ros2_pkgs -- -j22 -l22
[0.759s] DEBUG:colcon.colcon_core.event_handler.log_command:Invoked command in '/home/das-note-021/moveit_ws/build/tugbot_slam' returned '0': CMAKE_PREFIX_PATH=${CMAKE_PREFIX_PATH}:/home/das-note-021/kameyama_ws/install/ros2_aruco:/home/das-note-021/kameyama_ws/install/failure_detection:/home/das-note-021/kameyama_ws/install/bt_generator:/opt/ros/humble /usr/bin/cmake /home/das-note-021/moveit_ws/src/tugbot_ros2_pkgs/tugbot_slam -DAMENT_CMAKE_SYMLINK_INSTALL=1 -DCMAKE_INSTALL_PREFIX=/home/das-note-021/moveit_ws/install/tugbot_slam
[0.759s] DEBUG:colcon.colcon_core.event_handler.log_command:Invoking command in '/home/das-note-021/moveit_ws/build/tugbot_slam': CMAKE_PREFIX_PATH=${CMAKE_PREFIX_PATH}:/home/das-note-021/kameyama_ws/install/ros2_aruco:/home/das-note-021/kameyama_ws/install/failure_detection:/home/das-note-021/kameyama_ws/install/bt_generator:/opt/ros/humble /usr/bin/cmake --build /home/das-note-021/moveit_ws/build/tugbot_slam -- -j22 -l22
[0.759s] DEBUG:colcon.colcon_core.event_handler.log_command:Invoked command in '/home/das-note-021/moveit_ws/build/tugbot_navigation2' returned '0': CMAKE_PREFIX_PATH=${CMAKE_PREFIX_PATH}:/home/das-note-021/kameyama_ws/install/ros2_aruco:/home/das-note-021/kameyama_ws/install/failure_detection:/home/das-note-021/kameyama_ws/install/bt_generator:/opt/ros/humble /usr/bin/cmake --build /home/das-note-021/moveit_ws/build/tugbot_navigation2 -- -j22 -l22
[0.760s] DEBUG:colcon.colcon_core.event_handler.log_command:Invoking command in '/home/das-note-021/moveit_ws/build/tugbot_navigation2': CMAKE_PREFIX_PATH=${CMAKE_PREFIX_PATH}:/home/das-note-021/kameyama_ws/install/ros2_aruco:/home/das-note-021/kameyama_ws/install/failure_detection:/home/das-note-021/kameyama_ws/install/bt_generator:/opt/ros/humble /usr/bin/cmake --install /home/das-note-021/moveit_ws/build/tugbot_navigation2
[0.785s] DEBUG:colcon.colcon_core.event_handler.log_command:Invoked command in '/home/das-note-021/moveit_ws/build/tugbot_ros2_pkgs' returned '0': CMAKE_PREFIX_PATH=${CMAKE_PREFIX_PATH}:/home/das-note-021/kameyama_ws/install/ros2_aruco:/home/das-note-021/kameyama_ws/install/failure_detection:/home/das-note-021/kameyama_ws/install/bt_generator:/opt/ros/humble /usr/bin/cmake --build /home/das-note-021/moveit_ws/build/tugbot_ros2_pkgs -- -j22 -l22
[0.787s] DEBUG:colcon.colcon_core.event_handler.log_command:Invoking command in '/home/das-note-021/moveit_ws/build/tugbot_ros2_pkgs': CMAKE_PREFIX_PATH=${CMAKE_PREFIX_PATH}:/home/das-note-021/kameyama_ws/install/ros2_aruco:/home/das-note-021/kameyama_ws/install/failure_detection:/home/das-note-021/kameyama_ws/install/bt_generator:/opt/ros/humble /usr/bin/cmake --install /home/das-note-021/moveit_ws/build/tugbot_ros2_pkgs
[0.789s] DEBUG:colcon.colcon_core.event_handler.log_command:Invoked command in '/home/das-note-021/moveit_ws/build/tugbot_slam' returned '0': CMAKE_PREFIX_PATH=${CMAKE_PREFIX_PATH}:/home/das-note-021/kameyama_ws/install/ros2_aruco:/home/das-note-021/kameyama_ws/install/failure_detection:/home/das-note-021/kameyama_ws/install/bt_generator:/opt/ros/humble /usr/bin/cmake --build /home/das-note-021/moveit_ws/build/tugbot_slam -- -j22 -l22
[0.790s] DEBUG:colcon.colcon_core.event_handler.log_command:Invoking command in '/home/das-note-021/moveit_ws/build/tugbot_slam': CMAKE_PREFIX_PATH=${CMAKE_PREFIX_PATH}:/home/das-note-021/kameyama_ws/install/ros2_aruco:/home/das-note-021/kameyama_ws/install/failure_detection:/home/das-note-021/kameyama_ws/install/bt_generator:/opt/ros/humble /usr/bin/cmake --install /home/das-note-021/moveit_ws/build/tugbot_slam
[0.888s] Level 1:colcon.colcon_core.environment:create_environment_scripts_only(tugbot_gazebo)
[0.888s] DEBUG:colcon.colcon_core.event_handler.log_command:Invoked command in '/home/das-note-021/moveit_ws/build/tugbot_gazebo' returned '0': CMAKE_PREFIX_PATH=${CMAKE_PREFIX_PATH}:/home/das-note-021/kameyama_ws/install/ros2_aruco:/home/das-note-021/kameyama_ws/install/failure_detection:/home/das-note-021/kameyama_ws/install/bt_generator:/opt/ros/humble /usr/bin/cmake --install /home/das-note-021/moveit_ws/build/tugbot_gazebo
[0.891s] Level 1:colcon.colcon_core.environment:checking '/home/das-note-021/moveit_ws/install/tugbot_gazebo' for CMake module files
[0.891s] Level 1:colcon.colcon_core.environment:checking '/home/das-note-021/moveit_ws/install/tugbot_gazebo' for CMake config files
[0.892s] Level 1:colcon.colcon_core.shell:create_environment_hook('tugbot_gazebo', 'cmake_prefix_path')
[0.892s] INFO:colcon.colcon_core.shell:Creating environment hook '/home/das-note-021/moveit_ws/install/tugbot_gazebo/share/tugbot_gazebo/hook/cmake_prefix_path.ps1'
[0.893s] INFO:colcon.colcon_core.shell:Creating environment descriptor '/home/das-note-021/moveit_ws/install/tugbot_gazebo/share/tugbot_gazebo/hook/cmake_prefix_path.dsv'
[0.893s] INFO:colcon.colcon_core.shell:Creating environment hook '/home/das-note-021/moveit_ws/install/tugbot_gazebo/share/tugbot_gazebo/hook/cmake_prefix_path.sh'
[0.894s] Level 1:colcon.colcon_core.environment:checking '/home/das-note-021/moveit_ws/install/tugbot_gazebo/bin'
[0.894s] Level 1:colcon.colcon_core.environment:checking '/home/das-note-021/moveit_ws/install/tugbot_gazebo/lib/pkgconfig/tugbot_gazebo.pc'
[0.894s] Level 1:colcon.colcon_core.environment:checking '/home/das-note-021/moveit_ws/install/tugbot_gazebo/lib/python3.10/site-packages'
[0.894s] Level 1:colcon.colcon_core.environment:checking '/home/das-note-021/moveit_ws/install/tugbot_gazebo/bin'
[0.894s] INFO:colcon.colcon_core.shell:Creating package script '/home/das-note-021/moveit_ws/install/tugbot_gazebo/share/tugbot_gazebo/package.ps1'
[0.895s] INFO:colcon.colcon_core.shell:Creating package descriptor '/home/das-note-021/moveit_ws/install/tugbot_gazebo/share/tugbot_gazebo/package.dsv'
[0.895s] INFO:colcon.colcon_core.shell:Creating package script '/home/das-note-021/moveit_ws/install/tugbot_gazebo/share/tugbot_gazebo/package.sh'
[0.895s] INFO:colcon.colcon_core.shell:Creating package script '/home/das-note-021/moveit_ws/install/tugbot_gazebo/share/tugbot_gazebo/package.bash'
[0.896s] INFO:colcon.colcon_core.shell:Creating package script '/home/das-note-021/moveit_ws/install/tugbot_gazebo/share/tugbot_gazebo/package.zsh'
[0.897s] Level 1:colcon.colcon_core.environment:create_file_with_runtime_dependencies(/home/das-note-021/moveit_ws/install/tugbot_gazebo/share/colcon-core/packages/tugbot_gazebo)
[0.897s] Level 1:colcon.colcon_core.environment:create_environment_scripts_only(tugbot_gazebo)
[0.897s] Level 1:colcon.colcon_core.environment:checking '/home/das-note-021/moveit_ws/install/tugbot_gazebo' for CMake module files
[0.898s] Level 1:colcon.colcon_core.environment:checking '/home/das-note-021/moveit_ws/install/tugbot_gazebo' for CMake config files
[0.898s] Level 1:colcon.colcon_core.shell:create_environment_hook('tugbot_gazebo', 'cmake_prefix_path')
[0.898s] INFO:colcon.colcon_core.shell:Creating environment hook '/home/das-note-021/moveit_ws/install/tugbot_gazebo/share/tugbot_gazebo/hook/cmake_prefix_path.ps1'
[0.898s] INFO:colcon.colcon_core.shell:Creating environment descriptor '/home/das-note-021/moveit_ws/install/tugbot_gazebo/share/tugbot_gazebo/hook/cmake_prefix_path.dsv'
[0.898s] INFO:colcon.colcon_core.shell:Creating environment hook '/home/das-note-021/moveit_ws/install/tugbot_gazebo/share/tugbot_gazebo/hook/cmake_prefix_path.sh'
[0.899s] Level 1:colcon.colcon_core.environment:checking '/home/das-note-021/moveit_ws/install/tugbot_gazebo/bin'
[0.899s] Level 1:colcon.colcon_core.environment:checking '/home/das-note-021/moveit_ws/install/tugbot_gazebo/lib/pkgconfig/tugbot_gazebo.pc'
[0.899s] Level 1:colcon.colcon_core.environment:checking '/home/das-note-021/moveit_ws/install/tugbot_gazebo/lib/python3.10/site-packages'
[0.899s] Level 1:colcon.colcon_core.environment:checking '/home/das-note-021/moveit_ws/install/tugbot_gazebo/bin'
[0.899s] INFO:colcon.colcon_core.shell:Creating package script '/home/das-note-021/moveit_ws/install/tugbot_gazebo/share/tugbot_gazebo/package.ps1'
[0.900s] INFO:colcon.colcon_core.shell:Creating package descriptor '/home/das-note-021/moveit_ws/install/tugbot_gazebo/share/tugbot_gazebo/package.dsv'
[0.900s] INFO:colcon.colcon_core.shell:Creating package script '/home/das-note-021/moveit_ws/install/tugbot_gazebo/share/tugbot_gazebo/package.sh'
[0.900s] INFO:colcon.colcon_core.shell:Creating package script '/home/das-note-021/moveit_ws/install/tugbot_gazebo/share/tugbot_gazebo/package.bash'
[0.900s] INFO:colcon.colcon_core.shell:Creating package script '/home/das-note-021/moveit_ws/install/tugbot_gazebo/share/tugbot_gazebo/package.zsh'
[0.900s] Level 1:colcon.colcon_core.environment:create_file_with_runtime_dependencies(/home/das-note-021/moveit_ws/install/tugbot_gazebo/share/colcon-core/packages/tugbot_gazebo)
[0.904s] Level 1:colcon.colcon_core.environment:create_environment_scripts_only(tugbot_navigation2)
[0.904s] Level 1:colcon.colcon_core.environment:checking '/home/das-note-021/moveit_ws/install/tugbot_navigation2' for CMake module files
[0.905s] DEBUG:colcon.colcon_core.event_handler.log_command:Invoked command in '/home/das-note-021/moveit_ws/build/tugbot_navigation2' returned '0': CMAKE_PREFIX_PATH=${CMAKE_PREFIX_PATH}:/home/das-note-021/kameyama_ws/install/ros2_aruco:/home/das-note-021/kameyama_ws/install/failure_detection:/home/das-note-021/kameyama_ws/install/bt_generator:/opt/ros/humble /usr/bin/cmake --install /home/das-note-021/moveit_ws/build/tugbot_navigation2
[0.905s] Level 1:colcon.colcon_core.environment:checking '/home/das-note-021/moveit_ws/install/tugbot_navigation2' for CMake config files
[0.905s] Level 1:colcon.colcon_core.shell:create_environment_hook('tugbot_navigation2', 'cmake_prefix_path')
[0.905s] INFO:colcon.colcon_core.shell:Creating environment hook '/home/das-note-021/moveit_ws/install/tugbot_navigation2/share/tugbot_navigation2/hook/cmake_prefix_path.ps1'
[0.905s] INFO:colcon.colcon_core.shell:Creating environment descriptor '/home/das-note-021/moveit_ws/install/tugbot_navigation2/share/tugbot_navigation2/hook/cmake_prefix_path.dsv'
[0.905s] INFO:colcon.colcon_core.shell:Creating environment hook '/home/das-note-021/moveit_ws/install/tugbot_navigation2/share/tugbot_navigation2/hook/cmake_prefix_path.sh'
[0.906s] Level 1:colcon.colcon_core.environment:checking '/home/das-note-021/moveit_ws/install/tugbot_navigation2/bin'
[0.906s] Level 1:colcon.colcon_core.environment:checking '/home/das-note-021/moveit_ws/install/tugbot_navigation2/lib/pkgconfig/tugbot_navigation2.pc'
[0.906s] Level 1:colcon.colcon_core.environment:checking '/home/das-note-021/moveit_ws/install/tugbot_navigation2/lib/python3.10/site-packages'
[0.906s] Level 1:colcon.colcon_core.environment:checking '/home/das-note-021/moveit_ws/install/tugbot_navigation2/bin'
[0.906s] INFO:colcon.colcon_core.shell:Creating package script '/home/das-note-021/moveit_ws/install/tugbot_navigation2/share/tugbot_navigation2/package.ps1'
[0.906s] INFO:colcon.colcon_core.shell:Creating package descriptor '/home/das-note-021/moveit_ws/install/tugbot_navigation2/share/tugbot_navigation2/package.dsv'
[0.907s] INFO:colcon.colcon_core.shell:Creating package script '/home/das-note-021/moveit_ws/install/tugbot_navigation2/share/tugbot_navigation2/package.sh'
[0.907s] INFO:colcon.colcon_core.shell:Creating package script '/home/das-note-021/moveit_ws/install/tugbot_navigation2/share/tugbot_navigation2/package.bash'
[0.907s] INFO:colcon.colcon_core.shell:Creating package script '/home/das-note-021/moveit_ws/install/tugbot_navigation2/share/tugbot_navigation2/package.zsh'
[0.907s] Level 1:colcon.colcon_core.environment:create_file_with_runtime_dependencies(/home/das-note-021/moveit_ws/install/tugbot_navigation2/share/colcon-core/packages/tugbot_navigation2)
[0.907s] Level 1:colcon.colcon_core.environment:create_environment_scripts_only(tugbot_navigation2)
[0.907s] Level 1:colcon.colcon_core.environment:checking '/home/das-note-021/moveit_ws/install/tugbot_navigation2' for CMake module files
[0.908s] Level 1:colcon.colcon_core.environment:checking '/home/das-note-021/moveit_ws/install/tugbot_navigation2' for CMake config files
[0.908s] Level 1:colcon.colcon_core.shell:create_environment_hook('tugbot_navigation2', 'cmake_prefix_path')
[0.908s] INFO:colcon.colcon_core.shell:Creating environment hook '/home/das-note-021/moveit_ws/install/tugbot_navigation2/share/tugbot_navigation2/hook/cmake_prefix_path.ps1'
[0.908s] INFO:colcon.colcon_core.shell:Creating environment descriptor '/home/das-note-021/moveit_ws/install/tugbot_navigation2/share/tugbot_navigation2/hook/cmake_prefix_path.dsv'
[0.908s] INFO:colcon.colcon_core.shell:Creating environment hook '/home/das-note-021/moveit_ws/install/tugbot_navigation2/share/tugbot_navigation2/hook/cmake_prefix_path.sh'
[0.909s] Level 1:colcon.colcon_core.environment:checking '/home/das-note-021/moveit_ws/install/tugbot_navigation2/bin'
[0.909s] Level 1:colcon.colcon_core.environment:checking '/home/das-note-021/moveit_ws/install/tugbot_navigation2/lib/pkgconfig/tugbot_navigation2.pc'
[0.909s] Level 1:colcon.colcon_core.environment:checking '/home/das-note-021/moveit_ws/install/tugbot_navigation2/lib/python3.10/site-packages'
[0.909s] Level 1:colcon.colcon_core.environment:checking '/home/das-note-021/moveit_ws/install/tugbot_navigation2/bin'
[0.909s] INFO:colcon.colcon_core.shell:Creating package script '/home/das-note-021/moveit_ws/install/tugbot_navigation2/share/tugbot_navigation2/package.ps1'
[0.909s] INFO:colcon.colcon_core.shell:Creating package descriptor '/home/das-note-021/moveit_ws/install/tugbot_navigation2/share/tugbot_navigation2/package.dsv'
[0.910s] INFO:colcon.colcon_core.shell:Creating package script '/home/das-note-021/moveit_ws/install/tugbot_navigation2/share/tugbot_navigation2/package.sh'
[0.910s] INFO:colcon.colcon_core.shell:Creating package script '/home/das-note-021/moveit_ws/install/tugbot_navigation2/share/tugbot_navigation2/package.bash'
[0.911s] INFO:colcon.colcon_core.shell:Creating package script '/home/das-note-021/moveit_ws/install/tugbot_navigation2/share/tugbot_navigation2/package.zsh'
[0.911s] Level 1:colcon.colcon_core.environment:create_file_with_runtime_dependencies(/home/das-note-021/moveit_ws/install/tugbot_navigation2/share/colcon-core/packages/tugbot_navigation2)
[0.912s] Level 1:colcon.colcon_core.environment:create_environment_scripts_only(tugbot_ros2_pkgs)
[0.913s] Level 1:colcon.colcon_core.environment:checking '/home/das-note-021/moveit_ws/install/tugbot_ros2_pkgs' for CMake module files
[0.914s] DEBUG:colcon.colcon_core.event_handler.log_command:Invoked command in '/home/das-note-021/moveit_ws/build/tugbot_ros2_pkgs' returned '0': CMAKE_PREFIX_PATH=${CMAKE_PREFIX_PATH}:/home/das-note-021/kameyama_ws/install/ros2_aruco:/home/das-note-021/kameyama_ws/install/failure_detection:/home/das-note-021/kameyama_ws/install/bt_generator:/opt/ros/humble /usr/bin/cmake --install /home/das-note-021/moveit_ws/build/tugbot_ros2_pkgs
[0.914s] Level 1:colcon.colcon_core.environment:checking '/home/das-note-021/moveit_ws/install/tugbot_ros2_pkgs' for CMake config files
[0.914s] Level 1:colcon.colcon_core.shell:create_environment_hook('tugbot_ros2_pkgs', 'cmake_prefix_path')
[0.914s] INFO:colcon.colcon_core.shell:Creating environment hook '/home/das-note-021/moveit_ws/install/tugbot_ros2_pkgs/share/tugbot_ros2_pkgs/hook/cmake_prefix_path.ps1'
[0.915s] INFO:colcon.colcon_core.shell:Creating environment descriptor '/home/das-note-021/moveit_ws/install/tugbot_ros2_pkgs/share/tugbot_ros2_pkgs/hook/cmake_prefix_path.dsv'
[0.915s] INFO:colcon.colcon_core.shell:Creating environment hook '/home/das-note-021/moveit_ws/install/tugbot_ros2_pkgs/share/tugbot_ros2_pkgs/hook/cmake_prefix_path.sh'
[0.916s] Level 1:colcon.colcon_core.environment:checking '/home/das-note-021/moveit_ws/install/tugbot_ros2_pkgs/bin'
[0.916s] Level 1:colcon.colcon_core.environment:checking '/home/das-note-021/moveit_ws/install/tugbot_ros2_pkgs/lib/pkgconfig/tugbot_ros2_pkgs.pc'
[0.916s] Level 1:colcon.colcon_core.environment:checking '/home/das-note-021/moveit_ws/install/tugbot_ros2_pkgs/lib/python3.10/site-packages'
[0.916s] Level 1:colcon.colcon_core.environment:checking '/home/das-note-021/moveit_ws/install/tugbot_ros2_pkgs/bin'
[0.916s] INFO:colcon.colcon_core.shell:Creating package script '/home/das-note-021/moveit_ws/install/tugbot_ros2_pkgs/share/tugbot_ros2_pkgs/package.ps1'
[0.917s] INFO:colcon.colcon_core.shell:Creating package descriptor '/home/das-note-021/moveit_ws/install/tugbot_ros2_pkgs/share/tugbot_ros2_pkgs/package.dsv'
[0.917s] INFO:colcon.colcon_core.shell:Creating package script '/home/das-note-021/moveit_ws/install/tugbot_ros2_pkgs/share/tugbot_ros2_pkgs/package.sh'
[0.917s] INFO:colcon.colcon_core.shell:Creating package script '/home/das-note-021/moveit_ws/install/tugbot_ros2_pkgs/share/tugbot_ros2_pkgs/package.bash'
[0.918s] INFO:colcon.colcon_core.shell:Creating package script '/home/das-note-021/moveit_ws/install/tugbot_ros2_pkgs/share/tugbot_ros2_pkgs/package.zsh'
[0.918s] Level 1:colcon.colcon_core.environment:create_file_with_runtime_dependencies(/home/das-note-021/moveit_ws/install/tugbot_ros2_pkgs/share/colcon-core/packages/tugbot_ros2_pkgs)
[0.919s] Level 1:colcon.colcon_core.environment:create_environment_scripts_only(tugbot_ros2_pkgs)
[0.919s] Level 1:colcon.colcon_core.environment:checking '/home/das-note-021/moveit_ws/install/tugbot_ros2_pkgs' for CMake module files
[0.919s] Level 1:colcon.colcon_core.environment:checking '/home/das-note-021/moveit_ws/install/tugbot_ros2_pkgs' for CMake config files
[0.919s] Level 1:colcon.colcon_core.shell:create_environment_hook('tugbot_ros2_pkgs', 'cmake_prefix_path')
[0.920s] INFO:colcon.colcon_core.shell:Creating environment hook '/home/das-note-021/moveit_ws/install/tugbot_ros2_pkgs/share/tugbot_ros2_pkgs/hook/cmake_prefix_path.ps1'
[0.920s] INFO:colcon.colcon_core.shell:Creating environment descriptor '/home/das-note-021/moveit_ws/install/tugbot_ros2_pkgs/share/tugbot_ros2_pkgs/hook/cmake_prefix_path.dsv'
[0.920s] INFO:colcon.colcon_core.shell:Creating environment hook '/home/das-note-021/moveit_ws/install/tugbot_ros2_pkgs/share/tugbot_ros2_pkgs/hook/cmake_prefix_path.sh'
[0.921s] Level 1:colcon.colcon_core.environment:checking '/home/das-note-021/moveit_ws/install/tugbot_ros2_pkgs/bin'
[0.921s] Level 1:colcon.colcon_core.environment:checking '/home/das-note-021/moveit_ws/install/tugbot_ros2_pkgs/lib/pkgconfig/tugbot_ros2_pkgs.pc'
[0.921s] Level 1:colcon.colcon_core.environment:checking '/home/das-note-021/moveit_ws/install/tugbot_ros2_pkgs/lib/python3.10/site-packages'
[0.921s] Level 1:colcon.colcon_core.environment:checking '/home/das-note-021/moveit_ws/install/tugbot_ros2_pkgs/bin'
[0.922s] INFO:colcon.colcon_core.shell:Creating package script '/home/das-note-021/moveit_ws/install/tugbot_ros2_pkgs/share/tugbot_ros2_pkgs/package.ps1'
[0.922s] INFO:colcon.colcon_core.shell:Creating package descriptor '/home/das-note-021/moveit_ws/install/tugbot_ros2_pkgs/share/tugbot_ros2_pkgs/package.dsv'
[0.923s] INFO:colcon.colcon_core.shell:Creating package script '/home/das-note-021/moveit_ws/install/tugbot_ros2_pkgs/share/tugbot_ros2_pkgs/package.sh'
[0.923s] INFO:colcon.colcon_core.shell:Creating package script '/home/das-note-021/moveit_ws/install/tugbot_ros2_pkgs/share/tugbot_ros2_pkgs/package.bash'
[0.923s] INFO:colcon.colcon_core.shell:Creating package script '/home/das-note-021/moveit_ws/install/tugbot_ros2_pkgs/share/tugbot_ros2_pkgs/package.zsh'
[0.924s] Level 1:colcon.colcon_core.environment:create_file_with_runtime_dependencies(/home/das-note-021/moveit_ws/install/tugbot_ros2_pkgs/share/colcon-core/packages/tugbot_ros2_pkgs)
[0.924s] Level 1:colcon.colcon_core.environment:create_environment_scripts_only(tugbot_slam)
[0.925s] Level 1:colcon.colcon_core.environment:checking '/home/das-note-021/moveit_ws/install/tugbot_slam' for CMake module files
[0.925s] DEBUG:colcon.colcon_core.event_handler.log_command:Invoked command in '/home/das-note-021/moveit_ws/build/tugbot_slam' returned '0': CMAKE_PREFIX_PATH=${CMAKE_PREFIX_PATH}:/home/das-note-021/kameyama_ws/install/ros2_aruco:/home/das-note-021/kameyama_ws/install/failure_detection:/home/das-note-021/kameyama_ws/install/bt_generator:/opt/ros/humble /usr/bin/cmake --install /home/das-note-021/moveit_ws/build/tugbot_slam
[0.925s] Level 1:colcon.colcon_core.environment:checking '/home/das-note-021/moveit_ws/install/tugbot_slam' for CMake config files
[0.925s] Level 1:colcon.colcon_core.shell:create_environment_hook('tugbot_slam', 'cmake_prefix_path')
[0.925s] INFO:colcon.colcon_core.shell:Creating environment hook '/home/das-note-021/moveit_ws/install/tugbot_slam/share/tugbot_slam/hook/cmake_prefix_path.ps1'
[0.926s] INFO:colcon.colcon_core.shell:Creating environment descriptor '/home/das-note-021/moveit_ws/install/tugbot_slam/share/tugbot_slam/hook/cmake_prefix_path.dsv'
[0.926s] INFO:colcon.colcon_core.shell:Creating environment hook '/home/das-note-021/moveit_ws/install/tugbot_slam/share/tugbot_slam/hook/cmake_prefix_path.sh'
[0.926s] Level 1:colcon.colcon_core.environment:checking '/home/das-note-021/moveit_ws/install/tugbot_slam/bin'
[0.926s] Level 1:colcon.colcon_core.environment:checking '/home/das-note-021/moveit_ws/install/tugbot_slam/lib/pkgconfig/tugbot_slam.pc'
[0.926s] Level 1:colcon.colcon_core.environment:checking '/home/das-note-021/moveit_ws/install/tugbot_slam/lib/python3.10/site-packages'
[0.926s] Level 1:colcon.colcon_core.environment:checking '/home/das-note-021/moveit_ws/install/tugbot_slam/bin'
[0.926s] INFO:colcon.colcon_core.shell:Creating package script '/home/das-note-021/moveit_ws/install/tugbot_slam/share/tugbot_slam/package.ps1'
[0.927s] INFO:colcon.colcon_core.shell:Creating package descriptor '/home/das-note-021/moveit_ws/install/tugbot_slam/share/tugbot_slam/package.dsv'
[0.927s] INFO:colcon.colcon_core.shell:Creating package script '/home/das-note-021/moveit_ws/install/tugbot_slam/share/tugbot_slam/package.sh'
[0.927s] INFO:colcon.colcon_core.shell:Creating package script '/home/das-note-021/moveit_ws/install/tugbot_slam/share/tugbot_slam/package.bash'
[0.927s] INFO:colcon.colcon_core.shell:Creating package script '/home/das-note-021/moveit_ws/install/tugbot_slam/share/tugbot_slam/package.zsh'
[0.927s] Level 1:colcon.colcon_core.environment:create_file_with_runtime_dependencies(/home/das-note-021/moveit_ws/install/tugbot_slam/share/colcon-core/packages/tugbot_slam)
[0.928s] Level 1:colcon.colcon_core.environment:create_environment_scripts_only(tugbot_slam)
[0.928s] Level 1:colcon.colcon_core.environment:checking '/home/das-note-021/moveit_ws/install/tugbot_slam' for CMake module files
[0.928s] Level 1:colcon.colcon_core.environment:checking '/home/das-note-021/moveit_ws/install/tugbot_slam' for CMake config files
[0.928s] Level 1:colcon.colcon_core.shell:create_environment_hook('tugbot_slam', 'cmake_prefix_path')
[0.928s] INFO:colcon.colcon_core.shell:Creating environment hook '/home/das-note-021/moveit_ws/install/tugbot_slam/share/tugbot_slam/hook/cmake_prefix_path.ps1'
[0.928s] INFO:colcon.colcon_core.shell:Creating environment descriptor '/home/das-note-021/moveit_ws/install/tugbot_slam/share/tugbot_slam/hook/cmake_prefix_path.dsv'
[0.929s] INFO:colcon.colcon_core.shell:Creating environment hook '/home/das-note-021/moveit_ws/install/tugbot_slam/share/tugbot_slam/hook/cmake_prefix_path.sh'
[0.929s] Level 1:colcon.colcon_core.environment:checking '/home/das-note-021/moveit_ws/install/tugbot_slam/bin'
[0.929s] Level 1:colcon.colcon_core.environment:checking '/home/das-note-021/moveit_ws/install/tugbot_slam/lib/pkgconfig/tugbot_slam.pc'
[0.929s] Level 1:colcon.colcon_core.environment:checking '/home/das-note-021/moveit_ws/install/tugbot_slam/lib/python3.10/site-packages'
[0.929s] Level 1:colcon.colcon_core.environment:checking '/home/das-note-021/moveit_ws/install/tugbot_slam/bin'
[0.929s] INFO:colcon.colcon_core.shell:Creating package script '/home/das-note-021/moveit_ws/install/tugbot_slam/share/tugbot_slam/package.ps1'
[0.929s] INFO:colcon.colcon_core.shell:Creating package descriptor '/home/das-note-021/moveit_ws/install/tugbot_slam/share/tugbot_slam/package.dsv'
[0.930s] INFO:colcon.colcon_core.shell:Creating package script '/home/das-note-021/moveit_ws/install/tugbot_slam/share/tugbot_slam/package.sh'
[0.930s] INFO:colcon.colcon_core.shell:Creating package script '/home/das-note-021/moveit_ws/install/tugbot_slam/share/tugbot_slam/package.bash'
[0.930s] INFO:colcon.colcon_core.shell:Creating package script '/home/das-note-021/moveit_ws/install/tugbot_slam/share/tugbot_slam/package.zsh'
[0.930s] Level 1:colcon.colcon_core.environment:create_file_with_runtime_dependencies(/home/das-note-021/moveit_ws/install/tugbot_slam/share/colcon-core/packages/tugbot_slam)
[1.002s] Level 1:colcon.colcon_core.environment:create_environment_scripts_only(sixdofarm_moveit_config)
[1.002s] Level 1:colcon.colcon_core.environment:checking '/home/das-note-021/moveit_ws/install/sixdofarm_moveit_config' for CMake module files
[1.002s] DEBUG:colcon.colcon_core.event_handler.log_command:Invoked command in '/home/das-note-021/moveit_ws/build/sixdofarm_moveit_config' returned '0': CMAKE_PREFIX_PATH=${CMAKE_PREFIX_PATH}:/home/das-note-021/kameyama_ws/install/ros2_aruco:/home/das-note-021/kameyama_ws/install/failure_detection:/home/das-note-021/kameyama_ws/install/bt_generator:/opt/ros/humble /usr/bin/cmake --install /home/das-note-021/moveit_ws/build/sixdofarm_moveit_config
[1.003s] Level 1:colcon.colcon_core.environment:checking '/home/das-note-021/moveit_ws/install/sixdofarm_moveit_config' for CMake config files
[1.003s] Level 1:colcon.colcon_core.shell:create_environment_hook('sixdofarm_moveit_config', 'cmake_prefix_path')
[1.004s] INFO:colcon.colcon_core.shell:Creating environment hook '/home/das-note-021/moveit_ws/install/sixdofarm_moveit_config/share/sixdofarm_moveit_config/hook/cmake_prefix_path.ps1'
[1.004s] INFO:colcon.colcon_core.shell:Creating environment descriptor '/home/das-note-021/moveit_ws/install/sixdofarm_moveit_config/share/sixdofarm_moveit_config/hook/cmake_prefix_path.dsv'
[1.004s] INFO:colcon.colcon_core.shell:Creating environment hook '/home/das-note-021/moveit_ws/install/sixdofarm_moveit_config/share/sixdofarm_moveit_config/hook/cmake_prefix_path.sh'
[1.005s] Level 1:colcon.colcon_core.environment:checking '/home/das-note-021/moveit_ws/install/sixdofarm_moveit_config/bin'
[1.005s] Level 1:colcon.colcon_core.environment:checking '/home/das-note-021/moveit_ws/install/sixdofarm_moveit_config/lib/pkgconfig/sixdofarm_moveit_config.pc'
[1.005s] Level 1:colcon.colcon_core.environment:checking '/home/das-note-021/moveit_ws/install/sixdofarm_moveit_config/lib/python3.10/site-packages'
[1.005s] Level 1:colcon.colcon_core.environment:checking '/home/das-note-021/moveit_ws/install/sixdofarm_moveit_config/bin'
[1.005s] INFO:colcon.colcon_core.shell:Creating package script '/home/das-note-021/moveit_ws/install/sixdofarm_moveit_config/share/sixdofarm_moveit_config/package.ps1'
[1.006s] INFO:colcon.colcon_core.shell:Creating package descriptor '/home/das-note-021/moveit_ws/install/sixdofarm_moveit_config/share/sixdofarm_moveit_config/package.dsv'
[1.006s] INFO:colcon.colcon_core.shell:Creating package script '/home/das-note-021/moveit_ws/install/sixdofarm_moveit_config/share/sixdofarm_moveit_config/package.sh'
[1.006s] INFO:colcon.colcon_core.shell:Creating package script '/home/das-note-021/moveit_ws/install/sixdofarm_moveit_config/share/sixdofarm_moveit_config/package.bash'
[1.006s] INFO:colcon.colcon_core.shell:Creating package script '/home/das-note-021/moveit_ws/install/sixdofarm_moveit_config/share/sixdofarm_moveit_config/package.zsh'
[1.007s] Level 1:colcon.colcon_core.environment:create_file_with_runtime_dependencies(/home/das-note-021/moveit_ws/install/sixdofarm_moveit_config/share/colcon-core/packages/sixdofarm_moveit_config)
[1.007s] Level 1:colcon.colcon_core.environment:create_environment_scripts_only(sixdofarm_moveit_config)
[1.007s] Level 1:colcon.colcon_core.environment:checking '/home/das-note-021/moveit_ws/install/sixdofarm_moveit_config' for CMake module files
[1.007s] Level 1:colcon.colcon_core.environment:checking '/home/das-note-021/moveit_ws/install/sixdofarm_moveit_config' for CMake config files
[1.007s] Level 1:colcon.colcon_core.shell:create_environment_hook('sixdofarm_moveit_config', 'cmake_prefix_path')
[1.007s] INFO:colcon.colcon_core.shell:Creating environment hook '/home/das-note-021/moveit_ws/install/sixdofarm_moveit_config/share/sixdofarm_moveit_config/hook/cmake_prefix_path.ps1'
[1.008s] INFO:colcon.colcon_core.shell:Creating environment descriptor '/home/das-note-021/moveit_ws/install/sixdofarm_moveit_config/share/sixdofarm_moveit_config/hook/cmake_prefix_path.dsv'
[1.008s] INFO:colcon.colcon_core.shell:Creating environment hook '/home/das-note-021/moveit_ws/install/sixdofarm_moveit_config/share/sixdofarm_moveit_config/hook/cmake_prefix_path.sh'
[1.008s] Level 1:colcon.colcon_core.environment:checking '/home/das-note-021/moveit_ws/install/sixdofarm_moveit_config/bin'
[1.008s] Level 1:colcon.colcon_core.environment:checking '/home/das-note-021/moveit_ws/install/sixdofarm_moveit_config/lib/pkgconfig/sixdofarm_moveit_config.pc'
[1.008s] Level 1:colcon.colcon_core.environment:checking '/home/das-note-021/moveit_ws/install/sixdofarm_moveit_config/lib/python3.10/site-packages'
[1.008s] Level 1:colcon.colcon_core.environment:checking '/home/das-note-021/moveit_ws/install/sixdofarm_moveit_config/bin'
[1.008s] INFO:colcon.colcon_core.shell:Creating package script '/home/das-note-021/moveit_ws/install/sixdofarm_moveit_config/share/sixdofarm_moveit_config/package.ps1'
[1.009s] INFO:colcon.colcon_core.shell:Creating package descriptor '/home/das-note-021/moveit_ws/install/sixdofarm_moveit_config/share/sixdofarm_moveit_config/package.dsv'
[1.009s] INFO:colcon.colcon_core.shell:Creating package script '/home/das-note-021/moveit_ws/install/sixdofarm_moveit_config/share/sixdofarm_moveit_config/package.sh'
[1.009s] INFO:colcon.colcon_core.shell:Creating package script '/home/das-note-021/moveit_ws/install/sixdofarm_moveit_config/share/sixdofarm_moveit_config/package.bash'
[1.009s] INFO:colcon.colcon_core.shell:Creating package script '/home/das-note-021/moveit_ws/install/sixdofarm_moveit_config/share/sixdofarm_moveit_config/package.zsh'
[1.010s] Level 1:colcon.colcon_core.environment:create_file_with_runtime_dependencies(/home/das-note-021/moveit_ws/install/sixdofarm_moveit_config/share/colcon-core/packages/sixdofarm_moveit_config)
[1.163s] DEBUG:colcon.colcon_core.event_handler.log_command:Invoked command in '/home/das-note-021/moveit_ws/build/tugbot_description' returned '0': CMAKE_PREFIX_PATH=${CMAKE_PREFIX_PATH}:/home/das-note-021/kameyama_ws/install/ros2_aruco:/home/das-note-021/kameyama_ws/install/failure_detection:/home/das-note-021/kameyama_ws/install/bt_generator:/opt/ros/humble /usr/bin/cmake /home/das-note-021/moveit_ws/src/tugbot_ros2_pkgs/tugbot_description -DAMENT_CMAKE_SYMLINK_INSTALL=1 -DCMAKE_INSTALL_PREFIX=/home/das-note-021/moveit_ws/install/tugbot_description
[1.163s] DEBUG:colcon.colcon_core.event_handler.log_command:Invoking command in '/home/das-note-021/moveit_ws/build/tugbot_description': CMAKE_PREFIX_PATH=${CMAKE_PREFIX_PATH}:/home/das-note-021/kameyama_ws/install/ros2_aruco:/home/das-note-021/kameyama_ws/install/failure_detection:/home/das-note-021/kameyama_ws/install/bt_generator:/opt/ros/humble /usr/bin/cmake --build /home/das-note-021/moveit_ws/build/tugbot_description -- -j22 -l22
[1.197s] DEBUG:colcon.colcon_core.event_handler.log_command:Invoked command in '/home/das-note-021/moveit_ws/build/tugbot_description' returned '0': CMAKE_PREFIX_PATH=${CMAKE_PREFIX_PATH}:/home/das-note-021/kameyama_ws/install/ros2_aruco:/home/das-note-021/kameyama_ws/install/failure_detection:/home/das-note-021/kameyama_ws/install/bt_generator:/opt/ros/humble /usr/bin/cmake --build /home/das-note-021/moveit_ws/build/tugbot_description -- -j22 -l22
[1.198s] DEBUG:colcon.colcon_core.event_handler.log_command:Invoking command in '/home/das-note-021/moveit_ws/build/tugbot_description': CMAKE_PREFIX_PATH=${CMAKE_PREFIX_PATH}:/home/das-note-021/kameyama_ws/install/ros2_aruco:/home/das-note-021/kameyama_ws/install/failure_detection:/home/das-note-021/kameyama_ws/install/bt_generator:/opt/ros/humble /usr/bin/cmake --install /home/das-note-021/moveit_ws/build/tugbot_description
[1.416s] Level 1:colcon.colcon_core.environment:create_environment_scripts_only(tugbot_description)
[1.416s] DEBUG:colcon.colcon_core.event_handler.log_command:Invoked command in '/home/das-note-021/moveit_ws/build/tugbot_description' returned '0': CMAKE_PREFIX_PATH=${CMAKE_PREFIX_PATH}:/home/das-note-021/kameyama_ws/install/ros2_aruco:/home/das-note-021/kameyama_ws/install/failure_detection:/home/das-note-021/kameyama_ws/install/bt_generator:/opt/ros/humble /usr/bin/cmake --install /home/das-note-021/moveit_ws/build/tugbot_description
[1.417s] Level 1:colcon.colcon_core.environment:checking '/home/das-note-021/moveit_ws/install/tugbot_description' for CMake module files
[1.417s] Level 1:colcon.colcon_core.environment:checking '/home/das-note-021/moveit_ws/install/tugbot_description' for CMake config files
[1.418s] Level 1:colcon.colcon_core.shell:create_environment_hook('tugbot_description', 'cmake_prefix_path')
[1.418s] INFO:colcon.colcon_core.shell:Creating environment hook '/home/das-note-021/moveit_ws/install/tugbot_description/share/tugbot_description/hook/cmake_prefix_path.ps1'
[1.419s] INFO:colcon.colcon_core.shell:Creating environment descriptor '/home/das-note-021/moveit_ws/install/tugbot_description/share/tugbot_description/hook/cmake_prefix_path.dsv'
[1.419s] INFO:colcon.colcon_core.shell:Creating environment hook '/home/das-note-021/moveit_ws/install/tugbot_description/share/tugbot_description/hook/cmake_prefix_path.sh'
[1.419s] Level 1:colcon.colcon_core.environment:checking '/home/das-note-021/moveit_ws/install/tugbot_description/bin'
[1.419s] Level 1:colcon.colcon_core.environment:checking '/home/das-note-021/moveit_ws/install/tugbot_description/lib/pkgconfig/tugbot_description.pc'
[1.420s] Level 1:colcon.colcon_core.environment:checking '/home/das-note-021/moveit_ws/install/tugbot_description/lib/python3.10/site-packages'
[1.420s] Level 1:colcon.colcon_core.environment:checking '/home/das-note-021/moveit_ws/install/tugbot_description/bin'
[1.420s] INFO:colcon.colcon_core.shell:Creating package script '/home/das-note-021/moveit_ws/install/tugbot_description/share/tugbot_description/package.ps1'
[1.420s] INFO:colcon.colcon_core.shell:Creating package descriptor '/home/das-note-021/moveit_ws/install/tugbot_description/share/tugbot_description/package.dsv'
[1.420s] INFO:colcon.colcon_core.shell:Creating package script '/home/das-note-021/moveit_ws/install/tugbot_description/share/tugbot_description/package.sh'
[1.421s] INFO:colcon.colcon_core.shell:Creating package script '/home/das-note-021/moveit_ws/install/tugbot_description/share/tugbot_description/package.bash'
[1.421s] INFO:colcon.colcon_core.shell:Creating package script '/home/das-note-021/moveit_ws/install/tugbot_description/share/tugbot_description/package.zsh'
[1.421s] Level 1:colcon.colcon_core.environment:create_file_with_runtime_dependencies(/home/das-note-021/moveit_ws/install/tugbot_description/share/colcon-core/packages/tugbot_description)
[1.421s] Level 1:colcon.colcon_core.environment:create_environment_scripts_only(tugbot_description)
[1.421s] Level 1:colcon.colcon_core.environment:checking '/home/das-note-021/moveit_ws/install/tugbot_description' for CMake module files
[1.422s] Level 1:colcon.colcon_core.environment:checking '/home/das-note-021/moveit_ws/install/tugbot_description' for CMake config files
[1.422s] Level 1:colcon.colcon_core.shell:create_environment_hook('tugbot_description', 'cmake_prefix_path')
[1.422s] INFO:colcon.colcon_core.shell:Creating environment hook '/home/das-note-021/moveit_ws/install/tugbot_description/share/tugbot_description/hook/cmake_prefix_path.ps1'
[1.422s] INFO:colcon.colcon_core.shell:Creating environment descriptor '/home/das-note-021/moveit_ws/install/tugbot_description/share/tugbot_description/hook/cmake_prefix_path.dsv'
[1.422s] INFO:colcon.colcon_core.shell:Creating environment hook '/home/das-note-021/moveit_ws/install/tugbot_description/share/tugbot_description/hook/cmake_prefix_path.sh'
[1.423s] Level 1:colcon.colcon_core.environment:checking '/home/das-note-021/moveit_ws/install/tugbot_description/bin'
[1.423s] Level 1:colcon.colcon_core.environment:checking '/home/das-note-021/moveit_ws/install/tugbot_description/lib/pkgconfig/tugbot_description.pc'
[1.423s] Level 1:colcon.colcon_core.environment:checking '/home/das-note-021/moveit_ws/install/tugbot_description/lib/python3.10/site-packages'
[1.423s] Level 1:colcon.colcon_core.environment:checking '/home/das-note-021/moveit_ws/install/tugbot_description/bin'
[1.423s] INFO:colcon.colcon_core.shell:Creating package script '/home/das-note-021/moveit_ws/install/tugbot_description/share/tugbot_description/package.ps1'
[1.423s] INFO:colcon.colcon_core.shell:Creating package descriptor '/home/das-note-021/moveit_ws/install/tugbot_description/share/tugbot_description/package.dsv'
[1.423s] INFO:colcon.colcon_core.shell:Creating package script '/home/das-note-021/moveit_ws/install/tugbot_description/share/tugbot_description/package.sh'
[1.424s] INFO:colcon.colcon_core.shell:Creating package script '/home/das-note-021/moveit_ws/install/tugbot_description/share/tugbot_description/package.bash'
[1.424s] INFO:colcon.colcon_core.shell:Creating package script '/home/das-note-021/moveit_ws/install/tugbot_description/share/tugbot_description/package.zsh'
[1.424s] Level 1:colcon.colcon_core.environment:create_file_with_runtime_dependencies(/home/das-note-021/moveit_ws/install/tugbot_description/share/colcon-core/packages/tugbot_description)
[1.424s] DEBUG:colcon.colcon_parallel_executor.executor.parallel:closing loop
[1.424s] DEBUG:colcon.colcon_parallel_executor.executor.parallel:loop closed
[1.424s] DEBUG:colcon.colcon_parallel_executor.executor.parallel:run_until_complete finished with '0'
[1.424s] DEBUG:colcon.colcon_core.event_reactor:joining thread
[1.429s] INFO:colcon.colcon_core.plugin_system:Skipping extension 'colcon_notification.desktop_notification.terminal_notifier': Not used on non-Darwin systems
[1.429s] INFO:colcon.colcon_core.plugin_system:Skipping extension 'colcon_notification.desktop_notification.win32': Not used on non-Windows systems
[1.429s] INFO:colcon.colcon_notification.desktop_notification:Sending desktop notification using 'notify2'
[1.438s] DEBUG:colcon.colcon_core.event_reactor:joined thread
[1.439s] INFO:colcon.colcon_core.shell:Creating prefix script '/home/das-note-021/moveit_ws/install/local_setup.ps1'
[1.439s] INFO:colcon.colcon_core.shell:Creating prefix util module '/home/das-note-021/moveit_ws/install/_local_setup_util_ps1.py'
[1.440s] INFO:colcon.colcon_core.shell:Creating prefix chain script '/home/das-note-021/moveit_ws/install/setup.ps1'
[1.441s] INFO:colcon.colcon_core.shell:Creating prefix script '/home/das-note-021/moveit_ws/install/local_setup.sh'
[1.441s] INFO:colcon.colcon_core.shell:Creating prefix util module '/home/das-note-021/moveit_ws/install/_local_setup_util_sh.py'
[1.441s] INFO:colcon.colcon_core.shell:Creating prefix chain script '/home/das-note-021/moveit_ws/install/setup.sh'
[1.442s] INFO:colcon.colcon_core.shell:Creating prefix script '/home/das-note-021/moveit_ws/install/local_setup.bash'
[1.443s] INFO:colcon.colcon_core.shell:Creating prefix chain script '/home/das-note-021/moveit_ws/install/setup.bash'
[1.444s] INFO:colcon.colcon_core.shell:Creating prefix script '/home/das-note-021/moveit_ws/install/local_setup.zsh'
[1.444s] INFO:colcon.colcon_core.shell:Creating prefix chain script '/home/das-note-021/moveit_ws/install/setup.zsh'
