[0.020s] Invoking command in '/home/das-note-021/moveit_ws/build/sixdofarm_moveit_config': CMAKE_PREFIX_PATH=${CMAKE_PREFIX_PATH}:/home/das-note-021/kameyama_ws/install/ros2_aruco:/home/das-note-021/kameyama_ws/install/failure_detection:/home/das-note-021/kameyama_ws/install/bt_generator:/opt/ros/humble /usr/bin/cmake /home/das-note-021/moveit_ws/src/sixdofarm_moveit_config -DAMENT_CMAKE_SYMLINK_INSTALL=1 -DCMAKE_INSTALL_PREFIX=/home/das-note-021/moveit_ws/install/sixdofarm_moveit_config
[0.064s] -- The C compiler identification is GNU 11.4.0
[0.100s] -- The CXX compiler identification is GNU 11.4.0
[0.106s] -- Detecting C compiler ABI info
[0.157s] -- Detecting C compiler ABI info - done
[0.161s] -- Check for working C compiler: /usr/bin/cc - skipped
[0.161s] -- Detecting C compile features
[0.161s] -- Detecting C compile features - done
[0.163s] -- Detecting CXX compiler ABI info
[0.230s] -- Detecting CXX compiler ABI info - done
[0.235s] -- Check for working CXX compiler: /usr/bin/c++ - skipped
[0.235s] -- Detecting CXX compile features
[0.235s] -- Detecting CXX compile features - done
[0.238s] -- Found ament_cmake: 1.3.11 (/opt/ros/humble/share/ament_cmake/cmake)
[0.359s] -- Found Python3: /usr/bin/python3 (found version "3.10.12") found components: Interpreter 
[0.404s] -- Override CMake install command with custom implementation using symlinks instead of copying resources
[0.479s] -- Configuring done
[0.480s] -- Generating done
[0.481s] -- Build files have been written to: /home/das-note-021/moveit_ws/build/sixdofarm_moveit_config
[0.484s] Invoked command in '/home/das-note-021/moveit_ws/build/sixdofarm_moveit_config' returned '0': CMAKE_PREFIX_PATH=${CMAKE_PREFIX_PATH}:/home/das-note-021/kameyama_ws/install/ros2_aruco:/home/das-note-021/kameyama_ws/install/failure_detection:/home/das-note-021/kameyama_ws/install/bt_generator:/opt/ros/humble /usr/bin/cmake /home/das-note-021/moveit_ws/src/sixdofarm_moveit_config -DAMENT_CMAKE_SYMLINK_INSTALL=1 -DCMAKE_INSTALL_PREFIX=/home/das-note-021/moveit_ws/install/sixdofarm_moveit_config
[0.486s] Invoking command in '/home/das-note-021/moveit_ws/build/sixdofarm_moveit_config': CMAKE_PREFIX_PATH=${CMAKE_PREFIX_PATH}:/home/das-note-021/kameyama_ws/install/ros2_aruco:/home/das-note-021/kameyama_ws/install/failure_detection:/home/das-note-021/kameyama_ws/install/bt_generator:/opt/ros/humble /usr/bin/cmake --build /home/das-note-021/moveit_ws/build/sixdofarm_moveit_config -- -j22 -l22
[0.525s] Invoked command in '/home/das-note-021/moveit_ws/build/sixdofarm_moveit_config' returned '0': CMAKE_PREFIX_PATH=${CMAKE_PREFIX_PATH}:/home/das-note-021/kameyama_ws/install/ros2_aruco:/home/das-note-021/kameyama_ws/install/failure_detection:/home/das-note-021/kameyama_ws/install/bt_generator:/opt/ros/humble /usr/bin/cmake --build /home/das-note-021/moveit_ws/build/sixdofarm_moveit_config -- -j22 -l22
[0.533s] Invoking command in '/home/das-note-021/moveit_ws/build/sixdofarm_moveit_config': CMAKE_PREFIX_PATH=${CMAKE_PREFIX_PATH}:/home/das-note-021/kameyama_ws/install/ros2_aruco:/home/das-note-021/kameyama_ws/install/failure_detection:/home/das-note-021/kameyama_ws/install/bt_generator:/opt/ros/humble /usr/bin/cmake --install /home/das-note-021/moveit_ws/build/sixdofarm_moveit_config
[0.538s] -- Install configuration: ""
[0.538s] -- Execute custom install script
[0.538s] -- Symlinking: /home/das-note-021/moveit_ws/install/sixdofarm_moveit_config/share/ament_index/resource_index/package_run_dependencies/sixdofarm_moveit_config
[0.548s] -- Symlinking: /home/das-note-021/moveit_ws/install/sixdofarm_moveit_config/share/ament_index/resource_index/parent_prefix_path/sixdofarm_moveit_config
[0.556s] -- Symlinking: /home/das-note-021/moveit_ws/install/sixdofarm_moveit_config/share/sixdofarm_moveit_config/environment/ament_prefix_path.sh
[0.563s] -- Symlinking: /home/das-note-021/moveit_ws/install/sixdofarm_moveit_config/share/sixdofarm_moveit_config/environment/ament_prefix_path.dsv
[0.568s] -- Symlinking: /home/das-note-021/moveit_ws/install/sixdofarm_moveit_config/share/sixdofarm_moveit_config/environment/path.sh
[0.573s] -- Symlinking: /home/das-note-021/moveit_ws/install/sixdofarm_moveit_config/share/sixdofarm_moveit_config/environment/path.dsv
[0.579s] -- Symlinking: /home/das-note-021/moveit_ws/install/sixdofarm_moveit_config/share/sixdofarm_moveit_config/local_setup.bash
[0.584s] -- Symlinking: /home/das-note-021/moveit_ws/install/sixdofarm_moveit_config/share/sixdofarm_moveit_config/local_setup.sh
[0.591s] -- Symlinking: /home/das-note-021/moveit_ws/install/sixdofarm_moveit_config/share/sixdofarm_moveit_config/local_setup.zsh
[0.597s] -- Symlinking: /home/das-note-021/moveit_ws/install/sixdofarm_moveit_config/share/sixdofarm_moveit_config/local_setup.dsv
[0.606s] -- Symlinking: /home/das-note-021/moveit_ws/install/sixdofarm_moveit_config/share/sixdofarm_moveit_config/package.dsv
[0.613s] -- Symlinking: /home/das-note-021/moveit_ws/install/sixdofarm_moveit_config/share/ament_index/resource_index/packages/sixdofarm_moveit_config
[0.622s] -- Symlinking: /home/das-note-021/moveit_ws/install/sixdofarm_moveit_config/share/sixdofarm_moveit_config/cmake/sixdofarm_moveit_configConfig.cmake
[0.631s] -- Symlinking: /home/das-note-021/moveit_ws/install/sixdofarm_moveit_config/share/sixdofarm_moveit_config/cmake/sixdofarm_moveit_configConfig-version.cmake
[0.637s] -- Symlinking: /home/das-note-021/moveit_ws/install/sixdofarm_moveit_config/share/sixdofarm_moveit_config/package.xml
[0.643s] -- Symlinking: /home/das-note-021/moveit_ws/install/sixdofarm_moveit_config/share/sixdofarm_moveit_config/launch/demo.launch.py
[0.649s] -- Symlinking: /home/das-note-021/moveit_ws/install/sixdofarm_moveit_config/share/sixdofarm_moveit_config/launch/demo2.launch.py
[0.656s] -- Symlinking: /home/das-note-021/moveit_ws/install/sixdofarm_moveit_config/share/sixdofarm_moveit_config/launch/gazebo.launch.py
[0.661s] -- Symlinking: /home/das-note-021/moveit_ws/install/sixdofarm_moveit_config/share/sixdofarm_moveit_config/launch/move_group.launch.py
[0.666s] -- Symlinking: /home/das-note-021/moveit_ws/install/sixdofarm_moveit_config/share/sixdofarm_moveit_config/launch/moveit_rviz.launch.py
[0.671s] -- Symlinking: /home/das-note-021/moveit_ws/install/sixdofarm_moveit_config/share/sixdofarm_moveit_config/launch/rsp.launch.py
[0.676s] -- Symlinking: /home/das-note-021/moveit_ws/install/sixdofarm_moveit_config/share/sixdofarm_moveit_config/launch/setup_assistant.launch.py
[0.688s] -- Symlinking: /home/das-note-021/moveit_ws/install/sixdofarm_moveit_config/share/sixdofarm_moveit_config/launch/spawn_controllers.launch.py
[0.692s] -- Symlinking: /home/das-note-021/moveit_ws/install/sixdofarm_moveit_config/share/sixdofarm_moveit_config/launch/static_virtual_joint_tfs.launch.py
[0.698s] -- Symlinking: /home/das-note-021/moveit_ws/install/sixdofarm_moveit_config/share/sixdofarm_moveit_config/launch/warehouse_db.launch.py
[0.704s] -- Symlinking: /home/das-note-021/moveit_ws/install/sixdofarm_moveit_config/share/sixdofarm_moveit_config/config/initial_positions.yaml
[0.709s] -- Symlinking: /home/das-note-021/moveit_ws/install/sixdofarm_moveit_config/share/sixdofarm_moveit_config/config/joint_limits.yaml
[0.716s] -- Symlinking: /home/das-note-021/moveit_ws/install/sixdofarm_moveit_config/share/sixdofarm_moveit_config/config/kinematics.yaml
[0.723s] -- Symlinking: /home/das-note-021/moveit_ws/install/sixdofarm_moveit_config/share/sixdofarm_moveit_config/config/moveit.rviz
[0.732s] -- Symlinking: /home/das-note-021/moveit_ws/install/sixdofarm_moveit_config/share/sixdofarm_moveit_config/config/moveit_controllers.yaml
[0.738s] -- Symlinking: /home/das-note-021/moveit_ws/install/sixdofarm_moveit_config/share/sixdofarm_moveit_config/config/pilz_cartesian_limits.yaml
[0.745s] -- Symlinking: /home/das-note-021/moveit_ws/install/sixdofarm_moveit_config/share/sixdofarm_moveit_config/config/ros2_controllers.yaml
[0.753s] -- Symlinking: /home/das-note-021/moveit_ws/install/sixdofarm_moveit_config/share/sixdofarm_moveit_config/config/sixdofarm.ros2_control.xacro
[0.761s] -- Symlinking: /home/das-note-021/moveit_ws/install/sixdofarm_moveit_config/share/sixdofarm_moveit_config/config/sixdofarm.srdf
[0.770s] -- Symlinking: /home/das-note-021/moveit_ws/install/sixdofarm_moveit_config/share/sixdofarm_moveit_config/config/sixdofarm.urdf.xacro
[0.776s] -- Symlinking: /home/das-note-021/moveit_ws/install/sixdofarm_moveit_config/share/sixdofarm_moveit_config/config/sixdofarm_controllers.yaml
[0.782s] -- Symlinking: /home/das-note-021/moveit_ws/install/sixdofarm_moveit_config/share/sixdofarm_moveit_config/.setup_assistant
[0.791s] Invoked command in '/home/das-note-021/moveit_ws/build/sixdofarm_moveit_config' returned '0': CMAKE_PREFIX_PATH=${CMAKE_PREFIX_PATH}:/home/das-note-021/kameyama_ws/install/ros2_aruco:/home/das-note-021/kameyama_ws/install/failure_detection:/home/das-note-021/kameyama_ws/install/bt_generator:/opt/ros/humble /usr/bin/cmake --install /home/das-note-021/moveit_ws/build/sixdofarm_moveit_config
