[0.059s] DEBUG:colcon:Command line arguments: ['/usr/bin/colcon', 'build', '--symlink-install']
[0.059s] DEBUG:colcon:Parsed command line arguments: Namespace(log_base=None, log_level=None, verb_name='build', build_base='build', install_base='install', merge_install=False, symlink_install=True, test_result_base=None, continue_on_error=False, executor='parallel', parallel_workers=22, event_handlers=None, ignore_user_meta=False, metas=['./colcon.meta'], base_paths=['.'], packages_ignore=None, packages_ignore_regex=None, paths=None, packages_up_to=None, packages_up_to_regex=None, packages_above=None, packages_above_and_dependencies=None, packages_above_depth=None, packages_select_by_dep=None, packages_skip_by_dep=None, packages_skip_up_to=None, packages_select_build_failed=False, packages_skip_build_finished=False, packages_select_test_failures=False, packages_skip_test_passed=False, packages_select=None, packages_skip=None, packages_select_regex=None, packages_skip_regex=None, packages_start=None, packages_end=None, allow_overriding=[], cmake_args=None, cmake_target=None, cmake_target_skip_unavailable=False, cmake_clean_cache=False, cmake_clean_first=False, cmake_force_configure=False, ament_cmake_args=None, catkin_cmake_args=None, catkin_skip_building_tests=False, verb_parser=<colcon_defaults.argument_parser.defaults.DefaultArgumentsDecorator object at 0x7ddbff953700>, verb_extension=<colcon_core.verb.build.BuildVerb object at 0x7ddbff9531c0>, main=<bound method BuildVerb.main of <colcon_core.verb.build.BuildVerb object at 0x7ddbff9531c0>>)
[0.149s] Level 1:colcon.colcon_core.package_discovery:discover_packages(colcon_meta) check parameters
[0.149s] Level 1:colcon.colcon_core.package_discovery:discover_packages(recursive) check parameters
[0.149s] Level 1:colcon.colcon_core.package_discovery:discover_packages(ignore) check parameters
[0.149s] Level 1:colcon.colcon_core.package_discovery:discover_packages(path) check parameters
[0.149s] Level 1:colcon.colcon_core.package_discovery:discover_packages(colcon_meta) discover
[0.149s] Level 1:colcon.colcon_core.package_discovery:discover_packages(recursive) discover
[0.149s] INFO:colcon.colcon_core.package_discovery:Crawling recursively for packages in '/home/das-note-021/253432010_gazebo_ws'
[0.149s] Level 1:colcon.colcon_core.package_identification:_identify(.) by extensions ['ignore', 'ignore_ament_install']
[0.149s] Level 1:colcon.colcon_core.package_identification:_identify(.) by extension 'ignore'
[0.149s] Level 1:colcon.colcon_core.package_identification:_identify(.) by extension 'ignore_ament_install'
[0.150s] Level 1:colcon.colcon_core.package_identification:_identify(.) by extensions ['colcon_pkg']
[0.150s] Level 1:colcon.colcon_core.package_identification:_identify(.) by extension 'colcon_pkg'
[0.150s] Level 1:colcon.colcon_core.package_identification:_identify(.) by extensions ['colcon_meta']
[0.150s] Level 1:colcon.colcon_core.package_identification:_identify(.) by extension 'colcon_meta'
[0.150s] Level 1:colcon.colcon_core.package_identification:_identify(.) by extensions ['ros']
[0.150s] Level 1:colcon.colcon_core.package_identification:_identify(.) by extension 'ros'
[0.156s] Level 1:colcon.colcon_core.package_identification:_identify(.) by extensions ['cmake', 'python']
[0.156s] Level 1:colcon.colcon_core.package_identification:_identify(.) by extension 'cmake'
[0.156s] Level 1:colcon.colcon_core.package_identification:_identify(.) by extension 'python'
[0.156s] Level 1:colcon.colcon_core.package_identification:_identify(.) by extensions ['python_setup_py']
[0.156s] Level 1:colcon.colcon_core.package_identification:_identify(.) by extension 'python_setup_py'
[0.156s] Level 1:colcon.colcon_core.package_identification:_identify(build) by extensions ['ignore', 'ignore_ament_install']
[0.156s] Level 1:colcon.colcon_core.package_identification:_identify(build) by extension 'ignore'
[0.156s] Level 1:colcon.colcon_core.package_identification:_identify(build) ignored
[0.156s] Level 1:colcon.colcon_core.package_identification:_identify(install) by extensions ['ignore', 'ignore_ament_install']
[0.156s] Level 1:colcon.colcon_core.package_identification:_identify(install) by extension 'ignore'
[0.156s] Level 1:colcon.colcon_core.package_identification:_identify(install) ignored
[0.156s] Level 1:colcon.colcon_core.package_identification:_identify(log) by extensions ['ignore', 'ignore_ament_install']
[0.156s] Level 1:colcon.colcon_core.package_identification:_identify(log) by extension 'ignore'
[0.156s] Level 1:colcon.colcon_core.package_identification:_identify(log) ignored
[0.156s] Level 1:colcon.colcon_core.package_identification:_identify(src) by extensions ['ignore', 'ignore_ament_install']
[0.156s] Level 1:colcon.colcon_core.package_identification:_identify(src) by extension 'ignore'
[0.156s] Level 1:colcon.colcon_core.package_identification:_identify(src) by extension 'ignore_ament_install'
[0.156s] Level 1:colcon.colcon_core.package_identification:_identify(src) by extensions ['colcon_pkg']
[0.156s] Level 1:colcon.colcon_core.package_identification:_identify(src) by extension 'colcon_pkg'
[0.156s] Level 1:colcon.colcon_core.package_identification:_identify(src) by extensions ['colcon_meta']
[0.156s] Level 1:colcon.colcon_core.package_identification:_identify(src) by extension 'colcon_meta'
[0.156s] Level 1:colcon.colcon_core.package_identification:_identify(src) by extensions ['ros']
[0.156s] Level 1:colcon.colcon_core.package_identification:_identify(src) by extension 'ros'
[0.157s] Level 1:colcon.colcon_core.package_identification:_identify(src) by extensions ['cmake', 'python']
[0.157s] Level 1:colcon.colcon_core.package_identification:_identify(src) by extension 'cmake'
[0.157s] Level 1:colcon.colcon_core.package_identification:_identify(src) by extension 'python'
[0.157s] Level 1:colcon.colcon_core.package_identification:_identify(src) by extensions ['python_setup_py']
[0.157s] Level 1:colcon.colcon_core.package_identification:_identify(src) by extension 'python_setup_py'
[0.157s] Level 1:colcon.colcon_core.package_identification:_identify(src/csv2urdf) by extensions ['ignore', 'ignore_ament_install']
[0.157s] Level 1:colcon.colcon_core.package_identification:_identify(src/csv2urdf) by extension 'ignore'
[0.157s] Level 1:colcon.colcon_core.package_identification:_identify(src/csv2urdf) by extension 'ignore_ament_install'
[0.157s] Level 1:colcon.colcon_core.package_identification:_identify(src/csv2urdf) by extensions ['colcon_pkg']
[0.157s] Level 1:colcon.colcon_core.package_identification:_identify(src/csv2urdf) by extension 'colcon_pkg'
[0.157s] Level 1:colcon.colcon_core.package_identification:_identify(src/csv2urdf) by extensions ['colcon_meta']
[0.157s] Level 1:colcon.colcon_core.package_identification:_identify(src/csv2urdf) by extension 'colcon_meta'
[0.157s] Level 1:colcon.colcon_core.package_identification:_identify(src/csv2urdf) by extensions ['ros']
[0.157s] Level 1:colcon.colcon_core.package_identification:_identify(src/csv2urdf) by extension 'ros'
[0.157s] Level 1:colcon.colcon_core.package_identification:_identify(src/csv2urdf) by extensions ['cmake', 'python']
[0.157s] Level 1:colcon.colcon_core.package_identification:_identify(src/csv2urdf) by extension 'cmake'
[0.157s] Level 1:colcon.colcon_core.package_identification:_identify(src/csv2urdf) by extension 'python'
[0.157s] Level 1:colcon.colcon_core.package_identification:_identify(src/csv2urdf) by extensions ['python_setup_py']
[0.157s] Level 1:colcon.colcon_core.package_identification:_identify(src/csv2urdf) by extension 'python_setup_py'
[0.157s] Level 1:colcon.colcon_core.package_identification:_identify(src/csv2urdf/csv) by extensions ['ignore', 'ignore_ament_install']
[0.157s] Level 1:colcon.colcon_core.package_identification:_identify(src/csv2urdf/csv) by extension 'ignore'
[0.157s] Level 1:colcon.colcon_core.package_identification:_identify(src/csv2urdf/csv) by extension 'ignore_ament_install'
[0.157s] Level 1:colcon.colcon_core.package_identification:_identify(src/csv2urdf/csv) by extensions ['colcon_pkg']
[0.157s] Level 1:colcon.colcon_core.package_identification:_identify(src/csv2urdf/csv) by extension 'colcon_pkg'
[0.157s] Level 1:colcon.colcon_core.package_identification:_identify(src/csv2urdf/csv) by extensions ['colcon_meta']
[0.157s] Level 1:colcon.colcon_core.package_identification:_identify(src/csv2urdf/csv) by extension 'colcon_meta'
[0.157s] Level 1:colcon.colcon_core.package_identification:_identify(src/csv2urdf/csv) by extensions ['ros']
[0.157s] Level 1:colcon.colcon_core.package_identification:_identify(src/csv2urdf/csv) by extension 'ros'
[0.157s] Level 1:colcon.colcon_core.package_identification:_identify(src/csv2urdf/csv) by extensions ['cmake', 'python']
[0.157s] Level 1:colcon.colcon_core.package_identification:_identify(src/csv2urdf/csv) by extension 'cmake'
[0.157s] Level 1:colcon.colcon_core.package_identification:_identify(src/csv2urdf/csv) by extension 'python'
[0.157s] Level 1:colcon.colcon_core.package_identification:_identify(src/csv2urdf/csv) by extensions ['python_setup_py']
[0.157s] Level 1:colcon.colcon_core.package_identification:_identify(src/csv2urdf/csv) by extension 'python_setup_py'
[0.157s] Level 1:colcon.colcon_core.package_identification:_identify(src/csv2urdf/img) by extensions ['ignore', 'ignore_ament_install']
[0.157s] Level 1:colcon.colcon_core.package_identification:_identify(src/csv2urdf/img) by extension 'ignore'
[0.157s] Level 1:colcon.colcon_core.package_identification:_identify(src/csv2urdf/img) by extension 'ignore_ament_install'
[0.157s] Level 1:colcon.colcon_core.package_identification:_identify(src/csv2urdf/img) by extensions ['colcon_pkg']
[0.157s] Level 1:colcon.colcon_core.package_identification:_identify(src/csv2urdf/img) by extension 'colcon_pkg'
[0.157s] Level 1:colcon.colcon_core.package_identification:_identify(src/csv2urdf/img) by extensions ['colcon_meta']
[0.157s] Level 1:colcon.colcon_core.package_identification:_identify(src/csv2urdf/img) by extension 'colcon_meta'
[0.157s] Level 1:colcon.colcon_core.package_identification:_identify(src/csv2urdf/img) by extensions ['ros']
[0.157s] Level 1:colcon.colcon_core.package_identification:_identify(src/csv2urdf/img) by extension 'ros'
[0.157s] Level 1:colcon.colcon_core.package_identification:_identify(src/csv2urdf/img) by extensions ['cmake', 'python']
[0.157s] Level 1:colcon.colcon_core.package_identification:_identify(src/csv2urdf/img) by extension 'cmake'
[0.157s] Level 1:colcon.colcon_core.package_identification:_identify(src/csv2urdf/img) by extension 'python'
[0.157s] Level 1:colcon.colcon_core.package_identification:_identify(src/csv2urdf/img) by extensions ['python_setup_py']
[0.157s] Level 1:colcon.colcon_core.package_identification:_identify(src/csv2urdf/img) by extension 'python_setup_py'
[0.158s] Level 1:colcon.colcon_core.package_identification:_identify(src/tugbot_ros2_pkgs) by extensions ['ignore', 'ignore_ament_install']
[0.158s] Level 1:colcon.colcon_core.package_identification:_identify(src/tugbot_ros2_pkgs) by extension 'ignore'
[0.158s] Level 1:colcon.colcon_core.package_identification:_identify(src/tugbot_ros2_pkgs) by extension 'ignore_ament_install'
[0.158s] Level 1:colcon.colcon_core.package_identification:_identify(src/tugbot_ros2_pkgs) by extensions ['colcon_pkg']
[0.158s] Level 1:colcon.colcon_core.package_identification:_identify(src/tugbot_ros2_pkgs) by extension 'colcon_pkg'
[0.158s] Level 1:colcon.colcon_core.package_identification:_identify(src/tugbot_ros2_pkgs) by extensions ['colcon_meta']
[0.158s] Level 1:colcon.colcon_core.package_identification:_identify(src/tugbot_ros2_pkgs) by extension 'colcon_meta'
[0.158s] Level 1:colcon.colcon_core.package_identification:_identify(src/tugbot_ros2_pkgs) by extensions ['ros']
[0.158s] Level 1:colcon.colcon_core.package_identification:_identify(src/tugbot_ros2_pkgs) by extension 'ros'
[0.158s] Level 1:colcon.colcon_core.package_identification:_identify(src/tugbot_ros2_pkgs) by extensions ['cmake', 'python']
[0.158s] Level 1:colcon.colcon_core.package_identification:_identify(src/tugbot_ros2_pkgs) by extension 'cmake'
[0.158s] Level 1:colcon.colcon_core.package_identification:_identify(src/tugbot_ros2_pkgs) by extension 'python'
[0.158s] Level 1:colcon.colcon_core.package_identification:_identify(src/tugbot_ros2_pkgs) by extensions ['python_setup_py']
[0.158s] Level 1:colcon.colcon_core.package_identification:_identify(src/tugbot_ros2_pkgs) by extension 'python_setup_py'
[0.158s] Level 1:colcon.colcon_core.package_identification:_identify(src/tugbot_ros2_pkgs/tugbot_description) by extensions ['ignore', 'ignore_ament_install']
[0.158s] Level 1:colcon.colcon_core.package_identification:_identify(src/tugbot_ros2_pkgs/tugbot_description) by extension 'ignore'
[0.158s] Level 1:colcon.colcon_core.package_identification:_identify(src/tugbot_ros2_pkgs/tugbot_description) by extension 'ignore_ament_install'
[0.158s] Level 1:colcon.colcon_core.package_identification:_identify(src/tugbot_ros2_pkgs/tugbot_description) by extensions ['colcon_pkg']
[0.158s] Level 1:colcon.colcon_core.package_identification:_identify(src/tugbot_ros2_pkgs/tugbot_description) by extension 'colcon_pkg'
[0.158s] Level 1:colcon.colcon_core.package_identification:_identify(src/tugbot_ros2_pkgs/tugbot_description) by extensions ['colcon_meta']
[0.158s] Level 1:colcon.colcon_core.package_identification:_identify(src/tugbot_ros2_pkgs/tugbot_description) by extension 'colcon_meta'
[0.158s] Level 1:colcon.colcon_core.package_identification:_identify(src/tugbot_ros2_pkgs/tugbot_description) by extensions ['ros']
[0.158s] Level 1:colcon.colcon_core.package_identification:_identify(src/tugbot_ros2_pkgs/tugbot_description) by extension 'ros'
[0.160s] DEBUG:colcon.colcon_core.package_identification:Package 'src/tugbot_ros2_pkgs/tugbot_description' with type 'ros.ament_cmake' and name 'tugbot_description'
[0.160s] Level 1:colcon.colcon_core.package_identification:_identify(src/tugbot_ros2_pkgs/tugbot_gazebo) by extensions ['ignore', 'ignore_ament_install']
[0.160s] Level 1:colcon.colcon_core.package_identification:_identify(src/tugbot_ros2_pkgs/tugbot_gazebo) by extension 'ignore'
[0.160s] Level 1:colcon.colcon_core.package_identification:_identify(src/tugbot_ros2_pkgs/tugbot_gazebo) by extension 'ignore_ament_install'
[0.160s] Level 1:colcon.colcon_core.package_identification:_identify(src/tugbot_ros2_pkgs/tugbot_gazebo) by extensions ['colcon_pkg']
[0.160s] Level 1:colcon.colcon_core.package_identification:_identify(src/tugbot_ros2_pkgs/tugbot_gazebo) by extension 'colcon_pkg'
[0.160s] Level 1:colcon.colcon_core.package_identification:_identify(src/tugbot_ros2_pkgs/tugbot_gazebo) by extensions ['colcon_meta']
[0.160s] Level 1:colcon.colcon_core.package_identification:_identify(src/tugbot_ros2_pkgs/tugbot_gazebo) by extension 'colcon_meta'
[0.160s] Level 1:colcon.colcon_core.package_identification:_identify(src/tugbot_ros2_pkgs/tugbot_gazebo) by extensions ['ros']
[0.160s] Level 1:colcon.colcon_core.package_identification:_identify(src/tugbot_ros2_pkgs/tugbot_gazebo) by extension 'ros'
[0.160s] DEBUG:colcon.colcon_core.package_identification:Package 'src/tugbot_ros2_pkgs/tugbot_gazebo' with type 'ros.ament_cmake' and name 'tugbot_gazebo'
[0.160s] Level 1:colcon.colcon_core.package_identification:_identify(src/tugbot_ros2_pkgs/tugbot_navigation2) by extensions ['ignore', 'ignore_ament_install']
[0.160s] Level 1:colcon.colcon_core.package_identification:_identify(src/tugbot_ros2_pkgs/tugbot_navigation2) by extension 'ignore'
[0.160s] Level 1:colcon.colcon_core.package_identification:_identify(src/tugbot_ros2_pkgs/tugbot_navigation2) by extension 'ignore_ament_install'
[0.160s] Level 1:colcon.colcon_core.package_identification:_identify(src/tugbot_ros2_pkgs/tugbot_navigation2) by extensions ['colcon_pkg']
[0.160s] Level 1:colcon.colcon_core.package_identification:_identify(src/tugbot_ros2_pkgs/tugbot_navigation2) by extension 'colcon_pkg'
[0.160s] Level 1:colcon.colcon_core.package_identification:_identify(src/tugbot_ros2_pkgs/tugbot_navigation2) by extensions ['colcon_meta']
[0.160s] Level 1:colcon.colcon_core.package_identification:_identify(src/tugbot_ros2_pkgs/tugbot_navigation2) by extension 'colcon_meta'
[0.160s] Level 1:colcon.colcon_core.package_identification:_identify(src/tugbot_ros2_pkgs/tugbot_navigation2) by extensions ['ros']
[0.160s] Level 1:colcon.colcon_core.package_identification:_identify(src/tugbot_ros2_pkgs/tugbot_navigation2) by extension 'ros'
[0.161s] DEBUG:colcon.colcon_core.package_identification:Package 'src/tugbot_ros2_pkgs/tugbot_navigation2' with type 'ros.ament_cmake' and name 'tugbot_navigation2'
[0.161s] Level 1:colcon.colcon_core.package_identification:_identify(src/tugbot_ros2_pkgs/tugbot_ros2_pkgs) by extensions ['ignore', 'ignore_ament_install']
[0.161s] Level 1:colcon.colcon_core.package_identification:_identify(src/tugbot_ros2_pkgs/tugbot_ros2_pkgs) by extension 'ignore'
[0.161s] Level 1:colcon.colcon_core.package_identification:_identify(src/tugbot_ros2_pkgs/tugbot_ros2_pkgs) by extension 'ignore_ament_install'
[0.161s] Level 1:colcon.colcon_core.package_identification:_identify(src/tugbot_ros2_pkgs/tugbot_ros2_pkgs) by extensions ['colcon_pkg']
[0.161s] Level 1:colcon.colcon_core.package_identification:_identify(src/tugbot_ros2_pkgs/tugbot_ros2_pkgs) by extension 'colcon_pkg'
[0.161s] Level 1:colcon.colcon_core.package_identification:_identify(src/tugbot_ros2_pkgs/tugbot_ros2_pkgs) by extensions ['colcon_meta']
[0.161s] Level 1:colcon.colcon_core.package_identification:_identify(src/tugbot_ros2_pkgs/tugbot_ros2_pkgs) by extension 'colcon_meta'
[0.161s] Level 1:colcon.colcon_core.package_identification:_identify(src/tugbot_ros2_pkgs/tugbot_ros2_pkgs) by extensions ['ros']
[0.161s] Level 1:colcon.colcon_core.package_identification:_identify(src/tugbot_ros2_pkgs/tugbot_ros2_pkgs) by extension 'ros'
[0.161s] DEBUG:colcon.colcon_core.package_identification:Package 'src/tugbot_ros2_pkgs/tugbot_ros2_pkgs' with type 'ros.ament_cmake' and name 'tugbot_ros2_pkgs'
[0.161s] Level 1:colcon.colcon_core.package_identification:_identify(src/tugbot_ros2_pkgs/tugbot_slam) by extensions ['ignore', 'ignore_ament_install']
[0.161s] Level 1:colcon.colcon_core.package_identification:_identify(src/tugbot_ros2_pkgs/tugbot_slam) by extension 'ignore'
[0.161s] Level 1:colcon.colcon_core.package_identification:_identify(src/tugbot_ros2_pkgs/tugbot_slam) by extension 'ignore_ament_install'
[0.161s] Level 1:colcon.colcon_core.package_identification:_identify(src/tugbot_ros2_pkgs/tugbot_slam) by extensions ['colcon_pkg']
[0.161s] Level 1:colcon.colcon_core.package_identification:_identify(src/tugbot_ros2_pkgs/tugbot_slam) by extension 'colcon_pkg'
[0.161s] Level 1:colcon.colcon_core.package_identification:_identify(src/tugbot_ros2_pkgs/tugbot_slam) by extensions ['colcon_meta']
[0.161s] Level 1:colcon.colcon_core.package_identification:_identify(src/tugbot_ros2_pkgs/tugbot_slam) by extension 'colcon_meta'
[0.161s] Level 1:colcon.colcon_core.package_identification:_identify(src/tugbot_ros2_pkgs/tugbot_slam) by extensions ['ros']
[0.161s] Level 1:colcon.colcon_core.package_identification:_identify(src/tugbot_ros2_pkgs/tugbot_slam) by extension 'ros'
[0.162s] DEBUG:colcon.colcon_core.package_identification:Package 'src/tugbot_ros2_pkgs/tugbot_slam' with type 'ros.ament_cmake' and name 'tugbot_slam'
[0.162s] Level 1:colcon.colcon_core.package_discovery:discover_packages(recursive) using defaults
[0.162s] Level 1:colcon.colcon_core.package_discovery:discover_packages(ignore) discover
[0.162s] Level 1:colcon.colcon_core.package_discovery:discover_packages(ignore) using defaults
[0.162s] Level 1:colcon.colcon_core.package_discovery:discover_packages(path) discover
[0.162s] Level 1:colcon.colcon_core.package_discovery:discover_packages(path) using defaults
[0.181s] Level 1:colcon.colcon_core.package_discovery:discover_packages(prefix_path) check parameters
[0.181s] Level 1:colcon.colcon_core.package_discovery:discover_packages(prefix_path) discover
[0.181s] WARNING:colcon.colcon_ros.prefix_path.ament:The path '/home/das-note-021/253432010_gazebo_ws/install/tugbot_slam' in the environment variable AMENT_PREFIX_PATH doesn't exist
[0.181s] WARNING:colcon.colcon_ros.prefix_path.ament:The path '/home/das-note-021/253432010_gazebo_ws/install/tugbot_ros2_pkgs' in the environment variable AMENT_PREFIX_PATH doesn't exist
[0.182s] WARNING:colcon.colcon_ros.prefix_path.ament:The path '/home/das-note-021/253432010_gazebo_ws/install/tugbot_navigation2' in the environment variable AMENT_PREFIX_PATH doesn't exist
[0.182s] WARNING:colcon.colcon_ros.prefix_path.ament:The path '/home/das-note-021/253432010_gazebo_ws/install/tugbot_gazebo' in the environment variable AMENT_PREFIX_PATH doesn't exist
[0.182s] WARNING:colcon.colcon_ros.prefix_path.ament:The path '/home/das-note-021/253432010_gazebo_ws/install/tugbot_description' in the environment variable AMENT_PREFIX_PATH doesn't exist
[0.182s] WARNING:colcon.colcon_ros.prefix_path.catkin:The path '/home/das-note-021/253432010_gazebo_ws/install/tugbot_slam' in the environment variable CMAKE_PREFIX_PATH doesn't exist
[0.182s] WARNING:colcon.colcon_ros.prefix_path.catkin:The path '/home/das-note-021/253432010_gazebo_ws/install/tugbot_ros2_pkgs' in the environment variable CMAKE_PREFIX_PATH doesn't exist
[0.182s] WARNING:colcon.colcon_ros.prefix_path.catkin:The path '/home/das-note-021/253432010_gazebo_ws/install/tugbot_navigation2' in the environment variable CMAKE_PREFIX_PATH doesn't exist
[0.182s] WARNING:colcon.colcon_ros.prefix_path.catkin:The path '/home/das-note-021/253432010_gazebo_ws/install/tugbot_gazebo' in the environment variable CMAKE_PREFIX_PATH doesn't exist
[0.182s] WARNING:colcon.colcon_ros.prefix_path.catkin:The path '/home/das-note-021/253432010_gazebo_ws/install/tugbot_description' in the environment variable CMAKE_PREFIX_PATH doesn't exist
[0.182s] DEBUG:colcon.colcon_installed_package_information.package_discovery:Found 0 installed packages in /home/das-note-021/253432010_gazebo_ws/install
[0.183s] DEBUG:colcon.colcon_installed_package_information.package_discovery:Found 6 installed packages in /home/das-note-021/amir_basic_ws/install
[0.183s] DEBUG:colcon.colcon_installed_package_information.package_discovery:Found 23 installed packages in /home/das-note-021/kameyama_ws/install
[0.184s] DEBUG:colcon.colcon_installed_package_information.package_discovery:Found 434 installed packages in /opt/ros/humble
[0.185s] Level 1:colcon.colcon_core.package_discovery:discover_packages(prefix_path) using defaults
[0.214s] Level 5:colcon.colcon_core.verb:set package 'tugbot_description' build argument 'cmake_args' from command line to 'None'
[0.215s] Level 5:colcon.colcon_core.verb:set package 'tugbot_description' build argument 'cmake_target' from command line to 'None'
[0.215s] Level 5:colcon.colcon_core.verb:set package 'tugbot_description' build argument 'cmake_target_skip_unavailable' from command line to 'False'
[0.215s] Level 5:colcon.colcon_core.verb:set package 'tugbot_description' build argument 'cmake_clean_cache' from command line to 'False'
[0.215s] Level 5:colcon.colcon_core.verb:set package 'tugbot_description' build argument 'cmake_clean_first' from command line to 'False'
[0.215s] Level 5:colcon.colcon_core.verb:set package 'tugbot_description' build argument 'cmake_force_configure' from command line to 'False'
[0.215s] Level 5:colcon.colcon_core.verb:set package 'tugbot_description' build argument 'ament_cmake_args' from command line to 'None'
[0.215s] Level 5:colcon.colcon_core.verb:set package 'tugbot_description' build argument 'catkin_cmake_args' from command line to 'None'
[0.215s] Level 5:colcon.colcon_core.verb:set package 'tugbot_description' build argument 'catkin_skip_building_tests' from command line to 'False'
[0.215s] DEBUG:colcon.colcon_core.verb:Building package 'tugbot_description' with the following arguments: {'ament_cmake_args': None, 'build_base': '/home/das-note-021/253432010_gazebo_ws/build/tugbot_description', 'catkin_cmake_args': None, 'catkin_skip_building_tests': False, 'cmake_args': None, 'cmake_clean_cache': False, 'cmake_clean_first': False, 'cmake_force_configure': False, 'cmake_target': None, 'cmake_target_skip_unavailable': False, 'install_base': '/home/das-note-021/253432010_gazebo_ws/install/tugbot_description', 'merge_install': False, 'path': '/home/das-note-021/253432010_gazebo_ws/src/tugbot_ros2_pkgs/tugbot_description', 'symlink_install': True, 'test_result_base': None}
[0.215s] Level 5:colcon.colcon_core.verb:set package 'tugbot_gazebo' build argument 'cmake_args' from command line to 'None'
[0.215s] Level 5:colcon.colcon_core.verb:set package 'tugbot_gazebo' build argument 'cmake_target' from command line to 'None'
[0.215s] Level 5:colcon.colcon_core.verb:set package 'tugbot_gazebo' build argument 'cmake_target_skip_unavailable' from command line to 'False'
[0.215s] Level 5:colcon.colcon_core.verb:set package 'tugbot_gazebo' build argument 'cmake_clean_cache' from command line to 'False'
[0.215s] Level 5:colcon.colcon_core.verb:set package 'tugbot_gazebo' build argument 'cmake_clean_first' from command line to 'False'
[0.215s] Level 5:colcon.colcon_core.verb:set package 'tugbot_gazebo' build argument 'cmake_force_configure' from command line to 'False'
[0.215s] Level 5:colcon.colcon_core.verb:set package 'tugbot_gazebo' build argument 'ament_cmake_args' from command line to 'None'
[0.215s] Level 5:colcon.colcon_core.verb:set package 'tugbot_gazebo' build argument 'catkin_cmake_args' from command line to 'None'
[0.215s] Level 5:colcon.colcon_core.verb:set package 'tugbot_gazebo' build argument 'catkin_skip_building_tests' from command line to 'False'
[0.215s] DEBUG:colcon.colcon_core.verb:Building package 'tugbot_gazebo' with the following arguments: {'ament_cmake_args': None, 'build_base': '/home/das-note-021/253432010_gazebo_ws/build/tugbot_gazebo', 'catkin_cmake_args': None, 'catkin_skip_building_tests': False, 'cmake_args': None, 'cmake_clean_cache': False, 'cmake_clean_first': False, 'cmake_force_configure': False, 'cmake_target': None, 'cmake_target_skip_unavailable': False, 'install_base': '/home/das-note-021/253432010_gazebo_ws/install/tugbot_gazebo', 'merge_install': False, 'path': '/home/das-note-021/253432010_gazebo_ws/src/tugbot_ros2_pkgs/tugbot_gazebo', 'symlink_install': True, 'test_result_base': None}
[0.215s] Level 5:colcon.colcon_core.verb:set package 'tugbot_navigation2' build argument 'cmake_args' from command line to 'None'
[0.215s] Level 5:colcon.colcon_core.verb:set package 'tugbot_navigation2' build argument 'cmake_target' from command line to 'None'
[0.215s] Level 5:colcon.colcon_core.verb:set package 'tugbot_navigation2' build argument 'cmake_target_skip_unavailable' from command line to 'False'
[0.215s] Level 5:colcon.colcon_core.verb:set package 'tugbot_navigation2' build argument 'cmake_clean_cache' from command line to 'False'
[0.215s] Level 5:colcon.colcon_core.verb:set package 'tugbot_navigation2' build argument 'cmake_clean_first' from command line to 'False'
[0.215s] Level 5:colcon.colcon_core.verb:set package 'tugbot_navigation2' build argument 'cmake_force_configure' from command line to 'False'
[0.215s] Level 5:colcon.colcon_core.verb:set package 'tugbot_navigation2' build argument 'ament_cmake_args' from command line to 'None'
[0.215s] Level 5:colcon.colcon_core.verb:set package 'tugbot_navigation2' build argument 'catkin_cmake_args' from command line to 'None'
[0.215s] Level 5:colcon.colcon_core.verb:set package 'tugbot_navigation2' build argument 'catkin_skip_building_tests' from command line to 'False'
[0.215s] DEBUG:colcon.colcon_core.verb:Building package 'tugbot_navigation2' with the following arguments: {'ament_cmake_args': None, 'build_base': '/home/das-note-021/253432010_gazebo_ws/build/tugbot_navigation2', 'catkin_cmake_args': None, 'catkin_skip_building_tests': False, 'cmake_args': None, 'cmake_clean_cache': False, 'cmake_clean_first': False, 'cmake_force_configure': False, 'cmake_target': None, 'cmake_target_skip_unavailable': False, 'install_base': '/home/das-note-021/253432010_gazebo_ws/install/tugbot_navigation2', 'merge_install': False, 'path': '/home/das-note-021/253432010_gazebo_ws/src/tugbot_ros2_pkgs/tugbot_navigation2', 'symlink_install': True, 'test_result_base': None}
[0.215s] Level 5:colcon.colcon_core.verb:set package 'tugbot_ros2_pkgs' build argument 'cmake_args' from command line to 'None'
[0.215s] Level 5:colcon.colcon_core.verb:set package 'tugbot_ros2_pkgs' build argument 'cmake_target' from command line to 'None'
[0.215s] Level 5:colcon.colcon_core.verb:set package 'tugbot_ros2_pkgs' build argument 'cmake_target_skip_unavailable' from command line to 'False'
[0.215s] Level 5:colcon.colcon_core.verb:set package 'tugbot_ros2_pkgs' build argument 'cmake_clean_cache' from command line to 'False'
[0.215s] Level 5:colcon.colcon_core.verb:set package 'tugbot_ros2_pkgs' build argument 'cmake_clean_first' from command line to 'False'
[0.215s] Level 5:colcon.colcon_core.verb:set package 'tugbot_ros2_pkgs' build argument 'cmake_force_configure' from command line to 'False'
[0.215s] Level 5:colcon.colcon_core.verb:set package 'tugbot_ros2_pkgs' build argument 'ament_cmake_args' from command line to 'None'
[0.215s] Level 5:colcon.colcon_core.verb:set package 'tugbot_ros2_pkgs' build argument 'catkin_cmake_args' from command line to 'None'
[0.215s] Level 5:colcon.colcon_core.verb:set package 'tugbot_ros2_pkgs' build argument 'catkin_skip_building_tests' from command line to 'False'
[0.215s] DEBUG:colcon.colcon_core.verb:Building package 'tugbot_ros2_pkgs' with the following arguments: {'ament_cmake_args': None, 'build_base': '/home/das-note-021/253432010_gazebo_ws/build/tugbot_ros2_pkgs', 'catkin_cmake_args': None, 'catkin_skip_building_tests': False, 'cmake_args': None, 'cmake_clean_cache': False, 'cmake_clean_first': False, 'cmake_force_configure': False, 'cmake_target': None, 'cmake_target_skip_unavailable': False, 'install_base': '/home/das-note-021/253432010_gazebo_ws/install/tugbot_ros2_pkgs', 'merge_install': False, 'path': '/home/das-note-021/253432010_gazebo_ws/src/tugbot_ros2_pkgs/tugbot_ros2_pkgs', 'symlink_install': True, 'test_result_base': None}
[0.216s] Level 5:colcon.colcon_core.verb:set package 'tugbot_slam' build argument 'cmake_args' from command line to 'None'
[0.216s] Level 5:colcon.colcon_core.verb:set package 'tugbot_slam' build argument 'cmake_target' from command line to 'None'
[0.216s] Level 5:colcon.colcon_core.verb:set package 'tugbot_slam' build argument 'cmake_target_skip_unavailable' from command line to 'False'
[0.216s] Level 5:colcon.colcon_core.verb:set package 'tugbot_slam' build argument 'cmake_clean_cache' from command line to 'False'
[0.216s] Level 5:colcon.colcon_core.verb:set package 'tugbot_slam' build argument 'cmake_clean_first' from command line to 'False'
[0.216s] Level 5:colcon.colcon_core.verb:set package 'tugbot_slam' build argument 'cmake_force_configure' from command line to 'False'
[0.216s] Level 5:colcon.colcon_core.verb:set package 'tugbot_slam' build argument 'ament_cmake_args' from command line to 'None'
[0.216s] Level 5:colcon.colcon_core.verb:set package 'tugbot_slam' build argument 'catkin_cmake_args' from command line to 'None'
[0.216s] Level 5:colcon.colcon_core.verb:set package 'tugbot_slam' build argument 'catkin_skip_building_tests' from command line to 'False'
[0.216s] DEBUG:colcon.colcon_core.verb:Building package 'tugbot_slam' with the following arguments: {'ament_cmake_args': None, 'build_base': '/home/das-note-021/253432010_gazebo_ws/build/tugbot_slam', 'catkin_cmake_args': None, 'catkin_skip_building_tests': False, 'cmake_args': None, 'cmake_clean_cache': False, 'cmake_clean_first': False, 'cmake_force_configure': False, 'cmake_target': None, 'cmake_target_skip_unavailable': False, 'install_base': '/home/das-note-021/253432010_gazebo_ws/install/tugbot_slam', 'merge_install': False, 'path': '/home/das-note-021/253432010_gazebo_ws/src/tugbot_ros2_pkgs/tugbot_slam', 'symlink_install': True, 'test_result_base': None}
[0.216s] INFO:colcon.colcon_core.executor:Executing jobs using 'parallel' executor
[0.217s] DEBUG:colcon.colcon_parallel_executor.executor.parallel:run_until_complete
[0.217s] INFO:colcon.colcon_ros.task.ament_cmake.build:Building ROS package in '/home/das-note-021/253432010_gazebo_ws/src/tugbot_ros2_pkgs/tugbot_description' with build type 'ament_cmake'
[0.217s] INFO:colcon.colcon_cmake.task.cmake.build:Building CMake package in '/home/das-note-021/253432010_gazebo_ws/src/tugbot_ros2_pkgs/tugbot_description'
[0.219s] INFO:colcon.colcon_core.plugin_system:Skipping extension 'colcon_core.shell.bat': Not used on non-Windows systems
[0.219s] INFO:colcon.colcon_core.shell:Skip shell extension 'powershell' for command environment: Not usable outside of PowerShell
[0.219s] DEBUG:colcon.colcon_core.shell:Skip shell extension 'dsv' for command environment
[0.223s] INFO:colcon.colcon_ros.task.ament_cmake.build:Building ROS package in '/home/das-note-021/253432010_gazebo_ws/src/tugbot_ros2_pkgs/tugbot_gazebo' with build type 'ament_cmake'
[0.223s] INFO:colcon.colcon_cmake.task.cmake.build:Building CMake package in '/home/das-note-021/253432010_gazebo_ws/src/tugbot_ros2_pkgs/tugbot_gazebo'
[0.223s] INFO:colcon.colcon_core.shell:Skip shell extension 'powershell' for command environment: Not usable outside of PowerShell
[0.223s] DEBUG:colcon.colcon_core.shell:Skip shell extension 'dsv' for command environment
[0.226s] INFO:colcon.colcon_ros.task.ament_cmake.build:Building ROS package in '/home/das-note-021/253432010_gazebo_ws/src/tugbot_ros2_pkgs/tugbot_navigation2' with build type 'ament_cmake'
[0.226s] INFO:colcon.colcon_cmake.task.cmake.build:Building CMake package in '/home/das-note-021/253432010_gazebo_ws/src/tugbot_ros2_pkgs/tugbot_navigation2'
[0.226s] INFO:colcon.colcon_core.shell:Skip shell extension 'powershell' for command environment: Not usable outside of PowerShell
[0.226s] DEBUG:colcon.colcon_core.shell:Skip shell extension 'dsv' for command environment
[0.230s] INFO:colcon.colcon_ros.task.ament_cmake.build:Building ROS package in '/home/das-note-021/253432010_gazebo_ws/src/tugbot_ros2_pkgs/tugbot_ros2_pkgs' with build type 'ament_cmake'
[0.230s] INFO:colcon.colcon_cmake.task.cmake.build:Building CMake package in '/home/das-note-021/253432010_gazebo_ws/src/tugbot_ros2_pkgs/tugbot_ros2_pkgs'
[0.230s] INFO:colcon.colcon_core.shell:Skip shell extension 'powershell' for command environment: Not usable outside of PowerShell
[0.230s] DEBUG:colcon.colcon_core.shell:Skip shell extension 'dsv' for command environment
[0.233s] INFO:colcon.colcon_ros.task.ament_cmake.build:Building ROS package in '/home/das-note-021/253432010_gazebo_ws/src/tugbot_ros2_pkgs/tugbot_slam' with build type 'ament_cmake'
[0.233s] INFO:colcon.colcon_cmake.task.cmake.build:Building CMake package in '/home/das-note-021/253432010_gazebo_ws/src/tugbot_ros2_pkgs/tugbot_slam'
[0.233s] INFO:colcon.colcon_core.shell:Skip shell extension 'powershell' for command environment: Not usable outside of PowerShell
[0.233s] DEBUG:colcon.colcon_core.shell:Skip shell extension 'dsv' for command environment
[0.238s] DEBUG:colcon.colcon_core.event_handler.log_command:Invoking command in '/home/das-note-021/253432010_gazebo_ws/build/tugbot_description': CMAKE_PREFIX_PATH=${CMAKE_PREFIX_PATH}:/home/das-note-021/kameyama_ws/install/ros2_aruco:/home/das-note-021/kameyama_ws/install/failure_detection:/home/das-note-021/kameyama_ws/install/bt_generator:/opt/ros/humble /usr/bin/cmake /home/das-note-021/253432010_gazebo_ws/src/tugbot_ros2_pkgs/tugbot_description -DAMENT_CMAKE_SYMLINK_INSTALL=1 -DCMAKE_INSTALL_PREFIX=/home/das-note-021/253432010_gazebo_ws/install/tugbot_description
[0.240s] DEBUG:colcon.colcon_core.event_handler.log_command:Invoking command in '/home/das-note-021/253432010_gazebo_ws/build/tugbot_gazebo': CMAKE_PREFIX_PATH=${CMAKE_PREFIX_PATH}:/home/das-note-021/kameyama_ws/install/ros2_aruco:/home/das-note-021/kameyama_ws/install/failure_detection:/home/das-note-021/kameyama_ws/install/bt_generator:/opt/ros/humble /usr/bin/cmake /home/das-note-021/253432010_gazebo_ws/src/tugbot_ros2_pkgs/tugbot_gazebo -DAMENT_CMAKE_SYMLINK_INSTALL=1 -DCMAKE_INSTALL_PREFIX=/home/das-note-021/253432010_gazebo_ws/install/tugbot_gazebo
[0.242s] DEBUG:colcon.colcon_core.event_handler.log_command:Invoking command in '/home/das-note-021/253432010_gazebo_ws/build/tugbot_navigation2': CMAKE_PREFIX_PATH=${CMAKE_PREFIX_PATH}:/home/das-note-021/kameyama_ws/install/ros2_aruco:/home/das-note-021/kameyama_ws/install/failure_detection:/home/das-note-021/kameyama_ws/install/bt_generator:/opt/ros/humble /usr/bin/cmake /home/das-note-021/253432010_gazebo_ws/src/tugbot_ros2_pkgs/tugbot_navigation2 -DAMENT_CMAKE_SYMLINK_INSTALL=1 -DCMAKE_INSTALL_PREFIX=/home/das-note-021/253432010_gazebo_ws/install/tugbot_navigation2
[0.247s] DEBUG:colcon.colcon_core.event_handler.log_command:Invoking command in '/home/das-note-021/253432010_gazebo_ws/build/tugbot_ros2_pkgs': CMAKE_PREFIX_PATH=${CMAKE_PREFIX_PATH}:/home/das-note-021/kameyama_ws/install/ros2_aruco:/home/das-note-021/kameyama_ws/install/failure_detection:/home/das-note-021/kameyama_ws/install/bt_generator:/opt/ros/humble /usr/bin/cmake /home/das-note-021/253432010_gazebo_ws/src/tugbot_ros2_pkgs/tugbot_ros2_pkgs -DAMENT_CMAKE_SYMLINK_INSTALL=1 -DCMAKE_INSTALL_PREFIX=/home/das-note-021/253432010_gazebo_ws/install/tugbot_ros2_pkgs
[0.251s] DEBUG:colcon.colcon_core.event_handler.log_command:Invoking command in '/home/das-note-021/253432010_gazebo_ws/build/tugbot_slam': CMAKE_PREFIX_PATH=${CMAKE_PREFIX_PATH}:/home/das-note-021/kameyama_ws/install/ros2_aruco:/home/das-note-021/kameyama_ws/install/failure_detection:/home/das-note-021/kameyama_ws/install/bt_generator:/opt/ros/humble /usr/bin/cmake /home/das-note-021/253432010_gazebo_ws/src/tugbot_ros2_pkgs/tugbot_slam -DAMENT_CMAKE_SYMLINK_INSTALL=1 -DCMAKE_INSTALL_PREFIX=/home/das-note-021/253432010_gazebo_ws/install/tugbot_slam
[1.098s] DEBUG:colcon.colcon_core.event_handler.log_command:Invoked command in '/home/das-note-021/253432010_gazebo_ws/build/tugbot_ros2_pkgs' returned '0': CMAKE_PREFIX_PATH=${CMAKE_PREFIX_PATH}:/home/das-note-021/kameyama_ws/install/ros2_aruco:/home/das-note-021/kameyama_ws/install/failure_detection:/home/das-note-021/kameyama_ws/install/bt_generator:/opt/ros/humble /usr/bin/cmake /home/das-note-021/253432010_gazebo_ws/src/tugbot_ros2_pkgs/tugbot_ros2_pkgs -DAMENT_CMAKE_SYMLINK_INSTALL=1 -DCMAKE_INSTALL_PREFIX=/home/das-note-021/253432010_gazebo_ws/install/tugbot_ros2_pkgs
[1.100s] DEBUG:colcon.colcon_core.event_handler.log_command:Invoking command in '/home/das-note-021/253432010_gazebo_ws/build/tugbot_ros2_pkgs': CMAKE_PREFIX_PATH=${CMAKE_PREFIX_PATH}:/home/das-note-021/kameyama_ws/install/ros2_aruco:/home/das-note-021/kameyama_ws/install/failure_detection:/home/das-note-021/kameyama_ws/install/bt_generator:/opt/ros/humble /usr/bin/cmake --build /home/das-note-021/253432010_gazebo_ws/build/tugbot_ros2_pkgs -- -j22 -l22
[1.111s] DEBUG:colcon.colcon_core.event_handler.log_command:Invoked command in '/home/das-note-021/253432010_gazebo_ws/build/tugbot_slam' returned '0': CMAKE_PREFIX_PATH=${CMAKE_PREFIX_PATH}:/home/das-note-021/kameyama_ws/install/ros2_aruco:/home/das-note-021/kameyama_ws/install/failure_detection:/home/das-note-021/kameyama_ws/install/bt_generator:/opt/ros/humble /usr/bin/cmake /home/das-note-021/253432010_gazebo_ws/src/tugbot_ros2_pkgs/tugbot_slam -DAMENT_CMAKE_SYMLINK_INSTALL=1 -DCMAKE_INSTALL_PREFIX=/home/das-note-021/253432010_gazebo_ws/install/tugbot_slam
[1.112s] DEBUG:colcon.colcon_core.event_handler.log_command:Invoking command in '/home/das-note-021/253432010_gazebo_ws/build/tugbot_slam': CMAKE_PREFIX_PATH=${CMAKE_PREFIX_PATH}:/home/das-note-021/kameyama_ws/install/ros2_aruco:/home/das-note-021/kameyama_ws/install/failure_detection:/home/das-note-021/kameyama_ws/install/bt_generator:/opt/ros/humble /usr/bin/cmake --build /home/das-note-021/253432010_gazebo_ws/build/tugbot_slam -- -j22 -l22
[1.121s] DEBUG:colcon.colcon_core.event_handler.log_command:Invoked command in '/home/das-note-021/253432010_gazebo_ws/build/tugbot_navigation2' returned '0': CMAKE_PREFIX_PATH=${CMAKE_PREFIX_PATH}:/home/das-note-021/kameyama_ws/install/ros2_aruco:/home/das-note-021/kameyama_ws/install/failure_detection:/home/das-note-021/kameyama_ws/install/bt_generator:/opt/ros/humble /usr/bin/cmake /home/das-note-021/253432010_gazebo_ws/src/tugbot_ros2_pkgs/tugbot_navigation2 -DAMENT_CMAKE_SYMLINK_INSTALL=1 -DCMAKE_INSTALL_PREFIX=/home/das-note-021/253432010_gazebo_ws/install/tugbot_navigation2
[1.123s] DEBUG:colcon.colcon_core.event_handler.log_command:Invoking command in '/home/das-note-021/253432010_gazebo_ws/build/tugbot_navigation2': CMAKE_PREFIX_PATH=${CMAKE_PREFIX_PATH}:/home/das-note-021/kameyama_ws/install/ros2_aruco:/home/das-note-021/kameyama_ws/install/failure_detection:/home/das-note-021/kameyama_ws/install/bt_generator:/opt/ros/humble /usr/bin/cmake --build /home/das-note-021/253432010_gazebo_ws/build/tugbot_navigation2 -- -j22 -l22
[1.128s] DEBUG:colcon.colcon_core.event_handler.log_command:Invoked command in '/home/das-note-021/253432010_gazebo_ws/build/tugbot_gazebo' returned '0': CMAKE_PREFIX_PATH=${CMAKE_PREFIX_PATH}:/home/das-note-021/kameyama_ws/install/ros2_aruco:/home/das-note-021/kameyama_ws/install/failure_detection:/home/das-note-021/kameyama_ws/install/bt_generator:/opt/ros/humble /usr/bin/cmake /home/das-note-021/253432010_gazebo_ws/src/tugbot_ros2_pkgs/tugbot_gazebo -DAMENT_CMAKE_SYMLINK_INSTALL=1 -DCMAKE_INSTALL_PREFIX=/home/das-note-021/253432010_gazebo_ws/install/tugbot_gazebo
[1.130s] DEBUG:colcon.colcon_core.event_handler.log_command:Invoking command in '/home/das-note-021/253432010_gazebo_ws/build/tugbot_gazebo': CMAKE_PREFIX_PATH=${CMAKE_PREFIX_PATH}:/home/das-note-021/kameyama_ws/install/ros2_aruco:/home/das-note-021/kameyama_ws/install/failure_detection:/home/das-note-021/kameyama_ws/install/bt_generator:/opt/ros/humble /usr/bin/cmake --build /home/das-note-021/253432010_gazebo_ws/build/tugbot_gazebo -- -j22 -l22
[1.133s] DEBUG:colcon.colcon_core.event_handler.log_command:Invoked command in '/home/das-note-021/253432010_gazebo_ws/build/tugbot_ros2_pkgs' returned '0': CMAKE_PREFIX_PATH=${CMAKE_PREFIX_PATH}:/home/das-note-021/kameyama_ws/install/ros2_aruco:/home/das-note-021/kameyama_ws/install/failure_detection:/home/das-note-021/kameyama_ws/install/bt_generator:/opt/ros/humble /usr/bin/cmake --build /home/das-note-021/253432010_gazebo_ws/build/tugbot_ros2_pkgs -- -j22 -l22
[1.141s] DEBUG:colcon.colcon_core.event_handler.log_command:Invoking command in '/home/das-note-021/253432010_gazebo_ws/build/tugbot_ros2_pkgs': CMAKE_PREFIX_PATH=${CMAKE_PREFIX_PATH}:/home/das-note-021/kameyama_ws/install/ros2_aruco:/home/das-note-021/kameyama_ws/install/failure_detection:/home/das-note-021/kameyama_ws/install/bt_generator:/opt/ros/humble /usr/bin/cmake --install /home/das-note-021/253432010_gazebo_ws/build/tugbot_ros2_pkgs
[1.144s] DEBUG:colcon.colcon_core.event_handler.log_command:Invoked command in '/home/das-note-021/253432010_gazebo_ws/build/tugbot_slam' returned '0': CMAKE_PREFIX_PATH=${CMAKE_PREFIX_PATH}:/home/das-note-021/kameyama_ws/install/ros2_aruco:/home/das-note-021/kameyama_ws/install/failure_detection:/home/das-note-021/kameyama_ws/install/bt_generator:/opt/ros/humble /usr/bin/cmake --build /home/das-note-021/253432010_gazebo_ws/build/tugbot_slam -- -j22 -l22
[1.145s] DEBUG:colcon.colcon_core.event_handler.log_command:Invoking command in '/home/das-note-021/253432010_gazebo_ws/build/tugbot_slam': CMAKE_PREFIX_PATH=${CMAKE_PREFIX_PATH}:/home/das-note-021/kameyama_ws/install/ros2_aruco:/home/das-note-021/kameyama_ws/install/failure_detection:/home/das-note-021/kameyama_ws/install/bt_generator:/opt/ros/humble /usr/bin/cmake --install /home/das-note-021/253432010_gazebo_ws/build/tugbot_slam
[1.151s] DEBUG:colcon.colcon_core.event_handler.log_command:Invoked command in '/home/das-note-021/253432010_gazebo_ws/build/tugbot_navigation2' returned '0': CMAKE_PREFIX_PATH=${CMAKE_PREFIX_PATH}:/home/das-note-021/kameyama_ws/install/ros2_aruco:/home/das-note-021/kameyama_ws/install/failure_detection:/home/das-note-021/kameyama_ws/install/bt_generator:/opt/ros/humble /usr/bin/cmake --build /home/das-note-021/253432010_gazebo_ws/build/tugbot_navigation2 -- -j22 -l22
[1.152s] DEBUG:colcon.colcon_core.event_handler.log_command:Invoking command in '/home/das-note-021/253432010_gazebo_ws/build/tugbot_navigation2': CMAKE_PREFIX_PATH=${CMAKE_PREFIX_PATH}:/home/das-note-021/kameyama_ws/install/ros2_aruco:/home/das-note-021/kameyama_ws/install/failure_detection:/home/das-note-021/kameyama_ws/install/bt_generator:/opt/ros/humble /usr/bin/cmake --install /home/das-note-021/253432010_gazebo_ws/build/tugbot_navigation2
[1.165s] DEBUG:colcon.colcon_core.event_handler.log_command:Invoked command in '/home/das-note-021/253432010_gazebo_ws/build/tugbot_gazebo' returned '0': CMAKE_PREFIX_PATH=${CMAKE_PREFIX_PATH}:/home/das-note-021/kameyama_ws/install/ros2_aruco:/home/das-note-021/kameyama_ws/install/failure_detection:/home/das-note-021/kameyama_ws/install/bt_generator:/opt/ros/humble /usr/bin/cmake --build /home/das-note-021/253432010_gazebo_ws/build/tugbot_gazebo -- -j22 -l22
[1.167s] DEBUG:colcon.colcon_core.event_handler.log_command:Invoking command in '/home/das-note-021/253432010_gazebo_ws/build/tugbot_gazebo': CMAKE_PREFIX_PATH=${CMAKE_PREFIX_PATH}:/home/das-note-021/kameyama_ws/install/ros2_aruco:/home/das-note-021/kameyama_ws/install/failure_detection:/home/das-note-021/kameyama_ws/install/bt_generator:/opt/ros/humble /usr/bin/cmake --install /home/das-note-021/253432010_gazebo_ws/build/tugbot_gazebo
[1.264s] Level 1:colcon.colcon_core.environment:create_environment_scripts_only(tugbot_ros2_pkgs)
[1.265s] DEBUG:colcon.colcon_core.event_handler.log_command:Invoked command in '/home/das-note-021/253432010_gazebo_ws/build/tugbot_ros2_pkgs' returned '0': CMAKE_PREFIX_PATH=${CMAKE_PREFIX_PATH}:/home/das-note-021/kameyama_ws/install/ros2_aruco:/home/das-note-021/kameyama_ws/install/failure_detection:/home/das-note-021/kameyama_ws/install/bt_generator:/opt/ros/humble /usr/bin/cmake --install /home/das-note-021/253432010_gazebo_ws/build/tugbot_ros2_pkgs
[1.266s] Level 1:colcon.colcon_core.environment:checking '/home/das-note-021/253432010_gazebo_ws/install/tugbot_ros2_pkgs' for CMake module files
[1.266s] Level 1:colcon.colcon_core.environment:checking '/home/das-note-021/253432010_gazebo_ws/install/tugbot_ros2_pkgs' for CMake config files
[1.266s] Level 1:colcon.colcon_core.shell:create_environment_hook('tugbot_ros2_pkgs', 'cmake_prefix_path')
[1.267s] INFO:colcon.colcon_core.shell:Creating environment hook '/home/das-note-021/253432010_gazebo_ws/install/tugbot_ros2_pkgs/share/tugbot_ros2_pkgs/hook/cmake_prefix_path.ps1'
[1.267s] INFO:colcon.colcon_core.shell:Creating environment descriptor '/home/das-note-021/253432010_gazebo_ws/install/tugbot_ros2_pkgs/share/tugbot_ros2_pkgs/hook/cmake_prefix_path.dsv'
[1.267s] INFO:colcon.colcon_core.shell:Creating environment hook '/home/das-note-021/253432010_gazebo_ws/install/tugbot_ros2_pkgs/share/tugbot_ros2_pkgs/hook/cmake_prefix_path.sh'
[1.268s] Level 1:colcon.colcon_core.environment:checking '/home/das-note-021/253432010_gazebo_ws/install/tugbot_ros2_pkgs/bin'
[1.268s] Level 1:colcon.colcon_core.environment:checking '/home/das-note-021/253432010_gazebo_ws/install/tugbot_ros2_pkgs/lib/pkgconfig/tugbot_ros2_pkgs.pc'
[1.268s] Level 1:colcon.colcon_core.environment:checking '/home/das-note-021/253432010_gazebo_ws/install/tugbot_ros2_pkgs/lib/python3.10/site-packages'
[1.268s] Level 1:colcon.colcon_core.environment:checking '/home/das-note-021/253432010_gazebo_ws/install/tugbot_ros2_pkgs/bin'
[1.268s] INFO:colcon.colcon_core.shell:Creating package script '/home/das-note-021/253432010_gazebo_ws/install/tugbot_ros2_pkgs/share/tugbot_ros2_pkgs/package.ps1'
[1.269s] INFO:colcon.colcon_core.shell:Creating package descriptor '/home/das-note-021/253432010_gazebo_ws/install/tugbot_ros2_pkgs/share/tugbot_ros2_pkgs/package.dsv'
[1.269s] INFO:colcon.colcon_core.shell:Creating package script '/home/das-note-021/253432010_gazebo_ws/install/tugbot_ros2_pkgs/share/tugbot_ros2_pkgs/package.sh'
[1.270s] INFO:colcon.colcon_core.shell:Creating package script '/home/das-note-021/253432010_gazebo_ws/install/tugbot_ros2_pkgs/share/tugbot_ros2_pkgs/package.bash'
[1.270s] INFO:colcon.colcon_core.shell:Creating package script '/home/das-note-021/253432010_gazebo_ws/install/tugbot_ros2_pkgs/share/tugbot_ros2_pkgs/package.zsh'
[1.270s] Level 1:colcon.colcon_core.environment:create_file_with_runtime_dependencies(/home/das-note-021/253432010_gazebo_ws/install/tugbot_ros2_pkgs/share/colcon-core/packages/tugbot_ros2_pkgs)
[1.271s] Level 1:colcon.colcon_core.environment:create_environment_scripts_only(tugbot_ros2_pkgs)
[1.271s] Level 1:colcon.colcon_core.environment:checking '/home/das-note-021/253432010_gazebo_ws/install/tugbot_ros2_pkgs' for CMake module files
[1.271s] Level 1:colcon.colcon_core.environment:checking '/home/das-note-021/253432010_gazebo_ws/install/tugbot_ros2_pkgs' for CMake config files
[1.272s] Level 1:colcon.colcon_core.shell:create_environment_hook('tugbot_ros2_pkgs', 'cmake_prefix_path')
[1.272s] INFO:colcon.colcon_core.shell:Creating environment hook '/home/das-note-021/253432010_gazebo_ws/install/tugbot_ros2_pkgs/share/tugbot_ros2_pkgs/hook/cmake_prefix_path.ps1'
[1.272s] INFO:colcon.colcon_core.shell:Creating environment descriptor '/home/das-note-021/253432010_gazebo_ws/install/tugbot_ros2_pkgs/share/tugbot_ros2_pkgs/hook/cmake_prefix_path.dsv'
[1.272s] INFO:colcon.colcon_core.shell:Creating environment hook '/home/das-note-021/253432010_gazebo_ws/install/tugbot_ros2_pkgs/share/tugbot_ros2_pkgs/hook/cmake_prefix_path.sh'
[1.273s] Level 1:colcon.colcon_core.environment:checking '/home/das-note-021/253432010_gazebo_ws/install/tugbot_ros2_pkgs/bin'
[1.273s] Level 1:colcon.colcon_core.environment:checking '/home/das-note-021/253432010_gazebo_ws/install/tugbot_ros2_pkgs/lib/pkgconfig/tugbot_ros2_pkgs.pc'
[1.273s] Level 1:colcon.colcon_core.environment:checking '/home/das-note-021/253432010_gazebo_ws/install/tugbot_ros2_pkgs/lib/python3.10/site-packages'
[1.273s] Level 1:colcon.colcon_core.environment:checking '/home/das-note-021/253432010_gazebo_ws/install/tugbot_ros2_pkgs/bin'
[1.273s] INFO:colcon.colcon_core.shell:Creating package script '/home/das-note-021/253432010_gazebo_ws/install/tugbot_ros2_pkgs/share/tugbot_ros2_pkgs/package.ps1'
[1.273s] INFO:colcon.colcon_core.shell:Creating package descriptor '/home/das-note-021/253432010_gazebo_ws/install/tugbot_ros2_pkgs/share/tugbot_ros2_pkgs/package.dsv'
[1.274s] INFO:colcon.colcon_core.shell:Creating package script '/home/das-note-021/253432010_gazebo_ws/install/tugbot_ros2_pkgs/share/tugbot_ros2_pkgs/package.sh'
[1.274s] INFO:colcon.colcon_core.shell:Creating package script '/home/das-note-021/253432010_gazebo_ws/install/tugbot_ros2_pkgs/share/tugbot_ros2_pkgs/package.bash'
[1.274s] INFO:colcon.colcon_core.shell:Creating package script '/home/das-note-021/253432010_gazebo_ws/install/tugbot_ros2_pkgs/share/tugbot_ros2_pkgs/package.zsh'
[1.274s] Level 1:colcon.colcon_core.environment:create_file_with_runtime_dependencies(/home/das-note-021/253432010_gazebo_ws/install/tugbot_ros2_pkgs/share/colcon-core/packages/tugbot_ros2_pkgs)
[1.278s] Level 1:colcon.colcon_core.environment:create_environment_scripts_only(tugbot_slam)
[1.278s] Level 1:colcon.colcon_core.environment:checking '/home/das-note-021/253432010_gazebo_ws/install/tugbot_slam' for CMake module files
[1.279s] DEBUG:colcon.colcon_core.event_handler.log_command:Invoked command in '/home/das-note-021/253432010_gazebo_ws/build/tugbot_slam' returned '0': CMAKE_PREFIX_PATH=${CMAKE_PREFIX_PATH}:/home/das-note-021/kameyama_ws/install/ros2_aruco:/home/das-note-021/kameyama_ws/install/failure_detection:/home/das-note-021/kameyama_ws/install/bt_generator:/opt/ros/humble /usr/bin/cmake --install /home/das-note-021/253432010_gazebo_ws/build/tugbot_slam
[1.279s] Level 1:colcon.colcon_core.environment:checking '/home/das-note-021/253432010_gazebo_ws/install/tugbot_slam' for CMake config files
[1.279s] Level 1:colcon.colcon_core.shell:create_environment_hook('tugbot_slam', 'cmake_prefix_path')
[1.279s] INFO:colcon.colcon_core.shell:Creating environment hook '/home/das-note-021/253432010_gazebo_ws/install/tugbot_slam/share/tugbot_slam/hook/cmake_prefix_path.ps1'
[1.280s] INFO:colcon.colcon_core.shell:Creating environment descriptor '/home/das-note-021/253432010_gazebo_ws/install/tugbot_slam/share/tugbot_slam/hook/cmake_prefix_path.dsv'
[1.280s] INFO:colcon.colcon_core.shell:Creating environment hook '/home/das-note-021/253432010_gazebo_ws/install/tugbot_slam/share/tugbot_slam/hook/cmake_prefix_path.sh'
[1.280s] Level 1:colcon.colcon_core.environment:checking '/home/das-note-021/253432010_gazebo_ws/install/tugbot_slam/bin'
[1.280s] Level 1:colcon.colcon_core.environment:checking '/home/das-note-021/253432010_gazebo_ws/install/tugbot_slam/lib/pkgconfig/tugbot_slam.pc'
[1.280s] Level 1:colcon.colcon_core.environment:checking '/home/das-note-021/253432010_gazebo_ws/install/tugbot_slam/lib/python3.10/site-packages'
[1.281s] Level 1:colcon.colcon_core.environment:checking '/home/das-note-021/253432010_gazebo_ws/install/tugbot_slam/bin'
[1.281s] INFO:colcon.colcon_core.shell:Creating package script '/home/das-note-021/253432010_gazebo_ws/install/tugbot_slam/share/tugbot_slam/package.ps1'
[1.281s] INFO:colcon.colcon_core.shell:Creating package descriptor '/home/das-note-021/253432010_gazebo_ws/install/tugbot_slam/share/tugbot_slam/package.dsv'
[1.281s] INFO:colcon.colcon_core.shell:Creating package script '/home/das-note-021/253432010_gazebo_ws/install/tugbot_slam/share/tugbot_slam/package.sh'
[1.281s] INFO:colcon.colcon_core.shell:Creating package script '/home/das-note-021/253432010_gazebo_ws/install/tugbot_slam/share/tugbot_slam/package.bash'
[1.282s] INFO:colcon.colcon_core.shell:Creating package script '/home/das-note-021/253432010_gazebo_ws/install/tugbot_slam/share/tugbot_slam/package.zsh'
[1.282s] Level 1:colcon.colcon_core.environment:create_file_with_runtime_dependencies(/home/das-note-021/253432010_gazebo_ws/install/tugbot_slam/share/colcon-core/packages/tugbot_slam)
[1.282s] Level 1:colcon.colcon_core.environment:create_environment_scripts_only(tugbot_slam)
[1.282s] Level 1:colcon.colcon_core.environment:checking '/home/das-note-021/253432010_gazebo_ws/install/tugbot_slam' for CMake module files
[1.283s] Level 1:colcon.colcon_core.environment:checking '/home/das-note-021/253432010_gazebo_ws/install/tugbot_slam' for CMake config files
[1.283s] Level 1:colcon.colcon_core.shell:create_environment_hook('tugbot_slam', 'cmake_prefix_path')
[1.283s] INFO:colcon.colcon_core.shell:Creating environment hook '/home/das-note-021/253432010_gazebo_ws/install/tugbot_slam/share/tugbot_slam/hook/cmake_prefix_path.ps1'
[1.283s] INFO:colcon.colcon_core.shell:Creating environment descriptor '/home/das-note-021/253432010_gazebo_ws/install/tugbot_slam/share/tugbot_slam/hook/cmake_prefix_path.dsv'
[1.283s] INFO:colcon.colcon_core.shell:Creating environment hook '/home/das-note-021/253432010_gazebo_ws/install/tugbot_slam/share/tugbot_slam/hook/cmake_prefix_path.sh'
[1.284s] Level 1:colcon.colcon_core.environment:checking '/home/das-note-021/253432010_gazebo_ws/install/tugbot_slam/bin'
[1.284s] Level 1:colcon.colcon_core.environment:checking '/home/das-note-021/253432010_gazebo_ws/install/tugbot_slam/lib/pkgconfig/tugbot_slam.pc'
[1.284s] Level 1:colcon.colcon_core.environment:checking '/home/das-note-021/253432010_gazebo_ws/install/tugbot_slam/lib/python3.10/site-packages'
[1.284s] Level 1:colcon.colcon_core.environment:checking '/home/das-note-021/253432010_gazebo_ws/install/tugbot_slam/bin'
[1.285s] INFO:colcon.colcon_core.shell:Creating package script '/home/das-note-021/253432010_gazebo_ws/install/tugbot_slam/share/tugbot_slam/package.ps1'
[1.285s] INFO:colcon.colcon_core.shell:Creating package descriptor '/home/das-note-021/253432010_gazebo_ws/install/tugbot_slam/share/tugbot_slam/package.dsv'
[1.286s] INFO:colcon.colcon_core.shell:Creating package script '/home/das-note-021/253432010_gazebo_ws/install/tugbot_slam/share/tugbot_slam/package.sh'
[1.286s] INFO:colcon.colcon_core.shell:Creating package script '/home/das-note-021/253432010_gazebo_ws/install/tugbot_slam/share/tugbot_slam/package.bash'
[1.286s] INFO:colcon.colcon_core.shell:Creating package script '/home/das-note-021/253432010_gazebo_ws/install/tugbot_slam/share/tugbot_slam/package.zsh'
[1.286s] Level 1:colcon.colcon_core.environment:create_file_with_runtime_dependencies(/home/das-note-021/253432010_gazebo_ws/install/tugbot_slam/share/colcon-core/packages/tugbot_slam)
[1.306s] Level 1:colcon.colcon_core.environment:create_environment_scripts_only(tugbot_navigation2)
[1.306s] Level 1:colcon.colcon_core.environment:checking '/home/das-note-021/253432010_gazebo_ws/install/tugbot_navigation2' for CMake module files
[1.307s] DEBUG:colcon.colcon_core.event_handler.log_command:Invoked command in '/home/das-note-021/253432010_gazebo_ws/build/tugbot_navigation2' returned '0': CMAKE_PREFIX_PATH=${CMAKE_PREFIX_PATH}:/home/das-note-021/kameyama_ws/install/ros2_aruco:/home/das-note-021/kameyama_ws/install/failure_detection:/home/das-note-021/kameyama_ws/install/bt_generator:/opt/ros/humble /usr/bin/cmake --install /home/das-note-021/253432010_gazebo_ws/build/tugbot_navigation2
[1.308s] Level 1:colcon.colcon_core.environment:checking '/home/das-note-021/253432010_gazebo_ws/install/tugbot_navigation2' for CMake config files
[1.308s] Level 1:colcon.colcon_core.shell:create_environment_hook('tugbot_navigation2', 'cmake_prefix_path')
[1.308s] INFO:colcon.colcon_core.shell:Creating environment hook '/home/das-note-021/253432010_gazebo_ws/install/tugbot_navigation2/share/tugbot_navigation2/hook/cmake_prefix_path.ps1'
[1.309s] INFO:colcon.colcon_core.shell:Creating environment descriptor '/home/das-note-021/253432010_gazebo_ws/install/tugbot_navigation2/share/tugbot_navigation2/hook/cmake_prefix_path.dsv'
[1.309s] INFO:colcon.colcon_core.shell:Creating environment hook '/home/das-note-021/253432010_gazebo_ws/install/tugbot_navigation2/share/tugbot_navigation2/hook/cmake_prefix_path.sh'
[1.310s] Level 1:colcon.colcon_core.environment:checking '/home/das-note-021/253432010_gazebo_ws/install/tugbot_navigation2/bin'
[1.310s] Level 1:colcon.colcon_core.environment:checking '/home/das-note-021/253432010_gazebo_ws/install/tugbot_navigation2/lib/pkgconfig/tugbot_navigation2.pc'
[1.310s] Level 1:colcon.colcon_core.environment:checking '/home/das-note-021/253432010_gazebo_ws/install/tugbot_navigation2/lib/python3.10/site-packages'
[1.310s] Level 1:colcon.colcon_core.environment:checking '/home/das-note-021/253432010_gazebo_ws/install/tugbot_navigation2/bin'
[1.311s] INFO:colcon.colcon_core.shell:Creating package script '/home/das-note-021/253432010_gazebo_ws/install/tugbot_navigation2/share/tugbot_navigation2/package.ps1'
[1.311s] INFO:colcon.colcon_core.shell:Creating package descriptor '/home/das-note-021/253432010_gazebo_ws/install/tugbot_navigation2/share/tugbot_navigation2/package.dsv'
[1.311s] INFO:colcon.colcon_core.shell:Creating package script '/home/das-note-021/253432010_gazebo_ws/install/tugbot_navigation2/share/tugbot_navigation2/package.sh'
[1.311s] INFO:colcon.colcon_core.shell:Creating package script '/home/das-note-021/253432010_gazebo_ws/install/tugbot_navigation2/share/tugbot_navigation2/package.bash'
[1.312s] INFO:colcon.colcon_core.shell:Creating package script '/home/das-note-021/253432010_gazebo_ws/install/tugbot_navigation2/share/tugbot_navigation2/package.zsh'
[1.312s] Level 1:colcon.colcon_core.environment:create_file_with_runtime_dependencies(/home/das-note-021/253432010_gazebo_ws/install/tugbot_navigation2/share/colcon-core/packages/tugbot_navigation2)
[1.312s] Level 1:colcon.colcon_core.environment:create_environment_scripts_only(tugbot_navigation2)
[1.312s] Level 1:colcon.colcon_core.environment:checking '/home/das-note-021/253432010_gazebo_ws/install/tugbot_navigation2' for CMake module files
[1.313s] Level 1:colcon.colcon_core.environment:checking '/home/das-note-021/253432010_gazebo_ws/install/tugbot_navigation2' for CMake config files
[1.313s] Level 1:colcon.colcon_core.shell:create_environment_hook('tugbot_navigation2', 'cmake_prefix_path')
[1.313s] INFO:colcon.colcon_core.shell:Creating environment hook '/home/das-note-021/253432010_gazebo_ws/install/tugbot_navigation2/share/tugbot_navigation2/hook/cmake_prefix_path.ps1'
[1.313s] INFO:colcon.colcon_core.shell:Creating environment descriptor '/home/das-note-021/253432010_gazebo_ws/install/tugbot_navigation2/share/tugbot_navigation2/hook/cmake_prefix_path.dsv'
[1.313s] INFO:colcon.colcon_core.shell:Creating environment hook '/home/das-note-021/253432010_gazebo_ws/install/tugbot_navigation2/share/tugbot_navigation2/hook/cmake_prefix_path.sh'
[1.314s] Level 1:colcon.colcon_core.environment:checking '/home/das-note-021/253432010_gazebo_ws/install/tugbot_navigation2/bin'
[1.314s] Level 1:colcon.colcon_core.environment:checking '/home/das-note-021/253432010_gazebo_ws/install/tugbot_navigation2/lib/pkgconfig/tugbot_navigation2.pc'
[1.314s] Level 1:colcon.colcon_core.environment:checking '/home/das-note-021/253432010_gazebo_ws/install/tugbot_navigation2/lib/python3.10/site-packages'
[1.314s] Level 1:colcon.colcon_core.environment:checking '/home/das-note-021/253432010_gazebo_ws/install/tugbot_navigation2/bin'
[1.314s] INFO:colcon.colcon_core.shell:Creating package script '/home/das-note-021/253432010_gazebo_ws/install/tugbot_navigation2/share/tugbot_navigation2/package.ps1'
[1.314s] INFO:colcon.colcon_core.shell:Creating package descriptor '/home/das-note-021/253432010_gazebo_ws/install/tugbot_navigation2/share/tugbot_navigation2/package.dsv'
[1.315s] INFO:colcon.colcon_core.shell:Creating package script '/home/das-note-021/253432010_gazebo_ws/install/tugbot_navigation2/share/tugbot_navigation2/package.sh'
[1.315s] INFO:colcon.colcon_core.shell:Creating package script '/home/das-note-021/253432010_gazebo_ws/install/tugbot_navigation2/share/tugbot_navigation2/package.bash'
[1.315s] INFO:colcon.colcon_core.shell:Creating package script '/home/das-note-021/253432010_gazebo_ws/install/tugbot_navigation2/share/tugbot_navigation2/package.zsh'
[1.315s] Level 1:colcon.colcon_core.environment:create_file_with_runtime_dependencies(/home/das-note-021/253432010_gazebo_ws/install/tugbot_navigation2/share/colcon-core/packages/tugbot_navigation2)
[1.319s] Level 1:colcon.colcon_core.environment:create_environment_scripts_only(tugbot_gazebo)
[1.319s] Level 1:colcon.colcon_core.environment:checking '/home/das-note-021/253432010_gazebo_ws/install/tugbot_gazebo' for CMake module files
[1.320s] DEBUG:colcon.colcon_core.event_handler.log_command:Invoked command in '/home/das-note-021/253432010_gazebo_ws/build/tugbot_gazebo' returned '0': CMAKE_PREFIX_PATH=${CMAKE_PREFIX_PATH}:/home/das-note-021/kameyama_ws/install/ros2_aruco:/home/das-note-021/kameyama_ws/install/failure_detection:/home/das-note-021/kameyama_ws/install/bt_generator:/opt/ros/humble /usr/bin/cmake --install /home/das-note-021/253432010_gazebo_ws/build/tugbot_gazebo
[1.320s] Level 1:colcon.colcon_core.environment:checking '/home/das-note-021/253432010_gazebo_ws/install/tugbot_gazebo' for CMake config files
[1.320s] Level 1:colcon.colcon_core.shell:create_environment_hook('tugbot_gazebo', 'cmake_prefix_path')
[1.320s] INFO:colcon.colcon_core.shell:Creating environment hook '/home/das-note-021/253432010_gazebo_ws/install/tugbot_gazebo/share/tugbot_gazebo/hook/cmake_prefix_path.ps1'
[1.320s] INFO:colcon.colcon_core.shell:Creating environment descriptor '/home/das-note-021/253432010_gazebo_ws/install/tugbot_gazebo/share/tugbot_gazebo/hook/cmake_prefix_path.dsv'
[1.320s] INFO:colcon.colcon_core.shell:Creating environment hook '/home/das-note-021/253432010_gazebo_ws/install/tugbot_gazebo/share/tugbot_gazebo/hook/cmake_prefix_path.sh'
[1.321s] Level 1:colcon.colcon_core.environment:checking '/home/das-note-021/253432010_gazebo_ws/install/tugbot_gazebo/bin'
[1.321s] Level 1:colcon.colcon_core.environment:checking '/home/das-note-021/253432010_gazebo_ws/install/tugbot_gazebo/lib/pkgconfig/tugbot_gazebo.pc'
[1.321s] Level 1:colcon.colcon_core.environment:checking '/home/das-note-021/253432010_gazebo_ws/install/tugbot_gazebo/lib/python3.10/site-packages'
[1.321s] Level 1:colcon.colcon_core.environment:checking '/home/das-note-021/253432010_gazebo_ws/install/tugbot_gazebo/bin'
[1.321s] INFO:colcon.colcon_core.shell:Creating package script '/home/das-note-021/253432010_gazebo_ws/install/tugbot_gazebo/share/tugbot_gazebo/package.ps1'
[1.321s] INFO:colcon.colcon_core.shell:Creating package descriptor '/home/das-note-021/253432010_gazebo_ws/install/tugbot_gazebo/share/tugbot_gazebo/package.dsv'
[1.322s] INFO:colcon.colcon_core.shell:Creating package script '/home/das-note-021/253432010_gazebo_ws/install/tugbot_gazebo/share/tugbot_gazebo/package.sh'
[1.322s] INFO:colcon.colcon_core.shell:Creating package script '/home/das-note-021/253432010_gazebo_ws/install/tugbot_gazebo/share/tugbot_gazebo/package.bash'
[1.322s] INFO:colcon.colcon_core.shell:Creating package script '/home/das-note-021/253432010_gazebo_ws/install/tugbot_gazebo/share/tugbot_gazebo/package.zsh'
[1.322s] Level 1:colcon.colcon_core.environment:create_file_with_runtime_dependencies(/home/das-note-021/253432010_gazebo_ws/install/tugbot_gazebo/share/colcon-core/packages/tugbot_gazebo)
[1.323s] Level 1:colcon.colcon_core.environment:create_environment_scripts_only(tugbot_gazebo)
[1.323s] Level 1:colcon.colcon_core.environment:checking '/home/das-note-021/253432010_gazebo_ws/install/tugbot_gazebo' for CMake module files
[1.323s] Level 1:colcon.colcon_core.environment:checking '/home/das-note-021/253432010_gazebo_ws/install/tugbot_gazebo' for CMake config files
[1.323s] Level 1:colcon.colcon_core.shell:create_environment_hook('tugbot_gazebo', 'cmake_prefix_path')
[1.323s] INFO:colcon.colcon_core.shell:Creating environment hook '/home/das-note-021/253432010_gazebo_ws/install/tugbot_gazebo/share/tugbot_gazebo/hook/cmake_prefix_path.ps1'
[1.323s] INFO:colcon.colcon_core.shell:Creating environment descriptor '/home/das-note-021/253432010_gazebo_ws/install/tugbot_gazebo/share/tugbot_gazebo/hook/cmake_prefix_path.dsv'
[1.323s] INFO:colcon.colcon_core.shell:Creating environment hook '/home/das-note-021/253432010_gazebo_ws/install/tugbot_gazebo/share/tugbot_gazebo/hook/cmake_prefix_path.sh'
[1.324s] Level 1:colcon.colcon_core.environment:checking '/home/das-note-021/253432010_gazebo_ws/install/tugbot_gazebo/bin'
[1.324s] Level 1:colcon.colcon_core.environment:checking '/home/das-note-021/253432010_gazebo_ws/install/tugbot_gazebo/lib/pkgconfig/tugbot_gazebo.pc'
[1.324s] Level 1:colcon.colcon_core.environment:checking '/home/das-note-021/253432010_gazebo_ws/install/tugbot_gazebo/lib/python3.10/site-packages'
[1.324s] Level 1:colcon.colcon_core.environment:checking '/home/das-note-021/253432010_gazebo_ws/install/tugbot_gazebo/bin'
[1.324s] INFO:colcon.colcon_core.shell:Creating package script '/home/das-note-021/253432010_gazebo_ws/install/tugbot_gazebo/share/tugbot_gazebo/package.ps1'
[1.324s] INFO:colcon.colcon_core.shell:Creating package descriptor '/home/das-note-021/253432010_gazebo_ws/install/tugbot_gazebo/share/tugbot_gazebo/package.dsv'
[1.325s] INFO:colcon.colcon_core.shell:Creating package script '/home/das-note-021/253432010_gazebo_ws/install/tugbot_gazebo/share/tugbot_gazebo/package.sh'
[1.325s] INFO:colcon.colcon_core.shell:Creating package script '/home/das-note-021/253432010_gazebo_ws/install/tugbot_gazebo/share/tugbot_gazebo/package.bash'
[1.325s] INFO:colcon.colcon_core.shell:Creating package script '/home/das-note-021/253432010_gazebo_ws/install/tugbot_gazebo/share/tugbot_gazebo/package.zsh'
[1.325s] Level 1:colcon.colcon_core.environment:create_file_with_runtime_dependencies(/home/das-note-021/253432010_gazebo_ws/install/tugbot_gazebo/share/colcon-core/packages/tugbot_gazebo)
[1.566s] DEBUG:colcon.colcon_core.event_handler.log_command:Invoked command in '/home/das-note-021/253432010_gazebo_ws/build/tugbot_description' returned '0': CMAKE_PREFIX_PATH=${CMAKE_PREFIX_PATH}:/home/das-note-021/kameyama_ws/install/ros2_aruco:/home/das-note-021/kameyama_ws/install/failure_detection:/home/das-note-021/kameyama_ws/install/bt_generator:/opt/ros/humble /usr/bin/cmake /home/das-note-021/253432010_gazebo_ws/src/tugbot_ros2_pkgs/tugbot_description -DAMENT_CMAKE_SYMLINK_INSTALL=1 -DCMAKE_INSTALL_PREFIX=/home/das-note-021/253432010_gazebo_ws/install/tugbot_description
[1.567s] DEBUG:colcon.colcon_core.event_handler.log_command:Invoking command in '/home/das-note-021/253432010_gazebo_ws/build/tugbot_description': CMAKE_PREFIX_PATH=${CMAKE_PREFIX_PATH}:/home/das-note-021/kameyama_ws/install/ros2_aruco:/home/das-note-021/kameyama_ws/install/failure_detection:/home/das-note-021/kameyama_ws/install/bt_generator:/opt/ros/humble /usr/bin/cmake --build /home/das-note-021/253432010_gazebo_ws/build/tugbot_description -- -j22 -l22
[1.609s] DEBUG:colcon.colcon_core.event_handler.log_command:Invoked command in '/home/das-note-021/253432010_gazebo_ws/build/tugbot_description' returned '0': CMAKE_PREFIX_PATH=${CMAKE_PREFIX_PATH}:/home/das-note-021/kameyama_ws/install/ros2_aruco:/home/das-note-021/kameyama_ws/install/failure_detection:/home/das-note-021/kameyama_ws/install/bt_generator:/opt/ros/humble /usr/bin/cmake --build /home/das-note-021/253432010_gazebo_ws/build/tugbot_description -- -j22 -l22
[1.611s] DEBUG:colcon.colcon_core.event_handler.log_command:Invoking command in '/home/das-note-021/253432010_gazebo_ws/build/tugbot_description': CMAKE_PREFIX_PATH=${CMAKE_PREFIX_PATH}:/home/das-note-021/kameyama_ws/install/ros2_aruco:/home/das-note-021/kameyama_ws/install/failure_detection:/home/das-note-021/kameyama_ws/install/bt_generator:/opt/ros/humble /usr/bin/cmake --install /home/das-note-021/253432010_gazebo_ws/build/tugbot_description
[1.851s] Level 1:colcon.colcon_core.environment:create_environment_scripts_only(tugbot_description)
[1.852s] Level 1:colcon.colcon_core.environment:checking '/home/das-note-021/253432010_gazebo_ws/install/tugbot_description' for CMake module files
[1.852s] DEBUG:colcon.colcon_core.event_handler.log_command:Invoked command in '/home/das-note-021/253432010_gazebo_ws/build/tugbot_description' returned '0': CMAKE_PREFIX_PATH=${CMAKE_PREFIX_PATH}:/home/das-note-021/kameyama_ws/install/ros2_aruco:/home/das-note-021/kameyama_ws/install/failure_detection:/home/das-note-021/kameyama_ws/install/bt_generator:/opt/ros/humble /usr/bin/cmake --install /home/das-note-021/253432010_gazebo_ws/build/tugbot_description
[1.852s] Level 1:colcon.colcon_core.environment:checking '/home/das-note-021/253432010_gazebo_ws/install/tugbot_description' for CMake config files
[1.852s] Level 1:colcon.colcon_core.shell:create_environment_hook('tugbot_description', 'cmake_prefix_path')
[1.853s] INFO:colcon.colcon_core.shell:Creating environment hook '/home/das-note-021/253432010_gazebo_ws/install/tugbot_description/share/tugbot_description/hook/cmake_prefix_path.ps1'
[1.853s] INFO:colcon.colcon_core.shell:Creating environment descriptor '/home/das-note-021/253432010_gazebo_ws/install/tugbot_description/share/tugbot_description/hook/cmake_prefix_path.dsv'
[1.853s] INFO:colcon.colcon_core.shell:Creating environment hook '/home/das-note-021/253432010_gazebo_ws/install/tugbot_description/share/tugbot_description/hook/cmake_prefix_path.sh'
[1.854s] Level 1:colcon.colcon_core.environment:checking '/home/das-note-021/253432010_gazebo_ws/install/tugbot_description/bin'
[1.854s] Level 1:colcon.colcon_core.environment:checking '/home/das-note-021/253432010_gazebo_ws/install/tugbot_description/lib/pkgconfig/tugbot_description.pc'
[1.854s] Level 1:colcon.colcon_core.environment:checking '/home/das-note-021/253432010_gazebo_ws/install/tugbot_description/lib/python3.10/site-packages'
[1.855s] Level 1:colcon.colcon_core.environment:checking '/home/das-note-021/253432010_gazebo_ws/install/tugbot_description/bin'
[1.855s] INFO:colcon.colcon_core.shell:Creating package script '/home/das-note-021/253432010_gazebo_ws/install/tugbot_description/share/tugbot_description/package.ps1'
[1.855s] INFO:colcon.colcon_core.shell:Creating package descriptor '/home/das-note-021/253432010_gazebo_ws/install/tugbot_description/share/tugbot_description/package.dsv'
[1.855s] INFO:colcon.colcon_core.shell:Creating package script '/home/das-note-021/253432010_gazebo_ws/install/tugbot_description/share/tugbot_description/package.sh'
[1.856s] INFO:colcon.colcon_core.shell:Creating package script '/home/das-note-021/253432010_gazebo_ws/install/tugbot_description/share/tugbot_description/package.bash'
[1.856s] INFO:colcon.colcon_core.shell:Creating package script '/home/das-note-021/253432010_gazebo_ws/install/tugbot_description/share/tugbot_description/package.zsh'
[1.856s] Level 1:colcon.colcon_core.environment:create_file_with_runtime_dependencies(/home/das-note-021/253432010_gazebo_ws/install/tugbot_description/share/colcon-core/packages/tugbot_description)
[1.856s] Level 1:colcon.colcon_core.environment:create_environment_scripts_only(tugbot_description)
[1.857s] Level 1:colcon.colcon_core.environment:checking '/home/das-note-021/253432010_gazebo_ws/install/tugbot_description' for CMake module files
[1.857s] Level 1:colcon.colcon_core.environment:checking '/home/das-note-021/253432010_gazebo_ws/install/tugbot_description' for CMake config files
[1.857s] Level 1:colcon.colcon_core.shell:create_environment_hook('tugbot_description', 'cmake_prefix_path')
[1.857s] INFO:colcon.colcon_core.shell:Creating environment hook '/home/das-note-021/253432010_gazebo_ws/install/tugbot_description/share/tugbot_description/hook/cmake_prefix_path.ps1'
[1.857s] INFO:colcon.colcon_core.shell:Creating environment descriptor '/home/das-note-021/253432010_gazebo_ws/install/tugbot_description/share/tugbot_description/hook/cmake_prefix_path.dsv'
[1.857s] INFO:colcon.colcon_core.shell:Creating environment hook '/home/das-note-021/253432010_gazebo_ws/install/tugbot_description/share/tugbot_description/hook/cmake_prefix_path.sh'
[1.858s] Level 1:colcon.colcon_core.environment:checking '/home/das-note-021/253432010_gazebo_ws/install/tugbot_description/bin'
[1.858s] Level 1:colcon.colcon_core.environment:checking '/home/das-note-021/253432010_gazebo_ws/install/tugbot_description/lib/pkgconfig/tugbot_description.pc'
[1.858s] Level 1:colcon.colcon_core.environment:checking '/home/das-note-021/253432010_gazebo_ws/install/tugbot_description/lib/python3.10/site-packages'
[1.858s] Level 1:colcon.colcon_core.environment:checking '/home/das-note-021/253432010_gazebo_ws/install/tugbot_description/bin'
[1.858s] INFO:colcon.colcon_core.shell:Creating package script '/home/das-note-021/253432010_gazebo_ws/install/tugbot_description/share/tugbot_description/package.ps1'
[1.858s] INFO:colcon.colcon_core.shell:Creating package descriptor '/home/das-note-021/253432010_gazebo_ws/install/tugbot_description/share/tugbot_description/package.dsv'
[1.858s] INFO:colcon.colcon_core.shell:Creating package script '/home/das-note-021/253432010_gazebo_ws/install/tugbot_description/share/tugbot_description/package.sh'
[1.859s] INFO:colcon.colcon_core.shell:Creating package script '/home/das-note-021/253432010_gazebo_ws/install/tugbot_description/share/tugbot_description/package.bash'
[1.859s] INFO:colcon.colcon_core.shell:Creating package script '/home/das-note-021/253432010_gazebo_ws/install/tugbot_description/share/tugbot_description/package.zsh'
[1.859s] Level 1:colcon.colcon_core.environment:create_file_with_runtime_dependencies(/home/das-note-021/253432010_gazebo_ws/install/tugbot_description/share/colcon-core/packages/tugbot_description)
[1.859s] DEBUG:colcon.colcon_parallel_executor.executor.parallel:closing loop
[1.859s] DEBUG:colcon.colcon_parallel_executor.executor.parallel:loop closed
[1.859s] DEBUG:colcon.colcon_parallel_executor.executor.parallel:run_until_complete finished with '0'
[1.859s] DEBUG:colcon.colcon_core.event_reactor:joining thread
[1.864s] INFO:colcon.colcon_core.plugin_system:Skipping extension 'colcon_notification.desktop_notification.terminal_notifier': Not used on non-Darwin systems
[1.864s] INFO:colcon.colcon_core.plugin_system:Skipping extension 'colcon_notification.desktop_notification.win32': Not used on non-Windows systems
[1.864s] INFO:colcon.colcon_notification.desktop_notification:Sending desktop notification using 'notify2'
[1.873s] DEBUG:colcon.colcon_core.event_reactor:joined thread
[1.873s] INFO:colcon.colcon_core.shell:Creating prefix script '/home/das-note-021/253432010_gazebo_ws/install/local_setup.ps1'
[1.873s] INFO:colcon.colcon_core.shell:Creating prefix util module '/home/das-note-021/253432010_gazebo_ws/install/_local_setup_util_ps1.py'
[1.874s] INFO:colcon.colcon_core.shell:Creating prefix chain script '/home/das-note-021/253432010_gazebo_ws/install/setup.ps1'
[1.875s] INFO:colcon.colcon_core.shell:Creating prefix script '/home/das-note-021/253432010_gazebo_ws/install/local_setup.sh'
[1.875s] INFO:colcon.colcon_core.shell:Creating prefix util module '/home/das-note-021/253432010_gazebo_ws/install/_local_setup_util_sh.py'
[1.876s] INFO:colcon.colcon_core.shell:Creating prefix chain script '/home/das-note-021/253432010_gazebo_ws/install/setup.sh'
[1.877s] INFO:colcon.colcon_core.shell:Creating prefix script '/home/das-note-021/253432010_gazebo_ws/install/local_setup.bash'
[1.877s] INFO:colcon.colcon_core.shell:Creating prefix chain script '/home/das-note-021/253432010_gazebo_ws/install/setup.bash'
[1.878s] INFO:colcon.colcon_core.shell:Creating prefix script '/home/das-note-021/253432010_gazebo_ws/install/local_setup.zsh'
[1.878s] INFO:colcon.colcon_core.shell:Creating prefix chain script '/home/das-note-021/253432010_gazebo_ws/install/setup.zsh'
