[0.017s] Invoking command in '/home/das-note-021/253432010_gazebo_ws/build/tugbot_ros2_pkgs': CMAKE_PREFIX_PATH=${CMAKE_PREFIX_PATH}:/home/das-note-021/kameyama_ws/install/ros2_aruco:/home/das-note-021/kameyama_ws/install/failure_detection:/home/das-note-021/kameyama_ws/install/bt_generator:/opt/ros/humble /usr/bin/cmake /home/das-note-021/253432010_gazebo_ws/src/tugbot_ros2_pkgs/tugbot_ros2_pkgs -DAMENT_CMAKE_SYMLINK_INSTALL=1 -DCMAKE_INSTALL_PREFIX=/home/das-note-021/253432010_gazebo_ws/install/tugbot_ros2_pkgs
[0.321s] -- The C compiler identification is GNU 11.4.0
[0.427s] -- The CXX compiler identification is GNU 11.4.0
[0.433s] -- Detecting C compiler ABI info
[0.486s] -- Detecting C compiler ABI info - done
[0.491s] -- Check for working C compiler: /usr/bin/cc - skipped
[0.491s] -- Detecting C compile features
[0.491s] -- Detecting C compile features - done
[0.493s] -- Detecting CXX compiler ABI info
[0.561s] -- Detecting CXX compiler ABI info - done
[0.565s] -- Check for working CXX compiler: /usr/bin/c++ - skipped
[0.566s] -- Detecting CXX compile features
[0.566s] -- Detecting CXX compile features - done
[0.571s] -- Found ament_cmake: 1.3.11 (/opt/ros/humble/share/ament_cmake/cmake)
[0.701s] -- Found Python3: /usr/bin/python3 (found version "3.10.12") found components: Interpreter 
[0.744s] -- Override CMake install command with custom implementation using symlinks instead of copying resources
[0.796s] -- Found ament_lint_auto: 0.12.12 (/opt/ros/humble/share/ament_lint_auto/cmake)
[0.860s] -- Added test 'lint_cmake' to check CMake code style
[0.861s] -- Added test 'xmllint' to check XML markup files
[0.862s] -- Configuring done
[0.864s] -- Generating done
[0.864s] -- Build files have been written to: /home/das-note-021/253432010_gazebo_ws/build/tugbot_ros2_pkgs
[0.868s] Invoked command in '/home/das-note-021/253432010_gazebo_ws/build/tugbot_ros2_pkgs' returned '0': CMAKE_PREFIX_PATH=${CMAKE_PREFIX_PATH}:/home/das-note-021/kameyama_ws/install/ros2_aruco:/home/das-note-021/kameyama_ws/install/failure_detection:/home/das-note-021/kameyama_ws/install/bt_generator:/opt/ros/humble /usr/bin/cmake /home/das-note-021/253432010_gazebo_ws/src/tugbot_ros2_pkgs/tugbot_ros2_pkgs -DAMENT_CMAKE_SYMLINK_INSTALL=1 -DCMAKE_INSTALL_PREFIX=/home/das-note-021/253432010_gazebo_ws/install/tugbot_ros2_pkgs
[0.870s] Invoking command in '/home/das-note-021/253432010_gazebo_ws/build/tugbot_ros2_pkgs': CMAKE_PREFIX_PATH=${CMAKE_PREFIX_PATH}:/home/das-note-021/kameyama_ws/install/ros2_aruco:/home/das-note-021/kameyama_ws/install/failure_detection:/home/das-note-021/kameyama_ws/install/bt_generator:/opt/ros/humble /usr/bin/cmake --build /home/das-note-021/253432010_gazebo_ws/build/tugbot_ros2_pkgs -- -j22 -l22
[0.903s] Invoked command in '/home/das-note-021/253432010_gazebo_ws/build/tugbot_ros2_pkgs' returned '0': CMAKE_PREFIX_PATH=${CMAKE_PREFIX_PATH}:/home/das-note-021/kameyama_ws/install/ros2_aruco:/home/das-note-021/kameyama_ws/install/failure_detection:/home/das-note-021/kameyama_ws/install/bt_generator:/opt/ros/humble /usr/bin/cmake --build /home/das-note-021/253432010_gazebo_ws/build/tugbot_ros2_pkgs -- -j22 -l22
[0.911s] Invoking command in '/home/das-note-021/253432010_gazebo_ws/build/tugbot_ros2_pkgs': CMAKE_PREFIX_PATH=${CMAKE_PREFIX_PATH}:/home/das-note-021/kameyama_ws/install/ros2_aruco:/home/das-note-021/kameyama_ws/install/failure_detection:/home/das-note-021/kameyama_ws/install/bt_generator:/opt/ros/humble /usr/bin/cmake --install /home/das-note-021/253432010_gazebo_ws/build/tugbot_ros2_pkgs
[0.920s] -- Install configuration: ""
[0.920s] -- Execute custom install script
[0.920s] -- Symlinking: /home/das-note-021/253432010_gazebo_ws/install/tugbot_ros2_pkgs/share/ament_index/resource_index/package_run_dependencies/tugbot_ros2_pkgs
[0.930s] -- Symlinking: /home/das-note-021/253432010_gazebo_ws/install/tugbot_ros2_pkgs/share/ament_index/resource_index/parent_prefix_path/tugbot_ros2_pkgs
[0.941s] -- Symlinking: /home/das-note-021/253432010_gazebo_ws/install/tugbot_ros2_pkgs/share/tugbot_ros2_pkgs/environment/ament_prefix_path.sh
[0.951s] -- Symlinking: /home/das-note-021/253432010_gazebo_ws/install/tugbot_ros2_pkgs/share/tugbot_ros2_pkgs/environment/ament_prefix_path.dsv
[0.958s] -- Symlinking: /home/das-note-021/253432010_gazebo_ws/install/tugbot_ros2_pkgs/share/tugbot_ros2_pkgs/environment/path.sh
[0.965s] -- Symlinking: /home/das-note-021/253432010_gazebo_ws/install/tugbot_ros2_pkgs/share/tugbot_ros2_pkgs/environment/path.dsv
[0.971s] -- Symlinking: /home/das-note-021/253432010_gazebo_ws/install/tugbot_ros2_pkgs/share/tugbot_ros2_pkgs/local_setup.bash
[0.978s] -- Symlinking: /home/das-note-021/253432010_gazebo_ws/install/tugbot_ros2_pkgs/share/tugbot_ros2_pkgs/local_setup.sh
[0.986s] -- Symlinking: /home/das-note-021/253432010_gazebo_ws/install/tugbot_ros2_pkgs/share/tugbot_ros2_pkgs/local_setup.zsh
[0.993s] -- Symlinking: /home/das-note-021/253432010_gazebo_ws/install/tugbot_ros2_pkgs/share/tugbot_ros2_pkgs/local_setup.dsv
[0.999s] -- Symlinking: /home/das-note-021/253432010_gazebo_ws/install/tugbot_ros2_pkgs/share/tugbot_ros2_pkgs/package.dsv
[1.005s] -- Symlinking: /home/das-note-021/253432010_gazebo_ws/install/tugbot_ros2_pkgs/share/ament_index/resource_index/packages/tugbot_ros2_pkgs
[1.011s] -- Symlinking: /home/das-note-021/253432010_gazebo_ws/install/tugbot_ros2_pkgs/share/tugbot_ros2_pkgs/cmake/tugbot_ros2_pkgsConfig.cmake
[1.016s] -- Symlinking: /home/das-note-021/253432010_gazebo_ws/install/tugbot_ros2_pkgs/share/tugbot_ros2_pkgs/cmake/tugbot_ros2_pkgsConfig-version.cmake
[1.024s] -- Symlinking: /home/das-note-021/253432010_gazebo_ws/install/tugbot_ros2_pkgs/share/tugbot_ros2_pkgs/package.xml
[1.035s] Invoked command in '/home/das-note-021/253432010_gazebo_ws/build/tugbot_ros2_pkgs' returned '0': CMAKE_PREFIX_PATH=${CMAKE_PREFIX_PATH}:/home/das-note-021/kameyama_ws/install/ros2_aruco:/home/das-note-021/kameyama_ws/install/failure_detection:/home/das-note-021/kameyama_ws/install/bt_generator:/opt/ros/humble /usr/bin/cmake --install /home/das-note-021/253432010_gazebo_ws/build/tugbot_ros2_pkgs
