[0.057s] DEBUG:colcon:Command line arguments: ['/usr/bin/colcon', 'build', '--symlink-install']
[0.057s] DEBUG:colcon:Parsed command line arguments: Namespace(log_base=None, log_level=None, verb_name='build', build_base='build', install_base='install', merge_install=False, symlink_install=True, test_result_base=None, continue_on_error=False, executor='parallel', parallel_workers=22, event_handlers=None, ignore_user_meta=False, metas=['./colcon.meta'], base_paths=['.'], packages_ignore=None, packages_ignore_regex=None, paths=None, packages_up_to=None, packages_up_to_regex=None, packages_above=None, packages_above_and_dependencies=None, packages_above_depth=None, packages_select_by_dep=None, packages_skip_by_dep=None, packages_skip_up_to=None, packages_select_build_failed=False, packages_skip_build_finished=False, packages_select_test_failures=False, packages_skip_test_passed=False, packages_select=None, packages_skip=None, packages_select_regex=None, packages_skip_regex=None, packages_start=None, packages_end=None, allow_overriding=[], cmake_args=None, cmake_target=None, cmake_target_skip_unavailable=False, cmake_clean_cache=False, cmake_clean_first=False, cmake_force_configure=False, ament_cmake_args=None, catkin_cmake_args=None, catkin_skip_building_tests=False, verb_parser=<colcon_defaults.argument_parser.defaults.DefaultArgumentsDecorator object at 0x77b5f724f700>, verb_extension=<colcon_core.verb.build.BuildVerb object at 0x77b5f724f1c0>, main=<bound method BuildVerb.main of <colcon_core.verb.build.BuildVerb object at 0x77b5f724f1c0>>)
[0.143s] Level 1:colcon.colcon_core.package_discovery:discover_packages(colcon_meta) check parameters
[0.143s] Level 1:colcon.colcon_core.package_discovery:discover_packages(recursive) check parameters
[0.143s] Level 1:colcon.colcon_core.package_discovery:discover_packages(ignore) check parameters
[0.143s] Level 1:colcon.colcon_core.package_discovery:discover_packages(path) check parameters
[0.143s] Level 1:colcon.colcon_core.package_discovery:discover_packages(colcon_meta) discover
[0.143s] Level 1:colcon.colcon_core.package_discovery:discover_packages(recursive) discover
[0.143s] INFO:colcon.colcon_core.package_discovery:Crawling recursively for packages in '/home/das-note-021/253432010_gazebo_ws'
[0.144s] Level 1:colcon.colcon_core.package_identification:_identify(.) by extensions ['ignore', 'ignore_ament_install']
[0.144s] Level 1:colcon.colcon_core.package_identification:_identify(.) by extension 'ignore'
[0.144s] Level 1:colcon.colcon_core.package_identification:_identify(.) by extension 'ignore_ament_install'
[0.144s] Level 1:colcon.colcon_core.package_identification:_identify(.) by extensions ['colcon_pkg']
[0.144s] Level 1:colcon.colcon_core.package_identification:_identify(.) by extension 'colcon_pkg'
[0.144s] Level 1:colcon.colcon_core.package_identification:_identify(.) by extensions ['colcon_meta']
[0.144s] Level 1:colcon.colcon_core.package_identification:_identify(.) by extension 'colcon_meta'
[0.144s] Level 1:colcon.colcon_core.package_identification:_identify(.) by extensions ['ros']
[0.144s] Level 1:colcon.colcon_core.package_identification:_identify(.) by extension 'ros'
[0.149s] Level 1:colcon.colcon_core.package_identification:_identify(.) by extensions ['cmake', 'python']
[0.149s] Level 1:colcon.colcon_core.package_identification:_identify(.) by extension 'cmake'
[0.149s] Level 1:colcon.colcon_core.package_identification:_identify(.) by extension 'python'
[0.149s] Level 1:colcon.colcon_core.package_identification:_identify(.) by extensions ['python_setup_py']
[0.149s] Level 1:colcon.colcon_core.package_identification:_identify(.) by extension 'python_setup_py'
[0.150s] Level 1:colcon.colcon_core.package_identification:_identify(build) by extensions ['ignore', 'ignore_ament_install']
[0.150s] Level 1:colcon.colcon_core.package_identification:_identify(build) by extension 'ignore'
[0.150s] Level 1:colcon.colcon_core.package_identification:_identify(build) ignored
[0.150s] Level 1:colcon.colcon_core.package_identification:_identify(install) by extensions ['ignore', 'ignore_ament_install']
[0.150s] Level 1:colcon.colcon_core.package_identification:_identify(install) by extension 'ignore'
[0.150s] Level 1:colcon.colcon_core.package_identification:_identify(install) ignored
[0.150s] Level 1:colcon.colcon_core.package_identification:_identify(log) by extensions ['ignore', 'ignore_ament_install']
[0.150s] Level 1:colcon.colcon_core.package_identification:_identify(log) by extension 'ignore'
[0.150s] Level 1:colcon.colcon_core.package_identification:_identify(log) ignored
[0.150s] Level 1:colcon.colcon_core.package_identification:_identify(src) by extensions ['ignore', 'ignore_ament_install']
[0.150s] Level 1:colcon.colcon_core.package_identification:_identify(src) by extension 'ignore'
[0.150s] Level 1:colcon.colcon_core.package_identification:_identify(src) by extension 'ignore_ament_install'
[0.150s] Level 1:colcon.colcon_core.package_identification:_identify(src) by extensions ['colcon_pkg']
[0.150s] Level 1:colcon.colcon_core.package_identification:_identify(src) by extension 'colcon_pkg'
[0.150s] Level 1:colcon.colcon_core.package_identification:_identify(src) by extensions ['colcon_meta']
[0.150s] Level 1:colcon.colcon_core.package_identification:_identify(src) by extension 'colcon_meta'
[0.150s] Level 1:colcon.colcon_core.package_identification:_identify(src) by extensions ['ros']
[0.150s] Level 1:colcon.colcon_core.package_identification:_identify(src) by extension 'ros'
[0.150s] Level 1:colcon.colcon_core.package_identification:_identify(src) by extensions ['cmake', 'python']
[0.150s] Level 1:colcon.colcon_core.package_identification:_identify(src) by extension 'cmake'
[0.150s] Level 1:colcon.colcon_core.package_identification:_identify(src) by extension 'python'
[0.150s] Level 1:colcon.colcon_core.package_identification:_identify(src) by extensions ['python_setup_py']
[0.150s] Level 1:colcon.colcon_core.package_identification:_identify(src) by extension 'python_setup_py'
[0.150s] Level 1:colcon.colcon_core.package_identification:_identify(src/csv2urdf) by extensions ['ignore', 'ignore_ament_install']
[0.150s] Level 1:colcon.colcon_core.package_identification:_identify(src/csv2urdf) by extension 'ignore'
[0.150s] Level 1:colcon.colcon_core.package_identification:_identify(src/csv2urdf) by extension 'ignore_ament_install'
[0.150s] Level 1:colcon.colcon_core.package_identification:_identify(src/csv2urdf) by extensions ['colcon_pkg']
[0.150s] Level 1:colcon.colcon_core.package_identification:_identify(src/csv2urdf) by extension 'colcon_pkg'
[0.150s] Level 1:colcon.colcon_core.package_identification:_identify(src/csv2urdf) by extensions ['colcon_meta']
[0.150s] Level 1:colcon.colcon_core.package_identification:_identify(src/csv2urdf) by extension 'colcon_meta'
[0.150s] Level 1:colcon.colcon_core.package_identification:_identify(src/csv2urdf) by extensions ['ros']
[0.150s] Level 1:colcon.colcon_core.package_identification:_identify(src/csv2urdf) by extension 'ros'
[0.150s] Level 1:colcon.colcon_core.package_identification:_identify(src/csv2urdf) by extensions ['cmake', 'python']
[0.150s] Level 1:colcon.colcon_core.package_identification:_identify(src/csv2urdf) by extension 'cmake'
[0.150s] Level 1:colcon.colcon_core.package_identification:_identify(src/csv2urdf) by extension 'python'
[0.150s] Level 1:colcon.colcon_core.package_identification:_identify(src/csv2urdf) by extensions ['python_setup_py']
[0.150s] Level 1:colcon.colcon_core.package_identification:_identify(src/csv2urdf) by extension 'python_setup_py'
[0.150s] Level 1:colcon.colcon_core.package_identification:_identify(src/csv2urdf/csv) by extensions ['ignore', 'ignore_ament_install']
[0.150s] Level 1:colcon.colcon_core.package_identification:_identify(src/csv2urdf/csv) by extension 'ignore'
[0.150s] Level 1:colcon.colcon_core.package_identification:_identify(src/csv2urdf/csv) by extension 'ignore_ament_install'
[0.151s] Level 1:colcon.colcon_core.package_identification:_identify(src/csv2urdf/csv) by extensions ['colcon_pkg']
[0.151s] Level 1:colcon.colcon_core.package_identification:_identify(src/csv2urdf/csv) by extension 'colcon_pkg'
[0.151s] Level 1:colcon.colcon_core.package_identification:_identify(src/csv2urdf/csv) by extensions ['colcon_meta']
[0.151s] Level 1:colcon.colcon_core.package_identification:_identify(src/csv2urdf/csv) by extension 'colcon_meta'
[0.151s] Level 1:colcon.colcon_core.package_identification:_identify(src/csv2urdf/csv) by extensions ['ros']
[0.151s] Level 1:colcon.colcon_core.package_identification:_identify(src/csv2urdf/csv) by extension 'ros'
[0.151s] Level 1:colcon.colcon_core.package_identification:_identify(src/csv2urdf/csv) by extensions ['cmake', 'python']
[0.151s] Level 1:colcon.colcon_core.package_identification:_identify(src/csv2urdf/csv) by extension 'cmake'
[0.151s] Level 1:colcon.colcon_core.package_identification:_identify(src/csv2urdf/csv) by extension 'python'
[0.151s] Level 1:colcon.colcon_core.package_identification:_identify(src/csv2urdf/csv) by extensions ['python_setup_py']
[0.151s] Level 1:colcon.colcon_core.package_identification:_identify(src/csv2urdf/csv) by extension 'python_setup_py'
[0.151s] Level 1:colcon.colcon_core.package_identification:_identify(src/csv2urdf/img) by extensions ['ignore', 'ignore_ament_install']
[0.151s] Level 1:colcon.colcon_core.package_identification:_identify(src/csv2urdf/img) by extension 'ignore'
[0.151s] Level 1:colcon.colcon_core.package_identification:_identify(src/csv2urdf/img) by extension 'ignore_ament_install'
[0.151s] Level 1:colcon.colcon_core.package_identification:_identify(src/csv2urdf/img) by extensions ['colcon_pkg']
[0.151s] Level 1:colcon.colcon_core.package_identification:_identify(src/csv2urdf/img) by extension 'colcon_pkg'
[0.151s] Level 1:colcon.colcon_core.package_identification:_identify(src/csv2urdf/img) by extensions ['colcon_meta']
[0.151s] Level 1:colcon.colcon_core.package_identification:_identify(src/csv2urdf/img) by extension 'colcon_meta'
[0.151s] Level 1:colcon.colcon_core.package_identification:_identify(src/csv2urdf/img) by extensions ['ros']
[0.151s] Level 1:colcon.colcon_core.package_identification:_identify(src/csv2urdf/img) by extension 'ros'
[0.151s] Level 1:colcon.colcon_core.package_identification:_identify(src/csv2urdf/img) by extensions ['cmake', 'python']
[0.151s] Level 1:colcon.colcon_core.package_identification:_identify(src/csv2urdf/img) by extension 'cmake'
[0.151s] Level 1:colcon.colcon_core.package_identification:_identify(src/csv2urdf/img) by extension 'python'
[0.151s] Level 1:colcon.colcon_core.package_identification:_identify(src/csv2urdf/img) by extensions ['python_setup_py']
[0.151s] Level 1:colcon.colcon_core.package_identification:_identify(src/csv2urdf/img) by extension 'python_setup_py'
[0.151s] Level 1:colcon.colcon_core.package_identification:_identify(src/tugbot_ros2_pkgs) by extensions ['ignore', 'ignore_ament_install']
[0.151s] Level 1:colcon.colcon_core.package_identification:_identify(src/tugbot_ros2_pkgs) by extension 'ignore'
[0.151s] Level 1:colcon.colcon_core.package_identification:_identify(src/tugbot_ros2_pkgs) by extension 'ignore_ament_install'
[0.151s] Level 1:colcon.colcon_core.package_identification:_identify(src/tugbot_ros2_pkgs) by extensions ['colcon_pkg']
[0.151s] Level 1:colcon.colcon_core.package_identification:_identify(src/tugbot_ros2_pkgs) by extension 'colcon_pkg'
[0.151s] Level 1:colcon.colcon_core.package_identification:_identify(src/tugbot_ros2_pkgs) by extensions ['colcon_meta']
[0.151s] Level 1:colcon.colcon_core.package_identification:_identify(src/tugbot_ros2_pkgs) by extension 'colcon_meta'
[0.151s] Level 1:colcon.colcon_core.package_identification:_identify(src/tugbot_ros2_pkgs) by extensions ['ros']
[0.151s] Level 1:colcon.colcon_core.package_identification:_identify(src/tugbot_ros2_pkgs) by extension 'ros'
[0.151s] Level 1:colcon.colcon_core.package_identification:_identify(src/tugbot_ros2_pkgs) by extensions ['cmake', 'python']
[0.151s] Level 1:colcon.colcon_core.package_identification:_identify(src/tugbot_ros2_pkgs) by extension 'cmake'
[0.151s] Level 1:colcon.colcon_core.package_identification:_identify(src/tugbot_ros2_pkgs) by extension 'python'
[0.151s] Level 1:colcon.colcon_core.package_identification:_identify(src/tugbot_ros2_pkgs) by extensions ['python_setup_py']
[0.151s] Level 1:colcon.colcon_core.package_identification:_identify(src/tugbot_ros2_pkgs) by extension 'python_setup_py'
[0.151s] Level 1:colcon.colcon_core.package_identification:_identify(src/tugbot_ros2_pkgs/tugbot_description) by extensions ['ignore', 'ignore_ament_install']
[0.151s] Level 1:colcon.colcon_core.package_identification:_identify(src/tugbot_ros2_pkgs/tugbot_description) by extension 'ignore'
[0.151s] Level 1:colcon.colcon_core.package_identification:_identify(src/tugbot_ros2_pkgs/tugbot_description) by extension 'ignore_ament_install'
[0.151s] Level 1:colcon.colcon_core.package_identification:_identify(src/tugbot_ros2_pkgs/tugbot_description) by extensions ['colcon_pkg']
[0.151s] Level 1:colcon.colcon_core.package_identification:_identify(src/tugbot_ros2_pkgs/tugbot_description) by extension 'colcon_pkg'
[0.151s] Level 1:colcon.colcon_core.package_identification:_identify(src/tugbot_ros2_pkgs/tugbot_description) by extensions ['colcon_meta']
[0.151s] Level 1:colcon.colcon_core.package_identification:_identify(src/tugbot_ros2_pkgs/tugbot_description) by extension 'colcon_meta'
[0.151s] Level 1:colcon.colcon_core.package_identification:_identify(src/tugbot_ros2_pkgs/tugbot_description) by extensions ['ros']
[0.151s] Level 1:colcon.colcon_core.package_identification:_identify(src/tugbot_ros2_pkgs/tugbot_description) by extension 'ros'
[0.153s] DEBUG:colcon.colcon_core.package_identification:Package 'src/tugbot_ros2_pkgs/tugbot_description' with type 'ros.ament_cmake' and name 'tugbot_description'
[0.153s] Level 1:colcon.colcon_core.package_identification:_identify(src/tugbot_ros2_pkgs/tugbot_gazebo) by extensions ['ignore', 'ignore_ament_install']
[0.153s] Level 1:colcon.colcon_core.package_identification:_identify(src/tugbot_ros2_pkgs/tugbot_gazebo) by extension 'ignore'
[0.153s] Level 1:colcon.colcon_core.package_identification:_identify(src/tugbot_ros2_pkgs/tugbot_gazebo) by extension 'ignore_ament_install'
[0.153s] Level 1:colcon.colcon_core.package_identification:_identify(src/tugbot_ros2_pkgs/tugbot_gazebo) by extensions ['colcon_pkg']
[0.153s] Level 1:colcon.colcon_core.package_identification:_identify(src/tugbot_ros2_pkgs/tugbot_gazebo) by extension 'colcon_pkg'
[0.153s] Level 1:colcon.colcon_core.package_identification:_identify(src/tugbot_ros2_pkgs/tugbot_gazebo) by extensions ['colcon_meta']
[0.153s] Level 1:colcon.colcon_core.package_identification:_identify(src/tugbot_ros2_pkgs/tugbot_gazebo) by extension 'colcon_meta'
[0.153s] Level 1:colcon.colcon_core.package_identification:_identify(src/tugbot_ros2_pkgs/tugbot_gazebo) by extensions ['ros']
[0.153s] Level 1:colcon.colcon_core.package_identification:_identify(src/tugbot_ros2_pkgs/tugbot_gazebo) by extension 'ros'
[0.153s] DEBUG:colcon.colcon_core.package_identification:Package 'src/tugbot_ros2_pkgs/tugbot_gazebo' with type 'ros.ament_cmake' and name 'tugbot_gazebo'
[0.153s] Level 1:colcon.colcon_core.package_identification:_identify(src/tugbot_ros2_pkgs/tugbot_navigation2) by extensions ['ignore', 'ignore_ament_install']
[0.153s] Level 1:colcon.colcon_core.package_identification:_identify(src/tugbot_ros2_pkgs/tugbot_navigation2) by extension 'ignore'
[0.153s] Level 1:colcon.colcon_core.package_identification:_identify(src/tugbot_ros2_pkgs/tugbot_navigation2) by extension 'ignore_ament_install'
[0.153s] Level 1:colcon.colcon_core.package_identification:_identify(src/tugbot_ros2_pkgs/tugbot_navigation2) by extensions ['colcon_pkg']
[0.153s] Level 1:colcon.colcon_core.package_identification:_identify(src/tugbot_ros2_pkgs/tugbot_navigation2) by extension 'colcon_pkg'
[0.153s] Level 1:colcon.colcon_core.package_identification:_identify(src/tugbot_ros2_pkgs/tugbot_navigation2) by extensions ['colcon_meta']
[0.153s] Level 1:colcon.colcon_core.package_identification:_identify(src/tugbot_ros2_pkgs/tugbot_navigation2) by extension 'colcon_meta'
[0.153s] Level 1:colcon.colcon_core.package_identification:_identify(src/tugbot_ros2_pkgs/tugbot_navigation2) by extensions ['ros']
[0.153s] Level 1:colcon.colcon_core.package_identification:_identify(src/tugbot_ros2_pkgs/tugbot_navigation2) by extension 'ros'
[0.154s] DEBUG:colcon.colcon_core.package_identification:Package 'src/tugbot_ros2_pkgs/tugbot_navigation2' with type 'ros.ament_cmake' and name 'tugbot_navigation2'
[0.154s] Level 1:colcon.colcon_core.package_identification:_identify(src/tugbot_ros2_pkgs/tugbot_ros2_pkgs) by extensions ['ignore', 'ignore_ament_install']
[0.154s] Level 1:colcon.colcon_core.package_identification:_identify(src/tugbot_ros2_pkgs/tugbot_ros2_pkgs) by extension 'ignore'
[0.154s] Level 1:colcon.colcon_core.package_identification:_identify(src/tugbot_ros2_pkgs/tugbot_ros2_pkgs) by extension 'ignore_ament_install'
[0.154s] Level 1:colcon.colcon_core.package_identification:_identify(src/tugbot_ros2_pkgs/tugbot_ros2_pkgs) by extensions ['colcon_pkg']
[0.154s] Level 1:colcon.colcon_core.package_identification:_identify(src/tugbot_ros2_pkgs/tugbot_ros2_pkgs) by extension 'colcon_pkg'
[0.154s] Level 1:colcon.colcon_core.package_identification:_identify(src/tugbot_ros2_pkgs/tugbot_ros2_pkgs) by extensions ['colcon_meta']
[0.154s] Level 1:colcon.colcon_core.package_identification:_identify(src/tugbot_ros2_pkgs/tugbot_ros2_pkgs) by extension 'colcon_meta'
[0.154s] Level 1:colcon.colcon_core.package_identification:_identify(src/tugbot_ros2_pkgs/tugbot_ros2_pkgs) by extensions ['ros']
[0.154s] Level 1:colcon.colcon_core.package_identification:_identify(src/tugbot_ros2_pkgs/tugbot_ros2_pkgs) by extension 'ros'
[0.154s] DEBUG:colcon.colcon_core.package_identification:Package 'src/tugbot_ros2_pkgs/tugbot_ros2_pkgs' with type 'ros.ament_cmake' and name 'tugbot_ros2_pkgs'
[0.154s] Level 1:colcon.colcon_core.package_identification:_identify(src/tugbot_ros2_pkgs/tugbot_slam) by extensions ['ignore', 'ignore_ament_install']
[0.154s] Level 1:colcon.colcon_core.package_identification:_identify(src/tugbot_ros2_pkgs/tugbot_slam) by extension 'ignore'
[0.154s] Level 1:colcon.colcon_core.package_identification:_identify(src/tugbot_ros2_pkgs/tugbot_slam) by extension 'ignore_ament_install'
[0.154s] Level 1:colcon.colcon_core.package_identification:_identify(src/tugbot_ros2_pkgs/tugbot_slam) by extensions ['colcon_pkg']
[0.154s] Level 1:colcon.colcon_core.package_identification:_identify(src/tugbot_ros2_pkgs/tugbot_slam) by extension 'colcon_pkg'
[0.154s] Level 1:colcon.colcon_core.package_identification:_identify(src/tugbot_ros2_pkgs/tugbot_slam) by extensions ['colcon_meta']
[0.154s] Level 1:colcon.colcon_core.package_identification:_identify(src/tugbot_ros2_pkgs/tugbot_slam) by extension 'colcon_meta'
[0.154s] Level 1:colcon.colcon_core.package_identification:_identify(src/tugbot_ros2_pkgs/tugbot_slam) by extensions ['ros']
[0.154s] Level 1:colcon.colcon_core.package_identification:_identify(src/tugbot_ros2_pkgs/tugbot_slam) by extension 'ros'
[0.155s] DEBUG:colcon.colcon_core.package_identification:Package 'src/tugbot_ros2_pkgs/tugbot_slam' with type 'ros.ament_cmake' and name 'tugbot_slam'
[0.155s] Level 1:colcon.colcon_core.package_discovery:discover_packages(recursive) using defaults
[0.155s] Level 1:colcon.colcon_core.package_discovery:discover_packages(ignore) discover
[0.155s] Level 1:colcon.colcon_core.package_discovery:discover_packages(ignore) using defaults
[0.155s] Level 1:colcon.colcon_core.package_discovery:discover_packages(path) discover
[0.155s] Level 1:colcon.colcon_core.package_discovery:discover_packages(path) using defaults
[0.171s] Level 1:colcon.colcon_core.package_discovery:discover_packages(prefix_path) check parameters
[0.171s] Level 1:colcon.colcon_core.package_discovery:discover_packages(prefix_path) discover
[0.172s] DEBUG:colcon.colcon_installed_package_information.package_discovery:Found 5 installed packages in /home/das-note-021/253432010_gazebo_ws/install
[0.172s] DEBUG:colcon.colcon_installed_package_information.package_discovery:Found 6 installed packages in /home/das-note-021/amir_basic_ws/install
[0.173s] DEBUG:colcon.colcon_installed_package_information.package_discovery:Found 23 installed packages in /home/das-note-021/kameyama_ws/install
[0.174s] DEBUG:colcon.colcon_installed_package_information.package_discovery:Found 434 installed packages in /opt/ros/humble
[0.175s] Level 1:colcon.colcon_core.package_discovery:discover_packages(prefix_path) using defaults
[0.202s] Level 5:colcon.colcon_core.verb:set package 'tugbot_description' build argument 'cmake_args' from command line to 'None'
[0.202s] Level 5:colcon.colcon_core.verb:set package 'tugbot_description' build argument 'cmake_target' from command line to 'None'
[0.202s] Level 5:colcon.colcon_core.verb:set package 'tugbot_description' build argument 'cmake_target_skip_unavailable' from command line to 'False'
[0.202s] Level 5:colcon.colcon_core.verb:set package 'tugbot_description' build argument 'cmake_clean_cache' from command line to 'False'
[0.202s] Level 5:colcon.colcon_core.verb:set package 'tugbot_description' build argument 'cmake_clean_first' from command line to 'False'
[0.202s] Level 5:colcon.colcon_core.verb:set package 'tugbot_description' build argument 'cmake_force_configure' from command line to 'False'
[0.202s] Level 5:colcon.colcon_core.verb:set package 'tugbot_description' build argument 'ament_cmake_args' from command line to 'None'
[0.202s] Level 5:colcon.colcon_core.verb:set package 'tugbot_description' build argument 'catkin_cmake_args' from command line to 'None'
[0.202s] Level 5:colcon.colcon_core.verb:set package 'tugbot_description' build argument 'catkin_skip_building_tests' from command line to 'False'
[0.202s] DEBUG:colcon.colcon_core.verb:Building package 'tugbot_description' with the following arguments: {'ament_cmake_args': None, 'build_base': '/home/das-note-021/253432010_gazebo_ws/build/tugbot_description', 'catkin_cmake_args': None, 'catkin_skip_building_tests': False, 'cmake_args': None, 'cmake_clean_cache': False, 'cmake_clean_first': False, 'cmake_force_configure': False, 'cmake_target': None, 'cmake_target_skip_unavailable': False, 'install_base': '/home/das-note-021/253432010_gazebo_ws/install/tugbot_description', 'merge_install': False, 'path': '/home/das-note-021/253432010_gazebo_ws/src/tugbot_ros2_pkgs/tugbot_description', 'symlink_install': True, 'test_result_base': None}
[0.202s] Level 5:colcon.colcon_core.verb:set package 'tugbot_gazebo' build argument 'cmake_args' from command line to 'None'
[0.203s] Level 5:colcon.colcon_core.verb:set package 'tugbot_gazebo' build argument 'cmake_target' from command line to 'None'
[0.203s] Level 5:colcon.colcon_core.verb:set package 'tugbot_gazebo' build argument 'cmake_target_skip_unavailable' from command line to 'False'
[0.203s] Level 5:colcon.colcon_core.verb:set package 'tugbot_gazebo' build argument 'cmake_clean_cache' from command line to 'False'
[0.203s] Level 5:colcon.colcon_core.verb:set package 'tugbot_gazebo' build argument 'cmake_clean_first' from command line to 'False'
[0.203s] Level 5:colcon.colcon_core.verb:set package 'tugbot_gazebo' build argument 'cmake_force_configure' from command line to 'False'
[0.203s] Level 5:colcon.colcon_core.verb:set package 'tugbot_gazebo' build argument 'ament_cmake_args' from command line to 'None'
[0.203s] Level 5:colcon.colcon_core.verb:set package 'tugbot_gazebo' build argument 'catkin_cmake_args' from command line to 'None'
[0.203s] Level 5:colcon.colcon_core.verb:set package 'tugbot_gazebo' build argument 'catkin_skip_building_tests' from command line to 'False'
[0.203s] DEBUG:colcon.colcon_core.verb:Building package 'tugbot_gazebo' with the following arguments: {'ament_cmake_args': None, 'build_base': '/home/das-note-021/253432010_gazebo_ws/build/tugbot_gazebo', 'catkin_cmake_args': None, 'catkin_skip_building_tests': False, 'cmake_args': None, 'cmake_clean_cache': False, 'cmake_clean_first': False, 'cmake_force_configure': False, 'cmake_target': None, 'cmake_target_skip_unavailable': False, 'install_base': '/home/das-note-021/253432010_gazebo_ws/install/tugbot_gazebo', 'merge_install': False, 'path': '/home/das-note-021/253432010_gazebo_ws/src/tugbot_ros2_pkgs/tugbot_gazebo', 'symlink_install': True, 'test_result_base': None}
[0.203s] Level 5:colcon.colcon_core.verb:set package 'tugbot_navigation2' build argument 'cmake_args' from command line to 'None'
[0.203s] Level 5:colcon.colcon_core.verb:set package 'tugbot_navigation2' build argument 'cmake_target' from command line to 'None'
[0.203s] Level 5:colcon.colcon_core.verb:set package 'tugbot_navigation2' build argument 'cmake_target_skip_unavailable' from command line to 'False'
[0.203s] Level 5:colcon.colcon_core.verb:set package 'tugbot_navigation2' build argument 'cmake_clean_cache' from command line to 'False'
[0.203s] Level 5:colcon.colcon_core.verb:set package 'tugbot_navigation2' build argument 'cmake_clean_first' from command line to 'False'
[0.203s] Level 5:colcon.colcon_core.verb:set package 'tugbot_navigation2' build argument 'cmake_force_configure' from command line to 'False'
[0.203s] Level 5:colcon.colcon_core.verb:set package 'tugbot_navigation2' build argument 'ament_cmake_args' from command line to 'None'
[0.203s] Level 5:colcon.colcon_core.verb:set package 'tugbot_navigation2' build argument 'catkin_cmake_args' from command line to 'None'
[0.203s] Level 5:colcon.colcon_core.verb:set package 'tugbot_navigation2' build argument 'catkin_skip_building_tests' from command line to 'False'
[0.203s] DEBUG:colcon.colcon_core.verb:Building package 'tugbot_navigation2' with the following arguments: {'ament_cmake_args': None, 'build_base': '/home/das-note-021/253432010_gazebo_ws/build/tugbot_navigation2', 'catkin_cmake_args': None, 'catkin_skip_building_tests': False, 'cmake_args': None, 'cmake_clean_cache': False, 'cmake_clean_first': False, 'cmake_force_configure': False, 'cmake_target': None, 'cmake_target_skip_unavailable': False, 'install_base': '/home/das-note-021/253432010_gazebo_ws/install/tugbot_navigation2', 'merge_install': False, 'path': '/home/das-note-021/253432010_gazebo_ws/src/tugbot_ros2_pkgs/tugbot_navigation2', 'symlink_install': True, 'test_result_base': None}
[0.203s] Level 5:colcon.colcon_core.verb:set package 'tugbot_ros2_pkgs' build argument 'cmake_args' from command line to 'None'
[0.203s] Level 5:colcon.colcon_core.verb:set package 'tugbot_ros2_pkgs' build argument 'cmake_target' from command line to 'None'
[0.203s] Level 5:colcon.colcon_core.verb:set package 'tugbot_ros2_pkgs' build argument 'cmake_target_skip_unavailable' from command line to 'False'
[0.203s] Level 5:colcon.colcon_core.verb:set package 'tugbot_ros2_pkgs' build argument 'cmake_clean_cache' from command line to 'False'
[0.203s] Level 5:colcon.colcon_core.verb:set package 'tugbot_ros2_pkgs' build argument 'cmake_clean_first' from command line to 'False'
[0.203s] Level 5:colcon.colcon_core.verb:set package 'tugbot_ros2_pkgs' build argument 'cmake_force_configure' from command line to 'False'
[0.203s] Level 5:colcon.colcon_core.verb:set package 'tugbot_ros2_pkgs' build argument 'ament_cmake_args' from command line to 'None'
[0.203s] Level 5:colcon.colcon_core.verb:set package 'tugbot_ros2_pkgs' build argument 'catkin_cmake_args' from command line to 'None'
[0.203s] Level 5:colcon.colcon_core.verb:set package 'tugbot_ros2_pkgs' build argument 'catkin_skip_building_tests' from command line to 'False'
[0.203s] DEBUG:colcon.colcon_core.verb:Building package 'tugbot_ros2_pkgs' with the following arguments: {'ament_cmake_args': None, 'build_base': '/home/das-note-021/253432010_gazebo_ws/build/tugbot_ros2_pkgs', 'catkin_cmake_args': None, 'catkin_skip_building_tests': False, 'cmake_args': None, 'cmake_clean_cache': False, 'cmake_clean_first': False, 'cmake_force_configure': False, 'cmake_target': None, 'cmake_target_skip_unavailable': False, 'install_base': '/home/das-note-021/253432010_gazebo_ws/install/tugbot_ros2_pkgs', 'merge_install': False, 'path': '/home/das-note-021/253432010_gazebo_ws/src/tugbot_ros2_pkgs/tugbot_ros2_pkgs', 'symlink_install': True, 'test_result_base': None}
[0.203s] Level 5:colcon.colcon_core.verb:set package 'tugbot_slam' build argument 'cmake_args' from command line to 'None'
[0.203s] Level 5:colcon.colcon_core.verb:set package 'tugbot_slam' build argument 'cmake_target' from command line to 'None'
[0.203s] Level 5:colcon.colcon_core.verb:set package 'tugbot_slam' build argument 'cmake_target_skip_unavailable' from command line to 'False'
[0.203s] Level 5:colcon.colcon_core.verb:set package 'tugbot_slam' build argument 'cmake_clean_cache' from command line to 'False'
[0.203s] Level 5:colcon.colcon_core.verb:set package 'tugbot_slam' build argument 'cmake_clean_first' from command line to 'False'
[0.203s] Level 5:colcon.colcon_core.verb:set package 'tugbot_slam' build argument 'cmake_force_configure' from command line to 'False'
[0.203s] Level 5:colcon.colcon_core.verb:set package 'tugbot_slam' build argument 'ament_cmake_args' from command line to 'None'
[0.203s] Level 5:colcon.colcon_core.verb:set package 'tugbot_slam' build argument 'catkin_cmake_args' from command line to 'None'
[0.203s] Level 5:colcon.colcon_core.verb:set package 'tugbot_slam' build argument 'catkin_skip_building_tests' from command line to 'False'
[0.203s] DEBUG:colcon.colcon_core.verb:Building package 'tugbot_slam' with the following arguments: {'ament_cmake_args': None, 'build_base': '/home/das-note-021/253432010_gazebo_ws/build/tugbot_slam', 'catkin_cmake_args': None, 'catkin_skip_building_tests': False, 'cmake_args': None, 'cmake_clean_cache': False, 'cmake_clean_first': False, 'cmake_force_configure': False, 'cmake_target': None, 'cmake_target_skip_unavailable': False, 'install_base': '/home/das-note-021/253432010_gazebo_ws/install/tugbot_slam', 'merge_install': False, 'path': '/home/das-note-021/253432010_gazebo_ws/src/tugbot_ros2_pkgs/tugbot_slam', 'symlink_install': True, 'test_result_base': None}
[0.203s] INFO:colcon.colcon_core.executor:Executing jobs using 'parallel' executor
[0.204s] DEBUG:colcon.colcon_parallel_executor.executor.parallel:run_until_complete
[0.204s] INFO:colcon.colcon_ros.task.ament_cmake.build:Building ROS package in '/home/das-note-021/253432010_gazebo_ws/src/tugbot_ros2_pkgs/tugbot_description' with build type 'ament_cmake'
[0.204s] INFO:colcon.colcon_cmake.task.cmake.build:Building CMake package in '/home/das-note-021/253432010_gazebo_ws/src/tugbot_ros2_pkgs/tugbot_description'
[0.206s] INFO:colcon.colcon_core.plugin_system:Skipping extension 'colcon_core.shell.bat': Not used on non-Windows systems
[0.206s] INFO:colcon.colcon_core.shell:Skip shell extension 'powershell' for command environment: Not usable outside of PowerShell
[0.206s] DEBUG:colcon.colcon_core.shell:Skip shell extension 'dsv' for command environment
[0.209s] INFO:colcon.colcon_ros.task.ament_cmake.build:Building ROS package in '/home/das-note-021/253432010_gazebo_ws/src/tugbot_ros2_pkgs/tugbot_gazebo' with build type 'ament_cmake'
[0.209s] INFO:colcon.colcon_cmake.task.cmake.build:Building CMake package in '/home/das-note-021/253432010_gazebo_ws/src/tugbot_ros2_pkgs/tugbot_gazebo'
[0.209s] INFO:colcon.colcon_core.shell:Skip shell extension 'powershell' for command environment: Not usable outside of PowerShell
[0.209s] DEBUG:colcon.colcon_core.shell:Skip shell extension 'dsv' for command environment
[0.212s] INFO:colcon.colcon_ros.task.ament_cmake.build:Building ROS package in '/home/das-note-021/253432010_gazebo_ws/src/tugbot_ros2_pkgs/tugbot_navigation2' with build type 'ament_cmake'
[0.212s] INFO:colcon.colcon_cmake.task.cmake.build:Building CMake package in '/home/das-note-021/253432010_gazebo_ws/src/tugbot_ros2_pkgs/tugbot_navigation2'
[0.212s] INFO:colcon.colcon_core.shell:Skip shell extension 'powershell' for command environment: Not usable outside of PowerShell
[0.212s] DEBUG:colcon.colcon_core.shell:Skip shell extension 'dsv' for command environment
[0.215s] INFO:colcon.colcon_ros.task.ament_cmake.build:Building ROS package in '/home/das-note-021/253432010_gazebo_ws/src/tugbot_ros2_pkgs/tugbot_ros2_pkgs' with build type 'ament_cmake'
[0.215s] INFO:colcon.colcon_cmake.task.cmake.build:Building CMake package in '/home/das-note-021/253432010_gazebo_ws/src/tugbot_ros2_pkgs/tugbot_ros2_pkgs'
[0.215s] INFO:colcon.colcon_core.shell:Skip shell extension 'powershell' for command environment: Not usable outside of PowerShell
[0.215s] DEBUG:colcon.colcon_core.shell:Skip shell extension 'dsv' for command environment
[0.218s] INFO:colcon.colcon_ros.task.ament_cmake.build:Building ROS package in '/home/das-note-021/253432010_gazebo_ws/src/tugbot_ros2_pkgs/tugbot_slam' with build type 'ament_cmake'
[0.218s] INFO:colcon.colcon_cmake.task.cmake.build:Building CMake package in '/home/das-note-021/253432010_gazebo_ws/src/tugbot_ros2_pkgs/tugbot_slam'
[0.218s] INFO:colcon.colcon_core.shell:Skip shell extension 'powershell' for command environment: Not usable outside of PowerShell
[0.218s] DEBUG:colcon.colcon_core.shell:Skip shell extension 'dsv' for command environment
[0.224s] DEBUG:colcon.colcon_core.event_handler.log_command:Invoking command in '/home/das-note-021/253432010_gazebo_ws/build/tugbot_description': CMAKE_PREFIX_PATH=${CMAKE_PREFIX_PATH}:/home/das-note-021/kameyama_ws/install/ros2_aruco:/home/das-note-021/kameyama_ws/install/failure_detection:/home/das-note-021/kameyama_ws/install/bt_generator:/opt/ros/humble /usr/bin/cmake --build /home/das-note-021/253432010_gazebo_ws/build/tugbot_description -- -j22 -l22
[0.226s] DEBUG:colcon.colcon_core.event_handler.log_command:Invoking command in '/home/das-note-021/253432010_gazebo_ws/build/tugbot_gazebo': CMAKE_PREFIX_PATH=${CMAKE_PREFIX_PATH}:/home/das-note-021/kameyama_ws/install/ros2_aruco:/home/das-note-021/kameyama_ws/install/failure_detection:/home/das-note-021/kameyama_ws/install/bt_generator:/opt/ros/humble /usr/bin/cmake --build /home/das-note-021/253432010_gazebo_ws/build/tugbot_gazebo -- -j22 -l22
[0.228s] DEBUG:colcon.colcon_core.event_handler.log_command:Invoking command in '/home/das-note-021/253432010_gazebo_ws/build/tugbot_navigation2': CMAKE_PREFIX_PATH=${CMAKE_PREFIX_PATH}:/home/das-note-021/kameyama_ws/install/ros2_aruco:/home/das-note-021/kameyama_ws/install/failure_detection:/home/das-note-021/kameyama_ws/install/bt_generator:/opt/ros/humble /usr/bin/cmake --build /home/das-note-021/253432010_gazebo_ws/build/tugbot_navigation2 -- -j22 -l22
[0.229s] DEBUG:colcon.colcon_core.event_handler.log_command:Invoking command in '/home/das-note-021/253432010_gazebo_ws/build/tugbot_ros2_pkgs': CMAKE_PREFIX_PATH=${CMAKE_PREFIX_PATH}:/home/das-note-021/kameyama_ws/install/ros2_aruco:/home/das-note-021/kameyama_ws/install/failure_detection:/home/das-note-021/kameyama_ws/install/bt_generator:/opt/ros/humble /usr/bin/cmake --build /home/das-note-021/253432010_gazebo_ws/build/tugbot_ros2_pkgs -- -j22 -l22
[0.233s] DEBUG:colcon.colcon_core.event_handler.log_command:Invoking command in '/home/das-note-021/253432010_gazebo_ws/build/tugbot_slam': CMAKE_PREFIX_PATH=${CMAKE_PREFIX_PATH}:/home/das-note-021/kameyama_ws/install/ros2_aruco:/home/das-note-021/kameyama_ws/install/failure_detection:/home/das-note-021/kameyama_ws/install/bt_generator:/opt/ros/humble /usr/bin/cmake --build /home/das-note-021/253432010_gazebo_ws/build/tugbot_slam -- -j22 -l22
[0.256s] DEBUG:colcon.colcon_core.event_handler.log_command:Invoked command in '/home/das-note-021/253432010_gazebo_ws/build/tugbot_ros2_pkgs' returned '0': CMAKE_PREFIX_PATH=${CMAKE_PREFIX_PATH}:/home/das-note-021/kameyama_ws/install/ros2_aruco:/home/das-note-021/kameyama_ws/install/failure_detection:/home/das-note-021/kameyama_ws/install/bt_generator:/opt/ros/humble /usr/bin/cmake --build /home/das-note-021/253432010_gazebo_ws/build/tugbot_ros2_pkgs -- -j22 -l22
[0.263s] DEBUG:colcon.colcon_core.event_handler.log_command:Invoking command in '/home/das-note-021/253432010_gazebo_ws/build/tugbot_ros2_pkgs': CMAKE_PREFIX_PATH=${CMAKE_PREFIX_PATH}:/home/das-note-021/kameyama_ws/install/ros2_aruco:/home/das-note-021/kameyama_ws/install/failure_detection:/home/das-note-021/kameyama_ws/install/bt_generator:/opt/ros/humble /usr/bin/cmake --install /home/das-note-021/253432010_gazebo_ws/build/tugbot_ros2_pkgs
[0.264s] DEBUG:colcon.colcon_core.event_handler.log_command:Invoked command in '/home/das-note-021/253432010_gazebo_ws/build/tugbot_description' returned '0': CMAKE_PREFIX_PATH=${CMAKE_PREFIX_PATH}:/home/das-note-021/kameyama_ws/install/ros2_aruco:/home/das-note-021/kameyama_ws/install/failure_detection:/home/das-note-021/kameyama_ws/install/bt_generator:/opt/ros/humble /usr/bin/cmake --build /home/das-note-021/253432010_gazebo_ws/build/tugbot_description -- -j22 -l22
[0.265s] DEBUG:colcon.colcon_core.event_handler.log_command:Invoking command in '/home/das-note-021/253432010_gazebo_ws/build/tugbot_description': CMAKE_PREFIX_PATH=${CMAKE_PREFIX_PATH}:/home/das-note-021/kameyama_ws/install/ros2_aruco:/home/das-note-021/kameyama_ws/install/failure_detection:/home/das-note-021/kameyama_ws/install/bt_generator:/opt/ros/humble /usr/bin/cmake --install /home/das-note-021/253432010_gazebo_ws/build/tugbot_description
[0.265s] DEBUG:colcon.colcon_core.event_handler.log_command:Invoked command in '/home/das-note-021/253432010_gazebo_ws/build/tugbot_navigation2' returned '0': CMAKE_PREFIX_PATH=${CMAKE_PREFIX_PATH}:/home/das-note-021/kameyama_ws/install/ros2_aruco:/home/das-note-021/kameyama_ws/install/failure_detection:/home/das-note-021/kameyama_ws/install/bt_generator:/opt/ros/humble /usr/bin/cmake --build /home/das-note-021/253432010_gazebo_ws/build/tugbot_navigation2 -- -j22 -l22
[0.266s] DEBUG:colcon.colcon_core.event_handler.log_command:Invoking command in '/home/das-note-021/253432010_gazebo_ws/build/tugbot_navigation2': CMAKE_PREFIX_PATH=${CMAKE_PREFIX_PATH}:/home/das-note-021/kameyama_ws/install/ros2_aruco:/home/das-note-021/kameyama_ws/install/failure_detection:/home/das-note-021/kameyama_ws/install/bt_generator:/opt/ros/humble /usr/bin/cmake --install /home/das-note-021/253432010_gazebo_ws/build/tugbot_navigation2
[0.266s] DEBUG:colcon.colcon_core.event_handler.log_command:Invoked command in '/home/das-note-021/253432010_gazebo_ws/build/tugbot_gazebo' returned '0': CMAKE_PREFIX_PATH=${CMAKE_PREFIX_PATH}:/home/das-note-021/kameyama_ws/install/ros2_aruco:/home/das-note-021/kameyama_ws/install/failure_detection:/home/das-note-021/kameyama_ws/install/bt_generator:/opt/ros/humble /usr/bin/cmake --build /home/das-note-021/253432010_gazebo_ws/build/tugbot_gazebo -- -j22 -l22
[0.267s] DEBUG:colcon.colcon_core.event_handler.log_command:Invoking command in '/home/das-note-021/253432010_gazebo_ws/build/tugbot_gazebo': CMAKE_PREFIX_PATH=${CMAKE_PREFIX_PATH}:/home/das-note-021/kameyama_ws/install/ros2_aruco:/home/das-note-021/kameyama_ws/install/failure_detection:/home/das-note-021/kameyama_ws/install/bt_generator:/opt/ros/humble /usr/bin/cmake --install /home/das-note-021/253432010_gazebo_ws/build/tugbot_gazebo
[0.267s] DEBUG:colcon.colcon_core.event_handler.log_command:Invoked command in '/home/das-note-021/253432010_gazebo_ws/build/tugbot_slam' returned '0': CMAKE_PREFIX_PATH=${CMAKE_PREFIX_PATH}:/home/das-note-021/kameyama_ws/install/ros2_aruco:/home/das-note-021/kameyama_ws/install/failure_detection:/home/das-note-021/kameyama_ws/install/bt_generator:/opt/ros/humble /usr/bin/cmake --build /home/das-note-021/253432010_gazebo_ws/build/tugbot_slam -- -j22 -l22
[0.268s] DEBUG:colcon.colcon_core.event_handler.log_command:Invoking command in '/home/das-note-021/253432010_gazebo_ws/build/tugbot_slam': CMAKE_PREFIX_PATH=${CMAKE_PREFIX_PATH}:/home/das-note-021/kameyama_ws/install/ros2_aruco:/home/das-note-021/kameyama_ws/install/failure_detection:/home/das-note-021/kameyama_ws/install/bt_generator:/opt/ros/humble /usr/bin/cmake --install /home/das-note-021/253432010_gazebo_ws/build/tugbot_slam
[0.276s] Level 1:colcon.colcon_core.environment:create_environment_scripts_only(tugbot_ros2_pkgs)
[0.278s] Level 1:colcon.colcon_core.environment:checking '/home/das-note-021/253432010_gazebo_ws/install/tugbot_ros2_pkgs' for CMake module files
[0.279s] Level 1:colcon.colcon_core.environment:checking '/home/das-note-021/253432010_gazebo_ws/install/tugbot_ros2_pkgs' for CMake config files
[0.279s] Level 1:colcon.colcon_core.shell:create_environment_hook('tugbot_ros2_pkgs', 'cmake_prefix_path')
[0.280s] INFO:colcon.colcon_core.shell:Creating environment hook '/home/das-note-021/253432010_gazebo_ws/install/tugbot_ros2_pkgs/share/tugbot_ros2_pkgs/hook/cmake_prefix_path.ps1'
[0.280s] INFO:colcon.colcon_core.shell:Creating environment descriptor '/home/das-note-021/253432010_gazebo_ws/install/tugbot_ros2_pkgs/share/tugbot_ros2_pkgs/hook/cmake_prefix_path.dsv'
[0.281s] INFO:colcon.colcon_core.shell:Creating environment hook '/home/das-note-021/253432010_gazebo_ws/install/tugbot_ros2_pkgs/share/tugbot_ros2_pkgs/hook/cmake_prefix_path.sh'
[0.282s] Level 1:colcon.colcon_core.environment:checking '/home/das-note-021/253432010_gazebo_ws/install/tugbot_ros2_pkgs/bin'
[0.282s] Level 1:colcon.colcon_core.environment:checking '/home/das-note-021/253432010_gazebo_ws/install/tugbot_ros2_pkgs/lib/pkgconfig/tugbot_ros2_pkgs.pc'
[0.282s] Level 1:colcon.colcon_core.environment:checking '/home/das-note-021/253432010_gazebo_ws/install/tugbot_ros2_pkgs/lib/python3.10/site-packages'
[0.282s] Level 1:colcon.colcon_core.environment:checking '/home/das-note-021/253432010_gazebo_ws/install/tugbot_ros2_pkgs/bin'
[0.282s] INFO:colcon.colcon_core.shell:Creating package script '/home/das-note-021/253432010_gazebo_ws/install/tugbot_ros2_pkgs/share/tugbot_ros2_pkgs/package.ps1'
[0.283s] DEBUG:colcon.colcon_core.event_handler.log_command:Invoked command in '/home/das-note-021/253432010_gazebo_ws/build/tugbot_ros2_pkgs' returned '0': CMAKE_PREFIX_PATH=${CMAKE_PREFIX_PATH}:/home/das-note-021/kameyama_ws/install/ros2_aruco:/home/das-note-021/kameyama_ws/install/failure_detection:/home/das-note-021/kameyama_ws/install/bt_generator:/opt/ros/humble /usr/bin/cmake --install /home/das-note-021/253432010_gazebo_ws/build/tugbot_ros2_pkgs
[0.283s] INFO:colcon.colcon_core.shell:Creating package descriptor '/home/das-note-021/253432010_gazebo_ws/install/tugbot_ros2_pkgs/share/tugbot_ros2_pkgs/package.dsv'
[0.284s] INFO:colcon.colcon_core.shell:Creating package script '/home/das-note-021/253432010_gazebo_ws/install/tugbot_ros2_pkgs/share/tugbot_ros2_pkgs/package.sh'
[0.285s] INFO:colcon.colcon_core.shell:Creating package script '/home/das-note-021/253432010_gazebo_ws/install/tugbot_ros2_pkgs/share/tugbot_ros2_pkgs/package.bash'
[0.285s] INFO:colcon.colcon_core.shell:Creating package script '/home/das-note-021/253432010_gazebo_ws/install/tugbot_ros2_pkgs/share/tugbot_ros2_pkgs/package.zsh'
[0.285s] Level 1:colcon.colcon_core.environment:create_file_with_runtime_dependencies(/home/das-note-021/253432010_gazebo_ws/install/tugbot_ros2_pkgs/share/colcon-core/packages/tugbot_ros2_pkgs)
[0.286s] Level 1:colcon.colcon_core.environment:create_environment_scripts_only(tugbot_ros2_pkgs)
[0.286s] Level 1:colcon.colcon_core.environment:checking '/home/das-note-021/253432010_gazebo_ws/install/tugbot_ros2_pkgs' for CMake module files
[0.286s] Level 1:colcon.colcon_core.environment:checking '/home/das-note-021/253432010_gazebo_ws/install/tugbot_ros2_pkgs' for CMake config files
[0.286s] Level 1:colcon.colcon_core.shell:create_environment_hook('tugbot_ros2_pkgs', 'cmake_prefix_path')
[0.286s] INFO:colcon.colcon_core.shell:Creating environment hook '/home/das-note-021/253432010_gazebo_ws/install/tugbot_ros2_pkgs/share/tugbot_ros2_pkgs/hook/cmake_prefix_path.ps1'
[0.286s] INFO:colcon.colcon_core.shell:Creating environment descriptor '/home/das-note-021/253432010_gazebo_ws/install/tugbot_ros2_pkgs/share/tugbot_ros2_pkgs/hook/cmake_prefix_path.dsv'
[0.287s] INFO:colcon.colcon_core.shell:Creating environment hook '/home/das-note-021/253432010_gazebo_ws/install/tugbot_ros2_pkgs/share/tugbot_ros2_pkgs/hook/cmake_prefix_path.sh'
[0.287s] Level 1:colcon.colcon_core.environment:checking '/home/das-note-021/253432010_gazebo_ws/install/tugbot_ros2_pkgs/bin'
[0.287s] Level 1:colcon.colcon_core.environment:checking '/home/das-note-021/253432010_gazebo_ws/install/tugbot_ros2_pkgs/lib/pkgconfig/tugbot_ros2_pkgs.pc'
[0.287s] Level 1:colcon.colcon_core.environment:checking '/home/das-note-021/253432010_gazebo_ws/install/tugbot_ros2_pkgs/lib/python3.10/site-packages'
[0.287s] Level 1:colcon.colcon_core.environment:checking '/home/das-note-021/253432010_gazebo_ws/install/tugbot_ros2_pkgs/bin'
[0.288s] INFO:colcon.colcon_core.shell:Creating package script '/home/das-note-021/253432010_gazebo_ws/install/tugbot_ros2_pkgs/share/tugbot_ros2_pkgs/package.ps1'
[0.288s] INFO:colcon.colcon_core.shell:Creating package descriptor '/home/das-note-021/253432010_gazebo_ws/install/tugbot_ros2_pkgs/share/tugbot_ros2_pkgs/package.dsv'
[0.288s] INFO:colcon.colcon_core.shell:Creating package script '/home/das-note-021/253432010_gazebo_ws/install/tugbot_ros2_pkgs/share/tugbot_ros2_pkgs/package.sh'
[0.288s] INFO:colcon.colcon_core.shell:Creating package script '/home/das-note-021/253432010_gazebo_ws/install/tugbot_ros2_pkgs/share/tugbot_ros2_pkgs/package.bash'
[0.289s] INFO:colcon.colcon_core.shell:Creating package script '/home/das-note-021/253432010_gazebo_ws/install/tugbot_ros2_pkgs/share/tugbot_ros2_pkgs/package.zsh'
[0.289s] Level 1:colcon.colcon_core.environment:create_file_with_runtime_dependencies(/home/das-note-021/253432010_gazebo_ws/install/tugbot_ros2_pkgs/share/colcon-core/packages/tugbot_ros2_pkgs)
[0.290s] Level 1:colcon.colcon_core.environment:create_environment_scripts_only(tugbot_description)
[0.290s] Level 1:colcon.colcon_core.environment:checking '/home/das-note-021/253432010_gazebo_ws/install/tugbot_description' for CMake module files
[0.290s] DEBUG:colcon.colcon_core.event_handler.log_command:Invoked command in '/home/das-note-021/253432010_gazebo_ws/build/tugbot_description' returned '0': CMAKE_PREFIX_PATH=${CMAKE_PREFIX_PATH}:/home/das-note-021/kameyama_ws/install/ros2_aruco:/home/das-note-021/kameyama_ws/install/failure_detection:/home/das-note-021/kameyama_ws/install/bt_generator:/opt/ros/humble /usr/bin/cmake --install /home/das-note-021/253432010_gazebo_ws/build/tugbot_description
[0.290s] Level 1:colcon.colcon_core.environment:checking '/home/das-note-021/253432010_gazebo_ws/install/tugbot_description' for CMake config files
[0.291s] Level 1:colcon.colcon_core.shell:create_environment_hook('tugbot_description', 'cmake_prefix_path')
[0.291s] INFO:colcon.colcon_core.shell:Creating environment hook '/home/das-note-021/253432010_gazebo_ws/install/tugbot_description/share/tugbot_description/hook/cmake_prefix_path.ps1'
[0.291s] INFO:colcon.colcon_core.shell:Creating environment descriptor '/home/das-note-021/253432010_gazebo_ws/install/tugbot_description/share/tugbot_description/hook/cmake_prefix_path.dsv'
[0.291s] INFO:colcon.colcon_core.shell:Creating environment hook '/home/das-note-021/253432010_gazebo_ws/install/tugbot_description/share/tugbot_description/hook/cmake_prefix_path.sh'
[0.291s] Level 1:colcon.colcon_core.environment:checking '/home/das-note-021/253432010_gazebo_ws/install/tugbot_description/bin'
[0.291s] Level 1:colcon.colcon_core.environment:checking '/home/das-note-021/253432010_gazebo_ws/install/tugbot_description/lib/pkgconfig/tugbot_description.pc'
[0.292s] Level 1:colcon.colcon_core.environment:checking '/home/das-note-021/253432010_gazebo_ws/install/tugbot_description/lib/python3.10/site-packages'
[0.292s] Level 1:colcon.colcon_core.environment:checking '/home/das-note-021/253432010_gazebo_ws/install/tugbot_description/bin'
[0.292s] INFO:colcon.colcon_core.shell:Creating package script '/home/das-note-021/253432010_gazebo_ws/install/tugbot_description/share/tugbot_description/package.ps1'
[0.292s] INFO:colcon.colcon_core.shell:Creating package descriptor '/home/das-note-021/253432010_gazebo_ws/install/tugbot_description/share/tugbot_description/package.dsv'
[0.292s] INFO:colcon.colcon_core.shell:Creating package script '/home/das-note-021/253432010_gazebo_ws/install/tugbot_description/share/tugbot_description/package.sh'
[0.292s] INFO:colcon.colcon_core.shell:Creating package script '/home/das-note-021/253432010_gazebo_ws/install/tugbot_description/share/tugbot_description/package.bash'
[0.293s] INFO:colcon.colcon_core.shell:Creating package script '/home/das-note-021/253432010_gazebo_ws/install/tugbot_description/share/tugbot_description/package.zsh'
[0.293s] Level 1:colcon.colcon_core.environment:create_file_with_runtime_dependencies(/home/das-note-021/253432010_gazebo_ws/install/tugbot_description/share/colcon-core/packages/tugbot_description)
[0.293s] Level 1:colcon.colcon_core.environment:create_environment_scripts_only(tugbot_description)
[0.293s] Level 1:colcon.colcon_core.environment:checking '/home/das-note-021/253432010_gazebo_ws/install/tugbot_description' for CMake module files
[0.294s] Level 1:colcon.colcon_core.environment:checking '/home/das-note-021/253432010_gazebo_ws/install/tugbot_description' for CMake config files
[0.294s] Level 1:colcon.colcon_core.shell:create_environment_hook('tugbot_description', 'cmake_prefix_path')
[0.294s] INFO:colcon.colcon_core.shell:Creating environment hook '/home/das-note-021/253432010_gazebo_ws/install/tugbot_description/share/tugbot_description/hook/cmake_prefix_path.ps1'
[0.294s] INFO:colcon.colcon_core.shell:Creating environment descriptor '/home/das-note-021/253432010_gazebo_ws/install/tugbot_description/share/tugbot_description/hook/cmake_prefix_path.dsv'
[0.294s] INFO:colcon.colcon_core.shell:Creating environment hook '/home/das-note-021/253432010_gazebo_ws/install/tugbot_description/share/tugbot_description/hook/cmake_prefix_path.sh'
[0.294s] Level 1:colcon.colcon_core.environment:checking '/home/das-note-021/253432010_gazebo_ws/install/tugbot_description/bin'
[0.294s] Level 1:colcon.colcon_core.environment:checking '/home/das-note-021/253432010_gazebo_ws/install/tugbot_description/lib/pkgconfig/tugbot_description.pc'
[0.295s] Level 1:colcon.colcon_core.environment:checking '/home/das-note-021/253432010_gazebo_ws/install/tugbot_description/lib/python3.10/site-packages'
[0.295s] Level 1:colcon.colcon_core.environment:checking '/home/das-note-021/253432010_gazebo_ws/install/tugbot_description/bin'
[0.295s] INFO:colcon.colcon_core.shell:Creating package script '/home/das-note-021/253432010_gazebo_ws/install/tugbot_description/share/tugbot_description/package.ps1'
[0.295s] INFO:colcon.colcon_core.shell:Creating package descriptor '/home/das-note-021/253432010_gazebo_ws/install/tugbot_description/share/tugbot_description/package.dsv'
[0.295s] INFO:colcon.colcon_core.shell:Creating package script '/home/das-note-021/253432010_gazebo_ws/install/tugbot_description/share/tugbot_description/package.sh'
[0.296s] INFO:colcon.colcon_core.shell:Creating package script '/home/das-note-021/253432010_gazebo_ws/install/tugbot_description/share/tugbot_description/package.bash'
[0.296s] INFO:colcon.colcon_core.shell:Creating package script '/home/das-note-021/253432010_gazebo_ws/install/tugbot_description/share/tugbot_description/package.zsh'
[0.296s] Level 1:colcon.colcon_core.environment:create_file_with_runtime_dependencies(/home/das-note-021/253432010_gazebo_ws/install/tugbot_description/share/colcon-core/packages/tugbot_description)
[0.296s] Level 1:colcon.colcon_core.environment:create_environment_scripts_only(tugbot_navigation2)
[0.296s] Level 1:colcon.colcon_core.environment:checking '/home/das-note-021/253432010_gazebo_ws/install/tugbot_navigation2' for CMake module files
[0.297s] DEBUG:colcon.colcon_core.event_handler.log_command:Invoked command in '/home/das-note-021/253432010_gazebo_ws/build/tugbot_navigation2' returned '0': CMAKE_PREFIX_PATH=${CMAKE_PREFIX_PATH}:/home/das-note-021/kameyama_ws/install/ros2_aruco:/home/das-note-021/kameyama_ws/install/failure_detection:/home/das-note-021/kameyama_ws/install/bt_generator:/opt/ros/humble /usr/bin/cmake --install /home/das-note-021/253432010_gazebo_ws/build/tugbot_navigation2
[0.297s] Level 1:colcon.colcon_core.environment:checking '/home/das-note-021/253432010_gazebo_ws/install/tugbot_navigation2' for CMake config files
[0.297s] Level 1:colcon.colcon_core.shell:create_environment_hook('tugbot_navigation2', 'cmake_prefix_path')
[0.297s] INFO:colcon.colcon_core.shell:Creating environment hook '/home/das-note-021/253432010_gazebo_ws/install/tugbot_navigation2/share/tugbot_navigation2/hook/cmake_prefix_path.ps1'
[0.297s] INFO:colcon.colcon_core.shell:Creating environment descriptor '/home/das-note-021/253432010_gazebo_ws/install/tugbot_navigation2/share/tugbot_navigation2/hook/cmake_prefix_path.dsv'
[0.297s] INFO:colcon.colcon_core.shell:Creating environment hook '/home/das-note-021/253432010_gazebo_ws/install/tugbot_navigation2/share/tugbot_navigation2/hook/cmake_prefix_path.sh'
[0.298s] Level 1:colcon.colcon_core.environment:checking '/home/das-note-021/253432010_gazebo_ws/install/tugbot_navigation2/bin'
[0.298s] Level 1:colcon.colcon_core.environment:checking '/home/das-note-021/253432010_gazebo_ws/install/tugbot_navigation2/lib/pkgconfig/tugbot_navigation2.pc'
[0.298s] Level 1:colcon.colcon_core.environment:checking '/home/das-note-021/253432010_gazebo_ws/install/tugbot_navigation2/lib/python3.10/site-packages'
[0.298s] Level 1:colcon.colcon_core.environment:checking '/home/das-note-021/253432010_gazebo_ws/install/tugbot_navigation2/bin'
[0.298s] INFO:colcon.colcon_core.shell:Creating package script '/home/das-note-021/253432010_gazebo_ws/install/tugbot_navigation2/share/tugbot_navigation2/package.ps1'
[0.298s] INFO:colcon.colcon_core.shell:Creating package descriptor '/home/das-note-021/253432010_gazebo_ws/install/tugbot_navigation2/share/tugbot_navigation2/package.dsv'
[0.298s] INFO:colcon.colcon_core.shell:Creating package script '/home/das-note-021/253432010_gazebo_ws/install/tugbot_navigation2/share/tugbot_navigation2/package.sh'
[0.299s] INFO:colcon.colcon_core.shell:Creating package script '/home/das-note-021/253432010_gazebo_ws/install/tugbot_navigation2/share/tugbot_navigation2/package.bash'
[0.299s] INFO:colcon.colcon_core.shell:Creating package script '/home/das-note-021/253432010_gazebo_ws/install/tugbot_navigation2/share/tugbot_navigation2/package.zsh'
[0.299s] Level 1:colcon.colcon_core.environment:create_file_with_runtime_dependencies(/home/das-note-021/253432010_gazebo_ws/install/tugbot_navigation2/share/colcon-core/packages/tugbot_navigation2)
[0.299s] Level 1:colcon.colcon_core.environment:create_environment_scripts_only(tugbot_navigation2)
[0.299s] Level 1:colcon.colcon_core.environment:checking '/home/das-note-021/253432010_gazebo_ws/install/tugbot_navigation2' for CMake module files
[0.299s] Level 1:colcon.colcon_core.environment:checking '/home/das-note-021/253432010_gazebo_ws/install/tugbot_navigation2' for CMake config files
[0.300s] Level 1:colcon.colcon_core.shell:create_environment_hook('tugbot_navigation2', 'cmake_prefix_path')
[0.300s] INFO:colcon.colcon_core.shell:Creating environment hook '/home/das-note-021/253432010_gazebo_ws/install/tugbot_navigation2/share/tugbot_navigation2/hook/cmake_prefix_path.ps1'
[0.300s] INFO:colcon.colcon_core.shell:Creating environment descriptor '/home/das-note-021/253432010_gazebo_ws/install/tugbot_navigation2/share/tugbot_navigation2/hook/cmake_prefix_path.dsv'
[0.300s] INFO:colcon.colcon_core.shell:Creating environment hook '/home/das-note-021/253432010_gazebo_ws/install/tugbot_navigation2/share/tugbot_navigation2/hook/cmake_prefix_path.sh'
[0.300s] Level 1:colcon.colcon_core.environment:checking '/home/das-note-021/253432010_gazebo_ws/install/tugbot_navigation2/bin'
[0.300s] Level 1:colcon.colcon_core.environment:checking '/home/das-note-021/253432010_gazebo_ws/install/tugbot_navigation2/lib/pkgconfig/tugbot_navigation2.pc'
[0.300s] Level 1:colcon.colcon_core.environment:checking '/home/das-note-021/253432010_gazebo_ws/install/tugbot_navigation2/lib/python3.10/site-packages'
[0.301s] Level 1:colcon.colcon_core.environment:checking '/home/das-note-021/253432010_gazebo_ws/install/tugbot_navigation2/bin'
[0.301s] INFO:colcon.colcon_core.shell:Creating package script '/home/das-note-021/253432010_gazebo_ws/install/tugbot_navigation2/share/tugbot_navigation2/package.ps1'
[0.301s] INFO:colcon.colcon_core.shell:Creating package descriptor '/home/das-note-021/253432010_gazebo_ws/install/tugbot_navigation2/share/tugbot_navigation2/package.dsv'
[0.301s] INFO:colcon.colcon_core.shell:Creating package script '/home/das-note-021/253432010_gazebo_ws/install/tugbot_navigation2/share/tugbot_navigation2/package.sh'
[0.301s] INFO:colcon.colcon_core.shell:Creating package script '/home/das-note-021/253432010_gazebo_ws/install/tugbot_navigation2/share/tugbot_navigation2/package.bash'
[0.302s] INFO:colcon.colcon_core.shell:Creating package script '/home/das-note-021/253432010_gazebo_ws/install/tugbot_navigation2/share/tugbot_navigation2/package.zsh'
[0.302s] Level 1:colcon.colcon_core.environment:create_file_with_runtime_dependencies(/home/das-note-021/253432010_gazebo_ws/install/tugbot_navigation2/share/colcon-core/packages/tugbot_navigation2)
[0.302s] Level 1:colcon.colcon_core.environment:create_environment_scripts_only(tugbot_gazebo)
[0.302s] Level 1:colcon.colcon_core.environment:checking '/home/das-note-021/253432010_gazebo_ws/install/tugbot_gazebo' for CMake module files
[0.303s] DEBUG:colcon.colcon_core.event_handler.log_command:Invoked command in '/home/das-note-021/253432010_gazebo_ws/build/tugbot_gazebo' returned '0': CMAKE_PREFIX_PATH=${CMAKE_PREFIX_PATH}:/home/das-note-021/kameyama_ws/install/ros2_aruco:/home/das-note-021/kameyama_ws/install/failure_detection:/home/das-note-021/kameyama_ws/install/bt_generator:/opt/ros/humble /usr/bin/cmake --install /home/das-note-021/253432010_gazebo_ws/build/tugbot_gazebo
[0.303s] Level 1:colcon.colcon_core.environment:checking '/home/das-note-021/253432010_gazebo_ws/install/tugbot_gazebo' for CMake config files
[0.303s] Level 1:colcon.colcon_core.shell:create_environment_hook('tugbot_gazebo', 'cmake_prefix_path')
[0.303s] INFO:colcon.colcon_core.shell:Creating environment hook '/home/das-note-021/253432010_gazebo_ws/install/tugbot_gazebo/share/tugbot_gazebo/hook/cmake_prefix_path.ps1'
[0.303s] INFO:colcon.colcon_core.shell:Creating environment descriptor '/home/das-note-021/253432010_gazebo_ws/install/tugbot_gazebo/share/tugbot_gazebo/hook/cmake_prefix_path.dsv'
[0.303s] INFO:colcon.colcon_core.shell:Creating environment hook '/home/das-note-021/253432010_gazebo_ws/install/tugbot_gazebo/share/tugbot_gazebo/hook/cmake_prefix_path.sh'
[0.304s] Level 1:colcon.colcon_core.environment:checking '/home/das-note-021/253432010_gazebo_ws/install/tugbot_gazebo/bin'
[0.304s] Level 1:colcon.colcon_core.environment:checking '/home/das-note-021/253432010_gazebo_ws/install/tugbot_gazebo/lib/pkgconfig/tugbot_gazebo.pc'
[0.304s] Level 1:colcon.colcon_core.environment:checking '/home/das-note-021/253432010_gazebo_ws/install/tugbot_gazebo/lib/python3.10/site-packages'
[0.304s] Level 1:colcon.colcon_core.environment:checking '/home/das-note-021/253432010_gazebo_ws/install/tugbot_gazebo/bin'
[0.304s] INFO:colcon.colcon_core.shell:Creating package script '/home/das-note-021/253432010_gazebo_ws/install/tugbot_gazebo/share/tugbot_gazebo/package.ps1'
[0.305s] INFO:colcon.colcon_core.shell:Creating package descriptor '/home/das-note-021/253432010_gazebo_ws/install/tugbot_gazebo/share/tugbot_gazebo/package.dsv'
[0.305s] INFO:colcon.colcon_core.shell:Creating package script '/home/das-note-021/253432010_gazebo_ws/install/tugbot_gazebo/share/tugbot_gazebo/package.sh'
[0.305s] INFO:colcon.colcon_core.shell:Creating package script '/home/das-note-021/253432010_gazebo_ws/install/tugbot_gazebo/share/tugbot_gazebo/package.bash'
[0.305s] INFO:colcon.colcon_core.shell:Creating package script '/home/das-note-021/253432010_gazebo_ws/install/tugbot_gazebo/share/tugbot_gazebo/package.zsh'
[0.305s] Level 1:colcon.colcon_core.environment:create_file_with_runtime_dependencies(/home/das-note-021/253432010_gazebo_ws/install/tugbot_gazebo/share/colcon-core/packages/tugbot_gazebo)
[0.305s] Level 1:colcon.colcon_core.environment:create_environment_scripts_only(tugbot_gazebo)
[0.306s] Level 1:colcon.colcon_core.environment:checking '/home/das-note-021/253432010_gazebo_ws/install/tugbot_gazebo' for CMake module files
[0.306s] Level 1:colcon.colcon_core.environment:checking '/home/das-note-021/253432010_gazebo_ws/install/tugbot_gazebo' for CMake config files
[0.306s] Level 1:colcon.colcon_core.shell:create_environment_hook('tugbot_gazebo', 'cmake_prefix_path')
[0.306s] INFO:colcon.colcon_core.shell:Creating environment hook '/home/das-note-021/253432010_gazebo_ws/install/tugbot_gazebo/share/tugbot_gazebo/hook/cmake_prefix_path.ps1'
[0.306s] INFO:colcon.colcon_core.shell:Creating environment descriptor '/home/das-note-021/253432010_gazebo_ws/install/tugbot_gazebo/share/tugbot_gazebo/hook/cmake_prefix_path.dsv'
[0.306s] INFO:colcon.colcon_core.shell:Creating environment hook '/home/das-note-021/253432010_gazebo_ws/install/tugbot_gazebo/share/tugbot_gazebo/hook/cmake_prefix_path.sh'
[0.307s] Level 1:colcon.colcon_core.environment:checking '/home/das-note-021/253432010_gazebo_ws/install/tugbot_gazebo/bin'
[0.307s] Level 1:colcon.colcon_core.environment:checking '/home/das-note-021/253432010_gazebo_ws/install/tugbot_gazebo/lib/pkgconfig/tugbot_gazebo.pc'
[0.307s] Level 1:colcon.colcon_core.environment:checking '/home/das-note-021/253432010_gazebo_ws/install/tugbot_gazebo/lib/python3.10/site-packages'
[0.307s] Level 1:colcon.colcon_core.environment:checking '/home/das-note-021/253432010_gazebo_ws/install/tugbot_gazebo/bin'
[0.307s] INFO:colcon.colcon_core.shell:Creating package script '/home/das-note-021/253432010_gazebo_ws/install/tugbot_gazebo/share/tugbot_gazebo/package.ps1'
[0.307s] INFO:colcon.colcon_core.shell:Creating package descriptor '/home/das-note-021/253432010_gazebo_ws/install/tugbot_gazebo/share/tugbot_gazebo/package.dsv'
[0.307s] INFO:colcon.colcon_core.shell:Creating package script '/home/das-note-021/253432010_gazebo_ws/install/tugbot_gazebo/share/tugbot_gazebo/package.sh'
[0.308s] INFO:colcon.colcon_core.shell:Creating package script '/home/das-note-021/253432010_gazebo_ws/install/tugbot_gazebo/share/tugbot_gazebo/package.bash'
[0.308s] INFO:colcon.colcon_core.shell:Creating package script '/home/das-note-021/253432010_gazebo_ws/install/tugbot_gazebo/share/tugbot_gazebo/package.zsh'
[0.308s] Level 1:colcon.colcon_core.environment:create_file_with_runtime_dependencies(/home/das-note-021/253432010_gazebo_ws/install/tugbot_gazebo/share/colcon-core/packages/tugbot_gazebo)
[0.308s] Level 1:colcon.colcon_core.environment:create_environment_scripts_only(tugbot_slam)
[0.308s] Level 1:colcon.colcon_core.environment:checking '/home/das-note-021/253432010_gazebo_ws/install/tugbot_slam' for CMake module files
[0.309s] DEBUG:colcon.colcon_core.event_handler.log_command:Invoked command in '/home/das-note-021/253432010_gazebo_ws/build/tugbot_slam' returned '0': CMAKE_PREFIX_PATH=${CMAKE_PREFIX_PATH}:/home/das-note-021/kameyama_ws/install/ros2_aruco:/home/das-note-021/kameyama_ws/install/failure_detection:/home/das-note-021/kameyama_ws/install/bt_generator:/opt/ros/humble /usr/bin/cmake --install /home/das-note-021/253432010_gazebo_ws/build/tugbot_slam
[0.309s] Level 1:colcon.colcon_core.environment:checking '/home/das-note-021/253432010_gazebo_ws/install/tugbot_slam' for CMake config files
[0.309s] Level 1:colcon.colcon_core.shell:create_environment_hook('tugbot_slam', 'cmake_prefix_path')
[0.309s] INFO:colcon.colcon_core.shell:Creating environment hook '/home/das-note-021/253432010_gazebo_ws/install/tugbot_slam/share/tugbot_slam/hook/cmake_prefix_path.ps1'
[0.309s] INFO:colcon.colcon_core.shell:Creating environment descriptor '/home/das-note-021/253432010_gazebo_ws/install/tugbot_slam/share/tugbot_slam/hook/cmake_prefix_path.dsv'
[0.309s] INFO:colcon.colcon_core.shell:Creating environment hook '/home/das-note-021/253432010_gazebo_ws/install/tugbot_slam/share/tugbot_slam/hook/cmake_prefix_path.sh'
[0.310s] Level 1:colcon.colcon_core.environment:checking '/home/das-note-021/253432010_gazebo_ws/install/tugbot_slam/bin'
[0.310s] Level 1:colcon.colcon_core.environment:checking '/home/das-note-021/253432010_gazebo_ws/install/tugbot_slam/lib/pkgconfig/tugbot_slam.pc'
[0.310s] Level 1:colcon.colcon_core.environment:checking '/home/das-note-021/253432010_gazebo_ws/install/tugbot_slam/lib/python3.10/site-packages'
[0.310s] Level 1:colcon.colcon_core.environment:checking '/home/das-note-021/253432010_gazebo_ws/install/tugbot_slam/bin'
[0.310s] INFO:colcon.colcon_core.shell:Creating package script '/home/das-note-021/253432010_gazebo_ws/install/tugbot_slam/share/tugbot_slam/package.ps1'
[0.310s] INFO:colcon.colcon_core.shell:Creating package descriptor '/home/das-note-021/253432010_gazebo_ws/install/tugbot_slam/share/tugbot_slam/package.dsv'
[0.310s] INFO:colcon.colcon_core.shell:Creating package script '/home/das-note-021/253432010_gazebo_ws/install/tugbot_slam/share/tugbot_slam/package.sh'
[0.311s] INFO:colcon.colcon_core.shell:Creating package script '/home/das-note-021/253432010_gazebo_ws/install/tugbot_slam/share/tugbot_slam/package.bash'
[0.311s] INFO:colcon.colcon_core.shell:Creating package script '/home/das-note-021/253432010_gazebo_ws/install/tugbot_slam/share/tugbot_slam/package.zsh'
[0.311s] Level 1:colcon.colcon_core.environment:create_file_with_runtime_dependencies(/home/das-note-021/253432010_gazebo_ws/install/tugbot_slam/share/colcon-core/packages/tugbot_slam)
[0.311s] Level 1:colcon.colcon_core.environment:create_environment_scripts_only(tugbot_slam)
[0.311s] Level 1:colcon.colcon_core.environment:checking '/home/das-note-021/253432010_gazebo_ws/install/tugbot_slam' for CMake module files
[0.311s] Level 1:colcon.colcon_core.environment:checking '/home/das-note-021/253432010_gazebo_ws/install/tugbot_slam' for CMake config files
[0.312s] Level 1:colcon.colcon_core.shell:create_environment_hook('tugbot_slam', 'cmake_prefix_path')
[0.312s] INFO:colcon.colcon_core.shell:Creating environment hook '/home/das-note-021/253432010_gazebo_ws/install/tugbot_slam/share/tugbot_slam/hook/cmake_prefix_path.ps1'
[0.312s] INFO:colcon.colcon_core.shell:Creating environment descriptor '/home/das-note-021/253432010_gazebo_ws/install/tugbot_slam/share/tugbot_slam/hook/cmake_prefix_path.dsv'
[0.312s] INFO:colcon.colcon_core.shell:Creating environment hook '/home/das-note-021/253432010_gazebo_ws/install/tugbot_slam/share/tugbot_slam/hook/cmake_prefix_path.sh'
[0.312s] Level 1:colcon.colcon_core.environment:checking '/home/das-note-021/253432010_gazebo_ws/install/tugbot_slam/bin'
[0.312s] Level 1:colcon.colcon_core.environment:checking '/home/das-note-021/253432010_gazebo_ws/install/tugbot_slam/lib/pkgconfig/tugbot_slam.pc'
[0.312s] Level 1:colcon.colcon_core.environment:checking '/home/das-note-021/253432010_gazebo_ws/install/tugbot_slam/lib/python3.10/site-packages'
[0.313s] Level 1:colcon.colcon_core.environment:checking '/home/das-note-021/253432010_gazebo_ws/install/tugbot_slam/bin'
[0.313s] INFO:colcon.colcon_core.shell:Creating package script '/home/das-note-021/253432010_gazebo_ws/install/tugbot_slam/share/tugbot_slam/package.ps1'
[0.313s] INFO:colcon.colcon_core.shell:Creating package descriptor '/home/das-note-021/253432010_gazebo_ws/install/tugbot_slam/share/tugbot_slam/package.dsv'
[0.313s] INFO:colcon.colcon_core.shell:Creating package script '/home/das-note-021/253432010_gazebo_ws/install/tugbot_slam/share/tugbot_slam/package.sh'
[0.313s] INFO:colcon.colcon_core.shell:Creating package script '/home/das-note-021/253432010_gazebo_ws/install/tugbot_slam/share/tugbot_slam/package.bash'
[0.314s] INFO:colcon.colcon_core.shell:Creating package script '/home/das-note-021/253432010_gazebo_ws/install/tugbot_slam/share/tugbot_slam/package.zsh'
[0.314s] Level 1:colcon.colcon_core.environment:create_file_with_runtime_dependencies(/home/das-note-021/253432010_gazebo_ws/install/tugbot_slam/share/colcon-core/packages/tugbot_slam)
[0.314s] DEBUG:colcon.colcon_parallel_executor.executor.parallel:closing loop
[0.314s] DEBUG:colcon.colcon_parallel_executor.executor.parallel:loop closed
[0.314s] DEBUG:colcon.colcon_parallel_executor.executor.parallel:run_until_complete finished with '0'
[0.314s] DEBUG:colcon.colcon_core.event_reactor:joining thread
[0.317s] INFO:colcon.colcon_core.plugin_system:Skipping extension 'colcon_notification.desktop_notification.terminal_notifier': Not used on non-Darwin systems
[0.317s] INFO:colcon.colcon_core.plugin_system:Skipping extension 'colcon_notification.desktop_notification.win32': Not used on non-Windows systems
[0.317s] INFO:colcon.colcon_notification.desktop_notification:Sending desktop notification using 'notify2'
[0.324s] DEBUG:colcon.colcon_core.event_reactor:joined thread
[0.324s] INFO:colcon.colcon_core.shell:Creating prefix script '/home/das-note-021/253432010_gazebo_ws/install/local_setup.ps1'
[0.324s] INFO:colcon.colcon_core.shell:Creating prefix util module '/home/das-note-021/253432010_gazebo_ws/install/_local_setup_util_ps1.py'
[0.325s] INFO:colcon.colcon_core.shell:Creating prefix chain script '/home/das-note-021/253432010_gazebo_ws/install/setup.ps1'
[0.326s] INFO:colcon.colcon_core.shell:Creating prefix script '/home/das-note-021/253432010_gazebo_ws/install/local_setup.sh'
[0.326s] INFO:colcon.colcon_core.shell:Creating prefix util module '/home/das-note-021/253432010_gazebo_ws/install/_local_setup_util_sh.py'
[0.327s] INFO:colcon.colcon_core.shell:Creating prefix chain script '/home/das-note-021/253432010_gazebo_ws/install/setup.sh'
[0.328s] INFO:colcon.colcon_core.shell:Creating prefix script '/home/das-note-021/253432010_gazebo_ws/install/local_setup.bash'
[0.328s] INFO:colcon.colcon_core.shell:Creating prefix chain script '/home/das-note-021/253432010_gazebo_ws/install/setup.bash'
[0.329s] INFO:colcon.colcon_core.shell:Creating prefix script '/home/das-note-021/253432010_gazebo_ws/install/local_setup.zsh'
[0.329s] INFO:colcon.colcon_core.shell:Creating prefix chain script '/home/das-note-021/253432010_gazebo_ws/install/setup.zsh'
