[0.023s] Invoking command in '/home/das-note-021/253432010_gazebo_ws/build/sixdofarm_moveit_config': CMAKE_PREFIX_PATH=${CMAKE_PREFIX_PATH}:/home/das-note-021/kameyama_ws/install/ros2_aruco:/home/das-note-021/kameyama_ws/install/failure_detection:/home/das-note-021/kameyama_ws/install/bt_generator:/opt/ros/humble /usr/bin/cmake /home/das-note-021/253432010_gazebo_ws/src/sixdofarm_moveit_config -DAMENT_CMAKE_SYMLINK_INSTALL=1 -DCMAKE_INSTALL_PREFIX=/home/das-note-021/253432010_gazebo_ws/install/sixdofarm_moveit_config
[0.063s] -- The C compiler identification is GNU 11.4.0
[0.099s] -- The CXX compiler identification is GNU 11.4.0
[0.104s] -- Detecting C compiler ABI info
[0.157s] -- Detecting C compiler ABI info - done
[0.162s] -- Check for working C compiler: /usr/bin/cc - skipped
[0.162s] -- Detecting C compile features
[0.162s] -- Detecting C compile features - done
[0.164s] -- Detecting CXX compiler ABI info
[0.227s] -- Detecting CXX compiler ABI info - done
[0.231s] -- Check for working CXX compiler: /usr/bin/c++ - skipped
[0.232s] -- Detecting CXX compile features
[0.232s] -- Detecting CXX compile features - done
[0.235s] -- Found ament_cmake: 1.3.11 (/opt/ros/humble/share/ament_cmake/cmake)
[0.356s] -- Found Python3: /usr/bin/python3 (found version "3.10.12") found components: Interpreter 
[0.401s] -- Override CMake install command with custom implementation using symlinks instead of copying resources
[0.479s] -- Configuring done
[0.480s] -- Generating done
[0.481s] -- Build files have been written to: /home/das-note-021/253432010_gazebo_ws/build/sixdofarm_moveit_config
[0.484s] Invoked command in '/home/das-note-021/253432010_gazebo_ws/build/sixdofarm_moveit_config' returned '0': CMAKE_PREFIX_PATH=${CMAKE_PREFIX_PATH}:/home/das-note-021/kameyama_ws/install/ros2_aruco:/home/das-note-021/kameyama_ws/install/failure_detection:/home/das-note-021/kameyama_ws/install/bt_generator:/opt/ros/humble /usr/bin/cmake /home/das-note-021/253432010_gazebo_ws/src/sixdofarm_moveit_config -DAMENT_CMAKE_SYMLINK_INSTALL=1 -DCMAKE_INSTALL_PREFIX=/home/das-note-021/253432010_gazebo_ws/install/sixdofarm_moveit_config
[0.485s] Invoking command in '/home/das-note-021/253432010_gazebo_ws/build/sixdofarm_moveit_config': CMAKE_PREFIX_PATH=${CMAKE_PREFIX_PATH}:/home/das-note-021/kameyama_ws/install/ros2_aruco:/home/das-note-021/kameyama_ws/install/failure_detection:/home/das-note-021/kameyama_ws/install/bt_generator:/opt/ros/humble /usr/bin/cmake --build /home/das-note-021/253432010_gazebo_ws/build/sixdofarm_moveit_config -- -j22 -l22
[0.520s] Invoked command in '/home/das-note-021/253432010_gazebo_ws/build/sixdofarm_moveit_config' returned '0': CMAKE_PREFIX_PATH=${CMAKE_PREFIX_PATH}:/home/das-note-021/kameyama_ws/install/ros2_aruco:/home/das-note-021/kameyama_ws/install/failure_detection:/home/das-note-021/kameyama_ws/install/bt_generator:/opt/ros/humble /usr/bin/cmake --build /home/das-note-021/253432010_gazebo_ws/build/sixdofarm_moveit_config -- -j22 -l22
[0.521s] Invoking command in '/home/das-note-021/253432010_gazebo_ws/build/sixdofarm_moveit_config': CMAKE_PREFIX_PATH=${CMAKE_PREFIX_PATH}:/home/das-note-021/kameyama_ws/install/ros2_aruco:/home/das-note-021/kameyama_ws/install/failure_detection:/home/das-note-021/kameyama_ws/install/bt_generator:/opt/ros/humble /usr/bin/cmake --install /home/das-note-021/253432010_gazebo_ws/build/sixdofarm_moveit_config
[0.529s] -- Install configuration: ""
[0.529s] -- Execute custom install script
[0.529s] -- Symlinking: /home/das-note-021/253432010_gazebo_ws/install/sixdofarm_moveit_config/share/ament_index/resource_index/package_run_dependencies/sixdofarm_moveit_config
[0.537s] -- Symlinking: /home/das-note-021/253432010_gazebo_ws/install/sixdofarm_moveit_config/share/ament_index/resource_index/parent_prefix_path/sixdofarm_moveit_config
[0.545s] -- Symlinking: /home/das-note-021/253432010_gazebo_ws/install/sixdofarm_moveit_config/share/sixdofarm_moveit_config/environment/ament_prefix_path.sh
[0.552s] -- Symlinking: /home/das-note-021/253432010_gazebo_ws/install/sixdofarm_moveit_config/share/sixdofarm_moveit_config/environment/ament_prefix_path.dsv
[0.558s] -- Symlinking: /home/das-note-021/253432010_gazebo_ws/install/sixdofarm_moveit_config/share/sixdofarm_moveit_config/environment/path.sh
[0.564s] -- Symlinking: /home/das-note-021/253432010_gazebo_ws/install/sixdofarm_moveit_config/share/sixdofarm_moveit_config/environment/path.dsv
[0.571s] -- Symlinking: /home/das-note-021/253432010_gazebo_ws/install/sixdofarm_moveit_config/share/sixdofarm_moveit_config/local_setup.bash
[0.578s] -- Symlinking: /home/das-note-021/253432010_gazebo_ws/install/sixdofarm_moveit_config/share/sixdofarm_moveit_config/local_setup.sh
[0.582s] -- Symlinking: /home/das-note-021/253432010_gazebo_ws/install/sixdofarm_moveit_config/share/sixdofarm_moveit_config/local_setup.zsh
[0.588s] -- Symlinking: /home/das-note-021/253432010_gazebo_ws/install/sixdofarm_moveit_config/share/sixdofarm_moveit_config/local_setup.dsv
[0.595s] -- Symlinking: /home/das-note-021/253432010_gazebo_ws/install/sixdofarm_moveit_config/share/sixdofarm_moveit_config/package.dsv
[0.601s] -- Symlinking: /home/das-note-021/253432010_gazebo_ws/install/sixdofarm_moveit_config/share/ament_index/resource_index/packages/sixdofarm_moveit_config
[0.609s] -- Symlinking: /home/das-note-021/253432010_gazebo_ws/install/sixdofarm_moveit_config/share/sixdofarm_moveit_config/cmake/sixdofarm_moveit_configConfig.cmake
[0.615s] -- Symlinking: /home/das-note-021/253432010_gazebo_ws/install/sixdofarm_moveit_config/share/sixdofarm_moveit_config/cmake/sixdofarm_moveit_configConfig-version.cmake
[0.622s] -- Symlinking: /home/das-note-021/253432010_gazebo_ws/install/sixdofarm_moveit_config/share/sixdofarm_moveit_config/package.xml
[0.630s] -- Symlinking: /home/das-note-021/253432010_gazebo_ws/install/sixdofarm_moveit_config/share/sixdofarm_moveit_config/launch/demo.launch.py
[0.635s] -- Symlinking: /home/das-note-021/253432010_gazebo_ws/install/sixdofarm_moveit_config/share/sixdofarm_moveit_config/launch/demo2.launch.py
[0.641s] -- Symlinking: /home/das-note-021/253432010_gazebo_ws/install/sixdofarm_moveit_config/share/sixdofarm_moveit_config/launch/gazebo.launch.py
[0.647s] -- Symlinking: /home/das-note-021/253432010_gazebo_ws/install/sixdofarm_moveit_config/share/sixdofarm_moveit_config/launch/move_group.launch.py
[0.654s] -- Symlinking: /home/das-note-021/253432010_gazebo_ws/install/sixdofarm_moveit_config/share/sixdofarm_moveit_config/launch/moveit_rviz.launch.py
[0.659s] -- Symlinking: /home/das-note-021/253432010_gazebo_ws/install/sixdofarm_moveit_config/share/sixdofarm_moveit_config/launch/rsp.launch.py
[0.664s] -- Symlinking: /home/das-note-021/253432010_gazebo_ws/install/sixdofarm_moveit_config/share/sixdofarm_moveit_config/launch/setup_assistant.launch.py
[0.669s] -- Symlinking: /home/das-note-021/253432010_gazebo_ws/install/sixdofarm_moveit_config/share/sixdofarm_moveit_config/launch/spawn_controllers.launch.py
[0.674s] -- Symlinking: /home/das-note-021/253432010_gazebo_ws/install/sixdofarm_moveit_config/share/sixdofarm_moveit_config/launch/static_virtual_joint_tfs.launch.py
[0.680s] -- Symlinking: /home/das-note-021/253432010_gazebo_ws/install/sixdofarm_moveit_config/share/sixdofarm_moveit_config/launch/warehouse_db.launch.py
[0.685s] -- Symlinking: /home/das-note-021/253432010_gazebo_ws/install/sixdofarm_moveit_config/share/sixdofarm_moveit_config/config/initial_positions.yaml
[0.691s] -- Symlinking: /home/das-note-021/253432010_gazebo_ws/install/sixdofarm_moveit_config/share/sixdofarm_moveit_config/config/joint_limits.yaml
[0.699s] -- Symlinking: /home/das-note-021/253432010_gazebo_ws/install/sixdofarm_moveit_config/share/sixdofarm_moveit_config/config/kinematics.yaml
[0.705s] -- Symlinking: /home/das-note-021/253432010_gazebo_ws/install/sixdofarm_moveit_config/share/sixdofarm_moveit_config/config/moveit.rviz
[0.710s] -- Symlinking: /home/das-note-021/253432010_gazebo_ws/install/sixdofarm_moveit_config/share/sixdofarm_moveit_config/config/moveit_controllers.yaml
[0.717s] -- Symlinking: /home/das-note-021/253432010_gazebo_ws/install/sixdofarm_moveit_config/share/sixdofarm_moveit_config/config/pilz_cartesian_limits.yaml
[0.722s] -- Symlinking: /home/das-note-021/253432010_gazebo_ws/install/sixdofarm_moveit_config/share/sixdofarm_moveit_config/config/ros2_controllers.yaml
[0.728s] -- Symlinking: /home/das-note-021/253432010_gazebo_ws/install/sixdofarm_moveit_config/share/sixdofarm_moveit_config/config/sixdofarm.ros2_control.xacro
[0.735s] -- Symlinking: /home/das-note-021/253432010_gazebo_ws/install/sixdofarm_moveit_config/share/sixdofarm_moveit_config/config/sixdofarm.srdf
[0.740s] -- Symlinking: /home/das-note-021/253432010_gazebo_ws/install/sixdofarm_moveit_config/share/sixdofarm_moveit_config/config/sixdofarm.urdf.xacro
[0.746s] -- Symlinking: /home/das-note-021/253432010_gazebo_ws/install/sixdofarm_moveit_config/share/sixdofarm_moveit_config/config/sixdofarm_controllers.yaml
[0.750s] -- Symlinking: /home/das-note-021/253432010_gazebo_ws/install/sixdofarm_moveit_config/share/sixdofarm_moveit_config/.setup_assistant
[0.759s] Invoked command in '/home/das-note-021/253432010_gazebo_ws/build/sixdofarm_moveit_config' returned '0': CMAKE_PREFIX_PATH=${CMAKE_PREFIX_PATH}:/home/das-note-021/kameyama_ws/install/ros2_aruco:/home/das-note-021/kameyama_ws/install/failure_detection:/home/das-note-021/kameyama_ws/install/bt_generator:/opt/ros/humble /usr/bin/cmake --install /home/das-note-021/253432010_gazebo_ws/build/sixdofarm_moveit_config
