-- Install configuration: ""
-- Execute custom install script
-- Up-to-date symlink: /home/das-note-021/moveit_ws/install/tugbot_description/share/tugbot_description//launch/tugbot_description.launch.py
-- Up-to-date symlink: /home/das-note-021/moveit_ws/install/tugbot_description/share/tugbot_description//meshes/VLP16_base_1.dae
-- Up-to-date symlink: /home/das-note-021/moveit_ws/install/tugbot_description/share/tugbot_description//meshes/VLP16_base_2.dae
-- Up-to-date symlink: /home/das-note-021/moveit_ws/install/tugbot_description/share/tugbot_description//meshes/VLP16_scan.dae
-- Up-to-date symlink: /home/das-note-021/moveit_ws/install/tugbot_description/share/tugbot_description//meshes/base/logo-new.png
-- Up-to-date symlink: /home/das-note-021/moveit_ws/install/tugbot_description/share/tugbot_description//meshes/base/movai-logo.png
-- Up-to-date symlink: /home/das-note-021/moveit_ws/install/tugbot_description/share/tugbot_description//meshes/base/movai_logo.dae
-- Up-to-date symlink: /home/das-note-021/moveit_ws/install/tugbot_description/share/tugbot_description//meshes/base/tugbot_simp.dae
-- Up-to-date symlink: /home/das-note-021/moveit_ws/install/tugbot_description/share/tugbot_description//meshes/base/tugbot_simp.stl
-- Up-to-date symlink: /home/das-note-021/moveit_ws/install/tugbot_description/share/tugbot_description//meshes/gripper2/gripper2.dae
-- Up-to-date symlink: /home/das-note-021/moveit_ws/install/tugbot_description/share/tugbot_description//meshes/gripper2/gripper_hand.stl
-- Up-to-date symlink: /home/das-note-021/moveit_ws/install/tugbot_description/share/tugbot_description//meshes/light_link/light.stl
-- Up-to-date symlink: /home/das-note-021/moveit_ws/install/tugbot_description/share/tugbot_description//meshes/light_link/light_led.stl
-- Up-to-date symlink: /home/das-note-021/moveit_ws/install/tugbot_description/share/tugbot_description//meshes/wheel/wheel.dae
-- Up-to-date symlink: /home/das-note-021/moveit_ws/install/tugbot_description/share/tugbot_description//urdf/model.sdf
-- Up-to-date symlink: /home/das-note-021/moveit_ws/install/tugbot_description/share/tugbot_description//urdf/model.urdf
-- Up-to-date symlink: /home/das-note-021/moveit_ws/install/tugbot_description/share/tugbot_description//urdf/rviz.rviz
-- Up-to-date symlink: /home/das-note-021/moveit_ws/install/tugbot_description/share/ament_index/resource_index/package_run_dependencies/tugbot_description
-- Up-to-date symlink: /home/das-note-021/moveit_ws/install/tugbot_description/share/ament_index/resource_index/parent_prefix_path/tugbot_description
-- Up-to-date symlink: /home/das-note-021/moveit_ws/install/tugbot_description/share/tugbot_description/environment/ament_prefix_path.sh
-- Up-to-date symlink: /home/das-note-021/moveit_ws/install/tugbot_description/share/tugbot_description/environment/ament_prefix_path.dsv
-- Up-to-date symlink: /home/das-note-021/moveit_ws/install/tugbot_description/share/tugbot_description/environment/path.sh
-- Up-to-date symlink: /home/das-note-021/moveit_ws/install/tugbot_description/share/tugbot_description/environment/path.dsv
-- Up-to-date symlink: /home/das-note-021/moveit_ws/install/tugbot_description/share/tugbot_description/local_setup.bash
-- Up-to-date symlink: /home/das-note-021/moveit_ws/install/tugbot_description/share/tugbot_description/local_setup.sh
-- Up-to-date symlink: /home/das-note-021/moveit_ws/install/tugbot_description/share/tugbot_description/local_setup.zsh
-- Up-to-date symlink: /home/das-note-021/moveit_ws/install/tugbot_description/share/tugbot_description/local_setup.dsv
-- Symlinking: /home/das-note-021/moveit_ws/install/tugbot_description/share/tugbot_description/package.dsv
-- Up-to-date symlink: /home/das-note-021/moveit_ws/install/tugbot_description/share/ament_index/resource_index/packages/tugbot_description
-- Up-to-date symlink: /home/das-note-021/moveit_ws/install/tugbot_description/share/tugbot_description/cmake/tugbot_descriptionConfig.cmake
-- Up-to-date symlink: /home/das-note-021/moveit_ws/install/tugbot_description/share/tugbot_description/cmake/tugbot_descriptionConfig-version.cmake
-- Up-to-date symlink: /home/das-note-021/moveit_ws/install/tugbot_description/share/tugbot_description/package.xml
